<?xml version="1.0" encoding="utf-8"?>
<coverage line-rate="0.8996999999999999" branch-rate="0.8931999999999999" version="1.9" timestamp="1637874845" lines-covered="655" lines-valid="728" branches-covered="159" branches-valid="178">
  <sources>
    <source>C:\Users\LENOVO\</source>
  </sources>
  <packages>
    <package name="Cvjecara" line-rate="0.8482" branch-rate="0.8733" complexity="178">
      <classes>
        <class name="Cvjecara.Buket" filename="Source\Repos\VVS-zadaca2\Cvjecara\Buket.cs" line-rate="1" branch-rate="1" complexity="18">
          <methods>
            <method name="get_Cvijeće" signature="()" line-rate="1" branch-rate="1" complexity="1">
              <lines>
                <line number="22" hits="17" branch="False" />
              </lines>
            </method>
            <method name="get_Dodaci" signature="()" line-rate="1" branch-rate="1" complexity="1">
              <lines>
                <line number="25" hits="8" branch="False" />
              </lines>
            </method>
            <method name="set_Dodaci" signature="(System.Collections.Generic.List`1&lt;System.String&gt;)" line-rate="1" branch-rate="1" complexity="8">
              <lines>
                <line number="27" hits="11" branch="False" />
                <line number="28" hits="56" branch="True" condition-coverage="100% (2/2)">
                  <conditions>
                    <condition number="81" type="jump" coverage="100%" />
                  </conditions>
                </line>
                <line number="29" hits="12" branch="True" condition-coverage="100% (6/6)">
                  <conditions>
                    <condition number="30" type="jump" coverage="100%" />
                    <condition number="43" type="jump" coverage="100%" />
                    <condition number="61" type="jump" coverage="100%" />
                  </conditions>
                </line>
                <line number="30" hits="1" branch="False" />
                <line number="31" hits="10" branch="False" />
                <line number="32" hits="10" branch="False" />
              </lines>
            </method>
            <method name="get_Cijena" signature="()" line-rate="1" branch-rate="1" complexity="1">
              <lines>
                <line number="34" hits="21" branch="False" />
              </lines>
            </method>
            <method name="get_Poklon" signature="()" line-rate="1" branch-rate="1" complexity="1">
              <lines>
                <line number="35" hits="14" branch="False" />
              </lines>
            </method>
            <method name="DodajCvijet" signature="(Cvjecara.Cvijet)" line-rate="1" branch-rate="1" complexity="1">
              <lines>
                <line number="55" hits="63" branch="False" />
                <line number="56" hits="63" branch="False" />
                <line number="57" hits="63" branch="False" />
              </lines>
            </method>
            <method name="DodajDodatak" signature="(System.String)" line-rate="1" branch-rate="1" complexity="1">
              <lines>
                <line number="60" hits="11" branch="False" />
                <line number="61" hits="11" branch="False" />
                <line number="62" hits="11" branch="False" />
                <line number="63" hits="10" branch="False" />
              </lines>
            </method>
            <method name="DodajPoklon" signature="(Cvjecara.Poklon)" line-rate="1" branch-rate="1" complexity="2">
              <lines>
                <line number="66" hits="7" branch="False" />
                <line number="67" hits="7" branch="True" condition-coverage="100% (2/2)">
                  <conditions>
                    <condition number="12" type="jump" coverage="100%" />
                  </conditions>
                </line>
                <line number="68" hits="7" branch="False" />
                <line number="69" hits="7" branch="False" />
              </lines>
            </method>
            <method name=".ctor" signature="(System.Double)" line-rate="1" branch-rate="1" complexity="2">
              <lines>
                <line number="41" hits="94" branch="False" />
                <line number="42" hits="94" branch="False" />
                <line number="43" hits="94" branch="False" />
                <line number="44" hits="94" branch="False" />
                <line number="45" hits="94" branch="True" condition-coverage="100% (2/2)">
                  <conditions>
                    <condition number="44" type="jump" coverage="100%" />
                  </conditions>
                </line>
                <line number="46" hits="4" branch="False" />
                <line number="47" hits="90" branch="False" />
                <line number="48" hits="90" branch="False" />
              </lines>
            </method>
          </methods>
          <lines>
            <line number="22" hits="17" branch="False" />
            <line number="25" hits="8" branch="False" />
            <line number="27" hits="11" branch="False" />
            <line number="28" hits="56" branch="True" condition-coverage="100% (2/2)">
              <conditions>
                <condition number="81" type="jump" coverage="100%" />
              </conditions>
            </line>
            <line number="29" hits="12" branch="True" condition-coverage="100% (6/6)">
              <conditions>
                <condition number="30" type="jump" coverage="100%" />
                <condition number="43" type="jump" coverage="100%" />
                <condition number="61" type="jump" coverage="100%" />
              </conditions>
            </line>
            <line number="30" hits="1" branch="False" />
            <line number="31" hits="10" branch="False" />
            <line number="32" hits="10" branch="False" />
            <line number="34" hits="21" branch="False" />
            <line number="35" hits="14" branch="False" />
            <line number="55" hits="63" branch="False" />
            <line number="56" hits="63" branch="False" />
            <line number="57" hits="63" branch="False" />
            <line number="60" hits="11" branch="False" />
            <line number="61" hits="11" branch="False" />
            <line number="62" hits="11" branch="False" />
            <line number="63" hits="10" branch="False" />
            <line number="66" hits="7" branch="False" />
            <line number="67" hits="7" branch="True" condition-coverage="100% (2/2)">
              <conditions>
                <condition number="12" type="jump" coverage="100%" />
              </conditions>
            </line>
            <line number="68" hits="7" branch="False" />
            <line number="69" hits="7" branch="False" />
            <line number="41" hits="94" branch="False" />
            <line number="42" hits="94" branch="False" />
            <line number="43" hits="94" branch="False" />
            <line number="44" hits="94" branch="False" />
            <line number="45" hits="94" branch="True" condition-coverage="100% (2/2)">
              <conditions>
                <condition number="44" type="jump" coverage="100%" />
              </conditions>
            </line>
            <line number="46" hits="4" branch="False" />
            <line number="47" hits="90" branch="False" />
            <line number="48" hits="90" branch="False" />
          </lines>
        </class>
        <class name="Cvjecara.Cvijet" filename="Source\Repos\VVS-zadaca2\Cvjecara\Cvijet.cs" line-rate="1" branch-rate="0.9814" complexity="61">
          <methods>
            <method name="get_Vrsta" signature="()" line-rate="1" branch-rate="1" complexity="1">
              <lines>
                <line number="23" hits="280" branch="False" />
              </lines>
            </method>
            <method name="get_LatinskoIme" signature="()" line-rate="1" branch-rate="1" complexity="1">
              <lines>
                <line number="26" hits="17" branch="False" />
              </lines>
            </method>
            <method name="set_LatinskoIme" signature="(System.String)" line-rate="1" branch-rate="1" complexity="4">
              <lines>
                <line number="28" hits="276" branch="False" />
                <line number="29" hits="276" branch="True" condition-coverage="100% (2/2)">
                  <conditions>
                    <condition number="12" type="jump" coverage="100%" />
                  </conditions>
                </line>
                <line number="30" hits="1" branch="False" />
                <line number="32" hits="275" branch="True" condition-coverage="100% (2/2)">
                  <conditions>
                    <condition number="33" type="jump" coverage="100%" />
                  </conditions>
                </line>
                <line number="33" hits="2" branch="False" />
                <line number="34" hits="273" branch="False" />
                <line number="35" hits="273" branch="False" />
              </lines>
            </method>
            <method name="get_Boja" signature="()" line-rate="1" branch-rate="1" complexity="1">
              <lines>
                <line number="39" hits="5" branch="False" />
              </lines>
            </method>
            <method name="set_Boja" signature="(System.String)" line-rate="1" branch-rate="1" complexity="24">
              <lines>
                <line number="41" hits="273" branch="False" />
                <line number="42" hits="273" branch="False" />
                <line number="43" hits="273" branch="False" />
                <line number="45" hits="273" branch="True" condition-coverage="100% (2/2)">
                  <conditions>
                    <condition number="81" type="jump" coverage="100%" />
                  </conditions>
                </line>
                <line number="46" hits="1" branch="False" />
                <line number="48" hits="272" branch="True" condition-coverage="100% (4/4)">
                  <conditions>
                    <condition number="105" type="jump" coverage="100%" />
                    <condition number="118" type="jump" coverage="100%" />
                  </conditions>
                </line>
                <line number="49" hits="272" branch="False" />
                <line number="50" hits="272" branch="True" condition-coverage="100% (2/2)">
                  <conditions>
                    <condition number="158" type="jump" coverage="100%" />
                  </conditions>
                </line>
                <line number="51" hits="272" branch="False" />
                <line number="53" hits="272" branch="True" condition-coverage="100% (16/16)">
                  <conditions>
                    <condition number="195" type="jump" coverage="100%" />
                    <condition number="198" type="jump" coverage="100%" />
                    <condition number="207" type="jump" coverage="100%" />
                    <condition number="210" type="jump" coverage="100%" />
                    <condition number="219" type="jump" coverage="100%" />
                    <condition number="222" type="jump" coverage="100%" />
                    <condition number="231" type="jump" coverage="100%" />
                    <condition number="248" type="jump" coverage="100%" />
                  </conditions>
                </line>
                <line number="54" hits="272" branch="False" />
                <line number="55" hits="10" branch="False" />
                <line number="57" hits="262" branch="False" />
                <line number="58" hits="262" branch="False" />
              </lines>
            </method>
            <method name="get_DatumBranja" signature="()" line-rate="1" branch-rate="1" complexity="1">
              <lines>
                <line number="62" hits="6" branch="False" />
              </lines>
            </method>
            <method name="set_DatumBranja" signature="(System.DateTime)" line-rate="1" branch-rate="1" complexity="2">
              <lines>
                <line number="64" hits="263" branch="False" />
                <line number="65" hits="263" branch="True" condition-coverage="100% (2/2)">
                  <conditions>
                    <condition number="14" type="jump" coverage="100%" />
                  </conditions>
                </line>
                <line number="66" hits="1" branch="False" />
                <line number="67" hits="262" branch="False" />
                <line number="68" hits="262" branch="False" />
              </lines>
            </method>
            <method name="get_Sezonsko" signature="()" line-rate="1" branch-rate="1" complexity="1">
              <lines>
                <line number="70" hits="264" branch="False" />
              </lines>
            </method>
            <method name="get_Kolicina" signature="()" line-rate="1" branch-rate="1" complexity="1">
              <lines>
                <line number="73" hits="9" branch="False" />
              </lines>
            </method>
            <method name="set_Kolicina" signature="(System.Int32)" line-rate="1" branch-rate="1" complexity="2">
              <lines>
                <line number="75" hits="262" branch="False" />
                <line number="76" hits="262" branch="True" condition-coverage="100% (2/2)">
                  <conditions>
                    <condition number="7" type="jump" coverage="100%" />
                  </conditions>
                </line>
                <line number="77" hits="1" branch="False" />
                <line number="78" hits="261" branch="False" />
                <line number="79" hits="261" branch="False" />
              </lines>
            </method>
            <method name="ProvjeriKrajSezone" signature="()" line-rate="1" branch-rate="0.8332999999999999" complexity="6">
              <lines>
                <line number="103" hits="4" branch="False" />
                <line number="104" hits="4" branch="True" condition-coverage="100% (2/2)">
                  <conditions>
                    <condition number="12" type="jump" coverage="100%" />
                  </conditions>
                </line>
                <line number="105" hits="2" branch="False" />
                <line number="107" hits="2" branch="False" />
                <line number="108" hits="2" branch="False" />
                <line number="110" hits="2" branch="False" />
                <line number="112" hits="2" branch="True" condition-coverage="75% (3/4)">
                  <conditions>
                    <condition number="38" type="jump" coverage="50%" />
                    <condition number="51" type="jump" coverage="100%" />
                  </conditions>
                </line>
                <line number="113" hits="2" branch="False" />
                <line number="114" hits="4" branch="False" />
              </lines>
            </method>
            <method name="OdrediSvježinuCvijeća" signature="()" line-rate="1" branch-rate="1" complexity="16">
              <lines>
                <line number="129" hits="8" branch="False" />
                <line number="130" hits="8" branch="False" />
                <line number="131" hits="8" branch="False" />
                <line number="132" hits="8" branch="False" />
                <line number="133" hits="8" branch="True" condition-coverage="100% (2/2)">
                  <conditions>
                    <condition number="88" type="jump" coverage="100%" />
                  </conditions>
                </line>
                <line number="134" hits="1" branch="False" />
                <line number="136" hits="7" branch="False" />
                <line number="137" hits="7" branch="True" condition-coverage="100% (2/2)">
                  <conditions>
                    <condition number="112" type="jump" coverage="100%" />
                  </conditions>
                </line>
                <line number="138" hits="1" branch="False" />
                <line number="139" hits="1" branch="False" />
                <line number="140" hits="1" branch="False" />
                <line number="141" hits="6" branch="True" condition-coverage="100% (2/2)">
                  <conditions>
                    <condition number="141" type="jump" coverage="100%" />
                  </conditions>
                </line>
                <line number="142" hits="1" branch="False" />
                <line number="143" hits="1" branch="False" />
                <line number="144" hits="1" branch="False" />
                <line number="145" hits="5" branch="True" condition-coverage="100% (2/2)">
                  <conditions>
                    <condition number="170" type="jump" coverage="100%" />
                  </conditions>
                </line>
                <line number="146" hits="1" branch="False" />
                <line number="147" hits="1" branch="False" />
                <line number="148" hits="1" branch="False" />
                <line number="149" hits="4" branch="True" condition-coverage="100% (2/2)">
                  <conditions>
                    <condition number="199" type="jump" coverage="100%" />
                  </conditions>
                </line>
                <line number="150" hits="2" branch="False" />
                <line number="151" hits="2" branch="False" />
                <line number="152" hits="2" branch="False" />
                <line number="153" hits="2" branch="True" condition-coverage="100% (2/2)">
                  <conditions>
                    <condition number="228" type="jump" coverage="100%" />
                  </conditions>
                </line>
                <line number="154" hits="2" branch="False" />
                <line number="155" hits="2" branch="False" />
                <line number="156" hits="2" branch="False" />
                <line number="157" hits="7" branch="False" />
                <line number="158" hits="46" branch="True" condition-coverage="100% (2/2)">
                  <conditions>
                    <condition number="277" type="jump" coverage="100%" />
                  </conditions>
                </line>
                <line number="159" hits="16" branch="False" />
                <line number="160" hits="16" branch="False" />
                <line number="162" hits="16" branch="False" />
                <line number="163" hits="7" branch="False" />
                <line number="164" hits="9" branch="True" condition-coverage="100% (2/2)">
                  <conditions>
                    <condition number="299" type="jump" coverage="100%" />
                  </conditions>
                </line>
                <line number="165" hits="7" branch="False" />
                <line number="166" hits="8" branch="False" />
              </lines>
            </method>
            <method name=".ctor" signature="(Cvjecara.Vrsta,System.String,System.String,System.DateTime,System.Int32)" line-rate="1" branch-rate="1" complexity="1">
              <lines>
                <line number="86" hits="275" branch="False" />
                <line number="87" hits="275" branch="False" />
                <line number="88" hits="275" branch="False" />
                <line number="89" hits="275" branch="False" />
                <line number="90" hits="273" branch="False" />
                <line number="91" hits="262" branch="False" />
                <line number="92" hits="261" branch="False" />
                <line number="93" hits="261" branch="False" />
                <line number="94" hits="261" branch="False" />
                <line number="95" hits="261" branch="False" />
                <line number="96" hits="260" branch="False" />
              </lines>
            </method>
          </methods>
          <lines>
            <line number="23" hits="280" branch="False" />
            <line number="26" hits="17" branch="False" />
            <line number="28" hits="276" branch="False" />
            <line number="29" hits="276" branch="True" condition-coverage="100% (2/2)">
              <conditions>
                <condition number="12" type="jump" coverage="100%" />
              </conditions>
            </line>
            <line number="30" hits="1" branch="False" />
            <line number="32" hits="275" branch="True" condition-coverage="100% (2/2)">
              <conditions>
                <condition number="33" type="jump" coverage="100%" />
              </conditions>
            </line>
            <line number="33" hits="2" branch="False" />
            <line number="34" hits="273" branch="False" />
            <line number="35" hits="273" branch="False" />
            <line number="39" hits="5" branch="False" />
            <line number="41" hits="273" branch="False" />
            <line number="42" hits="273" branch="False" />
            <line number="43" hits="273" branch="False" />
            <line number="45" hits="273" branch="True" condition-coverage="100% (2/2)">
              <conditions>
                <condition number="81" type="jump" coverage="100%" />
              </conditions>
            </line>
            <line number="46" hits="1" branch="False" />
            <line number="48" hits="272" branch="True" condition-coverage="100% (4/4)">
              <conditions>
                <condition number="105" type="jump" coverage="100%" />
                <condition number="118" type="jump" coverage="100%" />
              </conditions>
            </line>
            <line number="49" hits="272" branch="False" />
            <line number="50" hits="272" branch="True" condition-coverage="100% (2/2)">
              <conditions>
                <condition number="158" type="jump" coverage="100%" />
              </conditions>
            </line>
            <line number="51" hits="272" branch="False" />
            <line number="53" hits="272" branch="True" condition-coverage="100% (16/16)">
              <conditions>
                <condition number="195" type="jump" coverage="100%" />
                <condition number="198" type="jump" coverage="100%" />
                <condition number="207" type="jump" coverage="100%" />
                <condition number="210" type="jump" coverage="100%" />
                <condition number="219" type="jump" coverage="100%" />
                <condition number="222" type="jump" coverage="100%" />
                <condition number="231" type="jump" coverage="100%" />
                <condition number="248" type="jump" coverage="100%" />
              </conditions>
            </line>
            <line number="54" hits="272" branch="False" />
            <line number="55" hits="10" branch="False" />
            <line number="57" hits="262" branch="False" />
            <line number="58" hits="262" branch="False" />
            <line number="62" hits="6" branch="False" />
            <line number="64" hits="263" branch="False" />
            <line number="65" hits="263" branch="True" condition-coverage="100% (2/2)">
              <conditions>
                <condition number="14" type="jump" coverage="100%" />
              </conditions>
            </line>
            <line number="66" hits="1" branch="False" />
            <line number="67" hits="262" branch="False" />
            <line number="68" hits="262" branch="False" />
            <line number="70" hits="264" branch="False" />
            <line number="73" hits="9" branch="False" />
            <line number="75" hits="262" branch="False" />
            <line number="76" hits="262" branch="True" condition-coverage="100% (2/2)">
              <conditions>
                <condition number="7" type="jump" coverage="100%" />
              </conditions>
            </line>
            <line number="77" hits="1" branch="False" />
            <line number="78" hits="261" branch="False" />
            <line number="79" hits="261" branch="False" />
            <line number="103" hits="4" branch="False" />
            <line number="104" hits="4" branch="True" condition-coverage="100% (2/2)">
              <conditions>
                <condition number="12" type="jump" coverage="100%" />
              </conditions>
            </line>
            <line number="105" hits="2" branch="False" />
            <line number="107" hits="2" branch="False" />
            <line number="108" hits="2" branch="False" />
            <line number="110" hits="2" branch="False" />
            <line number="112" hits="2" branch="True" condition-coverage="75% (3/4)">
              <conditions>
                <condition number="38" type="jump" coverage="50%" />
                <condition number="51" type="jump" coverage="100%" />
              </conditions>
            </line>
            <line number="113" hits="2" branch="False" />
            <line number="114" hits="4" branch="False" />
            <line number="129" hits="8" branch="False" />
            <line number="130" hits="8" branch="False" />
            <line number="131" hits="8" branch="False" />
            <line number="132" hits="8" branch="False" />
            <line number="133" hits="8" branch="True" condition-coverage="100% (2/2)">
              <conditions>
                <condition number="88" type="jump" coverage="100%" />
              </conditions>
            </line>
            <line number="134" hits="1" branch="False" />
            <line number="136" hits="7" branch="False" />
            <line number="137" hits="7" branch="True" condition-coverage="100% (2/2)">
              <conditions>
                <condition number="112" type="jump" coverage="100%" />
              </conditions>
            </line>
            <line number="138" hits="1" branch="False" />
            <line number="139" hits="1" branch="False" />
            <line number="140" hits="1" branch="False" />
            <line number="141" hits="6" branch="True" condition-coverage="100% (2/2)">
              <conditions>
                <condition number="141" type="jump" coverage="100%" />
              </conditions>
            </line>
            <line number="142" hits="1" branch="False" />
            <line number="143" hits="1" branch="False" />
            <line number="144" hits="1" branch="False" />
            <line number="145" hits="5" branch="True" condition-coverage="100% (2/2)">
              <conditions>
                <condition number="170" type="jump" coverage="100%" />
              </conditions>
            </line>
            <line number="146" hits="1" branch="False" />
            <line number="147" hits="1" branch="False" />
            <line number="148" hits="1" branch="False" />
            <line number="149" hits="4" branch="True" condition-coverage="100% (2/2)">
              <conditions>
                <condition number="199" type="jump" coverage="100%" />
              </conditions>
            </line>
            <line number="150" hits="2" branch="False" />
            <line number="151" hits="2" branch="False" />
            <line number="152" hits="2" branch="False" />
            <line number="153" hits="2" branch="True" condition-coverage="100% (2/2)">
              <conditions>
                <condition number="228" type="jump" coverage="100%" />
              </conditions>
            </line>
            <line number="154" hits="2" branch="False" />
            <line number="155" hits="2" branch="False" />
            <line number="156" hits="2" branch="False" />
            <line number="157" hits="7" branch="False" />
            <line number="158" hits="46" branch="True" condition-coverage="100% (2/2)">
              <conditions>
                <condition number="277" type="jump" coverage="100%" />
              </conditions>
            </line>
            <line number="159" hits="16" branch="False" />
            <line number="160" hits="16" branch="False" />
            <line number="162" hits="16" branch="False" />
            <line number="163" hits="7" branch="False" />
            <line number="164" hits="9" branch="True" condition-coverage="100% (2/2)">
              <conditions>
                <condition number="299" type="jump" coverage="100%" />
              </conditions>
            </line>
            <line number="165" hits="7" branch="False" />
            <line number="166" hits="8" branch="False" />
            <line number="86" hits="275" branch="False" />
            <line number="87" hits="275" branch="False" />
            <line number="88" hits="275" branch="False" />
            <line number="89" hits="275" branch="False" />
            <line number="90" hits="273" branch="False" />
            <line number="91" hits="262" branch="False" />
            <line number="92" hits="261" branch="False" />
            <line number="93" hits="261" branch="False" />
            <line number="94" hits="261" branch="False" />
            <line number="95" hits="261" branch="False" />
            <line number="96" hits="260" branch="False" />
          </lines>
        </class>
        <class name="Cvjecara.Cvjećara" filename="Source\Repos\VVS-zadaca2\Cvjecara\Cvjećara.cs" line-rate="0.7132999999999999" branch-rate="0.75" complexity="70">
          <methods>
            <method name="get_Cvijeće" signature="()" line-rate="1" branch-rate="1" complexity="1">
              <lines>
                <line number="23" hits="3" branch="False" />
              </lines>
            </method>
            <method name="get_NaručeniPokloni" signature="()" line-rate="1" branch-rate="1" complexity="1">
              <lines>
                <line number="24" hits="1" branch="False" />
              </lines>
            </method>
            <method name="get_Mušterije" signature="()" line-rate="1" branch-rate="1" complexity="1">
              <lines>
                <line number="25" hits="3" branch="False" />
              </lines>
            </method>
            <method name="RadSaCvijećem" signature="(Cvjecara.Cvijet,System.Int32)" line-rate="1" branch-rate="1" complexity="18">
              <lines>
                <line number="44" hits="15" branch="False" />
                <line number="45" hits="15" branch="True" condition-coverage="100% (2/2)">
                  <conditions>
                    <condition number="20" type="jump" coverage="100%" />
                  </conditions>
                </line>
                <line number="46" hits="8" branch="False" />
                <line number="47" hits="8" branch="True" condition-coverage="100% (2/2)">
                  <conditions>
                    <condition number="34" type="jump" coverage="100%" />
                  </conditions>
                </line>
                <line number="48" hits="1" branch="False" />
                <line number="49" hits="7" branch="True" condition-coverage="100% (2/2)">
                  <conditions>
                    <condition number="66" type="jump" coverage="100%" />
                  </conditions>
                </line>
                <line number="50" hits="1" branch="False" />
                <line number="52" hits="6" branch="False" />
                <line number="53" hits="6" branch="False" />
                <line number="54" hits="7" branch="True" condition-coverage="100% (2/2)">
                  <conditions>
                    <condition number="111" type="jump" coverage="100%" />
                  </conditions>
                </line>
                <line number="55" hits="3" branch="False" />
                <line number="56" hits="3" branch="True" condition-coverage="100% (2/2)">
                  <conditions>
                    <condition number="130" type="jump" coverage="100%" />
                  </conditions>
                </line>
                <line number="57" hits="1" branch="False" />
                <line number="58" hits="4" branch="True" condition-coverage="100% (2/2)">
                  <conditions>
                    <condition number="173" type="jump" coverage="100%" />
                  </conditions>
                </line>
                <line number="59" hits="1" branch="False" />
                <line number="61" hits="1" branch="False" />
                <line number="62" hits="2" branch="False" />
                <line number="63" hits="1" branch="False" />
                <line number="64" hits="1" branch="False" />
                <line number="65" hits="1" branch="False" />
                <line number="66" hits="4" branch="True" condition-coverage="100% (2/2)">
                  <conditions>
                    <condition number="255" type="jump" coverage="100%" />
                  </conditions>
                </line>
                <line number="67" hits="3" branch="False" />
                <line number="68" hits="3" branch="True" condition-coverage="100% (2/2)">
                  <conditions>
                    <condition number="271" type="jump" coverage="100%" />
                  </conditions>
                </line>
                <line number="69" hits="1" branch="False" />
                <line number="70" hits="4" branch="True" condition-coverage="100% (2/2)">
                  <conditions>
                    <condition number="314" type="jump" coverage="100%" />
                  </conditions>
                </line>
                <line number="71" hits="1" branch="False" />
                <line number="73" hits="1" branch="False" />
                <line number="74" hits="2" branch="False" />
                <line number="75" hits="1" branch="False" />
                <line number="76" hits="1" branch="False" />
                <line number="78" hits="1" branch="False" />
                <line number="79" hits="8" branch="False" />
              </lines>
            </method>
            <method name="DodajBuket" signature="(System.Collections.Generic.List`1&lt;Cvjecara.Cvijet&gt;,System.Collections.Generic.List`1&lt;System.String&gt;,Cvjecara.Poklon,System.Double)" line-rate="1" branch-rate="1" complexity="4">
              <lines>
                <line number="82" hits="6" branch="False" />
                <line number="83" hits="6" branch="False" />
                <line number="84" hits="6" branch="False" />
                <line number="85" hits="30" branch="True" condition-coverage="100% (2/2)">
                  <conditions>
                    <condition number="50" type="jump" coverage="100%" />
                  </conditions>
                </line>
                <line number="86" hits="6" branch="False" />
                <line number="87" hits="26" branch="True" condition-coverage="100% (2/2)">
                  <conditions>
                    <condition number="104" type="jump" coverage="100%" />
                  </conditions>
                </line>
                <line number="88" hits="4" branch="False" />
                <line number="89" hits="6" branch="False" />
                <line number="90" hits="6" branch="False" />
              </lines>
            </method>
            <method name="ObrišiBuket" signature="(Cvjecara.Buket)" line-rate="1" branch-rate="1" complexity="1">
              <lines>
                <line number="93" hits="1" branch="False" />
                <line number="94" hits="1" branch="False" />
                <line number="95" hits="1" branch="False" />
              </lines>
            </method>
            <method name="DajSveBukete" signature="()" line-rate="1" branch-rate="1" complexity="1">
              <lines>
                <line number="98" hits="5" branch="False" />
                <line number="99" hits="5" branch="False" />
                <line number="100" hits="5" branch="False" />
              </lines>
            </method>
            <method name="IzvršiNabavku" signature="(System.String,System.String)" line-rate="0" branch-rate="0" complexity="10">
              <lines>
                <line number="103" hits="0" branch="False" />
                <line number="104" hits="0" branch="True" condition-coverage="0% (0/2)">
                  <conditions>
                    <condition number="14" type="jump" coverage="0%" />
                  </conditions>
                </line>
                <line number="105" hits="0" branch="False" />
                <line number="106" hits="0" branch="True" condition-coverage="0% (0/4)">
                  <conditions>
                    <condition number="38" type="jump" coverage="0%" />
                    <condition number="56" type="jump" coverage="0%" />
                  </conditions>
                </line>
                <line number="107" hits="0" branch="False" />
                <line number="108" hits="0" branch="True" condition-coverage="0% (0/2)">
                  <conditions>
                    <condition number="82" type="jump" coverage="0%" />
                  </conditions>
                </line>
                <line number="109" hits="0" branch="False" />
                <line number="110" hits="0" branch="False" />
                <line number="111" hits="0" branch="False" />
                <line number="112" hits="0" branch="False" />
                <line number="113" hits="0" branch="False" />
                <line number="114" hits="0" branch="False" />
                <line number="115" hits="0" branch="False" />
                <line number="116" hits="0" branch="False" />
                <line number="117" hits="0" branch="False" />
                <line number="118" hits="0" branch="False" />
                <line number="119" hits="0" branch="False" />
                <line number="120" hits="0" branch="False" />
                <line number="121" hits="0" branch="False" />
                <line number="122" hits="0" branch="True" condition-coverage="0% (0/2)">
                  <conditions>
                    <condition number="416" type="jump" coverage="0%" />
                  </conditions>
                </line>
                <line number="123" hits="0" branch="False" />
                <line number="125" hits="0" branch="False" />
                <line number="126" hits="0" branch="False" />
                <line number="127" hits="0" branch="False" />
                <line number="128" hits="0" branch="False" />
                <line number="130" hits="0" branch="False" />
                <line number="131" hits="0" branch="False" />
                <line number="132" hits="0" branch="False" />
                <line number="133" hits="0" branch="False" />
                <line number="134" hits="0" branch="False" />
                <line number="135" hits="0" branch="False" />
              </lines>
            </method>
            <method name="PregledajCvijeće" signature="()" line-rate="1" branch-rate="1" complexity="4">
              <lines>
                <line number="138" hits="1" branch="False" />
                <line number="139" hits="5" branch="True" condition-coverage="100% (2/2)">
                  <conditions>
                    <condition number="69" type="jump" coverage="100%" />
                  </conditions>
                </line>
                <line number="140" hits="1" branch="False" />
                <line number="141" hits="1" branch="False" />
                <line number="142" hits="1" branch="True" condition-coverage="100% (2/2)">
                  <conditions>
                    <condition number="51" type="jump" coverage="100%" />
                  </conditions>
                </line>
                <line number="143" hits="1" branch="False" />
                <line number="144" hits="1" branch="False" />
                <line number="146" hits="2" branch="False" />
                <line number="147" hits="1" branch="False" />
              </lines>
            </method>
            <method name="NaručiCvijeće" signature="(Cvjecara.Mušterija,Cvjecara.Buket,Cvjecara.Poklon,Cvjecara.Poklon)" line-rate="0.875" branch-rate="0.75" complexity="4">
              <lines>
                <line number="150" hits="2" branch="False" />
                <line number="151" hits="2" branch="True" condition-coverage="100% (2/2)">
                  <conditions>
                    <condition number="18" type="jump" coverage="100%" />
                  </conditions>
                </line>
                <line number="152" hits="1" branch="False" />
                <line number="154" hits="1" branch="False" />
                <line number="155" hits="1" branch="False" />
                <line number="157" hits="1" branch="True" condition-coverage="50% (1/2)">
                  <conditions>
                    <condition number="60" type="jump" coverage="50%" />
                  </conditions>
                </line>
                <line number="158" hits="0" branch="False" />
                <line number="159" hits="1" branch="False" />
              </lines>
            </method>
            <method name="ProvjeriLatinskaImenaCvijeća" signature="(Cvjecara.ILeksikon)" line-rate="0" branch-rate="0" complexity="4">
              <lines>
                <line number="162" hits="0" branch="False" />
                <line number="163" hits="0" branch="False" />
                <line number="164" hits="0" branch="True" condition-coverage="0% (0/2)">
                  <conditions>
                    <condition number="82" type="jump" coverage="0%" />
                  </conditions>
                </line>
                <line number="165" hits="0" branch="False" />
                <line number="166" hits="0" branch="True" condition-coverage="0% (0/2)">
                  <conditions>
                    <condition number="59" type="jump" coverage="0%" />
                  </conditions>
                </line>
                <line number="167" hits="0" branch="False" />
                <line number="168" hits="0" branch="False" />
                <line number="169" hits="0" branch="False" />
                <line number="170" hits="0" branch="False" />
              </lines>
            </method>
            <method name="DajSveNaručenePoklone" signature="(Cvjecara.Mušterija,System.Double)" line-rate="0.6666" branch-rate="0.5" complexity="2">
              <lines>
                <line number="173" hits="1" branch="False" />
                <line number="174" hits="1" branch="False" />
                <line number="175" hits="1" branch="True" condition-coverage="50% (1/2)">
                  <conditions>
                    <condition number="49" type="jump" coverage="50%" />
                  </conditions>
                </line>
                <line number="176" hits="1" branch="False" />
                <line number="178" hits="0" branch="False" />
                <line number="179" hits="0" branch="False" />
              </lines>
            </method>
            <method name="DajNajboljuMušteriju" signature="()" line-rate="1" branch-rate="1" complexity="18">
              <lines>
                <line number="195" hits="4" branch="False" />
                <line number="196" hits="5" branch="True" condition-coverage="100% (2/2)">
                  <conditions>
                    <condition number="19" type="jump" coverage="100%" />
                  </conditions>
                </line>
                <line number="197" hits="3" branch="False" />
                <line number="198" hits="3" branch="False" />
                <line number="199" hits="3" branch="False" />
                <line number="200" hits="3" branch="False" />
                <line number="201" hits="24" branch="True" condition-coverage="100% (2/2)">
                  <conditions>
                    <condition number="295" type="jump" coverage="100%" />
                  </conditions>
                </line>
                <line number="202" hits="9" branch="False" />
                <line number="203" hits="9" branch="False" />
                <line number="204" hits="9" branch="False" />
                <line number="205" hits="40" branch="True" condition-coverage="100% (2/2)">
                  <conditions>
                    <condition number="190" type="jump" coverage="100%" />
                  </conditions>
                </line>
                <line number="206" hits="11" branch="False" />
                <line number="207" hits="11" branch="False" />
                <line number="208" hits="11" branch="False" />
                <line number="209" hits="11" branch="False" />
                <line number="210" hits="9" branch="True" condition-coverage="100% (6/6)">
                  <conditions>
                    <condition number="195" type="jump" coverage="100%" />
                    <condition number="200" type="jump" coverage="100%" />
                    <condition number="223" type="jump" coverage="100%" />
                  </conditions>
                </line>
                <line number="211" hits="3" branch="False" />
                <line number="212" hits="3" branch="False" />
                <line number="213" hits="3" branch="False" />
                <line number="214" hits="3" branch="False" />
                <line number="215" hits="3" branch="False" />
                <line number="216" hits="3" branch="False" />
                <line number="217" hits="6" branch="True" condition-coverage="100% (4/4)">
                  <conditions>
                    <condition number="243" type="jump" coverage="100%" />
                    <condition number="263" type="jump" coverage="100%" />
                  </conditions>
                </line>
                <line number="218" hits="1" branch="False" />
                <line number="219" hits="1" branch="False" />
                <line number="220" hits="1" branch="False" />
                <line number="221" hits="9" branch="False" />
                <line number="222" hits="4" branch="True" condition-coverage="100% (2/2)">
                  <conditions>
                    <condition number="308" type="jump" coverage="100%" />
                  </conditions>
                </line>
                <line number="223" hits="2" branch="False" />
                <line number="224" hits="2" branch="False" />
              </lines>
            </method>
            <method name=".ctor" signature="()" line-rate="1" branch-rate="1" complexity="1">
              <lines>
                <line number="31" hits="19" branch="False" />
                <line number="32" hits="19" branch="False" />
                <line number="33" hits="19" branch="False" />
                <line number="34" hits="19" branch="False" />
                <line number="35" hits="19" branch="False" />
                <line number="36" hits="19" branch="False" />
                <line number="37" hits="19" branch="False" />
              </lines>
            </method>
          </methods>
          <lines>
            <line number="23" hits="3" branch="False" />
            <line number="24" hits="1" branch="False" />
            <line number="25" hits="3" branch="False" />
            <line number="44" hits="15" branch="False" />
            <line number="45" hits="15" branch="True" condition-coverage="100% (2/2)">
              <conditions>
                <condition number="20" type="jump" coverage="100%" />
              </conditions>
            </line>
            <line number="46" hits="8" branch="False" />
            <line number="47" hits="8" branch="True" condition-coverage="100% (2/2)">
              <conditions>
                <condition number="34" type="jump" coverage="100%" />
              </conditions>
            </line>
            <line number="48" hits="1" branch="False" />
            <line number="49" hits="7" branch="True" condition-coverage="100% (2/2)">
              <conditions>
                <condition number="66" type="jump" coverage="100%" />
              </conditions>
            </line>
            <line number="50" hits="1" branch="False" />
            <line number="52" hits="6" branch="False" />
            <line number="53" hits="6" branch="False" />
            <line number="54" hits="7" branch="True" condition-coverage="100% (2/2)">
              <conditions>
                <condition number="111" type="jump" coverage="100%" />
              </conditions>
            </line>
            <line number="55" hits="3" branch="False" />
            <line number="56" hits="3" branch="True" condition-coverage="100% (2/2)">
              <conditions>
                <condition number="130" type="jump" coverage="100%" />
              </conditions>
            </line>
            <line number="57" hits="1" branch="False" />
            <line number="58" hits="4" branch="True" condition-coverage="100% (2/2)">
              <conditions>
                <condition number="173" type="jump" coverage="100%" />
              </conditions>
            </line>
            <line number="59" hits="1" branch="False" />
            <line number="61" hits="1" branch="False" />
            <line number="62" hits="2" branch="False" />
            <line number="63" hits="1" branch="False" />
            <line number="64" hits="1" branch="False" />
            <line number="65" hits="1" branch="False" />
            <line number="66" hits="4" branch="True" condition-coverage="100% (2/2)">
              <conditions>
                <condition number="255" type="jump" coverage="100%" />
              </conditions>
            </line>
            <line number="67" hits="3" branch="False" />
            <line number="68" hits="3" branch="True" condition-coverage="100% (2/2)">
              <conditions>
                <condition number="271" type="jump" coverage="100%" />
              </conditions>
            </line>
            <line number="69" hits="1" branch="False" />
            <line number="70" hits="4" branch="True" condition-coverage="100% (2/2)">
              <conditions>
                <condition number="314" type="jump" coverage="100%" />
              </conditions>
            </line>
            <line number="71" hits="1" branch="False" />
            <line number="73" hits="1" branch="False" />
            <line number="74" hits="2" branch="False" />
            <line number="75" hits="1" branch="False" />
            <line number="76" hits="1" branch="False" />
            <line number="78" hits="1" branch="False" />
            <line number="79" hits="8" branch="False" />
            <line number="82" hits="6" branch="False" />
            <line number="83" hits="6" branch="False" />
            <line number="84" hits="6" branch="False" />
            <line number="85" hits="30" branch="True" condition-coverage="100% (2/2)">
              <conditions>
                <condition number="50" type="jump" coverage="100%" />
              </conditions>
            </line>
            <line number="86" hits="6" branch="False" />
            <line number="87" hits="26" branch="True" condition-coverage="100% (2/2)">
              <conditions>
                <condition number="104" type="jump" coverage="100%" />
              </conditions>
            </line>
            <line number="88" hits="4" branch="False" />
            <line number="89" hits="6" branch="False" />
            <line number="90" hits="6" branch="False" />
            <line number="93" hits="1" branch="False" />
            <line number="94" hits="1" branch="False" />
            <line number="95" hits="1" branch="False" />
            <line number="98" hits="5" branch="False" />
            <line number="99" hits="5" branch="False" />
            <line number="100" hits="5" branch="False" />
            <line number="103" hits="0" branch="False" />
            <line number="104" hits="0" branch="True" condition-coverage="0% (0/2)">
              <conditions>
                <condition number="14" type="jump" coverage="0%" />
              </conditions>
            </line>
            <line number="105" hits="0" branch="False" />
            <line number="106" hits="0" branch="True" condition-coverage="0% (0/4)">
              <conditions>
                <condition number="38" type="jump" coverage="0%" />
                <condition number="56" type="jump" coverage="0%" />
              </conditions>
            </line>
            <line number="107" hits="0" branch="False" />
            <line number="108" hits="0" branch="True" condition-coverage="0% (0/2)">
              <conditions>
                <condition number="82" type="jump" coverage="0%" />
              </conditions>
            </line>
            <line number="109" hits="0" branch="False" />
            <line number="110" hits="0" branch="False" />
            <line number="111" hits="0" branch="False" />
            <line number="112" hits="0" branch="False" />
            <line number="113" hits="0" branch="False" />
            <line number="114" hits="0" branch="False" />
            <line number="115" hits="0" branch="False" />
            <line number="116" hits="0" branch="False" />
            <line number="117" hits="0" branch="False" />
            <line number="118" hits="0" branch="False" />
            <line number="119" hits="0" branch="False" />
            <line number="120" hits="0" branch="False" />
            <line number="121" hits="0" branch="False" />
            <line number="122" hits="0" branch="True" condition-coverage="0% (0/2)">
              <conditions>
                <condition number="416" type="jump" coverage="0%" />
              </conditions>
            </line>
            <line number="123" hits="0" branch="False" />
            <line number="125" hits="0" branch="False" />
            <line number="126" hits="0" branch="False" />
            <line number="127" hits="0" branch="False" />
            <line number="128" hits="0" branch="False" />
            <line number="130" hits="0" branch="False" />
            <line number="131" hits="0" branch="False" />
            <line number="132" hits="0" branch="False" />
            <line number="133" hits="0" branch="False" />
            <line number="134" hits="0" branch="False" />
            <line number="135" hits="0" branch="False" />
            <line number="138" hits="1" branch="False" />
            <line number="139" hits="5" branch="True" condition-coverage="100% (2/2)">
              <conditions>
                <condition number="69" type="jump" coverage="100%" />
              </conditions>
            </line>
            <line number="140" hits="1" branch="False" />
            <line number="141" hits="1" branch="False" />
            <line number="142" hits="1" branch="True" condition-coverage="100% (2/2)">
              <conditions>
                <condition number="51" type="jump" coverage="100%" />
              </conditions>
            </line>
            <line number="143" hits="1" branch="False" />
            <line number="144" hits="1" branch="False" />
            <line number="146" hits="2" branch="False" />
            <line number="147" hits="1" branch="False" />
            <line number="150" hits="2" branch="False" />
            <line number="151" hits="2" branch="True" condition-coverage="100% (2/2)">
              <conditions>
                <condition number="18" type="jump" coverage="100%" />
              </conditions>
            </line>
            <line number="152" hits="1" branch="False" />
            <line number="154" hits="1" branch="False" />
            <line number="155" hits="1" branch="False" />
            <line number="157" hits="1" branch="True" condition-coverage="50% (1/2)">
              <conditions>
                <condition number="60" type="jump" coverage="50%" />
              </conditions>
            </line>
            <line number="158" hits="0" branch="False" />
            <line number="159" hits="1" branch="False" />
            <line number="162" hits="0" branch="False" />
            <line number="163" hits="0" branch="False" />
            <line number="164" hits="0" branch="True" condition-coverage="0% (0/2)">
              <conditions>
                <condition number="82" type="jump" coverage="0%" />
              </conditions>
            </line>
            <line number="165" hits="0" branch="False" />
            <line number="166" hits="0" branch="True" condition-coverage="0% (0/2)">
              <conditions>
                <condition number="59" type="jump" coverage="0%" />
              </conditions>
            </line>
            <line number="167" hits="0" branch="False" />
            <line number="168" hits="0" branch="False" />
            <line number="169" hits="0" branch="False" />
            <line number="170" hits="0" branch="False" />
            <line number="173" hits="1" branch="False" />
            <line number="174" hits="1" branch="False" />
            <line number="175" hits="1" branch="True" condition-coverage="50% (1/2)">
              <conditions>
                <condition number="49" type="jump" coverage="50%" />
              </conditions>
            </line>
            <line number="176" hits="1" branch="False" />
            <line number="178" hits="0" branch="False" />
            <line number="179" hits="0" branch="False" />
            <line number="195" hits="4" branch="False" />
            <line number="196" hits="5" branch="True" condition-coverage="100% (2/2)">
              <conditions>
                <condition number="19" type="jump" coverage="100%" />
              </conditions>
            </line>
            <line number="197" hits="3" branch="False" />
            <line number="198" hits="3" branch="False" />
            <line number="199" hits="3" branch="False" />
            <line number="200" hits="3" branch="False" />
            <line number="201" hits="24" branch="True" condition-coverage="100% (2/2)">
              <conditions>
                <condition number="295" type="jump" coverage="100%" />
              </conditions>
            </line>
            <line number="202" hits="9" branch="False" />
            <line number="203" hits="9" branch="False" />
            <line number="204" hits="9" branch="False" />
            <line number="205" hits="40" branch="True" condition-coverage="100% (2/2)">
              <conditions>
                <condition number="190" type="jump" coverage="100%" />
              </conditions>
            </line>
            <line number="206" hits="11" branch="False" />
            <line number="207" hits="11" branch="False" />
            <line number="208" hits="11" branch="False" />
            <line number="209" hits="11" branch="False" />
            <line number="210" hits="9" branch="True" condition-coverage="100% (6/6)">
              <conditions>
                <condition number="195" type="jump" coverage="100%" />
                <condition number="200" type="jump" coverage="100%" />
                <condition number="223" type="jump" coverage="100%" />
              </conditions>
            </line>
            <line number="211" hits="3" branch="False" />
            <line number="212" hits="3" branch="False" />
            <line number="213" hits="3" branch="False" />
            <line number="214" hits="3" branch="False" />
            <line number="215" hits="3" branch="False" />
            <line number="216" hits="3" branch="False" />
            <line number="217" hits="6" branch="True" condition-coverage="100% (4/4)">
              <conditions>
                <condition number="243" type="jump" coverage="100%" />
                <condition number="263" type="jump" coverage="100%" />
              </conditions>
            </line>
            <line number="218" hits="1" branch="False" />
            <line number="219" hits="1" branch="False" />
            <line number="220" hits="1" branch="False" />
            <line number="221" hits="9" branch="False" />
            <line number="222" hits="4" branch="True" condition-coverage="100% (2/2)">
              <conditions>
                <condition number="308" type="jump" coverage="100%" />
              </conditions>
            </line>
            <line number="223" hits="2" branch="False" />
            <line number="224" hits="2" branch="False" />
            <line number="31" hits="19" branch="False" />
            <line number="32" hits="19" branch="False" />
            <line number="33" hits="19" branch="False" />
            <line number="34" hits="19" branch="False" />
            <line number="35" hits="19" branch="False" />
            <line number="36" hits="19" branch="False" />
            <line number="37" hits="19" branch="False" />
          </lines>
        </class>
        <class name="Cvjecara.Leksikon" filename="Source\Repos\VVS-zadaca2\Cvjecara\Leksikon.cs" line-rate="0" branch-rate="1" complexity="1">
          <methods>
            <method name="ValidnoLatinskoIme" signature="(System.String)" line-rate="0" branch-rate="1" complexity="1">
              <lines>
                <line number="17" hits="0" branch="False" />
                <line number="18" hits="0" branch="False" />
              </lines>
            </method>
          </methods>
          <lines>
            <line number="17" hits="0" branch="False" />
            <line number="18" hits="0" branch="False" />
          </lines>
        </class>
        <class name="Cvjecara.Spy" filename="Source\Repos\VVS-zadaca2\Cvjecara\Leksikon.cs" line-rate="0" branch-rate="0" complexity="2">
          <methods>
            <method name="ValidnoLatinskoIme" signature="(System.String)" line-rate="0" branch-rate="0" complexity="2">
              <lines>
                <line number="24" hits="0" branch="False" />
                <line number="25" hits="0" branch="False" />
                <line number="26" hits="0" branch="True" condition-coverage="0% (0/2)">
                  <conditions>
                    <condition number="76" type="jump" coverage="0%" />
                  </conditions>
                </line>
                <line number="27" hits="0" branch="False" />
                <line number="28" hits="0" branch="False" />
                <line number="29" hits="0" branch="False" />
              </lines>
            </method>
          </methods>
          <lines>
            <line number="24" hits="0" branch="False" />
            <line number="25" hits="0" branch="False" />
            <line number="26" hits="0" branch="True" condition-coverage="0% (0/2)">
              <conditions>
                <condition number="76" type="jump" coverage="0%" />
              </conditions>
            </line>
            <line number="27" hits="0" branch="False" />
            <line number="28" hits="0" branch="False" />
            <line number="29" hits="0" branch="False" />
          </lines>
        </class>
        <class name="Cvjecara.Mušterija" filename="Source\Repos\VVS-zadaca2\Cvjecara\Mušterija.cs" line-rate="1" branch-rate="1" complexity="21">
          <methods>
            <method name="get_IdentifikacijskiBroj" signature="()" line-rate="1" branch-rate="1" complexity="1">
              <lines>
                <line number="22" hits="4" branch="False" />
              </lines>
            </method>
            <method name="get_ImeIPrezime" signature="()" line-rate="1" branch-rate="1" complexity="1">
              <lines>
                <line number="25" hits="1" branch="False" />
              </lines>
            </method>
            <method name="set_ImeIPrezime" signature="(System.String)" line-rate="1" branch-rate="1" complexity="2">
              <lines>
                <line number="27" hits="98" branch="False" />
                <line number="28" hits="98" branch="True" condition-coverage="100% (2/2)">
                  <conditions>
                    <condition number="9" type="jump" coverage="100%" />
                  </conditions>
                </line>
                <line number="29" hits="2" branch="False" />
                <line number="30" hits="96" branch="False" />
                <line number="31" hits="96" branch="False" />
              </lines>
            </method>
            <method name="get_UkupanBrojKupovina" signature="()" line-rate="1" branch-rate="1" complexity="1">
              <lines>
                <line number="33" hits="1" branch="False" />
              </lines>
            </method>
            <method name="get_KupljeniBuketi" signature="()" line-rate="1" branch-rate="1" complexity="1">
              <lines>
                <line number="34" hits="42" branch="False" />
              </lines>
            </method>
            <method name="get_KupljeniPokloni" signature="()" line-rate="1" branch-rate="1" complexity="1">
              <lines>
                <line number="35" hits="2" branch="False" />
              </lines>
            </method>
            <method name="RegistrujKupovinu" signature="(Cvjecara.Buket,Cvjecara.Poklon)" line-rate="1" branch-rate="1" complexity="4">
              <lines>
                <line number="59" hits="10118" branch="False" />
                <line number="60" hits="10118" branch="True" condition-coverage="100% (4/4)">
                  <conditions>
                    <condition number="2" type="jump" coverage="100%" />
                    <condition number="13" type="jump" coverage="100%" />
                  </conditions>
                </line>
                <line number="61" hits="1" branch="False" />
                <line number="63" hits="10117" branch="False" />
                <line number="64" hits="10117" branch="False" />
                <line number="65" hits="10117" branch="False" />
                <line number="66" hits="10117" branch="False" />
              </lines>
            </method>
            <method name="NagradnaKupovina" signature="(Cvjecara.Poklon)" line-rate="1" branch-rate="1" complexity="8">
              <lines>
                <line number="82" hits="3" branch="False" />
                <line number="83" hits="3" branch="False" />
                <line number="84" hits="30" branch="True" condition-coverage="100% (2/2)">
                  <conditions>
                    <condition number="44" type="jump" coverage="100%" />
                  </conditions>
                </line>
                <line number="85" hits="14" branch="False" />
                <line number="86" hits="14" branch="False" />
                <line number="87" hits="14" branch="True" condition-coverage="100% (2/2)">
                  <conditions>
                    <condition number="25" type="jump" coverage="100%" />
                  </conditions>
                </line>
                <line number="88" hits="2" branch="False" />
                <line number="89" hits="12" branch="False" />
                <line number="91" hits="3" branch="True" condition-coverage="100% (4/4)">
                  <conditions>
                    <condition number="49" type="jump" coverage="100%" />
                    <condition number="84" type="jump" coverage="100%" />
                  </conditions>
                </line>
                <line number="92" hits="2" branch="False" />
                <line number="93" hits="2" branch="False" />
                <line number="94" hits="2" branch="False" />
                <line number="96" hits="1" branch="False" />
                <line number="97" hits="2" branch="False" />
              </lines>
            </method>
            <method name=".ctor" signature="(System.String)" line-rate="1" branch-rate="1" complexity="2">
              <lines>
                <line number="41" hits="96" branch="False" />
                <line number="42" hits="96" branch="False" />
                <line number="43" hits="96" branch="False" />
                <line number="44" hits="96" branch="False" />
                <line number="45" hits="2112" branch="True" condition-coverage="100% (2/2)">
                  <conditions>
                    <condition number="61" type="jump" coverage="100%" />
                  </conditions>
                </line>
                <line number="46" hits="960" branch="False" />
                <line number="47" hits="96" branch="False" />
                <line number="48" hits="96" branch="False" />
                <line number="49" hits="96" branch="False" />
                <line number="50" hits="96" branch="False" />
                <line number="51" hits="96" branch="False" />
                <line number="52" hits="96" branch="False" />
              </lines>
            </method>
          </methods>
          <lines>
            <line number="22" hits="4" branch="False" />
            <line number="25" hits="1" branch="False" />
            <line number="27" hits="98" branch="False" />
            <line number="28" hits="98" branch="True" condition-coverage="100% (2/2)">
              <conditions>
                <condition number="9" type="jump" coverage="100%" />
              </conditions>
            </line>
            <line number="29" hits="2" branch="False" />
            <line number="30" hits="96" branch="False" />
            <line number="31" hits="96" branch="False" />
            <line number="33" hits="1" branch="False" />
            <line number="34" hits="42" branch="False" />
            <line number="35" hits="2" branch="False" />
            <line number="59" hits="10118" branch="False" />
            <line number="60" hits="10118" branch="True" condition-coverage="100% (4/4)">
              <conditions>
                <condition number="2" type="jump" coverage="100%" />
                <condition number="13" type="jump" coverage="100%" />
              </conditions>
            </line>
            <line number="61" hits="1" branch="False" />
            <line number="63" hits="10117" branch="False" />
            <line number="64" hits="10117" branch="False" />
            <line number="65" hits="10117" branch="False" />
            <line number="66" hits="10117" branch="False" />
            <line number="82" hits="3" branch="False" />
            <line number="83" hits="3" branch="False" />
            <line number="84" hits="30" branch="True" condition-coverage="100% (2/2)">
              <conditions>
                <condition number="44" type="jump" coverage="100%" />
              </conditions>
            </line>
            <line number="85" hits="14" branch="False" />
            <line number="86" hits="14" branch="False" />
            <line number="87" hits="14" branch="True" condition-coverage="100% (2/2)">
              <conditions>
                <condition number="25" type="jump" coverage="100%" />
              </conditions>
            </line>
            <line number="88" hits="2" branch="False" />
            <line number="89" hits="12" branch="False" />
            <line number="91" hits="3" branch="True" condition-coverage="100% (4/4)">
              <conditions>
                <condition number="49" type="jump" coverage="100%" />
                <condition number="84" type="jump" coverage="100%" />
              </conditions>
            </line>
            <line number="92" hits="2" branch="False" />
            <line number="93" hits="2" branch="False" />
            <line number="94" hits="2" branch="False" />
            <line number="96" hits="1" branch="False" />
            <line number="97" hits="2" branch="False" />
            <line number="41" hits="96" branch="False" />
            <line number="42" hits="96" branch="False" />
            <line number="43" hits="96" branch="False" />
            <line number="44" hits="96" branch="False" />
            <line number="45" hits="2112" branch="True" condition-coverage="100% (2/2)">
              <conditions>
                <condition number="61" type="jump" coverage="100%" />
              </conditions>
            </line>
            <line number="46" hits="960" branch="False" />
            <line number="47" hits="96" branch="False" />
            <line number="48" hits="96" branch="False" />
            <line number="49" hits="96" branch="False" />
            <line number="50" hits="96" branch="False" />
            <line number="51" hits="96" branch="False" />
            <line number="52" hits="96" branch="False" />
          </lines>
        </class>
        <class name="Cvjecara.Poklon" filename="Source\Repos\VVS-zadaca2\Cvjecara\Poklon.cs" line-rate="1" branch-rate="1" complexity="5">
          <methods>
            <method name="get_Šifra" signature="()" line-rate="1" branch-rate="1" complexity="1">
              <lines>
                <line number="21" hits="1" branch="False" />
              </lines>
            </method>
            <method name="get_Opis" signature="()" line-rate="1" branch-rate="1" complexity="1">
              <lines>
                <line number="22" hits="92" branch="False" />
              </lines>
            </method>
            <method name="get_PostotakPopusta" signature="()" line-rate="1" branch-rate="1" complexity="1">
              <lines>
                <line number="23" hits="6" branch="False" />
              </lines>
            </method>
            <method name=".ctor" signature="(System.String,System.Double)" line-rate="1" branch-rate="1" complexity="2">
              <lines>
                <line number="15" hits="88" branch="False" />
                <line number="29" hits="88" branch="False" />
                <line number="30" hits="88" branch="False" />
                <line number="31" hits="88" branch="False" />
                <line number="32" hits="88" branch="False" />
                <line number="33" hits="88" branch="False" />
                <line number="34" hits="88" branch="True" condition-coverage="100% (2/2)">
                  <conditions>
                    <condition number="72" type="jump" coverage="100%" />
                  </conditions>
                </line>
                <line number="35" hits="5" branch="False" />
                <line number="36" hits="83" branch="False" />
                <line number="37" hits="83" branch="False" />
              </lines>
            </method>
          </methods>
          <lines>
            <line number="21" hits="1" branch="False" />
            <line number="22" hits="92" branch="False" />
            <line number="23" hits="6" branch="False" />
            <line number="15" hits="88" branch="False" />
            <line number="29" hits="88" branch="False" />
            <line number="30" hits="88" branch="False" />
            <line number="31" hits="88" branch="False" />
            <line number="32" hits="88" branch="False" />
            <line number="33" hits="88" branch="False" />
            <line number="34" hits="88" branch="True" condition-coverage="100% (2/2)">
              <conditions>
                <condition number="72" type="jump" coverage="100%" />
              </conditions>
            </line>
            <line number="35" hits="5" branch="False" />
            <line number="36" hits="83" branch="False" />
            <line number="37" hits="83" branch="False" />
          </lines>
        </class>
      </classes>
    </package>
    <package name="TestCvjecara" line-rate="0.9438" branch-rate="1" complexity="88">
      <classes>
        <class name="AutoGeneratedProgram" filename=".nuget\packages\microsoft.net.test.sdk\16.9.4\build\netcoreapp2.1\Microsoft.NET.Test.Sdk.Program.cs" line-rate="0" branch-rate="1" complexity="1">
          <methods>
            <method name="Main" signature="(System.String[])" line-rate="0" branch-rate="1" complexity="1">
              <lines>
                <line number="4" hits="0" branch="False" />
              </lines>
            </method>
          </methods>
          <lines>
            <line number="4" hits="0" branch="False" />
          </lines>
        </class>
        <class name="TestCvjecara.TestMušterija" filename="Source\Repos\VVS-zadaca2\TestCvjecara\TestMušterija.cs" line-rate="0.9242" branch-rate="1" complexity="17">
          <methods>
            <method name="get_PoklonNeispravniCSV" signature="()" line-rate="1" branch-rate="1" complexity="1">
              <lines>
                <line number="18" hits="1" branch="False" />
                <line number="19" hits="1" branch="False" />
                <line number="20" hits="1" branch="False" />
              </lines>
            </method>
            <method name="get_PoklonIspravniXML" signature="()" line-rate="1" branch-rate="1" complexity="1">
              <lines>
                <line number="25" hits="1" branch="False" />
                <line number="26" hits="1" branch="False" />
                <line number="27" hits="1" branch="False" />
              </lines>
            </method>
            <method name="InicijalizacijaPrijeSvakogTesta" signature="()" line-rate="1" branch-rate="1" complexity="1">
              <lines>
                <line number="35" hits="19" branch="False" />
                <line number="36" hits="19" branch="False" />
                <line number="37" hits="19" branch="False" />
                <line number="38" hits="19" branch="False" />
                <line number="39" hits="19" branch="False" />
                <line number="40" hits="19" branch="False" />
                <line number="41" hits="19" branch="False" />
                <line number="42" hits="19" branch="False" />
              </lines>
            </method>
            <method name="TestGetUkupranBrojKupovina" signature="()" line-rate="1" branch-rate="1" complexity="1">
              <lines>
                <line number="46" hits="1" branch="False" />
                <line number="47" hits="1" branch="False" />
                <line number="48" hits="1" branch="False" />
                <line number="49" hits="1" branch="False" />
                <line number="50" hits="1" branch="False" />
              </lines>
            </method>
            <method name="TestGetKupljeniPokloni" signature="()" line-rate="1" branch-rate="1" complexity="1">
              <lines>
                <line number="53" hits="1" branch="False" />
                <line number="54" hits="1" branch="False" />
                <line number="55" hits="1" branch="False" />
                <line number="56" hits="1" branch="False" />
                <line number="57" hits="1" branch="False" />
                <line number="58" hits="1" branch="False" />
                <line number="59" hits="1" branch="False" />
              </lines>
            </method>
            <method name="TestPraznoImeMušterije" signature="()" line-rate="0.6666" branch-rate="1" complexity="1">
              <lines>
                <line number="63" hits="1" branch="False" />
                <line number="64" hits="1" branch="False" />
                <line number="65" hits="0" branch="False" />
              </lines>
            </method>
            <method name="TestImeWhiteSpaceMušterije" signature="()" line-rate="0.6666" branch-rate="1" complexity="1">
              <lines>
                <line number="69" hits="1" branch="False" />
                <line number="70" hits="1" branch="False" />
                <line number="71" hits="0" branch="False" />
              </lines>
            </method>
            <method name="TestGetIme" signature="()" line-rate="1" branch-rate="1" complexity="1">
              <lines>
                <line number="74" hits="1" branch="False" />
                <line number="75" hits="1" branch="False" />
                <line number="76" hits="1" branch="False" />
              </lines>
            </method>
            <method name="TestNullBuketIliPoklon" signature="()" line-rate="0.6666" branch-rate="1" complexity="1">
              <lines>
                <line number="83" hits="1" branch="False" />
[...]
              <lines>
                <line number="90" hits="2" branch="False" />
                <line number="91" hits="2" branch="False" />
                <line number="92" hits="2" branch="False" />
                <line number="93" hits="15" branch="True" condition-coverage="100% (2/2)">
                  <conditions>
                    <condition number="344" type="jump" coverage="100%" />
                  </conditions>
                </line>
                <line number="94" hits="5" branch="False" />
                <line number="95" hits="5" branch="False" />
                <line number="96" hits="25" branch="True" condition-coverage="100% (2/2)">
                  <conditions>
                    <condition number="228" type="jump" coverage="100%" />
                  </conditions>
                </line>
                <line number="97" hits="5" branch="False" />
                <line number="98" hits="5" branch="False" />
                <line number="99" hits="5" branch="False" />
                <line number="100" hits="5" branch="False" />
                <line number="101" hits="4" branch="False" />
                <line number="103" hits="1" branch="False" />
              </lines>
            </method>
          </methods>
          <lines>
            <line number="90" hits="2" branch="False" />
            <line number="91" hits="2" branch="False" />
            <line number="92" hits="2" branch="False" />
            <line number="93" hits="15" branch="True" condition-coverage="100% (2/2)">
              <conditions>
                <condition number="344" type="jump" coverage="100%" />
              </conditions>
            </line>
            <line number="94" hits="5" branch="False" />
            <line number="95" hits="5" branch="False" />
            <line number="96" hits="25" branch="True" condition-coverage="100% (2/2)">
              <conditions>
                <condition number="228" type="jump" coverage="100%" />
              </conditions>
            </line>
            <line number="97" hits="5" branch="False" />
            <line number="98" hits="5" branch="False" />
            <line number="99" hits="5" branch="False" />
            <line number="100" hits="5" branch="False" />
            <line number="101" hits="4" branch="False" />
            <line number="103" hits="1" branch="False" />
          </lines>
        </class>
        <class name="TestCvjecara.UnitTestsCvijet" filename="Source\Repos\VVS-zadaca2\TestCvjecara\UnitTestsCvijet.cs" line-rate="0.9695999999999999" branch-rate="1" complexity="16">
          <methods>
            <method name="get_CvijetNeisravniCSV" signature="()" line-rate="1" branch-rate="1" complexity="1">
              <lines>
                <line number="19" hits="1" branch="False" />
                <line number="20" hits="1" branch="False" />
                <line number="21" hits="1" branch="False" />
              </lines>
            </method>
            <method name="get_CvijetIspravniXML" signature="()" line-rate="1" branch-rate="1" complexity="1">
              <lines>
                <line number="26" hits="1" branch="False" />
                <line number="27" hits="1" branch="False" />
                <line number="28" hits="1" branch="False" />
              </lines>
            </method>
            <method name="InicijalizacijaPrijeSvakogTesta" signature="()" line-rate="1" branch-rate="1" complexity="1">
              <lines>
                <line number="34" hits="31" branch="False" />
                <line number="35" hits="31" branch="False" />
                <line number="36" hits="31" branch="False" />
                <line number="37" hits="31" branch="False" />
                <line number="38" hits="31" branch="False" />
                <line number="39" hits="31" branch="False" />
                <line number="40" hits="31" branch="False" />
                <line number="42" hits="31" branch="False" />
              </lines>
            </method>
            <method name="TestKonstrukoraIzuzetak" signature="(Cvjecara.Vrsta,System.String,System.String,System.DateTime,System.Int32)" line-rate="0.6666" branch-rate="1" complexity="1">
              <lines>
                <line number="48" hits="15" branch="False" />
                <line number="49" hits="15" branch="False" />
                <line number="50" hits="0" branch="False" />
              </lines>
            </method>
            <method name="TestKonstrukora" signature="(Cvjecara.Vrsta,System.String,System.String,System.DateTime,System.Int32)" line-rate="1" branch-rate="1" complexity="1">
              <lines>
                <line number="54" hits="5" branch="False" />
                <line number="55" hits="5" branch="False" />
                <line number="56" hits="5" branch="False" />
                <line number="57" hits="5" branch="False" />
                <line number="58" hits="5" branch="False" />
                <line number="59" hits="5" branch="False" />
                <line number="60" hits="5" branch="False" />
                <line number="61" hits="5" branch="False" />
              </lines>
            </method>
            <method name="TestIzuzetkaPonovnoPostavljanjeLatinskogImena" signature="()" line-rate="0.6666" branch-rate="1" complexity="1">
              <lines>
                <line number="68" hits="1" branch="False" />
                <line number="69" hits="1" branch="False" />
                <line number="70" hits="0" branch="False" />
              </lines>
            </method>
            <method name="TestNajboljaSvježinaCvijeća" signature="()" line-rate="1" branch-rate="1" complexity="1">
              <lines>
                <line number="74" hits="1" branch="False" />
                <line number="75" hits="1" branch="False" />
                <line number="77" hits="1" branch="False" />
              </lines>
            </method>
            <method name="TestSmanjeneSvjezineOrhideja" signature="()" line-rate="1" branch-rate="1" complexity="1">
              <lines>
                <line number="80" hits="1" branch="False" />
                <line number="81" hits="1" branch="False" />
                <line number="82" hits="1" branch="False" />
              </lines>
            </method>
            <method name="TestSmanjeneSvjezineLjiljan" signature="()" line-rate="1" branch-rate="1" complexity="1">
              <lines>
                <line number="86" hits="1" branch="False" />
                <line number="87" hits="1" branch="False" />
                <line number="88" hits="1" branch="False" />
              </lines>
            </method>
            <method name="TestSmanjeneSvjezineMargarete" signature="()" line-rate="1" branch-rate="1" complexity="1">
              <lines>
                <line number="91" hits="1" branch="False" />
                <line number="92" hits="1" branch="False" />
                <line number="93" hits="1" branch="False" />
              </lines>
            </method>
            <method name="TestSmanjeneSvjezineRuza" signature="()" line-rate="1" branch-rate="1" complexity="1">
              <lines>
                <line number="96" hits="1" branch="False" />
                <line number="97" hits="1" branch="False" />
                <line number="98" hits="1" branch="False" />
              </lines>
            </method>
            <method name="TestSmanjeneSvjezineNevena" signature="()" line-rate="1" branch-rate="1" complexity="1">
              <lines>
                <line number="101" hits="1" branch="False" />
                <line number="102" hits="1" branch="False" />
                <line number="103" hits="1" branch="False" />
              </lines>
            </method>
            <method name="TestSvjezinaNula" signature="()" line-rate="1" branch-rate="1" complexity="1">
              <lines>
                <line number="106" hits="1" branch="False" />
                <line number="107" hits="1" branch="False" />
                <line number="108" hits="1" branch="False" />
                <line number="109" hits="1" branch="False" />
              </lines>
            </method>
            <method name="TestProvjeriSezonskoJesteSzonsko1" signature="()" line-rate="1" branch-rate="1" complexity="1">
              <lines>
                <line number="113" hits="1" branch="False" />
                <line number="114" hits="1" branch="False" />
                <line number="115" hits="1" branch="False" />
                <line number="116" hits="1" branch="False" />
                <line number="117" hits="1" branch="False" />
              </lines>
            </method>
            <method name="TestProvjeriSezonskoJesteSzonsko2" signature="()" line-rate="1" branch-rate="1" complexity="1">
              <lines>
                <line number="121" hits="1" branch="False" />
                <line number="122" hits="1" branch="False" />
                <line number="123" hits="1" branch="False" />
                <line number="124" hits="1" branch="False" />
                <line number="125" hits="1" branch="False" />
                <line number="126" hits="1" branch="False" />
              </lines>
            </method>
            <method name="TestProvjeriSezonskoNijeSezonsko" signature="()" line-rate="1" branch-rate="1" complexity="1">
              <lines>
                <line number="130" hits="1" branch="False" />
                <line number="131" hits="1" branch="False" />
                <line number="132" hits="1" branch="False" />
                <line number="133" hits="1" branch="False" />
                <line number="134" hits="1" branch="False" />
              </lines>
            </method>
          </methods>
          <lines>
            <line number="19" hits="1" branch="False" />
            <line number="20" hits="1" branch="False" />
            <line number="21" hits="1" branch="False" />
            <line number="26" hits="1" branch="False" />
            <line number="27" hits="1" branch="False" />
            <line number="28" hits="1" branch="False" />
            <line number="34" hits="31" branch="False" />
            <line number="35" hits="31" branch="False" />
            <line number="36" hits="31" branch="False" />
            <line number="37" hits="31" branch="False" />
            <line number="38" hits="31" branch="False" />
            <line number="39" hits="31" branch="False" />
            <line number="40" hits="31" branch="False" />
            <line number="42" hits="31" branch="False" />
            <line number="48" hits="15" branch="False" />
            <line number="49" hits="15" branch="False" />
            <line number="50" hits="0" branch="False" />
            <line number="54" hits="5" branch="False" />
            <line number="55" hits="5" branch="False" />
            <line number="56" hits="5" branch="False" />
            <line number="57" hits="5" branch="False" />
            <line number="58" hits="5" branch="False" />
            <line number="59" hits="5" branch="False" />
            <line number="60" hits="5" branch="False" />
            <line number="61" hits="5" branch="False" />
            <line number="68" hits="1" branch="False" />
            <line number="69" hits="1" branch="False" />
            <line number="70" hits="0" branch="False" />
            <line number="74" hits="1" branch="False" />
            <line number="75" hits="1" branch="False" />
            <line number="77" hits="1" branch="False" />
            <line number="80" hits="1" branch="False" />
            <line number="81" hits="1" branch="False" />
            <line number="82" hits="1" branch="False" />
            <line number="86" hits="1" branch="False" />
            <line number="87" hits="1" branch="False" />
            <line number="88" hits="1" branch="False" />
            <line number="91" hits="1" branch="False" />
            <line number="92" hits="1" branch="False" />
            <line number="93" hits="1" branch="False" />
            <line number="96" hits="1" branch="False" />
            <line number="97" hits="1" branch="False" />
            <line number="98" hits="1" branch="False" />
            <line number="101" hits="1" branch="False" />
            <line number="102" hits="1" branch="False" />
            <line number="103" hits="1" branch="False" />
            <line number="106" hits="1" branch="False" />
            <line number="107" hits="1" branch="False" />
            <line number="108" hits="1" branch="False" />
            <line number="109" hits="1" branch="False" />
            <line number="113" hits="1" branch="False" />
            <line number="114" hits="1" branch="False" />
            <line number="115" hits="1" branch="False" />
            <line number="116" hits="1" branch="False" />
            <line number="117" hits="1" branch="False" />
            <line number="121" hits="1" branch="False" />
            <line number="122" hits="1" branch="False" />
            <line number="123" hits="1" branch="False" />
            <line number="124" hits="1" branch="False" />
            <line number="125" hits="1" branch="False" />
            <line number="126" hits="1" branch="False" />
            <line number="130" hits="1" branch="False" />
            <line number="131" hits="1" branch="False" />
            <line number="132" hits="1" branch="False" />
            <line number="133" hits="1" branch="False" />
            <line number="134" hits="1" branch="False" />
          </lines>
        </class>
        <class name="TestCvjecara.UnitTestsCvijet/&lt;&gt;c" filename="Source\Repos\VVS-zadaca2\TestCvjecara\UnitTestsCvijet.cs" line-rate="1" branch-rate="1" complexity="1">
          <methods>
            <method name="&lt;UčitajPodatkeCSV&gt;b__24_0" signature="(System.Object)" line-rate="1" branch-rate="1" complexity="1">
              <lines>
                <line number="145" hits="96" branch="False" />
              </lines>
            </method>
          </methods>
          <lines>
            <line number="145" hits="96" branch="False" />
          </lines>
        </class>
        <class name="TestCvjecara.UnitTestsCvijet/&lt;UčitajPodatkeCSV&gt;d__24" filename="Source\Repos\VVS-zadaca2\TestCvjecara\UnitTestsCvijet.cs" line-rate="1" branch-rate="1" complexity="4">
          <methods>
            <method name="MoveNext" signature="()" line-rate="1" branch-rate="1" complexity="4">
              <lines>
                <line number="137" hits="2" branch="False" />
                <line number="138" hits="2" branch="False" />
                <line number="139" hits="2" branch="False" />
                <line number="140" hits="2" branch="False" />
                <line number="141" hits="2" branch="False" />
                <line number="142" hits="37" branch="True" condition-coverage="100% (2/2)">
                  <conditions>
                    <condition number="483" type="jump" coverage="100%" />
                  </conditions>
                </line>
                <line number="143" hits="16" branch="False" />
                <line number="144" hits="16" branch="True" condition-coverage="100% (2/2)">
                  <conditions>
                    <condition number="168" type="jump" coverage="100%" />
                  </conditions>
                </line>
                <line number="146" hits="16" branch="False" />
                <line number="147" hits="16" branch="False" />
                <line number="148" hits="15" branch="False" />
                <line number="149" hits="1" branch="False" />
                <line number="150" hits="1" branch="False" />
              </lines>
            </method>
          </methods>
          <lines>
            <line number="137" hits="2" branch="False" />
            <line number="138" hits="2" branch="False" />
            <line number="139" hits="2" branch="False" />
            <line number="140" hits="2" branch="False" />
            <line number="141" hits="2" branch="False" />
            <line number="142" hits="37" branch="True" condition-coverage="100% (2/2)">
              <conditions>
                <condition number="483" type="jump" coverage="100%" />
              </conditions>
            </line>
            <line number="143" hits="16" branch="False" />
            <line number="144" hits="16" branch="True" condition-coverage="100% (2/2)">
              <conditions>
                <condition number="168" type="jump" coverage="100%" />
              </conditions>
            </line>
            <line number="146" hits="16" branch="False" />
            <line number="147" hits="16" branch="False" />
            <line number="148" hits="15" branch="False" />
            <line number="149" hits="1" branch="False" />
            <line number="150" hits="1" branch="False" />
          </lines>
        </class>
        <class name="TestCvjecara.UnitTestsCvijet/&lt;UčitajPodatkeXML&gt;d__25" filename="Source\Repos\VVS-zadaca2\TestCvjecara\UnitTestsCvijet.cs" line-rate="1" branch-rate="1" complexity="4">
          <methods>
            <method name="MoveNext" signature="()" line-rate="1" branch-rate="1" complexity="4">
              <lines>
                <line number="152" hits="2" branch="False" />
                <line number="153" hits="2" branch="False" />
                <line number="154" hits="2" branch="False" />
                <line number="155" hits="17" branch="True" condition-coverage="100% (2/2)">
                  <conditions>
                    <condition number="440" type="jump" coverage="100%" />
                  </conditions>
                </line>
                <line number="156" hits="6" branch="False" />
                <line number="157" hits="6" branch="False" />
                <line number="158" hits="78" branch="True" condition-coverage="100% (2/2)">
                  <conditions>
                    <condition number="228" type="jump" coverage="100%" />
                  </conditions>
                </line>
                <line number="159" hits="30" branch="False" />
                <line number="160" hits="30" branch="False" />
                <line number="161" hits="30" branch="False" />
                <line number="162" hits="6" branch="False" />
                <line number="163" hits="6" branch="False" />
                <line number="164" hits="5" branch="False" />
                <line number="165" hits="1" branch="False" />
              </lines>
            </method>
          </methods>
          <lines>
            <line number="152" hits="2" branch="False" />
            <line number="153" hits="2" branch="False" />
            <line number="154" hits="2" branch="False" />
            <line number="155" hits="17" branch="True" condition-coverage="100% (2/2)">
              <conditions>
                <condition number="440" type="jump" coverage="100%" />
              </conditions>
            </line>
            <line number="156" hits="6" branch="False" />
            <line number="157" hits="6" branch="False" />
            <line number="158" hits="78" branch="True" condition-coverage="100% (2/2)">
              <conditions>
                <condition number="228" type="jump" coverage="100%" />
              </conditions>
            </line>
            <line number="159" hits="30" branch="False" />
            <line number="160" hits="30" branch="False" />
            <line number="161" hits="30" branch="False" />
            <line number="162" hits="6" branch="False" />
            <line number="163" hits="6" branch="False" />
            <line number="164" hits="5" branch="False" />
            <line number="165" hits="1" branch="False" />
          </lines>
        </class>
      </classes>
    </package>
  </packages>
</coverage>