TpTrace Verbose: 0 : 4736, 1, 2021/11/24, 15:35:48.668, 1653574215403, testhost.dll, Version: 16.9.4
TpTrace Information: 0 : 4736, 1, 2021/11/24, 15:35:48.676, 1653574268462, testhost.dll, DefaultEngineInvoker.Invoke: Testhost process started with args :[--port, 64150],[--endpoint, 127.0.0.1:064150],[--role, client],[--parentprocessid, 17288],[--diag, C:\Users\azra\source\repos\VVS-zadaca21\Zadatak 2\bin\Debug\net5.0\fine-code-coverage\coverage-tool-output\diagnostics.host.21-11-24_15-35-48_52706_5.log],[--tracelevel, 4],[--datacollectionport, 64149],[--telemetryoptedin, false]
TpTrace Information: 0 : 4736, 1, 2021/11/24, 15:35:48.677, 1653574283140, testhost.dll, Setting up debug trace listener.
TpTrace Verbose: 0 : 4736, 1, 2021/11/24, 15:35:48.677, 1653574284937, testhost.dll, TestPlatformTraceListener.Setup: Replacing listener 0 with TestHostTraceListener.
TpTrace Verbose: 0 : 4736, 1, 2021/11/24, 15:35:48.677, 1653574285392, testhost.dll, TestPlatformTraceListener.Setup: Added test platform trace listener.
TpTrace Information: 0 : 4736, 1, 2021/11/24, 15:35:48.678, 1653574290001, testhost.dll, DefaultEngineInvoker.SetParentProcessExitCallback: Monitoring parent process with id: '17288'
TpTrace Information: 0 : 4736, 1, 2021/11/24, 15:35:48.684, 1653574354114, testhost.dll, DefaultEngineInvoker.GetConnectionInfo: Initialize communication on endpoint address: '127.0.0.1:064150'
TpTrace Information: 0 : 4736, 1, 2021/11/24, 15:35:48.700, 1653574507843, testhost.dll, SocketClient.Start: connecting to server endpoint: 127.0.0.1:064150
TpTrace Information: 0 : 4736, 1, 2021/11/24, 15:35:48.707, 1653574578731, testhost.dll, DefaultEngineInvoker.ConnectToDatacollector: Connecting to datacollector, port: 64149
TpTrace Information: 0 : 4736, 8, 2021/11/24, 15:35:48.708, 1653574587780, testhost.dll, SocketClient.OnServerConnected: connected to server endpoint: 127.0.0.1:064150
TpTrace Verbose: 0 : 4736, 8, 2021/11/24, 15:35:48.709, 1653574603148, testhost.dll, Connected to server, and starting MessageLoopAsync
TpTrace Information: 0 : 4736, 1, 2021/11/24, 15:35:48.710, 1653574611314, testhost.dll, Trying to connect to server on socket : 127.0.0.1:64149 
TpTrace Verbose: 0 : 4736, 1, 2021/11/24, 15:35:48.710, 1653574616157, testhost.dll, SocketCommunicationManager : SetupClientAsync : Attempting to connect to the server.
TpTrace Information: 0 : 4736, 9, 2021/11/24, 15:35:48.712, 1653574631069, testhost.dll, Connected to the server successfully 
TpTrace Information: 0 : 4736, 9, 2021/11/24, 15:35:48.712, 1653574632102, testhost.dll, Using the buffer size of 16384 bytes
TpTrace Verbose: 0 : 4736, 8, 2021/11/24, 15:35:48.712, 1653574634630, testhost.dll, TcpClientExtensions.MessageLoopAsync: Polling on remoteEndPoint: [::ffff:127.0.0.1]:64150 localEndPoint: [::ffff:127.0.0.1]:64151
TpTrace Information: 0 : 4736, 1, 2021/11/24, 15:35:48.713, 1653574637153, testhost.dll, DefaultEngineInvoker.Invoke: Start Request Processing.
TpTrace Verbose: 0 : 4736, 8, 2021/11/24, 15:35:48.713, 1653574637978, testhost.dll, TcpClientExtensions.MessageLoopAsync: NotifyDataAvailable remoteEndPoint: [::ffff:127.0.0.1]:64150 localEndPoint: [::ffff:127.0.0.1]:64151
TpTrace Information: 0 : 4736, 11, 2021/11/24, 15:35:48.713, 1653574645079, testhost.dll, DefaultEngineInvoker.StartProcessingAsync: Connected to vstest.console, Starting process requests.
TpTrace Information: 0 : 4736, 8, 2021/11/24, 15:35:48.842, 1653575928364, testhost.dll, TestRequestHandler.ProcessRequests: received message: (ProtocolVersion) -> 5
TpTrace Verbose: 0 : 4736, 8, 2021/11/24, 15:35:48.869, 1653576202461, testhost.dll, TestRequestHandler.SendData:  sending data from testhost: {"Version":5,"MessageType":"TestSession.Message","Payload":{"MessageLevel":0,"Message":"Logging TestHost Diagnostics in file: C:\\Users\\azra\\source\\repos\\VVS-zadaca21\\Zadatak 2\\bin\\Debug\\net5.0\\fine-code-coverage\\coverage-tool-output\\diagnostics.host.21-11-24_15-35-48_52706_5.log"}}
TpTrace Verbose: 0 : 4736, 8, 2021/11/24, 15:35:48.869, 1653576204765, testhost.dll, TcpClientExtensions.MessageLoopAsync: Polling on remoteEndPoint: [::ffff:127.0.0.1]:64150 localEndPoint: [::ffff:127.0.0.1]:64151
TpTrace Verbose: 0 : 4736, 8, 2021/11/24, 15:35:48.870, 1653576206253, testhost.dll, TcpClientExtensions.MessageLoopAsync: NotifyDataAvailable remoteEndPoint: [::ffff:127.0.0.1]:64150 localEndPoint: [::ffff:127.0.0.1]:64151
TpTrace Information: 0 : 4736, 8, 2021/11/24, 15:35:48.873, 1653576244117, testhost.dll, TestRequestHandler.ProcessRequests: received message: (TestExecution.Initialize) -> [
  "C:\\Users\\azra\\source\\repos\\VVS-zadaca21\\Zadatak 2\\bin\\Debug\\net5.0\\fine-code-coverage\\build-output\\Microsoft.VisualStudio.TestPlatform.MSTest.TestAdapter.dll"
]
TpTrace Information: 0 : 4736, 8, 2021/11/24, 15:35:48.873, 1653576246100, testhost.dll, Execution Session Initialize.
TpTrace Verbose: 0 : 4736, 8, 2021/11/24, 15:35:48.880, 1653576309938, testhost.dll, TcpClientExtensions.MessageLoopAsync: Polling on remoteEndPoint: [::ffff:127.0.0.1]:64150 localEndPoint: [::ffff:127.0.0.1]:64151
TpTrace Verbose: 0 : 4736, 8, 2021/11/24, 15:35:48.880, 1653576311366, testhost.dll, TcpClientExtensions.MessageLoopAsync: NotifyDataAvailable remoteEndPoint: [::ffff:127.0.0.1]:64150 localEndPoint: [::ffff:127.0.0.1]:64151
TpTrace Verbose: 0 : 4736, 4, 2021/11/24, 15:35:48.882, 1653576330840, testhost.dll, TestExecutorService: Loading the extensions
TpTrace Information: 0 : 4736, 8, 2021/11/24, 15:35:48.883, 1653576336798, testhost.dll, TestRequestHandler.ProcessRequests: received message: (TestExecution.StartWithSources) -> {
  "AdapterSourceMap": {
    "_none_": [
      "C:\\Users\\azra\\source\\repos\\VVS-zadaca21\\Zadatak 2\\bin\\Debug\\net5.0\\fine-code-coverage\\build-output\\Zadatak 2.dll"
    ]
  },
  "RunSettings": "<RunSettings>\r\n  <RunConfiguration>\r\n    <ResultsDirectory>C:\\Users\\azra\\source\\repos\\VVS-zadaca21\\Zadatak 2\\bin\\Debug\\net5.0\\fine-code-coverage\\coverage-tool-output</ResultsDirectory>\r\n    <TargetPlatform>X64</TargetPlatform>\r\n    <TargetFrameworkVersion>.NETCoreApp,Version=v5.0</TargetFrameworkVersion>\r\n    <DesignMode>False</DesignMode>\r\n    <CollectSourceInformation>False</CollectSourceInformation>\r\n  </RunConfiguration>\r\n  <LoggerRunSettings>\r\n    <Loggers>\r\n      <Logger friendlyName=\"blame\" enabled=\"True\" />\r\n      <Logger friendlyName=\"Console\" uri=\"logger://microsoft/TestPlatform/ConsoleLogger/v1\" assemblyQualifiedName=\"Microsoft.VisualStudio.TestPlatform.CommandLine.Internal.ConsoleLogger, vstest.console, Version=15.0.0.0, Culture=neutral, PublicKeyToken=b03f5f7f11d50a3a\" codeBase=\"C:\\Program Files\\dotnet\\sdk\\6.0.100\\vstest.console.dll\" enabled=\"True\" />\r\n    </Loggers>\r\n  </LoggerRunSettings>\r\n  <DataCollectionRunSettings>\r\n    <DataCollectors>\r\n      <DataCollector friendlyName=\"blame\" enabled=\"True\">\r\n        <Configuration>\r\n          <ResultsDirectory>C:\\Users\\azra\\source\\repos\\VVS-zadaca21\\Zadatak 2\\bin\\Debug\\net5.0\\fine-code-coverage\\coverage-tool-output</ResultsDirectory>\r\n        </Configuration>\r\n      </DataCollector>\r\n    </DataCollectors>\r\n  </DataCollectionRunSettings>\r\n</RunSettings>",
  "TestExecutionContext": {
    "FrequencyOfRunStatsChangeEvent": 10,
    "RunStatsChangeEventTimeout": "00:00:01.5000000",
    "InIsolation": false,
    "KeepAlive": false,
    "AreTestCaseLevelEventsRequired": false,
    "IsDebug": false,
    "TestCaseFilter": null,
    "FilterOptions": null
  },
  "Package": null
}
TpTrace Information: 0 : 4736, 8, 2021/11/24, 15:35:48.883, 1653576338303, testhost.dll, Execution started.
TpTrace Verbose: 0 : 4736, 4, 2021/11/24, 15:35:48.884, 1653576346988, testhost.dll, TestPluginCache.DiscoverTestExtensions: finding test extensions in assemblies ends with: TestAdapter.dll TPluginInfo: Microsoft.VisualStudio.TestPlatform.Common.ExtensionFramework.Utilities.TestExecutorPluginInformation TExtension: Microsoft.VisualStudio.TestPlatform.ObjectModel.Adapter.ITestExecutor
TpTrace Verbose: 0 : 4736, 4, 2021/11/24, 15:35:48.885, 1653576358500, testhost.dll, TestPluginCache.GetExtensionPaths: Filtered extension paths: 
TpTrace Verbose: 0 : 4736, 4, 2021/11/24, 15:35:48.885, 1653576363813, testhost.dll, TestPluginCache.GetExtensionPaths: Added default extension paths: C:\Users\azra\source\repos\VVS-zadaca21\Zadatak 2\bin\Debug\net5.0\fine-code-coverage\build-output\Microsoft.VisualStudio.TestPlatform.MSTest.TestAdapter.dll
TpTrace Verbose: 0 : 4736, 4, 2021/11/24, 15:35:48.885, 1653576364483, testhost.dll, TestPluginCache.GetExtensionPaths: Added unfilterableExtensionPaths: 
TpTrace Information: 0 : 4736, 4, 2021/11/24, 15:35:48.887, 1653576386125, testhost.dll, AssemblyResolver.ctor: Creating AssemblyResolver with searchDirectories C:\Users\azra\source\repos\VVS-zadaca21\Zadatak 2\bin\Debug\net5.0\fine-code-coverage\build-output
TpTrace Verbose: 0 : 4736, 4, 2021/11/24, 15:35:48.889, 1653576404600, testhost.dll, TestPluginCache.DiscoverTestExtensions: Discovering the extensions using extension path.
TpTrace Verbose: 0 : 4736, 4, 2021/11/24, 15:35:48.890, 1653576406927, testhost.dll, TestPluginCache.GetExtensionPaths: Filtered extension paths: 
TpTrace Verbose: 0 : 4736, 4, 2021/11/24, 15:35:48.890, 1653576407534, testhost.dll, TestPluginCache.GetExtensionPaths: Added default extension paths: C:\Users\azra\source\repos\VVS-zadaca21\Zadatak 2\bin\Debug\net5.0\fine-code-coverage\build-output\Microsoft.VisualStudio.TestPlatform.MSTest.TestAdapter.dll
TpTrace Verbose: 0 : 4736, 4, 2021/11/24, 15:35:48.890, 1653576407767, testhost.dll, TestPluginCache.GetExtensionPaths: Added unfilterableExtensionPaths: 
TpTrace Verbose: 0 : 4736, 4, 2021/11/24, 15:35:48.890, 1653576408301, testhost.dll, TestPluginCache.DiscoverTestExtensions: Discovering the extensions using allExtensionPaths: C:\Users\azra\source\repos\VVS-zadaca21\Zadatak 2\bin\Debug\net5.0\fine-code-coverage\build-output\Microsoft.VisualStudio.TestPlatform.MSTest.TestAdapter.dll
TpTrace Information: 0 : 4736, 4, 2021/11/24, 15:35:48.891, 1653576418196, testhost.dll, AssemblyResolver.AddSearchDirectories: Adding more searchDirectories C:\Users\azra\source\repos\VVS-zadaca21\Zadatak 2\bin\Debug\net5.0\fine-code-coverage\build-output
TpTrace Information: 0 : 4736, 4, 2021/11/24, 15:35:48.895, 1653576458297, testhost.dll, AssemblyResolver.OnResolve: Microsoft.VisualStudio.TestPlatform.MSTest.TestAdapter: Resolving assembly.
TpTrace Information: 0 : 4736, 4, 2021/11/24, 15:35:48.896, 1653576474630, testhost.dll, AssemblyResolver.OnResolve: Resolved assembly: Microsoft.VisualStudio.TestPlatform.MSTest.TestAdapter, from path: C:\Users\azra\source\repos\VVS-zadaca21\Zadatak 2\bin\Debug\net5.0\fine-code-coverage\build-output\Microsoft.VisualStudio.TestPlatform.MSTest.TestAdapter.dll
TpTrace Verbose: 0 : 4736, 4, 2021/11/24, 15:35:48.901, 1653576524465, testhost.dll, TestPluginCache: Discovered the extensions using extension path ''.
TpTrace Verbose: 0 : 4736, 4, 2021/11/24, 15:35:48.902, 1653576528738, testhost.dll, TestPluginCache: Discoverers are ''.
TpTrace Verbose: 0 : 4736, 4, 2021/11/24, 15:35:48.902, 1653576529347, testhost.dll, TestPluginCache: Executors are 'executor://MSTestAdapter/v2'.
TpTrace Verbose: 0 : 4736, 4, 2021/11/24, 15:35:48.902, 1653576529802, testhost.dll, TestPluginCache: Executors2 are ''.
TpTrace Verbose: 0 : 4736, 4, 2021/11/24, 15:35:48.902, 1653576530223, testhost.dll, TestPluginCache: Setting providers are ''.
TpTrace Verbose: 0 : 4736, 4, 2021/11/24, 15:35:48.902, 1653576530623, testhost.dll, TestPluginCache: Loggers are ''.
TpTrace Verbose: 0 : 4736, 4, 2021/11/24, 15:35:48.904, 1653576554090, testhost.dll, TestPluginCache.DiscoverTestExtensions: finding test extensions in assemblies ends with: TestAdapter.dll TPluginInfo: Microsoft.VisualStudio.TestPlatform.Common.ExtensionFramework.Utilities.TestExecutorPluginInformation2 TExtension: Microsoft.VisualStudio.TestPlatform.ObjectModel.Adapter.ITestExecutor2
TpTrace Verbose: 0 : 4736, 4, 2021/11/24, 15:35:48.905, 1653576556657, testhost.dll, TestPluginCache.GetExtensionPaths: Filtered extension paths: 
TpTrace Verbose: 0 : 4736, 4, 2021/11/24, 15:35:48.905, 1653576557067, testhost.dll, TestPluginCache.GetExtensionPaths: Added default extension paths: C:\Users\azra\source\repos\VVS-zadaca21\Zadatak 2\bin\Debug\net5.0\fine-code-coverage\build-output\Microsoft.VisualStudio.TestPlatform.MSTest.TestAdapter.dll
TpTrace Verbose: 0 : 4736, 4, 2021/11/24, 15:35:48.905, 1653576557767, testhost.dll, TestPluginCache.GetExtensionPaths: Added unfilterableExtensionPaths: 
TpTrace Information: 0 : 4736, 4, 2021/11/24, 15:35:48.905, 1653576560068, testhost.dll, AssemblyResolver.AddSearchDirectories: Adding more searchDirectories C:\Users\azra\source\repos\VVS-zadaca21\Zadatak 2\bin\Debug\net5.0\fine-code-coverage\build-output
TpTrace Verbose: 0 : 4736, 4, 2021/11/24, 15:35:48.905, 1653576560633, testhost.dll, TestPluginCache.DiscoverTestExtensions: Discovering the extensions using extension path.
TpTrace Verbose: 0 : 4736, 4, 2021/11/24, 15:35:48.905, 1653576560961, testhost.dll, TestPluginCache.GetExtensionPaths: Filtered extension paths: 
TpTrace Verbose: 0 : 4736, 4, 2021/11/24, 15:35:48.905, 1653576561190, testhost.dll, TestPluginCache.GetExtensionPaths: Added default extension paths: C:\Users\azra\source\repos\VVS-zadaca21\Zadatak 2\bin\Debug\net5.0\fine-code-coverage\build-output\Microsoft.VisualStudio.TestPlatform.MSTest.TestAdapter.dll
TpTrace Verbose: 0 : 4736, 4, 2021/11/24, 15:35:48.905, 1653576561413, testhost.dll, TestPluginCache.GetExtensionPaths: Added unfilterableExtensionPaths: 
TpTrace Verbose: 0 : 4736, 4, 2021/11/24, 15:35:48.905, 1653576561664, testhost.dll, TestPluginCache.DiscoverTestExtensions: Discovering the extensions using allExtensionPaths: C:\Users\azra\source\repos\VVS-zadaca21\Zadatak 2\bin\Debug\net5.0\fine-code-coverage\build-output\Microsoft.VisualStudio.TestPlatform.MSTest.TestAdapter.dll
TpTrace Verbose: 0 : 4736, 8, 2021/11/24, 15:35:48.905, 1653576561715, testhost.dll, TcpClientExtensions.MessageLoopAsync: Polling on remoteEndPoint: [::ffff:127.0.0.1]:64150 localEndPoint: [::ffff:127.0.0.1]:64151
TpTrace Information: 0 : 4736, 4, 2021/11/24, 15:35:48.905, 1653576562085, testhost.dll, AssemblyResolver.AddSearchDirectories: Adding more searchDirectories C:\Users\azra\source\repos\VVS-zadaca21\Zadatak 2\bin\Debug\net5.0\fine-code-coverage\build-output
TpTrace Verbose: 0 : 4736, 4, 2021/11/24, 15:35:48.905, 1653576565644, testhost.dll, TestPluginCache: Discovered the extensions using extension path ''.
TpTrace Verbose: 0 : 4736, 4, 2021/11/24, 15:35:48.906, 1653576566395, testhost.dll, TestPluginCache: Discoverers are ''.
TpTrace Verbose: 0 : 4736, 4, 2021/11/24, 15:35:48.906, 1653576567129, testhost.dll, TestPluginCache: Executors are 'executor://MSTestAdapter/v2'.
TpTrace Verbose: 0 : 4736, 4, 2021/11/24, 15:35:48.906, 1653576568450, testhost.dll, TestPluginCache: Executors2 are ''.
TpTrace Verbose: 0 : 4736, 4, 2021/11/24, 15:35:48.906, 1653576568777, testhost.dll, TestPluginCache: Setting providers are ''.
TpTrace Verbose: 0 : 4736, 4, 2021/11/24, 15:35:48.906, 1653576568963, testhost.dll, TestPluginCache: Loggers are ''.
TpTrace Information: 0 : 4736, 4, 2021/11/24, 15:35:48.910, 1653576615501, testhost.dll, TestPluginManager.CreateTestExtension: Attempting to load test extension: Microsoft.VisualStudio.TestPlatform.MSTest.TestAdapter.MSTestExecutor
TpTrace Verbose: 0 : 4736, 4, 2021/11/24, 15:35:48.917, 1653576682438, testhost.dll, TestExecutorExtensionManager: Loading executor Microsoft.VisualStudio.TestPlatform.MSTest.TestAdapter.MSTestExecutor
TpTrace Verbose: 0 : 4736, 4, 2021/11/24, 15:35:48.917, 1653576683263, testhost.dll, TestExecutorService: Loaded the executors
TpTrace Verbose: 0 : 4736, 4, 2021/11/24, 15:35:48.918, 1653576691069, testhost.dll, TestPluginCache.DiscoverTestExtensions: finding test extensions in assemblies ends with: TestAdapter.dll TPluginInfo: Microsoft.VisualStudio.TestPlatform.Common.ExtensionFramework.Utilities.TestSettingsProviderPluginInformation TExtension: Microsoft.VisualStudio.TestPlatform.ObjectModel.Adapter.ISettingsProvider
TpTrace Verbose: 0 : 4736, 4, 2021/11/24, 15:35:48.918, 1653576691885, testhost.dll, TestPluginCache.GetExtensionPaths: Filtered extension paths: 
TpTrace Verbose: 0 : 4736, 4, 2021/11/24, 15:35:48.918, 1653576692786, testhost.dll, TestPluginCache.GetExtensionPaths: Added default extension paths: C:\Users\azra\source\repos\VVS-zadaca21\Zadatak 2\bin\Debug\net5.0\fine-code-coverage\build-output\Microsoft.VisualStudio.TestPlatform.MSTest.TestAdapter.dll
TpTrace Verbose: 0 : 4736, 4, 2021/11/24, 15:35:48.918, 1653576693061, testhost.dll, TestPluginCache.GetExtensionPaths: Added unfilterableExtensionPaths: 
TpTrace Information: 0 : 4736, 4, 2021/11/24, 15:35:48.918, 1653576694286, testhost.dll, AssemblyResolver.AddSearchDirectories: Adding more searchDirectories C:\Users\azra\source\repos\VVS-zadaca21\Zadatak 2\bin\Debug\net5.0\fine-code-coverage\build-output
TpTrace Verbose: 0 : 4736, 4, 2021/11/24, 15:35:48.918, 1653576694604, testhost.dll, TestPluginCache.DiscoverTestExtensions: Discovering the extensions using extension path.
TpTrace Verbose: 0 : 4736, 4, 2021/11/24, 15:35:48.918, 1653576694818, testhost.dll, TestPluginCache.GetExtensionPaths: Filtered extension paths: 
TpTrace Verbose: 0 : 4736, 4, 2021/11/24, 15:35:48.918, 1653576695034, testhost.dll, TestPluginCache.GetExtensionPaths: Added default extension paths: C:\Users\azra\source\repos\VVS-zadaca21\Zadatak 2\bin\Debug\net5.0\fine-code-coverage\build-output\Microsoft.VisualStudio.TestPlatform.MSTest.TestAdapter.dll
TpTrace Verbose: 0 : 4736, 4, 2021/11/24, 15:35:48.918, 1653576695213, testhost.dll, TestPluginCache.GetExtensionPaths: Added unfilterableExtensionPaths: 
TpTrace Verbose: 0 : 4736, 4, 2021/11/24, 15:35:48.918, 1653576695782, testhost.dll, TestPluginCache.DiscoverTestExtensions: Discovering the extensions using allExtensionPaths: C:\Users\azra\source\repos\VVS-zadaca21\Zadatak 2\bin\Debug\net5.0\fine-code-coverage\build-output\Microsoft.VisualStudio.TestPlatform.MSTest.TestAdapter.dll
TpTrace Information: 0 : 4736, 4, 2021/11/24, 15:35:48.918, 1653576696102, testhost.dll, AssemblyResolver.AddSearchDirectories: Adding more searchDirectories C:\Users\azra\source\repos\VVS-zadaca21\Zadatak 2\bin\Debug\net5.0\fine-code-coverage\build-output
TpTrace Verbose: 0 : 4736, 4, 2021/11/24, 15:35:48.919, 1653576698198, testhost.dll, TestPluginCache: Discovered the extensions using extension path ''.
TpTrace Verbose: 0 : 4736, 4, 2021/11/24, 15:35:48.919, 1653576698511, testhost.dll, TestPluginCache: Discoverers are ''.
TpTrace Verbose: 0 : 4736, 4, 2021/11/24, 15:35:48.919, 1653576698705, testhost.dll, TestPluginCache: Executors are 'executor://MSTestAdapter/v2'.
TpTrace Verbose: 0 : 4736, 4, 2021/11/24, 15:35:48.919, 1653576698885, testhost.dll, TestPluginCache: Executors2 are ''.
TpTrace Verbose: 0 : 4736, 4, 2021/11/24, 15:35:48.919, 1653576699141, testhost.dll, TestPluginCache: Setting providers are ''.
TpTrace Verbose: 0 : 4736, 4, 2021/11/24, 15:35:48.919, 1653576699405, testhost.dll, TestPluginCache: Loggers are ''.
TpTrace Verbose: 0 : 4736, 4, 2021/11/24, 15:35:48.920, 1653576706754, testhost.dll, TestExecutorService: Loaded the settings providers
TpTrace Information: 0 : 4736, 4, 2021/11/24, 15:35:48.920, 1653576707532, testhost.dll, TestExecutorService: Loaded the extensions
TpTrace Information: 0 : 4736, 4, 2021/11/24, 15:35:48.990, 1653577407416, testhost.dll, TestDiscoveryManager: Discovering tests from sources C:\Users\azra\source\repos\VVS-zadaca21\Zadatak 2\bin\Debug\net5.0\fine-code-coverage\build-output\Zadatak 2.dll
TpTrace Verbose: 0 : 4736, 4, 2021/11/24, 15:35:48.991, 1653577426149, testhost.dll, TestPluginCache.DiscoverTestExtensions: finding test extensions in assemblies ends with: TestAdapter.dll TPluginInfo: Microsoft.VisualStudio.TestPlatform.Common.ExtensionFramework.Utilities.TestDiscovererPluginInformation TExtension: Microsoft.VisualStudio.TestPlatform.ObjectModel.Adapter.ITestDiscoverer
TpTrace Verbose: 0 : 4736, 4, 2021/11/24, 15:35:48.992, 1653577427059, testhost.dll, TestPluginCache.GetExtensionPaths: Filtered extension paths: 
TpTrace Verbose: 0 : 4736, 4, 2021/11/24, 15:35:48.992, 1653577428042, testhost.dll, TestPluginCache.GetExtensionPaths: Added default extension paths: C:\Users\azra\source\repos\VVS-zadaca21\Zadatak 2\bin\Debug\net5.0\fine-code-coverage\build-output\Microsoft.VisualStudio.TestPlatform.MSTest.TestAdapter.dll
TpTrace Verbose: 0 : 4736, 4, 2021/11/24, 15:35:48.992, 1653577428331, testhost.dll, TestPluginCache.GetExtensionPaths: Added unfilterableExtensionPaths: 
TpTrace Information: 0 : 4736, 4, 2021/11/24, 15:35:48.992, 1653577429385, testhost.dll, AssemblyResolver.AddSearchDirectories: Adding more searchDirectories C:\Users\azra\source\repos\VVS-zadaca21\Zadatak 2\bin\Debug\net5.0\fine-code-coverage\build-output
TpTrace Verbose: 0 : 4736, 4, 2021/11/24, 15:35:48.992, 1653577429707, testhost.dll, TestPluginCache.DiscoverTestExtensions: Discovering the extensions using extension path.
TpTrace Verbose: 0 : 4736, 4, 2021/11/24, 15:35:48.992, 1653577429915, testhost.dll, TestPluginCache.GetExtensionPaths: Filtered extension paths: 
TpTrace Verbose: 0 : 4736, 4, 2021/11/24, 15:35:48.992, 1653577430094, testhost.dll, TestPluginCache.GetExtensionPaths: Added default extension paths: C:\Users\azra\source\repos\VVS-zadaca21\Zadatak 2\bin\Debug\net5.0\fine-code-coverage\build-output\Microsoft.VisualStudio.TestPlatform.MSTest.TestAdapter.dll
TpTrace Verbose: 0 : 4736, 4, 2021/11/24, 15:35:48.992, 1653577430268, testhost.dll, TestPluginCache.GetExtensionPaths: Added unfilterableExtensionPaths: 
TpTrace Verbose: 0 : 4736, 4, 2021/11/24, 15:35:48.992, 1653577430498, testhost.dll, TestPluginCache.DiscoverTestExtensions: Discovering the extensions using allExtensionPaths: C:\Users\azra\source\repos\VVS-zadaca21\Zadatak 2\bin\Debug\net5.0\fine-code-coverage\build-output\Microsoft.VisualStudio.TestPlatform.MSTest.TestAdapter.dll
TpTrace Information: 0 : 4736, 4, 2021/11/24, 15:35:48.992, 1653577430773, testhost.dll, AssemblyResolver.AddSearchDirectories: Adding more searchDirectories C:\Users\azra\source\repos\VVS-zadaca21\Zadatak 2\bin\Debug\net5.0\fine-code-coverage\build-output
TpTrace Verbose: 0 : 4736, 4, 2021/11/24, 15:35:48.994, 1653577450391, testhost.dll, TestPluginCache: Discovered the extensions using extension path ''.
TpTrace Verbose: 0 : 4736, 4, 2021/11/24, 15:35:48.994, 1653577451050, testhost.dll, TestPluginCache: Discoverers are 'Microsoft.VisualStudio.TestPlatform.MSTest.TestAdapter.MSTestDiscoverer, Microsoft.VisualStudio.TestPlatform.MSTest.TestAdapter, Version=14.0.0.0, Culture=neutral, PublicKeyToken=b03f5f7f11d50a3a'.
TpTrace Verbose: 0 : 4736, 4, 2021/11/24, 15:35:48.994, 1653577451525, testhost.dll, TestPluginCache: Executors are 'executor://MSTestAdapter/v2'.
TpTrace Verbose: 0 : 4736, 4, 2021/11/24, 15:35:48.994, 1653577451794, testhost.dll, TestPluginCache: Executors2 are ''.
TpTrace Verbose: 0 : 4736, 4, 2021/11/24, 15:35:48.994, 1653577451976, testhost.dll, TestPluginCache: Setting providers are ''.
TpTrace Verbose: 0 : 4736, 4, 2021/11/24, 15:35:48.994, 1653577452144, testhost.dll, TestPluginCache: Loggers are ''.
TpTrace Verbose: 0 : 4736, 4, 2021/11/24, 15:35:49.001, 1653577522018, testhost.dll, BaseRunTests.RunTestInternalWithExecutors: Running tests for executor://MSTestAdapter/v2
TpTrace Information: 0 : 4736, 4, 2021/11/24, 15:35:49.002, 1653577527338, testhost.dll, AssemblyResolver.OnResolve: Microsoft.VisualStudio.TestPlatform.MSTestAdapter.PlatformServices.Interface: Resolving assembly.
TpTrace Information: 0 : 4736, 4, 2021/11/24, 15:35:49.002, 1653577532826, testhost.dll, AssemblyResolver.OnResolve: Resolved assembly: Microsoft.VisualStudio.TestPlatform.MSTestAdapter.PlatformServices.Interface, from path: C:\Users\azra\source\repos\VVS-zadaca21\Zadatak 2\bin\Debug\net5.0\fine-code-coverage\build-output\Microsoft.VisualStudio.TestPlatform.MSTestAdapter.PlatformServices.Interface.dll
TpTrace Information: 0 : 4736, 4, 2021/11/24, 15:35:49.003, 1653577542272, testhost.dll, AssemblyResolver.OnResolve: Microsoft.VisualStudio.TestPlatform.MSTestAdapter.PlatformServices: Resolving assembly.
TpTrace Information: 0 : 4736, 4, 2021/11/24, 15:35:49.004, 1653577547445, testhost.dll, AssemblyResolver.OnResolve: Resolved assembly: Microsoft.VisualStudio.TestPlatform.MSTestAdapter.PlatformServices, from path: C:\Users\azra\source\repos\VVS-zadaca21\Zadatak 2\bin\Debug\net5.0\fine-code-coverage\build-output\Microsoft.VisualStudio.TestPlatform.MSTestAdapter.PlatformServices.dll
TpTrace Information: 0 : 4736, 4, 2021/11/24, 15:35:49.004, 1653577550637, testhost.dll, MSTest - MSTestExecutor.RunTests: Running tests from sources.
TpTrace Information: 0 : 4736, 4, 2021/11/24, 15:35:49.007, 1653577578547, testhost.dll, MSTest - CollectSourceInformation value Found : False 
TpTrace Information: 0 : 4736, 4, 2021/11/24, 15:35:49.022, 1653577731580, testhost.dll, AssemblyResolver.OnResolve: Microsoft.TestPlatform.AdapterUtilities: Resolving assembly.
TpTrace Information: 0 : 4736, 4, 2021/11/24, 15:35:49.023, 1653577736794, testhost.dll, AssemblyResolver.OnResolve: Resolved assembly: Microsoft.TestPlatform.AdapterUtilities, from path: C:\Users\azra\source\repos\VVS-zadaca21\Zadatak 2\bin\Debug\net5.0\fine-code-coverage\build-output\Microsoft.TestPlatform.AdapterUtilities.dll
TpTrace Information: 0 : 4736, 4, 2021/11/24, 15:35:49.032, 1653577827058, testhost.dll, MSTest - MSTestDiscoverer: Found 5 tests from source C:\Users\azra\source\repos\VVS-zadaca21\Zadatak 2\bin\Debug\net5.0\fine-code-coverage\build-output\Zadatak 2.dll
TpTrace Information: 0 : 4736, 4, 2021/11/24, 15:35:49.045, 1653577962290, testhost.dll, AssemblyResolver.OnResolve: Microsoft.VisualStudio.TestPlatform.MSTestAdapter.PlatformServices.resources: Resolving assembly.
TpTrace Information: 0 : 4736, 4, 2021/11/24, 15:35:49.045, 1653577965981, testhost.dll, AssemblyResolver.OnResolve: Microsoft.VisualStudio.TestPlatform.MSTestAdapter.PlatformServices.resources: Failed to load assembly.
TpTrace Information: 0 : 4736, 4, 2021/11/24, 15:35:49.046, 1653577974115, testhost.dll, AssemblyResolver.OnResolve: Microsoft.VisualStudio.TestPlatform.MSTestAdapter.PlatformServices.resources: Resolving assembly.
TpTrace Information: 0 : 4736, 4, 2021/11/24, 15:35:49.046, 1653577975408, testhost.dll, AssemblyResolver.OnResolve: Microsoft.VisualStudio.TestPlatform.MSTestAdapter.PlatformServices.resources: Resolved from cache.
TpTrace Information: 0 : 4736, 4, 2021/11/24, 15:35:49.061, 1653578125400, testhost.dll, MSTest - Created unit-test runner C:\Users\azra\source\repos\VVS-zadaca21\Zadatak 2\bin\Debug\net5.0\fine-code-coverage\build-output\Zadatak 2.dll
TpTrace Verbose: 0 : 4736, 4, 2021/11/24, 15:35:49.065, 1653578159713, testhost.dll, TestExecutionRecorder.RecordStart: Starting test: Zadatak_2.TDD.TestZamjenskiObjekat.
TpTrace Information: 0 : 4736, 4, 2021/11/24, 15:35:49.142, 1653578929574, testhost.dll, MSTest - Executing test TestZamjenskiObjekat
TpTrace Information: 0 : 4736, 4, 2021/11/24, 15:35:49.187, 1653579384704, testhost.dll, MSTest - Executed test TestZamjenskiObjekat
TpTrace Verbose: 0 : 4736, 4, 2021/11/24, 15:35:49.191, 1653579420940, testhost.dll, TestExecutionRecorder.RecordEnd: test: Zadatak_2.TDD.TestZamjenskiObjekat execution completed.
TpTrace Verbose: 0 : 4736, 4, 2021/11/24, 15:35:49.209, 1653579602570, testhost.dll, TestExecutionRecorder.RecordResult: Received result for test: Zadatak_2.TDD.TestZamjenskiObjekat.
TpTrace Warning: 0 : 4736, 4, 2021/11/24, 15:35:49.213, 1653579644342, testhost.dll, TestRunCache: InProgressTests is null
TpTrace Warning: 0 : 4736, 4, 2021/11/24, 15:35:49.213, 1653579646019, testhost.dll, TestRunCache: No test found corresponding to testResult '' in inProgress list.
TpTrace Verbose: 0 : 4736, 4, 2021/11/24, 15:35:49.214, 1653579646860, testhost.dll, TestExecutionRecorder.RecordStart: Starting test: Zadatak_2.TDD.ProljetnaNabavka.
TpTrace Information: 0 : 4736, 4, 2021/11/24, 15:35:49.216, 1653579668293, testhost.dll, MSTest - Executing test ProljetnaNabavka
TpTrace Information: 0 : 4736, 4, 2021/11/24, 15:35:49.221, 1653579719624, testhost.dll, AssemblyResolver.OnResolve: Microsoft.VisualStudio.TestPlatform.MSTest.TestAdapter.resources: Resolving assembly.
TpTrace Information: 0 : 4736, 4, 2021/11/24, 15:35:49.221, 1653579721923, testhost.dll, AssemblyResolver.OnResolve: Microsoft.VisualStudio.TestPlatform.MSTest.TestAdapter.resources: Failed to load assembly.
TpTrace Information: 0 : 4736, 4, 2021/11/24, 15:35:49.243, 1653579944004, testhost.dll, MSTest - Executed test ProljetnaNabavka
TpTrace Verbose: 0 : 4736, 4, 2021/11/24, 15:35:49.243, 1653579945051, testhost.dll, TestExecutionRecorder.RecordEnd: test: Zadatak_2.TDD.ProljetnaNabavka execution completed.
TpTrace Information: 0 : 4736, 4, 2021/11/24, 15:35:49.245, 1653579959762, testhost.dll, MSTest - MSTestExecutor:Test Zadatak_2.TDD.ProljetnaNabavka failed. ErrorMessage:Test method Zadatak_2.TDD.ProljetnaNabavka threw exception: 
System.NullReferenceException: Object reference not set to an instance of an object., ErrorStackTrace:    at Zadatak_2.TDD.ProljetnaNabavka() in C:\Users\azra\source\repos\VVS-zadaca21\Zadatak 2\TDD.cs:line 51
.
TpTrace Verbose: 0 : 4736, 4, 2021/11/24, 15:35:49.245, 1653579960929, testhost.dll, TestExecutionRecorder.RecordResult: Received result for test: Zadatak_2.TDD.ProljetnaNabavka.
TpTrace Warning: 0 : 4736, 4, 2021/11/24, 15:35:49.245, 1653579961627, testhost.dll, TestRunCache: InProgressTests is null
TpTrace Warning: 0 : 4736, 4, 2021/11/24, 15:35:49.245, 1653579961991, testhost.dll, TestRunCache: No test found corresponding to testResult '' in inProgress list.
TpTrace Verbose: 0 : 4736, 4, 2021/11/24, 15:35:49.245, 1653579962552, testhost.dll, TestExecutionRecorder.RecordStart: Starting test: Zadatak_2.TDD.JesenjaNabavka.
TpTrace Information: 0 : 4736, 4, 2021/11/24, 15:35:49.246, 1653579975454, testhost.dll, MSTest - Executing test JesenjaNabavka
TpTrace Information: 0 : 4736, 4, 2021/11/24, 15:35:49.248, 1653579991789, testhost.dll, AssemblyResolver.OnResolve: Microsoft.VisualStudio.TestPlatform.TestFramework.resources: Resolving assembly.
TpTrace Information: 0 : 4736, 4, 2021/11/24, 15:35:49.248, 1653579993203, testhost.dll, AssemblyResolver.OnResolve: Microsoft.VisualStudio.TestPlatform.TestFramework.resources: Failed to load assembly.
TpTrace Information: 0 : 4736, 4, 2021/11/24, 15:35:49.250, 1653580007673, testhost.dll, MSTest - Executed test JesenjaNabavka
TpTrace Verbose: 0 : 4736, 4, 2021/11/24, 15:35:49.250, 1653580008426, testhost.dll, TestExecutionRecorder.RecordEnd: test: Zadatak_2.TDD.JesenjaNabavka execution completed.
TpTrace Information: 0 : 4736, 4, 2021/11/24, 15:35:49.251, 1653580019711, testhost.dll, MSTest - MSTestExecutor:Test Zadatak_2.TDD.JesenjaNabavka failed. ErrorMessage:Assert.IsFalse failed. , ErrorStackTrace:   at Zadatak_2.TDD.JesenjaNabavka() in C:\Users\azra\source\repos\VVS-zadaca21\Zadatak 2\TDD.cs:line 73
.
TpTrace Verbose: 0 : 4736, 4, 2021/11/24, 15:35:49.251, 1653580020565, testhost.dll, TestExecutionRecorder.RecordResult: Received result for test: Zadatak_2.TDD.JesenjaNabavka.
TpTrace Warning: 0 : 4736, 4, 2021/11/24, 15:35:49.251, 1653580021141, testhost.dll, TestRunCache: InProgressTests is null
TpTrace Warning: 0 : 4736, 4, 2021/11/24, 15:35:49.251, 1653580021362, testhost.dll, TestRunCache: No test found corresponding to testResult '' in inProgress list.
TpTrace Verbose: 0 : 4736, 4, 2021/11/24, 15:35:49.251, 1653580021749, testhost.dll, TestExecutionRecorder.RecordStart: Starting test: Zadatak_2.TDD.NedozvoljenaNabavkaLjetiIliZimi.
TpTrace Information: 0 : 4736, 4, 2021/11/24, 15:35:49.255, 1653580059041, testhost.dll, MSTest - Executing test NedozvoljenaNabavkaLjetiIliZimi
TpTrace Information: 0 : 4736, 4, 2021/11/24, 15:35:49.256, 1653580076095, testhost.dll, MSTest - Executed test NedozvoljenaNabavkaLjetiIliZimi
TpTrace Verbose: 0 : 4736, 4, 2021/11/24, 15:35:49.257, 1653580077057, testhost.dll, TestExecutionRecorder.RecordEnd: test: Zadatak_2.TDD.NedozvoljenaNabavkaLjetiIliZimi execution completed.
TpTrace Verbose: 0 : 4736, 4, 2021/11/24, 15:35:49.258, 1653580088527, testhost.dll, TestExecutionRecorder.RecordResult: Received result for test: Zadatak_2.TDD.NedozvoljenaNabavkaLjetiIliZimi.
TpTrace Warning: 0 : 4736, 4, 2021/11/24, 15:35:49.258, 1653580089728, testhost.dll, TestRunCache: InProgressTests is null
TpTrace Warning: 0 : 4736, 4, 2021/11/24, 15:35:49.258, 1653580090032, testhost.dll, TestRunCache: No test found corresponding to testResult '' in inProgress list.
TpTrace Verbose: 0 : 4736, 4, 2021/11/24, 15:35:49.258, 1653580090443, testhost.dll, TestExecutionRecorder.RecordStart: Starting test: Zadatak_2.TDD.NedozvoljeneSrednjeNabavke.
TpTrace Information: 0 : 4736, 4, 2021/11/24, 15:35:49.259, 1653580105355, testhost.dll, MSTest - Executing test NedozvoljeneSrednjeNabavke
TpTrace Information: 0 : 4736, 4, 2021/11/24, 15:35:49.261, 1653580116286, testhost.dll, MSTest - Executed test NedozvoljeneSrednjeNabavke
TpTrace Verbose: 0 : 4736, 4, 2021/11/24, 15:35:49.261, 1653580116996, testhost.dll, TestExecutionRecorder.RecordEnd: test: Zadatak_2.TDD.NedozvoljeneSrednjeNabavke execution completed.
TpTrace Verbose: 0 : 4736, 4, 2021/11/24, 15:35:49.262, 1653580132288, testhost.dll, TestExecutionRecorder.RecordResult: Received result for test: Zadatak_2.TDD.NedozvoljeneSrednjeNabavke.
TpTrace Warning: 0 : 4736, 4, 2021/11/24, 15:35:49.262, 1653580133209, testhost.dll, TestRunCache: InProgressTests is null
TpTrace Warning: 0 : 4736, 4, 2021/11/24, 15:35:49.262, 1653580133453, testhost.dll, TestRunCache: No test found corresponding to testResult '' in inProgress list.
TpTrace Information: 0 : 4736, 4, 2021/11/24, 15:35:49.262, 1653580135479, testhost.dll, MSTest - Executing cleanup methods.
TpTrace Information: 0 : 4736, 4, 2021/11/24, 15:35:49.264, 1653580147997, testhost.dll, MSTest - Executed cleanup methods.
TpTrace Information: 0 : 4736, 4, 2021/11/24, 15:35:49.264, 1653580148621, testhost.dll, MSTest - Executed tests belonging to source C:\Users\azra\source\repos\VVS-zadaca21\Zadatak 2\bin\Debug\net5.0\fine-code-coverage\build-output\Zadatak 2.dll
TpTrace Verbose: 0 : 4736, 4, 2021/11/24, 15:35:49.264, 1653580151962, testhost.dll, BaseRunTests.RunTestInternalWithExecutors: Completed running tests for executor://MSTestAdapter/v2
TpTrace Information: 0 : 4736, 4, 2021/11/24, 15:35:49.268, 1653580187145, testhost.dll, Sending test run complete
TpTrace Verbose: 0 : 4736, 4, 2021/11/24, 15:35:49.304, 1653580554155, testhost.dll, TestRequestHandler.SendData:  sending data from testhost: {"Version":5,"MessageType":"TestExecution.Completed","Payload":{"TestRunCompleteArgs":{"TestRunStatistics":{"ExecutedTests":5,"Stats":{"Passed":3,"Failed":2}},"IsCanceled":false,"IsAborted":false,"Error":null,"AttachmentSets":[],"ElapsedTimeInRunningTests":"00:00:00.2673625","Metrics":{}},"LastRunTests":{"NewTestResults":[{"TestCase":{"Id":"cd075b4d-61b2-de77-403b-0cfb69a56f47","FullyQualifiedName":"Zadatak_2.TDD.TestZamjenskiObjekat","DisplayName":"TestZamjenskiObjekat","ExecutorUri":"executor://MSTestAdapter/v2","Source":"C:\\Users\\azra\\source\\repos\\VVS-zadaca21\\Zadatak 2\\bin\\Debug\\net5.0\\fine-code-coverage\\build-output\\Zadatak 2.dll","CodeFilePath":null,"LineNumber":-1,"Properties":[{"Key":{"Id":"TestCase.ManagedType","Label":"ManagedType","Category":"","Description":"","Attributes":1,"ValueType":"System.String"},"Value":"Zadatak_2.TDD"},{"Key":{"Id":"TestCase.ManagedMethod","Label":"ManagedMethod","Category":"","Description":"","Attributes":1,"ValueType":"System.String"},"Value":"TestZamjenskiObjekat"},{"Key":{"Id":"MSTestDiscoverer.TestClassName","Label":"ClassName","Category":"","Description":"","Attributes":1,"ValueType":"System.String"},"Value":"Zadatak_2.TDD"},{"Key":{"Id":"TestObject.Traits","Label":"Traits","Category":"","Description":"","Attributes":5,"ValueType":"System.Collections.Generic.KeyValuePair`2[[System.String],[System.String]][]"},"Value":[]}]},"Attachments":[],"Outcome":1,"ErrorMessage":null,"ErrorStackTrace":null,"DisplayName":null,"Messages":[],"ComputerName":null,"Duration":"00:00:00.0070902","StartTime":"2021-11-24T15:35:49.1422483+01:00","EndTime":"2021-11-24T15:35:49.1879427+01:00","Properties":[{"Key":{"Id":"ExecutionId","Label":"ExecutionId","Category":"","Description":"","Attributes":1,"ValueType":"System.Guid"},"Value":"00000000-0000-0000-0000-000000000000"},{"Key":{"Id":"ParentExecId","Label":"ParentExecId","Category":"","Description":"","Attributes":1,"ValueType":"System.Guid"},"Value":"00000000-0000-0000-0000-000000000000"},{"Key":{"Id":"InnerResultsCount","Label":"InnerResultsCount","Category":"","Description":"","Attributes":1,"ValueType":"System.Int32"},"Value":0}]},{"TestCase":{"Id":"b51d3f41-b72b-1028-816b-1d654d5090ba","FullyQualifiedName":"Zadatak_2.TDD.ProljetnaNabavka","DisplayName":"ProljetnaNabavka","ExecutorUri":"executor://MSTestAdapter/v2","Source":"C:\\Users\\azra\\source\\repos\\VVS-zadaca21\\Zadatak 2\\bin\\Debug\\net5.0\\fine-code-coverage\\build-output\\Zadatak 2.dll","CodeFilePath":null,"LineNumber":-1,"Properties":[{"Key":{"Id":"TestCase.ManagedType","Label":"ManagedType","Category":"","Description":"","Attributes":1,"ValueType":"System.String"},"Value":"Zadatak_2.TDD"},{"Key":{"Id":"TestCase.ManagedMethod","Label":"ManagedMethod","Category":"","Description":"","Attributes":1,"ValueType":"System.String"},"Value":"ProljetnaNabavka"},{"Key":{"Id":"MSTestDiscoverer.TestClassName","Label":"ClassName","Category":"","Description":"","Attributes":1,"ValueType":"System.String"},"Value":"Zadatak_2.TDD"},{"Key":{"Id":"TestObject.Traits","Label":"Traits","Category":"","Description":"","Attributes":5,"ValueType":"System.Collections.Generic.KeyValuePair`2[[System.String],[System.String]][]"},"Value":[]}]},"Attachments":[],"Outcome":2,"ErrorMessage":"Test method Zadatak_2.TDD.ProljetnaNabavka threw exception: \r\nSystem.NullReferenceException: Object reference not set to an instance of an object.","ErrorStackTrace":"    at Zadatak_2.TDD.ProljetnaNabavka() in C:\\Users\\azra\\source\\repos\\VVS-zadaca21\\Zadatak 2\\TDD.cs:line 51\r\n","DisplayName":null,"Messages":[],"ComputerName":null,"Duration":"00:00:00.0268705","StartTime":"2021-11-24T15:35:49.2161879+01:00","EndTime":"2021-11-24T15:35:49.243861+01:00","Properties":[{"Key":{"Id":"ExecutionId","Label":"ExecutionId","Category":"","Description":"","Attributes":1,"ValueType":"System.Guid"},"Value":"00000000-0000-0000-0000-000000000000"},{"Key":{"Id":"ParentExecId","Label":"ParentExecId","Category":"","Description":"","Attributes":1,"ValueType":"System.Guid"},"Value":"00000000-0000-0000-0000-000000000000"},{"Key":{"Id":"InnerResultsCount","Label":"InnerResultsCount","Category":"","Description":"","Attributes":1,"ValueType":"System.Int32"},"Value":0}]},{"TestCase":{"Id":"8891ef0f-da64-c2a4-4354-33fdbaef8344","FullyQualifiedName":"Zadatak_2.TDD.JesenjaNabavka","DisplayName":"JesenjaNabavka","ExecutorUri":"executor://MSTestAdapter/v2","Source":"C:\\Users\\azra\\source\\repos\\VVS-zadaca21\\Zadatak 2\\bin\\Debug\\net5.0\\fine-code-coverage\\build-output\\Zadatak 2.dll","CodeFilePath":null,"LineNumber":-1,"Properties":[{"Key":{"Id":"TestCase.ManagedType","Label":"ManagedType","Category":"","Description":"","Attributes":1,"ValueType":"System.String"},"Value":"Zadatak_2.TDD"},{"Key":{"Id":"TestCase.ManagedMethod","Label":"ManagedMethod","Category":"","Description":"","Attributes":1,"ValueType":"System.String"},"Value":"JesenjaNabavka"},{"Key":{"Id":"MSTestDiscoverer.TestClassName","Label":"ClassName","Category":"","Description":"","Attributes":1,"ValueType":"System.String"},"Value":"Zadatak_2.TDD"},{"Key":{"Id":"TestObject.Traits","Label":"Traits","Category":"","Description":"","Attributes":5,"ValueType":"System.Collections.Generic.KeyValuePair`2[[System.String],[System.String]][]"},"Value":[]}]},"Attachments":[],"Outcome":2,"ErrorMessage":"Assert.IsFalse failed. ","ErrorStackTrace":"   at Zadatak_2.TDD.JesenjaNabavka() in C:\\Users\\azra\\source\\repos\\VVS-zadaca21\\Zadatak 2\\TDD.cs:line 73\r\n","DisplayName":null,"Messages":[],"ComputerName":null,"Duration":"00:00:00.0029745","StartTime":"2021-11-24T15:35:49.2469062+01:00","EndTime":"2021-11-24T15:35:49.2502071+01:00","Properties":[{"Key":{"Id":"ExecutionId","Label":"ExecutionId","Category":"","Description":"","Attributes":1,"ValueType":"System.Guid"},"Value":"00000000-0000-0000-0000-000000000000"},{"Key":{"Id":"ParentExecId","Label":"ParentExecId","Category":"","Description":"","Attributes":1,"ValueType":"System.Guid"},"Value":"00000000-0000-0000-0000-000000000000"},{"Key":{"Id":"InnerResultsCount","Label":"InnerResultsCount","Category":"","Description":"","Attributes":1,"ValueType":"System.Int32"},"Value":0}]},{"TestCase":{"Id":"3ff34b18-7204-1007-cf66-18bf2ac4d566","FullyQualifiedName":"Zadatak_2.TDD.NedozvoljenaNabavkaLjetiIliZimi","DisplayName":"NedozvoljenaNabavkaLjetiIliZimi","ExecutorUri":"executor://MSTestAdapter/v2","Source":"C:\\Users\\azra\\source\\repos\\VVS-zadaca21\\Zadatak 2\\bin\\Debug\\net5.0\\fine-code-coverage\\build-output\\Zadatak 2.dll","CodeFilePath":null,"LineNumber":-1,"Properties":[{"Key":{"Id":"TestCase.ManagedType","Label":"ManagedType","Category":"","Description":"","Attributes":1,"ValueType":"System.String"},"Value":"Zadatak_2.TDD"},{"Key":{"Id":"TestCase.ManagedMethod","Label":"ManagedMethod","Category":"","Description":"","Attributes":1,"ValueType":"System.String"},"Value":"NedozvoljenaNabavkaLjetiIliZimi"},{"Key":{"Id":"MSTestDiscoverer.TestClassName","Label":"ClassName","Category":"","Description":"","Attributes":1,"ValueType":"System.String"},"Value":"Zadatak_2.TDD"},{"Key":{"Id":"TestObject.Traits","Label":"Traits","Category":"","Description":"","Attributes":5,"ValueType":"System.Collections.Generic.KeyValuePair`2[[System.String],[System.String]][]"},"Value":[]}]},"Attachments":[],"Outcome":1,"ErrorMessage":null,"ErrorStackTrace":null,"DisplayName":null,"Messages":[],"ComputerName":null,"Duration":"00:00:00.0013305","StartTime":"2021-11-24T15:35:49.2552656+01:00","EndTime":"2021-11-24T15:35:49.2570678+01:00","Properties":[{"Key":{"Id":"ExecutionId","Label":"ExecutionId","Category":"","Description":"","Attributes":1,"ValueType":"System.Guid"},"Value":"00000000-0000-0000-0000-000000000000"},{"Key":{"Id":"ParentExecId","Label":"ParentExecId","Category":"","Description":"","Attributes":1,"ValueType":"System.Guid"},"Value":"00000000-0000-0000-0000-000000000000"},{"Key":{"Id":"InnerResultsCount","Label":"InnerResultsCount","Category":"","Description":"","Attributes":1,"ValueType":"System.Int32"},"Value":0}]},{"TestCase":{"Id":"40ed29d5-0464-2bd3-28a1-5980313a2e0b","FullyQualifiedName":"Zadatak_2.TDD.NedozvoljeneSrednjeNabavke","DisplayName":"NedozvoljeneSrednjeNabavke","ExecutorUri":"executor://MSTestAdapter/v2","Source":"C:\\Users\\azra\\source\\repos\\VVS-zadaca21\\Zadatak 2\\bin\\Debug\\net5.0\\fine-code-coverage\\build-output\\Zadatak 2.dll","CodeFilePath":null,"LineNumber":-1,"Properties":[{"Key":{"Id":"TestCase.ManagedType","Label":"ManagedType","Category":"","Description":"","Attributes":1,"ValueType":"System.String"},"Value":"Zadatak_2.TDD"},{"Key":{"Id":"TestCase.ManagedMethod","Label":"ManagedMethod","Category":"","Description":"","Attributes":1,"ValueType":"System.String"},"Value":"NedozvoljeneSrednjeNabavke"},{"Key":{"Id":"MSTestDiscoverer.TestClassName","Label":"ClassName","Category":"","Description":"","Attributes":1,"ValueType":"System.String"},"Value":"Zadatak_2.TDD"},{"Key":{"Id":"TestObject.Traits","Label":"Traits","Category":"","Description":"","Attributes":5,"ValueType":"System.Collections.Generic.KeyValuePair`2[[System.String],[System.String]][]"},"Value":[]}]},"Attachments":[],"Outcome":1,"ErrorMessage":null,"ErrorStackTrace":null,"DisplayName":null,"Messages":[],"ComputerName":null,"Duration":"00:00:00.0008351","StartTime":"2021-11-24T15:35:49.2598981+01:00","EndTime":"2021-11-24T15:35:49.2610646+01:00","Properties":[{"Key":{"Id":"ExecutionId","Label":"ExecutionId","Category":"","Description":"","Attributes":1,"ValueType":"System.Guid"},"Value":"00000000-0000-0000-0000-000000000000"},{"Key":{"Id":"ParentExecId","Label":"ParentExecId","Category":"","Description":"","Attributes":1,"ValueType":"System.Guid"},"Value":"00000000-0000-0000-0000-000000000000"},{"Key":{"Id":"InnerResultsCount","Label":"InnerResultsCount","Category":"","Description":"","Attributes":1,"ValueType":"System.Int32"},"Value":0}]}],"TestRunStatistics":{"ExecutedTests":5,"Stats":{"Passed":3,"Failed":2}},"ActiveTests":[]},"RunAttachments":[],"ExecutorUris":["executor://mstestadapter/v2"]}}
TpTrace Verbose: 0 : 4736, 4, 2021/11/24, 15:35:49.305, 1653580559640, testhost.dll, BaseRunTests.RunTests: Run is complete.
TpTrace Verbose: 0 : 4736, 8, 2021/11/24, 15:35:49.307, 1653580576553, testhost.dll, TcpClientExtensions.MessageLoopAsync: NotifyDataAvailable remoteEndPoint: [::ffff:127.0.0.1]:64150 localEndPoint: [::ffff:127.0.0.1]:64151
TpTrace Information: 0 : 4736, 8, 2021/11/24, 15:35:49.307, 1653580577979, testhost.dll, TestRequestHandler.ProcessRequests: received message: (TestSession.Terminate) -> null
TpTrace Information: 0 : 4736, 8, 2021/11/24, 15:35:49.307, 1653580578293, testhost.dll, Session End message received from server. Closing the connection.
TpTrace Information: 0 : 4736, 8, 2021/11/24, 15:35:49.307, 1653580581367, testhost.dll, SocketClient.Stop: Stop communication from server endpoint: 127.0.0.1:064150
TpTrace Information: 0 : 4736, 8, 2021/11/24, 15:35:49.307, 1653580582139, testhost.dll, SocketClient: Stop: Cancellation requested. Stopping message loop.
TpTrace Verbose: 0 : 4736, 8, 2021/11/24, 15:35:49.307, 1653580584279, testhost.dll, LengthPrefixCommunicationChannel.Dispose: Dispose reader and writer.
TpTrace Information: 0 : 4736, 8, 2021/11/24, 15:35:49.307, 1653580584984, testhost.dll, Closing the connection !
TpTrace Information: 0 : 4736, 8, 2021/11/24, 15:35:49.308, 1653580587615, testhost.dll, SocketClient.PrivateStop: Stop communication from server endpoint: 127.0.0.1:064150, error:
TpTrace Information: 0 : 4736, 1, 2021/11/24, 15:35:49.308, 1653580590640, testhost.dll, Closing the connection !
TpTrace Information: 0 : 4736, 1, 2021/11/24, 15:35:49.308, 1653580591476, testhost.dll, SocketClient.Stop: Stop communication from server endpoint: 127.0.0.1:064150
TpTrace Verbose: 0 : 4736, 8, 2021/11/24, 15:35:49.308, 1653580590640, testhost.dll, LengthPrefixCommunicationChannel.Dispose: Dispose reader and writer.
TpTrace Verbose: 0 : 4736, 1, 2021/11/24, 15:35:49.308, 1653580593614, testhost.dll, LengthPrefixCommunicationChannel.Dispose: Dispose reader and writer.
TpTrace Verbose: 0 : 4736, 8, 2021/11/24, 15:35:49.308, 1653580593827, testhost.dll, TcpClientExtensions.MessageLoopAsync: exiting MessageLoopAsync remoteEndPoint: [::ffff:127.0.0.1]:64150 localEndPoint: [::ffff:127.0.0.1]:64151
TpTrace Information: 0 : 4736, 1, 2021/11/24, 15:35:49.308, 1653580594724, testhost.dll, Testhost process exiting.
