TpTrace Verbose: 0 : 11860, 1, 2021/11/22, 01:14:33.449, 7987718411808, testhost.dll, Version: 16.9.4
TpTrace Information: 0 : 11860, 1, 2021/11/22, 01:14:33.472, 7987718531101, testhost.dll, DefaultEngineInvoker.Invoke: Testhost process started with args :[--port, 51210],[--endpoint, 127.0.0.1:051210],[--role, client],[--parentprocessid, 15868],[--diag, C:\Users\LENOVO\Source\Repos\VVS-zadaca2\Zadatak 2\bin\Debug\net5.0\fine-code-coverage\coverage-tool-output\diagnostics.host.21-11-22_01-14-33_07364_4.log],[--tracelevel, 4],[--datacollectionport, 51209],[--telemetryoptedin, false]
TpTrace Information: 0 : 11860, 1, 2021/11/22, 01:14:33.475, 7987718567521, testhost.dll, Setting up debug trace listener.
TpTrace Verbose: 0 : 11860, 1, 2021/11/22, 01:14:33.477, 7987718587921, testhost.dll, TestPlatformTraceListener.Setup: Replacing listener 0 with TestHostTraceListener.
TpTrace Verbose: 0 : 11860, 1, 2021/11/22, 01:14:33.478, 7987718590113, testhost.dll, TestPlatformTraceListener.Setup: Added test platform trace listener.
TpTrace Information: 0 : 11860, 1, 2021/11/22, 01:14:33.479, 7987718602775, testhost.dll, DefaultEngineInvoker.SetParentProcessExitCallback: Monitoring parent process with id: '15868'
TpTrace Information: 0 : 11860, 1, 2021/11/22, 01:14:33.497, 7987718783141, testhost.dll, DefaultEngineInvoker.GetConnectionInfo: Initialize communication on endpoint address: '127.0.0.1:051210'
TpTrace Information: 0 : 11860, 1, 2021/11/22, 01:14:33.534, 7987719149484, testhost.dll, SocketClient.Start: connecting to server endpoint: 127.0.0.1:051210
TpTrace Information: 0 : 11860, 1, 2021/11/22, 01:14:33.556, 7987719372086, testhost.dll, DefaultEngineInvoker.ConnectToDatacollector: Connecting to datacollector, port: 51209
TpTrace Information: 0 : 11860, 1, 2021/11/22, 01:14:33.566, 7987719476918, testhost.dll, Trying to connect to server on socket : 127.0.0.1:51209 
TpTrace Verbose: 0 : 11860, 1, 2021/11/22, 01:14:33.567, 7987719484106, testhost.dll, SocketCommunicationManager : SetupClientAsync : Attempting to connect to the server.
TpTrace Information: 0 : 11860, 5, 2021/11/22, 01:14:33.572, 7987719533155, testhost.dll, SocketClient.OnServerConnected: connected to server endpoint: 127.0.0.1:051210
TpTrace Information: 0 : 11860, 1, 2021/11/22, 01:14:33.572, 7987719537578, testhost.dll, Connected to the server successfully 
TpTrace Information: 0 : 11860, 1, 2021/11/22, 01:14:33.572, 7987719538983, testhost.dll, Using the buffer size of 16384 bytes
TpTrace Information: 0 : 11860, 1, 2021/11/22, 01:14:33.574, 7987719551334, testhost.dll, DefaultEngineInvoker.Invoke: Start Request Processing.
TpTrace Verbose: 0 : 11860, 5, 2021/11/22, 01:14:33.576, 7987719574585, testhost.dll, Connected to server, and starting MessageLoopAsync
TpTrace Information: 0 : 11860, 11, 2021/11/22, 01:14:33.580, 7987719609888, testhost.dll, DefaultEngineInvoker.StartProcessingAsync: Connected to vstest.console, Starting process requests.
TpTrace Verbose: 0 : 11860, 5, 2021/11/22, 01:14:33.583, 7987719647009, testhost.dll, TcpClientExtensions.MessageLoopAsync: Polling on remoteEndPoint: [::ffff:127.0.0.1]:51210 localEndPoint: [::ffff:127.0.0.1]:51211
TpTrace Verbose: 0 : 11860, 5, 2021/11/22, 01:14:33.584, 7987719655675, testhost.dll, TcpClientExtensions.MessageLoopAsync: NotifyDataAvailable remoteEndPoint: [::ffff:127.0.0.1]:51210 localEndPoint: [::ffff:127.0.0.1]:51211
TpTrace Information: 0 : 11860, 5, 2021/11/22, 01:14:34.018, 7987723989367, testhost.dll, TestRequestHandler.ProcessRequests: received message: (ProtocolVersion) -> 5
TpTrace Verbose: 0 : 11860, 5, 2021/11/22, 01:14:34.092, 7987724737080, testhost.dll, TestRequestHandler.SendData:  sending data from testhost: {"Version":5,"MessageType":"TestSession.Message","Payload":{"MessageLevel":0,"Message":"Logging TestHost Diagnostics in file: C:\\Users\\LENOVO\\Source\\Repos\\VVS-zadaca2\\Zadatak 2\\bin\\Debug\\net5.0\\fine-code-coverage\\coverage-tool-output\\diagnostics.host.21-11-22_01-14-33_07364_4.log"}}
TpTrace Verbose: 0 : 11860, 5, 2021/11/22, 01:14:34.093, 7987724741254, testhost.dll, TcpClientExtensions.MessageLoopAsync: Polling on remoteEndPoint: [::ffff:127.0.0.1]:51210 localEndPoint: [::ffff:127.0.0.1]:51211
TpTrace Verbose: 0 : 11860, 5, 2021/11/22, 01:14:34.093, 7987724744140, testhost.dll, TcpClientExtensions.MessageLoopAsync: NotifyDataAvailable remoteEndPoint: [::ffff:127.0.0.1]:51210 localEndPoint: [::ffff:127.0.0.1]:51211
TpTrace Information: 0 : 11860, 5, 2021/11/22, 01:14:34.103, 7987724847373, testhost.dll, TestRequestHandler.ProcessRequests: received message: (TestExecution.Initialize) -> [
  "C:\\Users\\LENOVO\\Source\\Repos\\VVS-zadaca2\\Zadatak 2\\bin\\Debug\\net5.0\\fine-code-coverage\\build-output\\Microsoft.VisualStudio.TestPlatform.MSTest.TestAdapter.dll"
]
TpTrace Information: 0 : 11860, 5, 2021/11/22, 01:14:34.104, 7987724850671, testhost.dll, Execution Session Initialize.
TpTrace Verbose: 0 : 11860, 5, 2021/11/22, 01:14:34.117, 7987724983807, testhost.dll, TcpClientExtensions.MessageLoopAsync: Polling on remoteEndPoint: [::ffff:127.0.0.1]:51210 localEndPoint: [::ffff:127.0.0.1]:51211
TpTrace Verbose: 0 : 11860, 5, 2021/11/22, 01:14:34.117, 7987724985992, testhost.dll, TcpClientExtensions.MessageLoopAsync: NotifyDataAvailable remoteEndPoint: [::ffff:127.0.0.1]:51210 localEndPoint: [::ffff:127.0.0.1]:51211
TpTrace Verbose: 0 : 11860, 4, 2021/11/22, 01:14:34.122, 7987725033299, testhost.dll, TestExecutorService: Loading the extensions
TpTrace Information: 0 : 11860, 5, 2021/11/22, 01:14:34.124, 7987725056601, testhost.dll, TestRequestHandler.ProcessRequests: received message: (TestExecution.StartWithSources) -> {
  "AdapterSourceMap": {
    "_none_": [
      "C:\\Users\\LENOVO\\Source\\Repos\\VVS-zadaca2\\Zadatak 2\\bin\\Debug\\net5.0\\fine-code-coverage\\build-output\\Zadatak 2.dll"
    ]
  },
  "RunSettings": "<RunSettings>\r\n  <RunConfiguration>\r\n    <ResultsDirectory>C:\\Users\\LENOVO\\Source\\Repos\\VVS-zadaca2\\Zadatak 2\\bin\\Debug\\net5.0\\fine-code-coverage\\coverage-tool-output</ResultsDirectory>\r\n    <TargetPlatform>X64</TargetPlatform>\r\n    <TargetFrameworkVersion>.NETCoreApp,Version=v5.0</TargetFrameworkVersion>\r\n    <DesignMode>False</DesignMode>\r\n    <CollectSourceInformation>False</CollectSourceInformation>\r\n  </RunConfiguration>\r\n  <LoggerRunSettings>\r\n    <Loggers>\r\n      <Logger friendlyName=\"blame\" enabled=\"True\" />\r\n      <Logger friendlyName=\"Console\" uri=\"logger://microsoft/TestPlatform/ConsoleLogger/v1\" assemblyQualifiedName=\"Microsoft.VisualStudio.TestPlatform.CommandLine.Internal.ConsoleLogger, vstest.console, Version=15.0.0.0, Culture=neutral, PublicKeyToken=b03f5f7f11d50a3a\" codeBase=\"C:\\Program Files\\dotnet\\sdk\\5.0.203\\vstest.console.dll\" enabled=\"True\" />\r\n    </Loggers>\r\n  </LoggerRunSettings>\r\n  <DataCollectionRunSettings>\r\n    <DataCollectors>\r\n      <DataCollector friendlyName=\"blame\" enabled=\"True\">\r\n        <Configuration>\r\n          <ResultsDirectory>C:\\Users\\LENOVO\\Source\\Repos\\VVS-zadaca2\\Zadatak 2\\bin\\Debug\\net5.0\\fine-code-coverage\\coverage-tool-output</ResultsDirectory>\r\n        </Configuration>\r\n      </DataCollector>\r\n    </DataCollectors>\r\n  </DataCollectionRunSettings>\r\n</RunSettings>",
  "TestExecutionContext": {
    "FrequencyOfRunStatsChangeEvent": 10,
    "RunStatsChangeEventTimeout": "00:00:01.5000000",
    "InIsolation": false,
    "KeepAlive": false,
    "AreTestCaseLevelEventsRequired": false,
    "IsDebug": false,
    "TestCaseFilter": null,
    "FilterOptions": null
  },
  "Package": null
}
TpTrace Information: 0 : 11860, 5, 2021/11/22, 01:14:34.125, 7987725059773, testhost.dll, Execution started.
TpTrace Verbose: 0 : 11860, 4, 2021/11/22, 01:14:34.126, 7987725075382, testhost.dll, TestPluginCache.DiscoverTestExtensions: finding test extensions in assemblies ends with: TestAdapter.dll TPluginInfo: Microsoft.VisualStudio.TestPlatform.Common.ExtensionFramework.Utilities.TestExecutorPluginInformation TExtension: Microsoft.VisualStudio.TestPlatform.ObjectModel.Adapter.ITestExecutor
TpTrace Verbose: 0 : 11860, 4, 2021/11/22, 01:14:34.128, 7987725096938, testhost.dll, TestPluginCache.GetExtensionPaths: Filtered extension paths: 
TpTrace Verbose: 0 : 11860, 4, 2021/11/22, 01:14:34.129, 7987725105405, testhost.dll, TestPluginCache.GetExtensionPaths: Added default extension paths: C:\Users\LENOVO\Source\Repos\VVS-zadaca2\Zadatak 2\bin\Debug\net5.0\fine-code-coverage\build-output\Microsoft.VisualStudio.TestPlatform.MSTest.TestAdapter.dll
TpTrace Verbose: 0 : 11860, 4, 2021/11/22, 01:14:34.129, 7987725106829, testhost.dll, TestPluginCache.GetExtensionPaths: Added unfilterableExtensionPaths: 
TpTrace Information: 0 : 11860, 4, 2021/11/22, 01:14:34.134, 7987725152193, testhost.dll, AssemblyResolver.ctor: Creating AssemblyResolver with searchDirectories C:\Users\LENOVO\Source\Repos\VVS-zadaca2\Zadatak 2\bin\Debug\net5.0\fine-code-coverage\build-output
TpTrace Verbose: 0 : 11860, 4, 2021/11/22, 01:14:34.139, 7987725199437, testhost.dll, TestPluginCache.DiscoverTestExtensions: Discovering the extensions using extension path.
TpTrace Verbose: 0 : 11860, 4, 2021/11/22, 01:14:34.139, 7987725203265, testhost.dll, TestPluginCache.GetExtensionPaths: Filtered extension paths: 
TpTrace Verbose: 0 : 11860, 4, 2021/11/22, 01:14:34.139, 7987725205150, testhost.dll, TestPluginCache.GetExtensionPaths: Added default extension paths: C:\Users\LENOVO\Source\Repos\VVS-zadaca2\Zadatak 2\bin\Debug\net5.0\fine-code-coverage\build-output\Microsoft.VisualStudio.TestPlatform.MSTest.TestAdapter.dll
TpTrace Verbose: 0 : 11860, 4, 2021/11/22, 01:14:34.140, 7987725209808, testhost.dll, TestPluginCache.GetExtensionPaths: Added unfilterableExtensionPaths: 
TpTrace Verbose: 0 : 11860, 4, 2021/11/22, 01:14:34.140, 7987725213026, testhost.dll, TestPluginCache.DiscoverTestExtensions: Discovering the extensions using allExtensionPaths: C:\Users\LENOVO\Source\Repos\VVS-zadaca2\Zadatak 2\bin\Debug\net5.0\fine-code-coverage\build-output\Microsoft.VisualStudio.TestPlatform.MSTest.TestAdapter.dll
TpTrace Information: 0 : 11860, 4, 2021/11/22, 01:14:34.142, 7987725231973, testhost.dll, AssemblyResolver.AddSearchDirectories: Adding more searchDirectories C:\Users\LENOVO\Source\Repos\VVS-zadaca2\Zadatak 2\bin\Debug\net5.0\fine-code-coverage\build-output
TpTrace Information: 0 : 11860, 4, 2021/11/22, 01:14:34.149, 7987725308233, testhost.dll, AssemblyResolver.OnResolve: Microsoft.VisualStudio.TestPlatform.MSTest.TestAdapter: Resolving assembly.
TpTrace Information: 0 : 11860, 4, 2021/11/22, 01:14:34.154, 7987725355594, testhost.dll, AssemblyResolver.OnResolve: Resolved assembly: Microsoft.VisualStudio.TestPlatform.MSTest.TestAdapter, from path: C:\Users\LENOVO\Source\Repos\VVS-zadaca2\Zadatak 2\bin\Debug\net5.0\fine-code-coverage\build-output\Microsoft.VisualStudio.TestPlatform.MSTest.TestAdapter.dll
TpTrace Verbose: 0 : 11860, 4, 2021/11/22, 01:14:34.163, 7987725439550, testhost.dll, TestPluginCache: Discovered the extensions using extension path ''.
TpTrace Verbose: 0 : 11860, 4, 2021/11/22, 01:14:34.163, 7987725446287, testhost.dll, TestPluginCache: Discoverers are ''.
TpTrace Verbose: 0 : 11860, 4, 2021/11/22, 01:14:34.163, 7987725447745, testhost.dll, TestPluginCache: Executors are 'executor://MSTestAdapter/v2'.
TpTrace Verbose: 0 : 11860, 4, 2021/11/22, 01:14:34.164, 7987725449319, testhost.dll, TestPluginCache: Executors2 are ''.
TpTrace Verbose: 0 : 11860, 4, 2021/11/22, 01:14:34.164, 7987725450841, testhost.dll, TestPluginCache: Setting providers are ''.
TpTrace Verbose: 0 : 11860, 4, 2021/11/22, 01:14:34.164, 7987725452256, testhost.dll, TestPluginCache: Loggers are ''.
TpTrace Verbose: 0 : 11860, 4, 2021/11/22, 01:14:34.167, 7987725488165, testhost.dll, TestPluginCache.DiscoverTestExtensions: finding test extensions in assemblies ends with: TestAdapter.dll TPluginInfo: Microsoft.VisualStudio.TestPlatform.Common.ExtensionFramework.Utilities.TestExecutorPluginInformation2 TExtension: Microsoft.VisualStudio.TestPlatform.ObjectModel.Adapter.ITestExecutor2
TpTrace Verbose: 0 : 11860, 4, 2021/11/22, 01:14:34.169, 7987725504269, testhost.dll, TestPluginCache.GetExtensionPaths: Filtered extension paths: 
TpTrace Verbose: 0 : 11860, 4, 2021/11/22, 01:14:34.169, 7987725507109, testhost.dll, TestPluginCache.GetExtensionPaths: Added default extension paths: C:\Users\LENOVO\Source\Repos\VVS-zadaca2\Zadatak 2\bin\Debug\net5.0\fine-code-coverage\build-output\Microsoft.VisualStudio.TestPlatform.MSTest.TestAdapter.dll
TpTrace Verbose: 0 : 11860, 4, 2021/11/22, 01:14:34.174, 7987725552147, testhost.dll, TestPluginCache.GetExtensionPaths: Added unfilterableExtensionPaths: 
TpTrace Information: 0 : 11860, 4, 2021/11/22, 01:14:34.174, 7987725556643, testhost.dll, AssemblyResolver.AddSearchDirectories: Adding more searchDirectories C:\Users\LENOVO\Source\Repos\VVS-zadaca2\Zadatak 2\bin\Debug\net5.0\fine-code-coverage\build-output
TpTrace Verbose: 0 : 11860, 4, 2021/11/22, 01:14:34.174, 7987725557956, testhost.dll, TestPluginCache.DiscoverTestExtensions: Discovering the extensions using extension path.
TpTrace Verbose: 0 : 11860, 4, 2021/11/22, 01:14:34.174, 7987725558964, testhost.dll, TestPluginCache.GetExtensionPaths: Filtered extension paths: 
TpTrace Verbose: 0 : 11860, 4, 2021/11/22, 01:14:34.175, 7987725559849, testhost.dll, TestPluginCache.GetExtensionPaths: Added default extension paths: C:\Users\LENOVO\Source\Repos\VVS-zadaca2\Zadatak 2\bin\Debug\net5.0\fine-code-coverage\build-output\Microsoft.VisualStudio.TestPlatform.MSTest.TestAdapter.dll
TpTrace Verbose: 0 : 11860, 4, 2021/11/22, 01:14:34.175, 7987725560840, testhost.dll, TestPluginCache.GetExtensionPaths: Added unfilterableExtensionPaths: 
TpTrace Verbose: 0 : 11860, 4, 2021/11/22, 01:14:34.175, 7987725561710, testhost.dll, TestPluginCache.DiscoverTestExtensions: Discovering the extensions using allExtensionPaths: C:\Users\LENOVO\Source\Repos\VVS-zadaca2\Zadatak 2\bin\Debug\net5.0\fine-code-coverage\build-output\Microsoft.VisualStudio.TestPlatform.MSTest.TestAdapter.dll
TpTrace Information: 0 : 11860, 4, 2021/11/22, 01:14:34.175, 7987725562761, testhost.dll, AssemblyResolver.AddSearchDirectories: Adding more searchDirectories C:\Users\LENOVO\Source\Repos\VVS-zadaca2\Zadatak 2\bin\Debug\net5.0\fine-code-coverage\build-output
TpTrace Verbose: 0 : 11860, 4, 2021/11/22, 01:14:34.175, 7987725567747, testhost.dll, TestPluginCache: Discovered the extensions using extension path ''.
TpTrace Verbose: 0 : 11860, 4, 2021/11/22, 01:14:34.175, 7987725568898, testhost.dll, TestPluginCache: Discoverers are ''.
TpTrace Verbose: 0 : 11860, 4, 2021/11/22, 01:14:34.176, 7987725570035, testhost.dll, TestPluginCache: Executors are 'executor://MSTestAdapter/v2'.
TpTrace Verbose: 0 : 11860, 4, 2021/11/22, 01:14:34.176, 7987725571554, testhost.dll, TestPluginCache: Executors2 are ''.
TpTrace Verbose: 0 : 11860, 4, 2021/11/22, 01:14:34.176, 7987725572577, testhost.dll, TestPluginCache: Setting providers are ''.
TpTrace Verbose: 0 : 11860, 4, 2021/11/22, 01:14:34.176, 7987725573384, testhost.dll, TestPluginCache: Loggers are ''.
TpTrace Verbose: 0 : 11860, 5, 2021/11/22, 01:14:34.183, 7987725644006, testhost.dll, TcpClientExtensions.MessageLoopAsync: Polling on remoteEndPoint: [::ffff:127.0.0.1]:51210 localEndPoint: [::ffff:127.0.0.1]:51211
TpTrace Information: 0 : 11860, 4, 2021/11/22, 01:14:34.186, 7987725669475, testhost.dll, TestPluginManager.CreateTestExtension: Attempting to load test extension: Microsoft.VisualStudio.TestPlatform.MSTest.TestAdapter.MSTestExecutor
TpTrace Verbose: 0 : 11860, 4, 2021/11/22, 01:14:34.206, 7987725869434, testhost.dll, TestExecutorExtensionManager: Loading executor Microsoft.VisualStudio.TestPlatform.MSTest.TestAdapter.MSTestExecutor
TpTrace Verbose: 0 : 11860, 4, 2021/11/22, 01:14:34.206, 7987725871010, testhost.dll, TestExecutorService: Loaded the executors
TpTrace Verbose: 0 : 11860, 4, 2021/11/22, 01:14:34.207, 7987725882411, testhost.dll, TestPluginCache.DiscoverTestExtensions: finding test extensions in assemblies ends with: TestAdapter.dll TPluginInfo: Microsoft.VisualStudio.TestPlatform.Common.ExtensionFramework.Utilities.TestSettingsProviderPluginInformation TExtension: Microsoft.VisualStudio.TestPlatform.ObjectModel.Adapter.ISettingsProvider
TpTrace Verbose: 0 : 11860, 4, 2021/11/22, 01:14:34.207, 7987725885212, testhost.dll, TestPluginCache.GetExtensionPaths: Filtered extension paths: 
TpTrace Verbose: 0 : 11860, 4, 2021/11/22, 01:14:34.207, 7987725886114, testhost.dll, TestPluginCache.GetExtensionPaths: Added default extension paths: C:\Users\LENOVO\Source\Repos\VVS-zadaca2\Zadatak 2\bin\Debug\net5.0\fine-code-coverage\build-output\Microsoft.VisualStudio.TestPlatform.MSTest.TestAdapter.dll
TpTrace Verbose: 0 : 11860, 4, 2021/11/22, 01:14:34.207, 7987725886780, testhost.dll, TestPluginCache.GetExtensionPaths: Added unfilterableExtensionPaths: 
TpTrace Information: 0 : 11860, 4, 2021/11/22, 01:14:34.207, 7987725888886, testhost.dll, AssemblyResolver.AddSearchDirectories: Adding more searchDirectories C:\Users\LENOVO\Source\Repos\VVS-zadaca2\Zadatak 2\bin\Debug\net5.0\fine-code-coverage\build-output
TpTrace Verbose: 0 : 11860, 4, 2021/11/22, 01:14:34.208, 7987725889646, testhost.dll, TestPluginCache.DiscoverTestExtensions: Discovering the extensions using extension path.
TpTrace Verbose: 0 : 11860, 4, 2021/11/22, 01:14:34.208, 7987725890263, testhost.dll, TestPluginCache.GetExtensionPaths: Filtered extension paths: 
TpTrace Verbose: 0 : 11860, 4, 2021/11/22, 01:14:34.208, 7987725890940, testhost.dll, TestPluginCache.GetExtensionPaths: Added default extension paths: C:\Users\LENOVO\Source\Repos\VVS-zadaca2\Zadatak 2\bin\Debug\net5.0\fine-code-coverage\build-output\Microsoft.VisualStudio.TestPlatform.MSTest.TestAdapter.dll
TpTrace Verbose: 0 : 11860, 4, 2021/11/22, 01:14:34.208, 7987725891520, testhost.dll, TestPluginCache.GetExtensionPaths: Added unfilterableExtensionPaths: 
TpTrace Verbose: 0 : 11860, 4, 2021/11/22, 01:14:34.208, 7987725892118, testhost.dll, TestPluginCache.DiscoverTestExtensions: Discovering the extensions using allExtensionPaths: C:\Users\LENOVO\Source\Repos\VVS-zadaca2\Zadatak 2\bin\Debug\net5.0\fine-code-coverage\build-output\Microsoft.VisualStudio.TestPlatform.MSTest.TestAdapter.dll
TpTrace Information: 0 : 11860, 4, 2021/11/22, 01:14:34.208, 7987725892858, testhost.dll, AssemblyResolver.AddSearchDirectories: Adding more searchDirectories C:\Users\LENOVO\Source\Repos\VVS-zadaca2\Zadatak 2\bin\Debug\net5.0\fine-code-coverage\build-output
TpTrace Verbose: 0 : 11860, 4, 2021/11/22, 01:14:34.208, 7987725896260, testhost.dll, TestPluginCache: Discovered the extensions using extension path ''.
TpTrace Verbose: 0 : 11860, 4, 2021/11/22, 01:14:34.208, 7987725896981, testhost.dll, TestPluginCache: Discoverers are ''.
TpTrace Verbose: 0 : 11860, 4, 2021/11/22, 01:14:34.208, 7987725897582, testhost.dll, TestPluginCache: Executors are 'executor://MSTestAdapter/v2'.
TpTrace Verbose: 0 : 11860, 4, 2021/11/22, 01:14:34.208, 7987725898156, testhost.dll, TestPluginCache: Executors2 are ''.
TpTrace Verbose: 0 : 11860, 4, 2021/11/22, 01:14:34.208, 7987725898861, testhost.dll, TestPluginCache: Setting providers are ''.
TpTrace Verbose: 0 : 11860, 4, 2021/11/22, 01:14:34.209, 7987725899461, testhost.dll, TestPluginCache: Loggers are ''.
TpTrace Verbose: 0 : 11860, 4, 2021/11/22, 01:14:34.210, 7987725910964, testhost.dll, TestExecutorService: Loaded the settings providers
TpTrace Information: 0 : 11860, 4, 2021/11/22, 01:14:34.210, 7987725911958, testhost.dll, TestExecutorService: Loaded the extensions
TpTrace Information: 0 : 11860, 4, 2021/11/22, 01:14:34.359, 7987727404124, testhost.dll, TestDiscoveryManager: Discovering tests from sources C:\Users\LENOVO\Source\Repos\VVS-zadaca2\Zadatak 2\bin\Debug\net5.0\fine-code-coverage\build-output\Zadatak 2.dll
TpTrace Verbose: 0 : 11860, 4, 2021/11/22, 01:14:34.362, 7987727430334, testhost.dll, TestPluginCache.DiscoverTestExtensions: finding test extensions in assemblies ends with: TestAdapter.dll TPluginInfo: Microsoft.VisualStudio.TestPlatform.Common.ExtensionFramework.Utilities.TestDiscovererPluginInformation TExtension: Microsoft.VisualStudio.TestPlatform.ObjectModel.Adapter.ITestDiscoverer
TpTrace Verbose: 0 : 11860, 4, 2021/11/22, 01:14:34.362, 7987727432805, testhost.dll, TestPluginCache.GetExtensionPaths: Filtered extension paths: 
TpTrace Verbose: 0 : 11860, 4, 2021/11/22, 01:14:34.362, 7987727434550, testhost.dll, TestPluginCache.GetExtensionPaths: Added default extension paths: C:\Users\LENOVO\Source\Repos\VVS-zadaca2\Zadatak 2\bin\Debug\net5.0\fine-code-coverage\build-output\Microsoft.VisualStudio.TestPlatform.MSTest.TestAdapter.dll
TpTrace Verbose: 0 : 11860, 4, 2021/11/22, 01:14:34.362, 7987727435352, testhost.dll, TestPluginCache.GetExtensionPaths: Added unfilterableExtensionPaths: 
TpTrace Information: 0 : 11860, 4, 2021/11/22, 01:14:34.362, 7987727437490, testhost.dll, AssemblyResolver.AddSearchDirectories: Adding more searchDirectories C:\Users\LENOVO\Source\Repos\VVS-zadaca2\Zadatak 2\bin\Debug\net5.0\fine-code-coverage\build-output
TpTrace Verbose: 0 : 11860, 4, 2021/11/22, 01:14:34.362, 7987727438251, testhost.dll, TestPluginCache.DiscoverTestExtensions: Discovering the extensions using extension path.
TpTrace Verbose: 0 : 11860, 4, 2021/11/22, 01:14:34.362, 7987727438869, testhost.dll, TestPluginCache.GetExtensionPaths: Filtered extension paths: 
TpTrace Verbose: 0 : 11860, 4, 2021/11/22, 01:14:34.363, 7987727439431, testhost.dll, TestPluginCache.GetExtensionPaths: Added default extension paths: C:\Users\LENOVO\Source\Repos\VVS-zadaca2\Zadatak 2\bin\Debug\net5.0\fine-code-coverage\build-output\Microsoft.VisualStudio.TestPlatform.MSTest.TestAdapter.dll
TpTrace Verbose: 0 : 11860, 4, 2021/11/22, 01:14:34.363, 7987727439994, testhost.dll, TestPluginCache.GetExtensionPaths: Added unfilterableExtensionPaths: 
TpTrace Verbose: 0 : 11860, 4, 2021/11/22, 01:14:34.363, 7987727440600, testhost.dll, TestPluginCache.DiscoverTestExtensions: Discovering the extensions using allExtensionPaths: C:\Users\LENOVO\Source\Repos\VVS-zadaca2\Zadatak 2\bin\Debug\net5.0\fine-code-coverage\build-output\Microsoft.VisualStudio.TestPlatform.MSTest.TestAdapter.dll
TpTrace Information: 0 : 11860, 4, 2021/11/22, 01:14:34.363, 7987727441335, testhost.dll, AssemblyResolver.AddSearchDirectories: Adding more searchDirectories C:\Users\LENOVO\Source\Repos\VVS-zadaca2\Zadatak 2\bin\Debug\net5.0\fine-code-coverage\build-output
TpTrace Verbose: 0 : 11860, 4, 2021/11/22, 01:14:34.366, 7987727472514, testhost.dll, TestPluginCache: Discovered the extensions using extension path ''.
TpTrace Verbose: 0 : 11860, 4, 2021/11/22, 01:14:34.366, 7987727474457, testhost.dll, TestPluginCache: Discoverers are 'Microsoft.VisualStudio.TestPlatform.MSTest.TestAdapter.MSTestDiscoverer, Microsoft.VisualStudio.TestPlatform.MSTest.TestAdapter, Version=14.0.0.0, Culture=neutral, PublicKeyToken=b03f5f7f11d50a3a'.
TpTrace Verbose: 0 : 11860, 4, 2021/11/22, 01:14:34.366, 7987727475229, testhost.dll, TestPluginCache: Executors are 'executor://MSTestAdapter/v2'.
TpTrace Verbose: 0 : 11860, 4, 2021/11/22, 01:14:34.366, 7987727475851, testhost.dll, TestPluginCache: Executors2 are ''.
TpTrace Verbose: 0 : 11860, 4, 2021/11/22, 01:14:34.366, 7987727476472, testhost.dll, TestPluginCache: Setting providers are ''.
TpTrace Verbose: 0 : 11860, 4, 2021/11/22, 01:14:34.366, 7987727477026, testhost.dll, TestPluginCache: Loggers are ''.
TpTrace Verbose: 0 : 11860, 4, 2021/11/22, 01:14:34.378, 7987727592277, testhost.dll, BaseRunTests.RunTestInternalWithExecutors: Running tests for executor://MSTestAdapter/v2
TpTrace Information: 0 : 11860, 4, 2021/11/22, 01:14:34.379, 7987727602773, testhost.dll, AssemblyResolver.OnResolve: Microsoft.VisualStudio.TestPlatform.MSTestAdapter.PlatformServices.Interface: Resolving assembly.
TpTrace Information: 0 : 11860, 4, 2021/11/22, 01:14:34.380, 7987727616892, testhost.dll, AssemblyResolver.OnResolve: Resolved assembly: Microsoft.VisualStudio.TestPlatform.MSTestAdapter.PlatformServices.Interface, from path: C:\Users\LENOVO\Source\Repos\VVS-zadaca2\Zadatak 2\bin\Debug\net5.0\fine-code-coverage\build-output\Microsoft.VisualStudio.TestPlatform.MSTestAdapter.PlatformServices.Interface.dll
TpTrace Information: 0 : 11860, 4, 2021/11/22, 01:14:34.382, 7987727634060, testhost.dll, AssemblyResolver.OnResolve: Microsoft.VisualStudio.TestPlatform.MSTestAdapter.PlatformServices: Resolving assembly.
TpTrace Information: 0 : 11860, 4, 2021/11/22, 01:14:34.383, 7987727645676, testhost.dll, AssemblyResolver.OnResolve: Resolved assembly: Microsoft.VisualStudio.TestPlatform.MSTestAdapter.PlatformServices, from path: C:\Users\LENOVO\Source\Repos\VVS-zadaca2\Zadatak 2\bin\Debug\net5.0\fine-code-coverage\build-output\Microsoft.VisualStudio.TestPlatform.MSTestAdapter.PlatformServices.dll
TpTrace Information: 0 : 11860, 4, 2021/11/22, 01:14:34.384, 7987727651654, testhost.dll, MSTest - MSTestExecutor.RunTests: Running tests from sources.
TpTrace Information: 0 : 11860, 4, 2021/11/22, 01:14:34.391, 7987727725670, testhost.dll, MSTest - CollectSourceInformation value Found : False 
TpTrace Information: 0 : 11860, 4, 2021/11/22, 01:14:34.427, 7987728083387, testhost.dll, AssemblyResolver.OnResolve: Microsoft.TestPlatform.AdapterUtilities: Resolving assembly.
TpTrace Information: 0 : 11860, 4, 2021/11/22, 01:14:34.428, 7987728096564, testhost.dll, AssemblyResolver.OnResolve: Resolved assembly: Microsoft.TestPlatform.AdapterUtilities, from path: C:\Users\LENOVO\Source\Repos\VVS-zadaca2\Zadatak 2\bin\Debug\net5.0\fine-code-coverage\build-output\Microsoft.TestPlatform.AdapterUtilities.dll
TpTrace Information: 0 : 11860, 4, 2021/11/22, 01:14:34.449, 7987728305942, testhost.dll, MSTest - MSTestDiscoverer: Found 5 tests from source C:\Users\LENOVO\Source\Repos\VVS-zadaca2\Zadatak 2\bin\Debug\net5.0\fine-code-coverage\build-output\Zadatak 2.dll
TpTrace Information: 0 : 11860, 4, 2021/11/22, 01:14:34.482, 7987728634963, testhost.dll, AssemblyResolver.OnResolve: Microsoft.VisualStudio.TestPlatform.MSTestAdapter.PlatformServices.resources: Resolving assembly.
TpTrace Information: 0 : 11860, 4, 2021/11/22, 01:14:34.483, 7987728639931, testhost.dll, AssemblyResolver.OnResolve: Microsoft.VisualStudio.TestPlatform.MSTestAdapter.PlatformServices.resources: Failed to load assembly.
TpTrace Information: 0 : 11860, 4, 2021/11/22, 01:14:34.484, 7987728650273, testhost.dll, AssemblyResolver.OnResolve: Microsoft.VisualStudio.TestPlatform.MSTestAdapter.PlatformServices.resources: Resolving assembly.
TpTrace Information: 0 : 11860, 4, 2021/11/22, 01:14:34.484, 7987728652146, testhost.dll, AssemblyResolver.OnResolve: Microsoft.VisualStudio.TestPlatform.MSTestAdapter.PlatformServices.resources: Resolved from cache.
TpTrace Information: 0 : 11860, 4, 2021/11/22, 01:14:34.515, 7987728967661, testhost.dll, MSTest - Created unit-test runner C:\Users\LENOVO\Source\Repos\VVS-zadaca2\Zadatak 2\bin\Debug\net5.0\fine-code-coverage\build-output\Zadatak 2.dll
TpTrace Verbose: 0 : 11860, 4, 2021/11/22, 01:14:34.525, 7987729065255, testhost.dll, TestExecutionRecorder.RecordStart: Starting test: Zadatak_2.TDD.TestZamjenskiObjekat.
TpTrace Information: 0 : 11860, 4, 2021/11/22, 01:14:34.652, 7987730337537, testhost.dll, MSTest - Executing test TestZamjenskiObjekat
TpTrace Information: 0 : 11860, 4, 2021/11/22, 01:14:34.725, 7987731068630, testhost.dll, AssemblyResolver.OnResolve: Microsoft.VisualStudio.TestPlatform.MSTest.TestAdapter.resources: Resolving assembly.
TpTrace Information: 0 : 11860, 4, 2021/11/22, 01:14:34.726, 7987731071688, testhost.dll, AssemblyResolver.OnResolve: Microsoft.VisualStudio.TestPlatform.MSTest.TestAdapter.resources: Failed to load assembly.
TpTrace Information: 0 : 11860, 4, 2021/11/22, 01:14:34.775, 7987731559382, testhost.dll, MSTest - Executed test TestZamjenskiObjekat
TpTrace Verbose: 0 : 11860, 4, 2021/11/22, 01:14:34.780, 7987731615303, testhost.dll, TestExecutionRecorder.RecordEnd: test: Zadatak_2.TDD.TestZamjenskiObjekat execution completed.
TpTrace Information: 0 : 11860, 4, 2021/11/22, 01:14:34.826, 7987732073620, testhost.dll, MSTest - MSTestExecutor:Test Zadatak_2.TDD.TestZamjenskiObjekat failed. ErrorMessage:Test method Zadatak_2.TDD.TestZamjenskiObjekat threw exception: 
System.NotImplementedException: The method or operation is not implemented., ErrorStackTrace:    at Cvjecara.Leksikon.ValidnoLatinskoIme(String ime) in C:\Users\LENOVO\Source\Repos\VVS-zadaca2\Cvjecara\Leksikon.cs:line 18
   at Cvjecara.Cvjećara.ProvjeriLatinskaImenaCvijeća(ILeksikon leksikon) in C:\Users\LENOVO\Source\Repos\VVS-zadaca2\Cvjecara\Cvjećara.cs:line 136
   at Zadatak_2.TDD.TestZamjenskiObjekat() in C:\Users\LENOVO\Source\Repos\VVS-zadaca2\Zadatak 2\TDD.cs:line 23
.
TpTrace Verbose: 0 : 11860, 4, 2021/11/22, 01:14:34.827, 7987732086015, testhost.dll, TestExecutionRecorder.RecordResult: Received result for test: Zadatak_2.TDD.TestZamjenskiObjekat.
TpTrace Warning: 0 : 11860, 4, 2021/11/22, 01:14:34.835, 7987732163516, testhost.dll, TestRunCache: InProgressTests is null
TpTrace Warning: 0 : 11860, 4, 2021/11/22, 01:14:34.836, 7987732171409, testhost.dll, TestRunCache: No test found corresponding to testResult '' in inProgress list.
TpTrace Verbose: 0 : 11860, 4, 2021/11/22, 01:14:34.836, 7987732174606, testhost.dll, TestExecutionRecorder.RecordStart: Starting test: Zadatak_2.TDD.ProljetnaNabavka.
TpTrace Information: 0 : 11860, 4, 2021/11/22, 01:14:34.839, 7987732204707, testhost.dll, MSTest - Executing test ProljetnaNabavka
TpTrace Information: 0 : 11860, 4, 2021/11/22, 01:14:34.847, 7987732288025, testhost.dll, MSTest - Executed test ProljetnaNabavka
TpTrace Verbose: 0 : 11860, 4, 2021/11/22, 01:14:34.848, 7987732290335, testhost.dll, TestExecutionRecorder.RecordEnd: test: Zadatak_2.TDD.ProljetnaNabavka execution completed.
TpTrace Information: 0 : 11860, 4, 2021/11/22, 01:14:34.850, 7987732317512, testhost.dll, MSTest - MSTestExecutor:Test Zadatak_2.TDD.ProljetnaNabavka failed. ErrorMessage:Test method Zadatak_2.TDD.ProljetnaNabavka threw exception: 
System.NotImplementedException: The method or operation is not implemented., ErrorStackTrace:    at Cvjecara.Cvjećara.IzvršiNabavku(String godišnjeDoba, String veličinaNarudžbe) in C:\Users\LENOVO\Source\Repos\VVS-zadaca2\Cvjecara\Cvjećara.cs:line 104
   at Zadatak_2.TDD.ProljetnaNabavka() in C:\Users\LENOVO\Source\Repos\VVS-zadaca2\Zadatak 2\TDD.cs:line 47
.
TpTrace Verbose: 0 : 11860, 4, 2021/11/22, 01:14:34.851, 7987732319500, testhost.dll, TestExecutionRecorder.RecordResult: Received result for test: Zadatak_2.TDD.ProljetnaNabavka.
TpTrace Warning: 0 : 11860, 4, 2021/11/22, 01:14:34.851, 7987732321355, testhost.dll, TestRunCache: InProgressTests is null
TpTrace Warning: 0 : 11860, 4, 2021/11/22, 01:14:34.851, 7987732322424, testhost.dll, TestRunCache: No test found corresponding to testResult '' in inProgress list.
TpTrace Verbose: 0 : 11860, 4, 2021/11/22, 01:14:34.851, 7987732323747, testhost.dll, TestExecutionRecorder.RecordStart: Starting test: Zadatak_2.TDD.JesenjaNabavka.
TpTrace Information: 0 : 11860, 4, 2021/11/22, 01:14:34.854, 7987732353794, testhost.dll, MSTest - Executing test JesenjaNabavka
TpTrace Information: 0 : 11860, 4, 2021/11/22, 01:14:34.858, 7987732397062, testhost.dll, MSTest - Executed test JesenjaNabavka
TpTrace Verbose: 0 : 11860, 4, 2021/11/22, 01:14:34.859, 7987732399496, testhost.dll, TestExecutionRecorder.RecordEnd: test: Zadatak_2.TDD.JesenjaNabavka execution completed.
TpTrace Information: 0 : 11860, 4, 2021/11/22, 01:14:34.869, 7987732505401, testhost.dll, MSTest - MSTestExecutor:Test Zadatak_2.TDD.JesenjaNabavka failed. ErrorMessage:Test method Zadatak_2.TDD.JesenjaNabavka threw exception: 
System.NotImplementedException: The method or operation is not implemented., ErrorStackTrace:    at Cvjecara.Cvjećara.IzvršiNabavku(String godišnjeDoba, String veličinaNarudžbe) in C:\Users\LENOVO\Source\Repos\VVS-zadaca2\Cvjecara\Cvjećara.cs:line 104
   at Zadatak_2.TDD.JesenjaNabavka() in C:\Users\LENOVO\Source\Repos\VVS-zadaca2\Zadatak 2\TDD.cs:line 73
.
TpTrace Verbose: 0 : 11860, 4, 2021/11/22, 01:14:34.869, 7987732507224, testhost.dll, TestExecutionRecorder.RecordResult: Received result for test: Zadatak_2.TDD.JesenjaNabavka.
TpTrace Warning: 0 : 11860, 4, 2021/11/22, 01:14:34.869, 7987732508764, testhost.dll, TestRunCache: InProgressTests is null
TpTrace Warning: 0 : 11860, 4, 2021/11/22, 01:14:34.870, 7987732509868, testhost.dll, TestRunCache: No test found corresponding to testResult '' in inProgress list.
TpTrace Verbose: 0 : 11860, 4, 2021/11/22, 01:14:34.870, 7987732511494, testhost.dll, TestExecutionRecorder.RecordStart: Starting test: Zadatak_2.TDD.NedozvoljenaNabavkaLjetiIliZimi.
TpTrace Information: 0 : 11860, 4, 2021/11/22, 01:14:34.874, 7987732552745, testhost.dll, MSTest - Executing test NedozvoljenaNabavkaLjetiIliZimi
TpTrace Information: 0 : 11860, 4, 2021/11/22, 01:14:34.878, 7987732599211, testhost.dll, AssemblyResolver.OnResolve: Microsoft.VisualStudio.TestPlatform.TestFramework.resources: Resolving assembly.
TpTrace Information: 0 : 11860, 4, 2021/11/22, 01:14:34.879, 7987732604108, testhost.dll, AssemblyResolver.OnResolve: Microsoft.VisualStudio.TestPlatform.TestFramework.resources: Failed to load assembly.
TpTrace Information: 0 : 11860, 4, 2021/11/22, 01:14:34.881, 7987732629101, testhost.dll, MSTest - Executed test NedozvoljenaNabavkaLjetiIliZimi
TpTrace Verbose: 0 : 11860, 4, 2021/11/22, 01:14:34.882, 7987732631558, testhost.dll, TestExecutionRecorder.RecordEnd: test: Zadatak_2.TDD.NedozvoljenaNabavkaLjetiIliZimi execution completed.
TpTrace Information: 0 : 11860, 4, 2021/11/22, 01:14:34.885, 7987732661189, testhost.dll, MSTest - MSTestExecutor:Test Zadatak_2.TDD.NedozvoljenaNabavkaLjetiIliZimi failed. ErrorMessage:Test method threw exception System.NotImplementedException, but exception System.ArgumentException was expected. Exception message: System.NotImplementedException: The method or operation is not implemented., ErrorStackTrace:   at Cvjecara.Cvjećara.IzvršiNabavku(String godišnjeDoba, String veličinaNarudžbe) in C:\Users\LENOVO\Source\Repos\VVS-zadaca2\Cvjecara\Cvjećara.cs:line 104
   at Zadatak_2.TDD.NedozvoljenaNabavkaLjetiIliZimi() in C:\Users\LENOVO\Source\Repos\VVS-zadaca2\Zadatak 2\TDD.cs:line 98
.
TpTrace Verbose: 0 : 11860, 4, 2021/11/22, 01:14:34.885, 7987732663529, testhost.dll, TestExecutionRecorder.RecordResult: Received result for test: Zadatak_2.TDD.NedozvoljenaNabavkaLjetiIliZimi.
TpTrace Warning: 0 : 11860, 4, 2021/11/22, 01:14:34.885, 7987732665817, testhost.dll, TestRunCache: InProgressTests is null
TpTrace Warning: 0 : 11860, 4, 2021/11/22, 01:14:34.885, 7987732666998, testhost.dll, TestRunCache: No test found corresponding to testResult '' in inProgress list.
TpTrace Verbose: 0 : 11860, 4, 2021/11/22, 01:14:34.885, 7987732668453, testhost.dll, TestExecutionRecorder.RecordStart: Starting test: Zadatak_2.TDD.NedozvoljeneSrednjeNabavke.
TpTrace Information: 0 : 11860, 4, 2021/11/22, 01:14:34.889, 7987732699429, testhost.dll, MSTest - Executing test NedozvoljeneSrednjeNabavke
TpTrace Information: 0 : 11860, 4, 2021/11/22, 01:14:34.891, 7987732728282, testhost.dll, MSTest - Executed test NedozvoljeneSrednjeNabavke
TpTrace Verbose: 0 : 11860, 4, 2021/11/22, 01:14:34.892, 7987732730239, testhost.dll, TestExecutionRecorder.RecordEnd: test: Zadatak_2.TDD.NedozvoljeneSrednjeNabavke execution completed.
TpTrace Information: 0 : 11860, 4, 2021/11/22, 01:14:34.895, 7987732769227, testhost.dll, MSTest - MSTestExecutor:Test Zadatak_2.TDD.NedozvoljeneSrednjeNabavke failed. ErrorMessage:Test method threw exception System.NotImplementedException, but exception System.ArgumentException was expected. Exception message: System.NotImplementedException: The method or operation is not implemented., ErrorStackTrace:   at Cvjecara.Cvjećara.IzvršiNabavku(String godišnjeDoba, String veličinaNarudžbe) in C:\Users\LENOVO\Source\Repos\VVS-zadaca2\Cvjecara\Cvjećara.cs:line 104
   at Zadatak_2.TDD.NedozvoljeneSrednjeNabavke() in C:\Users\LENOVO\Source\Repos\VVS-zadaca2\Zadatak 2\TDD.cs:line 115
.
TpTrace Verbose: 0 : 11860, 4, 2021/11/22, 01:14:34.896, 7987732770823, testhost.dll, TestExecutionRecorder.RecordResult: Received result for test: Zadatak_2.TDD.NedozvoljeneSrednjeNabavke.
TpTrace Warning: 0 : 11860, 4, 2021/11/22, 01:14:34.896, 7987732772235, testhost.dll, TestRunCache: InProgressTests is null
TpTrace Warning: 0 : 11860, 4, 2021/11/22, 01:14:34.896, 7987732773270, testhost.dll, TestRunCache: No test found corresponding to testResult '' in inProgress list.
TpTrace Information: 0 : 11860, 4, 2021/11/22, 01:14:34.896, 7987732778823, testhost.dll, MSTest - Executing cleanup methods.
TpTrace Information: 0 : 11860, 4, 2021/11/22, 01:14:34.900, 7987732810699, testhost.dll, MSTest - Executed cleanup methods.
TpTrace Information: 0 : 11860, 4, 2021/11/22, 01:14:34.900, 7987732812468, testhost.dll, MSTest - Executed tests belonging to source C:\Users\LENOVO\Source\Repos\VVS-zadaca2\Zadatak 2\bin\Debug\net5.0\fine-code-coverage\build-output\Zadatak 2.dll
TpTrace Verbose: 0 : 11860, 4, 2021/11/22, 01:14:34.901, 7987732821819, testhost.dll, BaseRunTests.RunTestInternalWithExecutors: Completed running tests for executor://MSTestAdapter/v2
TpTrace Information: 0 : 11860, 4, 2021/11/22, 01:14:34.909, 7987732905723, testhost.dll, Sending test run complete
TpTrace Verbose: 0 : 11860, 4, 2021/11/22, 01:14:35.001, 7987733819618, testhost.dll, TestRequestHandler.SendData:  sending data from testhost: {"Version":5,"MessageType":"TestExecution.Completed","Payload":{"TestRunCompleteArgs":{"TestRunStatistics":{"ExecutedTests":5,"Stats":{"Failed":5}},"IsCanceled":false,"IsAborted":false,"Error":null,"AttachmentSets":[],"ElapsedTimeInRunningTests":"00:00:00.5312019","Metrics":{}},"LastRunTests":{"NewTestResults":[{"TestCase":{"Id":"cd075b4d-61b2-de77-403b-0cfb69a56f47","FullyQualifiedName":"Zadatak_2.TDD.TestZamjenskiObjekat","DisplayName":"TestZamjenskiObjekat","ExecutorUri":"executor://MSTestAdapter/v2","Source":"C:\\Users\\LENOVO\\Source\\Repos\\VVS-zadaca2\\Zadatak 2\\bin\\Debug\\net5.0\\fine-code-coverage\\build-output\\Zadatak 2.dll","CodeFilePath":null,"LineNumber":-1,"Properties":[{"Key":{"Id":"TestCase.ManagedType","Label":"ManagedType","Category":"","Description":"","Attributes":1,"ValueType":"System.String"},"Value":"Zadatak_2.TDD"},{"Key":{"Id":"TestCase.ManagedMethod","Label":"ManagedMethod","Category":"","Description":"","Attributes":1,"ValueType":"System.String"},"Value":"TestZamjenskiObjekat"},{"Key":{"Id":"MSTestDiscoverer.TestClassName","Label":"ClassName","Category":"","Description":"","Attributes":1,"ValueType":"System.String"},"Value":"Zadatak_2.TDD"},{"Key":{"Id":"TestObject.Traits","Label":"Traits","Category":"","Description":"","Attributes":5,"ValueType":"System.Collections.Generic.KeyValuePair`2[[System.String],[System.String]][]"},"Value":[]}]},"Attachments":[],"Outcome":2,"ErrorMessage":"Test method Zadatak_2.TDD.TestZamjenskiObjekat threw exception: \r\nSystem.NotImplementedException: The method or operation is not implemented.","ErrorStackTrace":"    at Cvjecara.Leksikon.ValidnoLatinskoIme(String ime) in C:\\Users\\LENOVO\\Source\\Repos\\VVS-zadaca2\\Cvjecara\\Leksikon.cs:line 18\r\n   at Cvjecara.Cvjećara.ProvjeriLatinskaImenaCvijeća(ILeksikon leksikon) in C:\\Users\\LENOVO\\Source\\Repos\\VVS-zadaca2\\Cvjecara\\Cvjećara.cs:line 136\r\n   at Zadatak_2.TDD.TestZamjenskiObjekat() in C:\\Users\\LENOVO\\Source\\Repos\\VVS-zadaca2\\Zadatak 2\\TDD.cs:line 23\r\n","DisplayName":null,"Messages":[],"ComputerName":null,"Duration":"00:00:00.0771630","StartTime":"2021-11-22T01:14:34.6526682+01:00","EndTime":"2021-11-22T01:14:34.7751666+01:00","Properties":[{"Key":{"Id":"ExecutionId","Label":"ExecutionId","Category":"","Description":"","Attributes":1,"ValueType":"System.Guid"},"Value":"00000000-0000-0000-0000-000000000000"},{"Key":{"Id":"ParentExecId","Label":"ParentExecId","Category":"","Description":"","Attributes":1,"ValueType":"System.Guid"},"Value":"00000000-0000-0000-0000-000000000000"},{"Key":{"Id":"InnerResultsCount","Label":"InnerResultsCount","Category":"","Description":"","Attributes":1,"ValueType":"System.Int32"},"Value":0}]},{"TestCase":{"Id":"b51d3f41-b72b-1028-816b-1d654d5090ba","FullyQualifiedName":"Zadatak_2.TDD.ProljetnaNabavka","DisplayName":"ProljetnaNabavka","ExecutorUri":"executor://MSTestAdapter/v2","Source":"C:\\Users\\LENOVO\\Source\\Repos\\VVS-zadaca2\\Zadatak 2\\bin\\Debug\\net5.0\\fine-code-coverage\\build-output\\Zadatak 2.dll","CodeFilePath":null,"LineNumber":-1,"Properties":[{"Key":{"Id":"TestCase.ManagedType","Label":"ManagedType","Category":"","Description":"","Attributes":1,"ValueType":"System.String"},"Value":"Zadatak_2.TDD"},{"Key":{"Id":"TestCase.ManagedMethod","Label":"ManagedMethod","Category":"","Description":"","Attributes":1,"ValueType":"System.String"},"Value":"ProljetnaNabavka"},{"Key":{"Id":"MSTestDiscoverer.TestClassName","Label":"ClassName","Category":"","Description":"","Attributes":1,"ValueType":"System.String"},"Value":"Zadatak_2.TDD"},{"Key":{"Id":"TestObject.Traits","Label":"Traits","Category":"","Description":"","Attributes":5,"ValueType":"System.Collections.Generic.KeyValuePair`2[[System.String],[System.String]][]"},"Value":[]}]},"Attachments":[],"Outcome":2,"ErrorMessage":"Test method Zadatak_2.TDD.ProljetnaNabavka threw exception: \r\nSystem.NotImplementedException: The method or operation is not implemented.","ErrorStackTrace":"    at Cvjecara.Cvjećara.IzvršiNabavku(String godišnjeDoba, String veličinaNarudžbe) in C:\\Users\\LENOVO\\Source\\Repos\\VVS-zadaca2\\Cvjecara\\Cvjećara.cs:line 104\r\n   at Zadatak_2.TDD.ProljetnaNabavka() in C:\\Users\\LENOVO\\Source\\Repos\\VVS-zadaca2\\Zadatak 2\\TDD.cs:line 47\r\n","DisplayName":null,"Messages":[],"ComputerName":null,"Duration":"00:00:00.0077189","StartTime":"2021-11-22T01:14:34.8395259+01:00","EndTime":"2021-11-22T01:14:34.848065+01:00","Properties":[{"Key":{"Id":"ExecutionId","Label":"ExecutionId","Category":"","Description":"","Attributes":1,"ValueType":"System.Guid"},"Value":"00000000-0000-0000-0000-000000000000"},{"Key":{"Id":"ParentExecId","Label":"ParentExecId","Category":"","Description":"","Attributes":1,"ValueType":"System.Guid"},"Value":"00000000-0000-0000-0000-000000000000"},{"Key":{"Id":"InnerResultsCount","Label":"InnerResultsCount","Category":"","Description":"","Attributes":1,"ValueType":"System.Int32"},"Value":0}]},{"TestCase":{"Id":"8891ef0f-da64-c2a4-4354-33fdbaef8344","FullyQualifiedName":"Zadatak_2.TDD.JesenjaNabavka","DisplayName":"JesenjaNabavka","ExecutorUri":"executor://MSTestAdapter/v2","Source":"C:\\Users\\LENOVO\\Source\\Repos\\VVS-zadaca2\\Zadatak 2\\bin\\Debug\\net5.0\\fine-code-coverage\\build-output\\Zadatak 2.dll","CodeFilePath":null,"LineNumber":-1,"Properties":[{"Key":{"Id":"TestCase.ManagedType","Label":"ManagedType","Category":"","Description":"","Attributes":1,"ValueType":"System.String"},"Value":"Zadatak_2.TDD"},{"Key":{"Id":"TestCase.ManagedMethod","Label":"ManagedMethod","Category":"","Description":"","Attributes":1,"ValueType":"System.String"},"Value":"JesenjaNabavka"},{"Key":{"Id":"MSTestDiscoverer.TestClassName","Label":"ClassName","Category":"","Description":"","Attributes":1,"ValueType":"System.String"},"Value":"Zadatak_2.TDD"},{"Key":{"Id":"TestObject.Traits","Label":"Traits","Category":"","Description":"","Attributes":5,"ValueType":"System.Collections.Generic.KeyValuePair`2[[System.String],[System.String]][]"},"Value":[]}]},"Attachments":[],"Outcome":2,"ErrorMessage":"Test method Zadatak_2.TDD.JesenjaNabavka threw exception: \r\nSystem.NotImplementedException: The method or operation is not implemented.","ErrorStackTrace":"    at Cvjecara.Cvjećara.IzvršiNabavku(String godišnjeDoba, String veličinaNarudžbe) in C:\\Users\\LENOVO\\Source\\Repos\\VVS-zadaca2\\Cvjecara\\Cvjećara.cs:line 104\r\n   at Zadatak_2.TDD.JesenjaNabavka() in C:\\Users\\LENOVO\\Source\\Repos\\VVS-zadaca2\\Zadatak 2\\TDD.cs:line 73\r\n","DisplayName":null,"Messages":[],"ComputerName":null,"Duration":"00:00:00.0038839","StartTime":"2021-11-22T01:14:34.8544357+01:00","EndTime":"2021-11-22T01:14:34.8589924+01:00","Properties":[{"Key":{"Id":"ExecutionId","Label":"ExecutionId","Category":"","Description":"","Attributes":1,"ValueType":"System.Guid"},"Value":"00000000-0000-0000-0000-000000000000"},{"Key":{"Id":"ParentExecId","Label":"ParentExecId","Category":"","Description":"","Attributes":1,"ValueType":"System.Guid"},"Value":"00000000-0000-0000-0000-000000000000"},{"Key":{"Id":"InnerResultsCount","Label":"InnerResultsCount","Category":"","Description":"","Attributes":1,"ValueType":"System.Int32"},"Value":0}]},{"TestCase":{"Id":"3ff34b18-7204-1007-cf66-18bf2ac4d566","FullyQualifiedName":"Zadatak_2.TDD.NedozvoljenaNabavkaLjetiIliZimi","DisplayName":"NedozvoljenaNabavkaLjetiIliZimi","ExecutorUri":"executor://MSTestAdapter/v2","Source":"C:\\Users\\LENOVO\\Source\\Repos\\VVS-zadaca2\\Zadatak 2\\bin\\Debug\\net5.0\\fine-code-coverage\\build-output\\Zadatak 2.dll","CodeFilePath":null,"LineNumber":-1,"Properties":[{"Key":{"Id":"TestCase.ManagedType","Label":"ManagedType","Category":"","Description":"","Attributes":1,"ValueType":"System.String"},"Value":"Zadatak_2.TDD"},{"Key":{"Id":"TestCase.ManagedMethod","Label":"ManagedMethod","Category":"","Description":"","Attributes":1,"ValueType":"System.String"},"Value":"NedozvoljenaNabavkaLjetiIliZimi"},{"Key":{"Id":"MSTestDiscoverer.TestClassName","Label":"ClassName","Category":"","Description":"","Attributes":1,"ValueType":"System.String"},"Value":"Zadatak_2.TDD"},{"Key":{"Id":"TestObject.Traits","Label":"Traits","Category":"","Description":"","Attributes":5,"ValueType":"System.Collections.Generic.KeyValuePair`2[[System.String],[System.String]][]"},"Value":[]}]},"Attachments":[],"Outcome":2,"ErrorMessage":"Test method threw exception System.NotImplementedException, but exception System.ArgumentException was expected. Exception message: System.NotImplementedException: The method or operation is not implemented.","ErrorStackTrace":"   at Cvjecara.Cvjećara.IzvršiNabavku(String godišnjeDoba, String veličinaNarudžbe) in C:\\Users\\LENOVO\\Source\\Repos\\VVS-zadaca2\\Cvjecara\\Cvjećara.cs:line 104\r\n   at Zadatak_2.TDD.NedozvoljenaNabavkaLjetiIliZimi() in C:\\Users\\LENOVO\\Source\\Repos\\VVS-zadaca2\\Zadatak 2\\TDD.cs:line 98\r\n","DisplayName":null,"Messages":[],"ComputerName":null,"Duration":"00:00:00.0069251","StartTime":"2021-11-22T01:14:34.8743268+01:00","EndTime":"2021-11-22T01:14:34.8821878+01:00","Properties":[{"Key":{"Id":"ExecutionId","Label":"ExecutionId","Category":"","Description":"","Attributes":1,"ValueType":"System.Guid"},"Value":"00000000-0000-0000-0000-000000000000"},{"Key":{"Id":"ParentExecId","Label":"ParentExecId","Category":"","Description":"","Attributes":1,"ValueType":"System.Guid"},"Value":"00000000-0000-0000-0000-000000000000"},{"Key":{"Id":"InnerResultsCount","Label":"InnerResultsCount","Category":"","Description":"","Attributes":1,"ValueType":"System.Int32"},"Value":0}]},{"TestCase":{"Id":"40ed29d5-0464-2bd3-28a1-5980313a2e0b","FullyQualifiedName":"Zadatak_2.TDD.NedozvoljeneSrednjeNabavke","DisplayName":"NedozvoljeneSrednjeNabavke","ExecutorUri":"executor://MSTestAdapter/v2","Source":"C:\\Users\\LENOVO\\Source\\Repos\\VVS-zadaca2\\Zadatak 2\\bin\\Debug\\net5.0\\fine-code-coverage\\build-output\\Zadatak 2.dll","CodeFilePath":null,"LineNumber":-1,"Properties":[{"Key":{"Id":"TestCase.ManagedType","Label":"ManagedType","Category":"","Description":"","Attributes":1,"ValueType":"System.String"},"Value":"Zadatak_2.TDD"},{"Key":{"Id":"TestCase.ManagedMethod","Label":"ManagedMethod","Category":"","Description":"","Attributes":1,"ValueType":"System.String"},"Value":"NedozvoljeneSrednjeNabavke"},{"Key":{"Id":"MSTestDiscoverer.TestClassName","Label":"ClassName","Category":"","Description":"","Attributes":1,"ValueType":"System.String"},"Value":"Zadatak_2.TDD"},{"Key":{"Id":"TestObject.Traits","Label":"Traits","Category":"","Description":"","Attributes":5,"ValueType":"System.Collections.Generic.KeyValuePair`2[[System.String],[System.String]][]"},"Value":[]}]},"Attachments":[],"Outcome":2,"ErrorMessage":"Test method threw exception System.NotImplementedException, but exception System.ArgumentException was expected. Exception message: System.NotImplementedException: The method or operation is not implemented.","ErrorStackTrace":"   at Cvjecara.Cvjećara.IzvršiNabavku(String godišnjeDoba, String veličinaNarudžbe) in C:\\Users\\LENOVO\\Source\\Repos\\VVS-zadaca2\\Cvjecara\\Cvjećara.cs:line 104\r\n   at Zadatak_2.TDD.NedozvoljeneSrednjeNabavke() in C:\\Users\\LENOVO\\Source\\Repos\\VVS-zadaca2\\Zadatak 2\\TDD.cs:line 115\r\n","DisplayName":null,"Messages":[],"ComputerName":null,"Duration":"00:00:00.0023033","StartTime":"2021-11-22T01:14:34.8889966+01:00","EndTime":"2021-11-22T01:14:34.8920708+01:00","Properties":[{"Key":{"Id":"ExecutionId","Label":"ExecutionId","Category":"","Description":"","Attributes":1,"ValueType":"System.Guid"},"Value":"00000000-0000-0000-0000-000000000000"},{"Key":{"Id":"ParentExecId","Label":"ParentExecId","Category":"","Description":"","Attributes":1,"ValueType":"System.Guid"},"Value":"00000000-0000-0000-0000-000000000000"},{"Key":{"Id":"InnerResultsCount","Label":"InnerResultsCount","Category":"","Description":"","Attributes":1,"ValueType":"System.Int32"},"Value":0}]}],"TestRunStatistics":{"ExecutedTests":5,"Stats":{"Failed":5}},"ActiveTests":[]},"RunAttachments":[],"ExecutorUris":["executor://mstestadapter/v2"]}}
TpTrace Verbose: 0 : 11860, 4, 2021/11/22, 01:14:35.002, 7987733832668, testhost.dll, BaseRunTests.RunTests: Run is complete.
TpTrace Verbose: 0 : 11860, 5, 2021/11/22, 01:14:35.005, 7987733868462, testhost.dll, TcpClientExtensions.MessageLoopAsync: NotifyDataAvailable remoteEndPoint: [::ffff:127.0.0.1]:51210 localEndPoint: [::ffff:127.0.0.1]:51211
TpTrace Information: 0 : 11860, 5, 2021/11/22, 01:14:35.006, 7987733871196, testhost.dll, TestRequestHandler.ProcessRequests: received message: (TestSession.Terminate) -> null
TpTrace Information: 0 : 11860, 5, 2021/11/22, 01:14:35.006, 7987733872163, testhost.dll, Session End message received from server. Closing the connection.
TpTrace Information: 0 : 11860, 5, 2021/11/22, 01:14:35.007, 7987733879773, testhost.dll, SocketClient.Stop: Stop communication from server endpoint: 127.0.0.1:051210
TpTrace Information: 0 : 11860, 5, 2021/11/22, 01:14:35.007, 7987733881237, testhost.dll, SocketClient: Stop: Cancellation requested. Stopping message loop.
TpTrace Verbose: 0 : 11860, 5, 2021/11/22, 01:14:35.007, 7987733885396, testhost.dll, LengthPrefixCommunicationChannel.Dispose: Dispose reader and writer.
TpTrace Information: 0 : 11860, 5, 2021/11/22, 01:14:35.007, 7987733886789, testhost.dll, Closing the connection !
TpTrace Information: 0 : 11860, 5, 2021/11/22, 01:14:35.008, 7987733892741, testhost.dll, SocketClient.PrivateStop: Stop communication from server endpoint: 127.0.0.1:051210, error:
TpTrace Information: 0 : 11860, 1, 2021/11/22, 01:14:35.008, 7987733896257, testhost.dll, Closing the connection !
TpTrace Verbose: 0 : 11860, 5, 2021/11/22, 01:14:35.008, 7987733896399, testhost.dll, LengthPrefixCommunicationChannel.Dispose: Dispose reader and writer.
TpTrace Information: 0 : 11860, 1, 2021/11/22, 01:14:35.008, 7987733898202, testhost.dll, SocketClient.Stop: Stop communication from server endpoint: 127.0.0.1:051210
TpTrace Verbose: 0 : 11860, 5, 2021/11/22, 01:14:35.008, 7987733899077, testhost.dll, TcpClientExtensions.MessageLoopAsync: exiting MessageLoopAsync remoteEndPoint: [::ffff:127.0.0.1]:51210 localEndPoint: [::ffff:127.0.0.1]:51211
TpTrace Verbose: 0 : 11860, 1, 2021/11/22, 01:14:35.009, 7987733900240, testhost.dll, LengthPrefixCommunicationChannel.Dispose: Dispose reader and writer.
TpTrace Information: 0 : 11860, 1, 2021/11/22, 01:14:35.009, 7987733903848, testhost.dll, Testhost process exiting.
