TpTrace Verbose: 0 : 12200, 1, 2021/11/23, 23:04:47.940, 1058937888458, testhost.dll, Version: 16.9.4
TpTrace Information: 0 : 12200, 1, 2021/11/23, 23:04:47.947, 1058937932227, testhost.dll, DefaultEngineInvoker.Invoke: Testhost process started with args :[--port, 58194],[--endpoint, 127.0.0.1:058194],[--role, client],[--parentprocessid, 16000],[--diag, C:\Users\azra\source\repos\aahmic3\VVS-zadaca2\Zadatak 2\bin\Debug\net5.0\fine-code-coverage\coverage-tool-output\diagnostics.host.21-11-23_23-04-47_72510_5.log],[--tracelevel, 4],[--datacollectionport, 58193],[--telemetryoptedin, false]
TpTrace Information: 0 : 12200, 1, 2021/11/23, 23:04:47.949, 1058937951631, testhost.dll, Setting up debug trace listener.
TpTrace Verbose: 0 : 12200, 1, 2021/11/23, 23:04:47.949, 1058937953214, testhost.dll, TestPlatformTraceListener.Setup: Replacing listener 0 with TestHostTraceListener.
TpTrace Verbose: 0 : 12200, 1, 2021/11/23, 23:04:47.950, 1058937953696, testhost.dll, TestPlatformTraceListener.Setup: Added test platform trace listener.
TpTrace Information: 0 : 12200, 1, 2021/11/23, 23:04:47.950, 1058937957301, testhost.dll, DefaultEngineInvoker.SetParentProcessExitCallback: Monitoring parent process with id: '16000'
TpTrace Information: 0 : 12200, 1, 2021/11/23, 23:04:47.958, 1058938036935, testhost.dll, DefaultEngineInvoker.GetConnectionInfo: Initialize communication on endpoint address: '127.0.0.1:058194'
TpTrace Information: 0 : 12200, 1, 2021/11/23, 23:04:47.974, 1058938194503, testhost.dll, SocketClient.Start: connecting to server endpoint: 127.0.0.1:058194
TpTrace Information: 0 : 12200, 1, 2021/11/23, 23:04:47.980, 1058938260302, testhost.dll, DefaultEngineInvoker.ConnectToDatacollector: Connecting to datacollector, port: 58193
TpTrace Information: 0 : 12200, 8, 2021/11/23, 23:04:47.981, 1058938269834, testhost.dll, SocketClient.OnServerConnected: connected to server endpoint: 127.0.0.1:058194
TpTrace Verbose: 0 : 12200, 8, 2021/11/23, 23:04:47.983, 1058938287809, testhost.dll, Connected to server, and starting MessageLoopAsync
TpTrace Information: 0 : 12200, 1, 2021/11/23, 23:04:47.983, 1058938288486, testhost.dll, Trying to connect to server on socket : 127.0.0.1:58193 
TpTrace Verbose: 0 : 12200, 1, 2021/11/23, 23:04:47.983, 1058938291174, testhost.dll, SocketCommunicationManager : SetupClientAsync : Attempting to connect to the server.
TpTrace Information: 0 : 12200, 9, 2021/11/23, 23:04:47.985, 1058938306838, testhost.dll, Connected to the server successfully 
TpTrace Information: 0 : 12200, 9, 2021/11/23, 23:04:47.985, 1058938308068, testhost.dll, Using the buffer size of 16384 bytes
TpTrace Information: 0 : 12200, 1, 2021/11/23, 23:04:47.986, 1058938313793, testhost.dll, DefaultEngineInvoker.Invoke: Start Request Processing.
TpTrace Verbose: 0 : 12200, 8, 2021/11/23, 23:04:47.986, 1058938315756, testhost.dll, TcpClientExtensions.MessageLoopAsync: Polling on remoteEndPoint: [::ffff:127.0.0.1]:58194 localEndPoint: [::ffff:127.0.0.1]:58195
TpTrace Verbose: 0 : 12200, 8, 2021/11/23, 23:04:47.986, 1058938321703, testhost.dll, TcpClientExtensions.MessageLoopAsync: NotifyDataAvailable remoteEndPoint: [::ffff:127.0.0.1]:58194 localEndPoint: [::ffff:127.0.0.1]:58195
TpTrace Information: 0 : 12200, 11, 2021/11/23, 23:04:47.987, 1058938327291, testhost.dll, DefaultEngineInvoker.StartProcessingAsync: Connected to vstest.console, Starting process requests.
TpTrace Information: 0 : 12200, 8, 2021/11/23, 23:04:48.162, 1058940079798, testhost.dll, TestRequestHandler.ProcessRequests: received message: (ProtocolVersion) -> 5
TpTrace Verbose: 0 : 12200, 8, 2021/11/23, 23:04:48.187, 1058940333363, testhost.dll, TestRequestHandler.SendData:  sending data from testhost: {"Version":5,"MessageType":"TestSession.Message","Payload":{"MessageLevel":0,"Message":"Logging TestHost Diagnostics in file: C:\\Users\\azra\\source\\repos\\aahmic3\\VVS-zadaca2\\Zadatak 2\\bin\\Debug\\net5.0\\fine-code-coverage\\coverage-tool-output\\diagnostics.host.21-11-23_23-04-47_72510_5.log"}}
TpTrace Verbose: 0 : 12200, 8, 2021/11/23, 23:04:48.188, 1058940335605, testhost.dll, TcpClientExtensions.MessageLoopAsync: Polling on remoteEndPoint: [::ffff:127.0.0.1]:58194 localEndPoint: [::ffff:127.0.0.1]:58195
TpTrace Verbose: 0 : 12200, 8, 2021/11/23, 23:04:48.188, 1058940336923, testhost.dll, TcpClientExtensions.MessageLoopAsync: NotifyDataAvailable remoteEndPoint: [::ffff:127.0.0.1]:58194 localEndPoint: [::ffff:127.0.0.1]:58195
TpTrace Information: 0 : 12200, 8, 2021/11/23, 23:04:48.192, 1058940376368, testhost.dll, TestRequestHandler.ProcessRequests: received message: (TestExecution.Initialize) -> [
  "C:\\Users\\azra\\source\\repos\\aahmic3\\VVS-zadaca2\\Zadatak 2\\bin\\Debug\\net5.0\\fine-code-coverage\\build-output\\Microsoft.VisualStudio.TestPlatform.MSTest.TestAdapter.dll"
]
TpTrace Information: 0 : 12200, 8, 2021/11/23, 23:04:48.192, 1058940377711, testhost.dll, Execution Session Initialize.
TpTrace Verbose: 0 : 12200, 8, 2021/11/23, 23:04:48.198, 1058940435899, testhost.dll, TcpClientExtensions.MessageLoopAsync: Polling on remoteEndPoint: [::ffff:127.0.0.1]:58194 localEndPoint: [::ffff:127.0.0.1]:58195
TpTrace Verbose: 0 : 12200, 8, 2021/11/23, 23:04:48.198, 1058940436954, testhost.dll, TcpClientExtensions.MessageLoopAsync: NotifyDataAvailable remoteEndPoint: [::ffff:127.0.0.1]:58194 localEndPoint: [::ffff:127.0.0.1]:58195
TpTrace Verbose: 0 : 12200, 4, 2021/11/23, 23:04:48.200, 1058940463583, testhost.dll, TestExecutorService: Loading the extensions
TpTrace Information: 0 : 12200, 8, 2021/11/23, 23:04:48.201, 1058940470542, testhost.dll, TestRequestHandler.ProcessRequests: received message: (TestExecution.StartWithSources) -> {
  "AdapterSourceMap": {
    "_none_": [
      "C:\\Users\\azra\\source\\repos\\aahmic3\\VVS-zadaca2\\Zadatak 2\\bin\\Debug\\net5.0\\fine-code-coverage\\build-output\\Zadatak 2.dll"
    ]
  },
  "RunSettings": "<RunSettings>\r\n  <RunConfiguration>\r\n    <ResultsDirectory>C:\\Users\\azra\\source\\repos\\aahmic3\\VVS-zadaca2\\Zadatak 2\\bin\\Debug\\net5.0\\fine-code-coverage\\coverage-tool-output</ResultsDirectory>\r\n    <TargetPlatform>X64</TargetPlatform>\r\n    <TargetFrameworkVersion>.NETCoreApp,Version=v5.0</TargetFrameworkVersion>\r\n    <DesignMode>False</DesignMode>\r\n    <CollectSourceInformation>False</CollectSourceInformation>\r\n  </RunConfiguration>\r\n  <LoggerRunSettings>\r\n    <Loggers>\r\n      <Logger friendlyName=\"blame\" enabled=\"True\" />\r\n      <Logger friendlyName=\"Console\" uri=\"logger://microsoft/TestPlatform/ConsoleLogger/v1\" assemblyQualifiedName=\"Microsoft.VisualStudio.TestPlatform.CommandLine.Internal.ConsoleLogger, vstest.console, Version=15.0.0.0, Culture=neutral, PublicKeyToken=b03f5f7f11d50a3a\" codeBase=\"C:\\Program Files\\dotnet\\sdk\\6.0.100\\vstest.console.dll\" enabled=\"True\" />\r\n    </Loggers>\r\n  </LoggerRunSettings>\r\n  <DataCollectionRunSettings>\r\n    <DataCollectors>\r\n      <DataCollector friendlyName=\"blame\" enabled=\"True\">\r\n        <Configuration>\r\n          <ResultsDirectory>C:\\Users\\azra\\source\\repos\\aahmic3\\VVS-zadaca2\\Zadatak 2\\bin\\Debug\\net5.0\\fine-code-coverage\\coverage-tool-output</ResultsDirectory>\r\n        </Configuration>\r\n      </DataCollector>\r\n    </DataCollectors>\r\n  </DataCollectionRunSettings>\r\n</RunSettings>",
  "TestExecutionContext": {
    "FrequencyOfRunStatsChangeEvent": 10,
    "RunStatsChangeEventTimeout": "00:00:01.5000000",
    "InIsolation": false,
    "KeepAlive": false,
    "AreTestCaseLevelEventsRequired": false,
    "IsDebug": false,
    "TestCaseFilter": null,
    "FilterOptions": null
  },
  "Package": null
}
TpTrace Information: 0 : 12200, 8, 2021/11/23, 23:04:48.202, 1058940473877, testhost.dll, Execution started.
TpTrace Verbose: 0 : 12200, 4, 2021/11/23, 23:04:48.203, 1058940487997, testhost.dll, TestPluginCache.DiscoverTestExtensions: finding test extensions in assemblies ends with: TestAdapter.dll TPluginInfo: Microsoft.VisualStudio.TestPlatform.Common.ExtensionFramework.Utilities.TestExecutorPluginInformation TExtension: Microsoft.VisualStudio.TestPlatform.ObjectModel.Adapter.ITestExecutor
TpTrace Verbose: 0 : 12200, 4, 2021/11/23, 23:04:48.204, 1058940500412, testhost.dll, TestPluginCache.GetExtensionPaths: Filtered extension paths: 
TpTrace Verbose: 0 : 12200, 4, 2021/11/23, 23:04:48.205, 1058940505235, testhost.dll, TestPluginCache.GetExtensionPaths: Added default extension paths: C:\Users\azra\source\repos\aahmic3\VVS-zadaca2\Zadatak 2\bin\Debug\net5.0\fine-code-coverage\build-output\Microsoft.VisualStudio.TestPlatform.MSTest.TestAdapter.dll
TpTrace Verbose: 0 : 12200, 4, 2021/11/23, 23:04:48.205, 1058940506096, testhost.dll, TestPluginCache.GetExtensionPaths: Added unfilterableExtensionPaths: 
TpTrace Information: 0 : 12200, 4, 2021/11/23, 23:04:48.207, 1058940532712, testhost.dll, AssemblyResolver.ctor: Creating AssemblyResolver with searchDirectories C:\Users\azra\source\repos\aahmic3\VVS-zadaca2\Zadatak 2\bin\Debug\net5.0\fine-code-coverage\build-output
TpTrace Verbose: 0 : 12200, 4, 2021/11/23, 23:04:48.209, 1058940549638, testhost.dll, TestPluginCache.DiscoverTestExtensions: Discovering the extensions using extension path.
TpTrace Verbose: 0 : 12200, 4, 2021/11/23, 23:04:48.209, 1058940550812, testhost.dll, TestPluginCache.GetExtensionPaths: Filtered extension paths: 
TpTrace Verbose: 0 : 12200, 4, 2021/11/23, 23:04:48.209, 1058940551211, testhost.dll, TestPluginCache.GetExtensionPaths: Added default extension paths: C:\Users\azra\source\repos\aahmic3\VVS-zadaca2\Zadatak 2\bin\Debug\net5.0\fine-code-coverage\build-output\Microsoft.VisualStudio.TestPlatform.MSTest.TestAdapter.dll
TpTrace Verbose: 0 : 12200, 4, 2021/11/23, 23:04:48.209, 1058940551444, testhost.dll, TestPluginCache.GetExtensionPaths: Added unfilterableExtensionPaths: 
TpTrace Verbose: 0 : 12200, 4, 2021/11/23, 23:04:48.209, 1058940551929, testhost.dll, TestPluginCache.DiscoverTestExtensions: Discovering the extensions using allExtensionPaths: C:\Users\azra\source\repos\aahmic3\VVS-zadaca2\Zadatak 2\bin\Debug\net5.0\fine-code-coverage\build-output\Microsoft.VisualStudio.TestPlatform.MSTest.TestAdapter.dll
TpTrace Information: 0 : 12200, 4, 2021/11/23, 23:04:48.210, 1058940559696, testhost.dll, AssemblyResolver.AddSearchDirectories: Adding more searchDirectories C:\Users\azra\source\repos\aahmic3\VVS-zadaca2\Zadatak 2\bin\Debug\net5.0\fine-code-coverage\build-output
TpTrace Information: 0 : 12200, 4, 2021/11/23, 23:04:48.214, 1058940599076, testhost.dll, AssemblyResolver.OnResolve: Microsoft.VisualStudio.TestPlatform.MSTest.TestAdapter: Resolving assembly.
TpTrace Information: 0 : 12200, 4, 2021/11/23, 23:04:48.216, 1058940617102, testhost.dll, AssemblyResolver.OnResolve: Resolved assembly: Microsoft.VisualStudio.TestPlatform.MSTest.TestAdapter, from path: C:\Users\azra\source\repos\aahmic3\VVS-zadaca2\Zadatak 2\bin\Debug\net5.0\fine-code-coverage\build-output\Microsoft.VisualStudio.TestPlatform.MSTest.TestAdapter.dll
TpTrace Verbose: 0 : 12200, 4, 2021/11/23, 23:04:48.222, 1058940674067, testhost.dll, TestPluginCache: Discovered the extensions using extension path ''.
TpTrace Verbose: 0 : 12200, 4, 2021/11/23, 23:04:48.222, 1058940678622, testhost.dll, TestPluginCache: Discoverers are ''.
TpTrace Verbose: 0 : 12200, 4, 2021/11/23, 23:04:48.222, 1058940679247, testhost.dll, TestPluginCache: Executors are 'executor://MSTestAdapter/v2'.
TpTrace Verbose: 0 : 12200, 4, 2021/11/23, 23:04:48.222, 1058940679751, testhost.dll, TestPluginCache: Executors2 are ''.
TpTrace Verbose: 0 : 12200, 4, 2021/11/23, 23:04:48.222, 1058940680222, testhost.dll, TestPluginCache: Setting providers are ''.
TpTrace Verbose: 0 : 12200, 4, 2021/11/23, 23:04:48.222, 1058940680711, testhost.dll, TestPluginCache: Loggers are ''.
TpTrace Verbose: 0 : 12200, 4, 2021/11/23, 23:04:48.225, 1058940710287, testhost.dll, TestPluginCache.DiscoverTestExtensions: finding test extensions in assemblies ends with: TestAdapter.dll TPluginInfo: Microsoft.VisualStudio.TestPlatform.Common.ExtensionFramework.Utilities.TestExecutorPluginInformation2 TExtension: Microsoft.VisualStudio.TestPlatform.ObjectModel.Adapter.ITestExecutor2
TpTrace Verbose: 0 : 12200, 4, 2021/11/23, 23:04:48.226, 1058940715259, testhost.dll, TestPluginCache.GetExtensionPaths: Filtered extension paths: 
TpTrace Verbose: 0 : 12200, 4, 2021/11/23, 23:04:48.226, 1058940715924, testhost.dll, TestPluginCache.GetExtensionPaths: Added default extension paths: C:\Users\azra\source\repos\aahmic3\VVS-zadaca2\Zadatak 2\bin\Debug\net5.0\fine-code-coverage\build-output\Microsoft.VisualStudio.TestPlatform.MSTest.TestAdapter.dll
TpTrace Verbose: 0 : 12200, 4, 2021/11/23, 23:04:48.226, 1058940716252, testhost.dll, TestPluginCache.GetExtensionPaths: Added unfilterableExtensionPaths: 
TpTrace Information: 0 : 12200, 4, 2021/11/23, 23:04:48.226, 1058940717928, testhost.dll, AssemblyResolver.AddSearchDirectories: Adding more searchDirectories C:\Users\azra\source\repos\aahmic3\VVS-zadaca2\Zadatak 2\bin\Debug\net5.0\fine-code-coverage\build-output
TpTrace Verbose: 0 : 12200, 4, 2021/11/23, 23:04:48.226, 1058940718365, testhost.dll, TestPluginCache.DiscoverTestExtensions: Discovering the extensions using extension path.
TpTrace Verbose: 0 : 12200, 4, 2021/11/23, 23:04:48.226, 1058940718672, testhost.dll, TestPluginCache.GetExtensionPaths: Filtered extension paths: 
TpTrace Verbose: 0 : 12200, 4, 2021/11/23, 23:04:48.226, 1058940718872, testhost.dll, TestPluginCache.GetExtensionPaths: Added default extension paths: C:\Users\azra\source\repos\aahmic3\VVS-zadaca2\Zadatak 2\bin\Debug\net5.0\fine-code-coverage\build-output\Microsoft.VisualStudio.TestPlatform.MSTest.TestAdapter.dll
TpTrace Verbose: 0 : 12200, 4, 2021/11/23, 23:04:48.226, 1058940719062, testhost.dll, TestPluginCache.GetExtensionPaths: Added unfilterableExtensionPaths: 
TpTrace Verbose: 0 : 12200, 4, 2021/11/23, 23:04:48.226, 1058940719266, testhost.dll, TestPluginCache.DiscoverTestExtensions: Discovering the extensions using allExtensionPaths: C:\Users\azra\source\repos\aahmic3\VVS-zadaca2\Zadatak 2\bin\Debug\net5.0\fine-code-coverage\build-output\Microsoft.VisualStudio.TestPlatform.MSTest.TestAdapter.dll
TpTrace Information: 0 : 12200, 4, 2021/11/23, 23:04:48.226, 1058940719618, testhost.dll, AssemblyResolver.AddSearchDirectories: Adding more searchDirectories C:\Users\azra\source\repos\aahmic3\VVS-zadaca2\Zadatak 2\bin\Debug\net5.0\fine-code-coverage\build-output
TpTrace Verbose: 0 : 12200, 4, 2021/11/23, 23:04:48.226, 1058940721694, testhost.dll, TestPluginCache: Discovered the extensions using extension path ''.
TpTrace Verbose: 0 : 12200, 4, 2021/11/23, 23:04:48.226, 1058940722082, testhost.dll, TestPluginCache: Discoverers are ''.
TpTrace Verbose: 0 : 12200, 4, 2021/11/23, 23:04:48.226, 1058940722402, testhost.dll, TestPluginCache: Executors are 'executor://MSTestAdapter/v2'.
TpTrace Verbose: 0 : 12200, 4, 2021/11/23, 23:04:48.226, 1058940722923, testhost.dll, TestPluginCache: Executors2 are ''.
TpTrace Verbose: 0 : 12200, 4, 2021/11/23, 23:04:48.226, 1058940723223, testhost.dll, TestPluginCache: Setting providers are ''.
TpTrace Verbose: 0 : 12200, 4, 2021/11/23, 23:04:48.226, 1058940723426, testhost.dll, TestPluginCache: Loggers are ''.
TpTrace Verbose: 0 : 12200, 8, 2021/11/23, 23:04:48.230, 1058940761835, testhost.dll, TcpClientExtensions.MessageLoopAsync: Polling on remoteEndPoint: [::ffff:127.0.0.1]:58194 localEndPoint: [::ffff:127.0.0.1]:58195
TpTrace Information: 0 : 12200, 4, 2021/11/23, 23:04:48.231, 1058940767899, testhost.dll, TestPluginManager.CreateTestExtension: Attempting to load test extension: Microsoft.VisualStudio.TestPlatform.MSTest.TestAdapter.MSTestExecutor
TpTrace Verbose: 0 : 12200, 4, 2021/11/23, 23:04:48.238, 1058940835412, testhost.dll, TestExecutorExtensionManager: Loading executor Microsoft.VisualStudio.TestPlatform.MSTest.TestAdapter.MSTestExecutor
TpTrace Verbose: 0 : 12200, 4, 2021/11/23, 23:04:48.238, 1058940836441, testhost.dll, TestExecutorService: Loaded the executors
TpTrace Verbose: 0 : 12200, 4, 2021/11/23, 23:04:48.239, 1058940849090, testhost.dll, TestPluginCache.DiscoverTestExtensions: finding test extensions in assemblies ends with: TestAdapter.dll TPluginInfo: Microsoft.VisualStudio.TestPlatform.Common.ExtensionFramework.Utilities.TestSettingsProviderPluginInformation TExtension: Microsoft.VisualStudio.TestPlatform.ObjectModel.Adapter.ISettingsProvider
TpTrace Verbose: 0 : 12200, 4, 2021/11/23, 23:04:48.239, 1058940851733, testhost.dll, TestPluginCache.GetExtensionPaths: Filtered extension paths: 
TpTrace Verbose: 0 : 12200, 4, 2021/11/23, 23:04:48.239, 1058940852242, testhost.dll, TestPluginCache.GetExtensionPaths: Added default extension paths: C:\Users\azra\source\repos\aahmic3\VVS-zadaca2\Zadatak 2\bin\Debug\net5.0\fine-code-coverage\build-output\Microsoft.VisualStudio.TestPlatform.MSTest.TestAdapter.dll
TpTrace Verbose: 0 : 12200, 4, 2021/11/23, 23:04:48.239, 1058940852764, testhost.dll, TestPluginCache.GetExtensionPaths: Added unfilterableExtensionPaths: 
TpTrace Information: 0 : 12200, 4, 2021/11/23, 23:04:48.240, 1058940854301, testhost.dll, AssemblyResolver.AddSearchDirectories: Adding more searchDirectories C:\Users\azra\source\repos\aahmic3\VVS-zadaca2\Zadatak 2\bin\Debug\net5.0\fine-code-coverage\build-output
TpTrace Verbose: 0 : 12200, 4, 2021/11/23, 23:04:48.240, 1058940854762, testhost.dll, TestPluginCache.DiscoverTestExtensions: Discovering the extensions using extension path.
TpTrace Verbose: 0 : 12200, 4, 2021/11/23, 23:04:48.240, 1058940855337, testhost.dll, TestPluginCache.GetExtensionPaths: Filtered extension paths: 
TpTrace Verbose: 0 : 12200, 4, 2021/11/23, 23:04:48.240, 1058940855602, testhost.dll, TestPluginCache.GetExtensionPaths: Added default extension paths: C:\Users\azra\source\repos\aahmic3\VVS-zadaca2\Zadatak 2\bin\Debug\net5.0\fine-code-coverage\build-output\Microsoft.VisualStudio.TestPlatform.MSTest.TestAdapter.dll
TpTrace Verbose: 0 : 12200, 4, 2021/11/23, 23:04:48.240, 1058940855861, testhost.dll, TestPluginCache.GetExtensionPaths: Added unfilterableExtensionPaths: 
TpTrace Verbose: 0 : 12200, 4, 2021/11/23, 23:04:48.240, 1058940856140, testhost.dll, TestPluginCache.DiscoverTestExtensions: Discovering the extensions using allExtensionPaths: C:\Users\azra\source\repos\aahmic3\VVS-zadaca2\Zadatak 2\bin\Debug\net5.0\fine-code-coverage\build-output\Microsoft.VisualStudio.TestPlatform.MSTest.TestAdapter.dll
TpTrace Information: 0 : 12200, 4, 2021/11/23, 23:04:48.240, 1058940856598, testhost.dll, AssemblyResolver.AddSearchDirectories: Adding more searchDirectories C:\Users\azra\source\repos\aahmic3\VVS-zadaca2\Zadatak 2\bin\Debug\net5.0\fine-code-coverage\build-output
TpTrace Verbose: 0 : 12200, 4, 2021/11/23, 23:04:48.240, 1058940859283, testhost.dll, TestPluginCache: Discovered the extensions using extension path ''.
TpTrace Verbose: 0 : 12200, 4, 2021/11/23, 23:04:48.240, 1058940859833, testhost.dll, TestPluginCache: Discoverers are ''.
TpTrace Verbose: 0 : 12200, 4, 2021/11/23, 23:04:48.240, 1058940860114, testhost.dll, TestPluginCache: Executors are 'executor://MSTestAdapter/v2'.
TpTrace Verbose: 0 : 12200, 4, 2021/11/23, 23:04:48.240, 1058940860374, testhost.dll, TestPluginCache: Executors2 are ''.
TpTrace Verbose: 0 : 12200, 4, 2021/11/23, 23:04:48.240, 1058940860822, testhost.dll, TestPluginCache: Setting providers are ''.
TpTrace Verbose: 0 : 12200, 4, 2021/11/23, 23:04:48.240, 1058940861093, testhost.dll, TestPluginCache: Loggers are ''.
TpTrace Verbose: 0 : 12200, 4, 2021/11/23, 23:04:48.241, 1058940871745, testhost.dll, TestExecutorService: Loaded the settings providers
TpTrace Information: 0 : 12200, 4, 2021/11/23, 23:04:48.241, 1058940872495, testhost.dll, TestExecutorService: Loaded the extensions
TpTrace Information: 0 : 12200, 4, 2021/11/23, 23:04:48.313, 1058941587378, testhost.dll, TestDiscoveryManager: Discovering tests from sources C:\Users\azra\source\repos\aahmic3\VVS-zadaca2\Zadatak 2\bin\Debug\net5.0\fine-code-coverage\build-output\Zadatak 2.dll
TpTrace Verbose: 0 : 12200, 4, 2021/11/23, 23:04:48.315, 1058941604901, testhost.dll, TestPluginCache.DiscoverTestExtensions: finding test extensions in assemblies ends with: TestAdapter.dll TPluginInfo: Microsoft.VisualStudio.TestPlatform.Common.ExtensionFramework.Utilities.TestDiscovererPluginInformation TExtension: Microsoft.VisualStudio.TestPlatform.ObjectModel.Adapter.ITestDiscoverer
TpTrace Verbose: 0 : 12200, 4, 2021/11/23, 23:04:48.315, 1058941605849, testhost.dll, TestPluginCache.GetExtensionPaths: Filtered extension paths: 
TpTrace Verbose: 0 : 12200, 4, 2021/11/23, 23:04:48.315, 1058941606196, testhost.dll, TestPluginCache.GetExtensionPaths: Added default extension paths: C:\Users\azra\source\repos\aahmic3\VVS-zadaca2\Zadatak 2\bin\Debug\net5.0\fine-code-coverage\build-output\Microsoft.VisualStudio.TestPlatform.MSTest.TestAdapter.dll
TpTrace Verbose: 0 : 12200, 4, 2021/11/23, 23:04:48.315, 1058941606419, testhost.dll, TestPluginCache.GetExtensionPaths: Added unfilterableExtensionPaths: 
TpTrace Information: 0 : 12200, 4, 2021/11/23, 23:04:48.315, 1058941607572, testhost.dll, AssemblyResolver.AddSearchDirectories: Adding more searchDirectories C:\Users\azra\source\repos\aahmic3\VVS-zadaca2\Zadatak 2\bin\Debug\net5.0\fine-code-coverage\build-output
TpTrace Verbose: 0 : 12200, 4, 2021/11/23, 23:04:48.315, 1058941607926, testhost.dll, TestPluginCache.DiscoverTestExtensions: Discovering the extensions using extension path.
TpTrace Verbose: 0 : 12200, 4, 2021/11/23, 23:04:48.315, 1058941608143, testhost.dll, TestPluginCache.GetExtensionPaths: Filtered extension paths: 
TpTrace Verbose: 0 : 12200, 4, 2021/11/23, 23:04:48.315, 1058941608583, testhost.dll, TestPluginCache.GetExtensionPaths: Added default extension paths: C:\Users\azra\source\repos\aahmic3\VVS-zadaca2\Zadatak 2\bin\Debug\net5.0\fine-code-coverage\build-output\Microsoft.VisualStudio.TestPlatform.MSTest.TestAdapter.dll
TpTrace Verbose: 0 : 12200, 4, 2021/11/23, 23:04:48.315, 1058941608807, testhost.dll, TestPluginCache.GetExtensionPaths: Added unfilterableExtensionPaths: 
TpTrace Verbose: 0 : 12200, 4, 2021/11/23, 23:04:48.315, 1058941609012, testhost.dll, TestPluginCache.DiscoverTestExtensions: Discovering the extensions using allExtensionPaths: C:\Users\azra\source\repos\aahmic3\VVS-zadaca2\Zadatak 2\bin\Debug\net5.0\fine-code-coverage\build-output\Microsoft.VisualStudio.TestPlatform.MSTest.TestAdapter.dll
TpTrace Information: 0 : 12200, 4, 2021/11/23, 23:04:48.315, 1058941609306, testhost.dll, AssemblyResolver.AddSearchDirectories: Adding more searchDirectories C:\Users\azra\source\repos\aahmic3\VVS-zadaca2\Zadatak 2\bin\Debug\net5.0\fine-code-coverage\build-output
TpTrace Verbose: 0 : 12200, 4, 2021/11/23, 23:04:48.317, 1058941631333, testhost.dll, TestPluginCache: Discovered the extensions using extension path ''.
TpTrace Verbose: 0 : 12200, 4, 2021/11/23, 23:04:48.317, 1058941632188, testhost.dll, TestPluginCache: Discoverers are 'Microsoft.VisualStudio.TestPlatform.MSTest.TestAdapter.MSTestDiscoverer, Microsoft.VisualStudio.TestPlatform.MSTest.TestAdapter, Version=14.0.0.0, Culture=neutral, PublicKeyToken=b03f5f7f11d50a3a'.
TpTrace Verbose: 0 : 12200, 4, 2021/11/23, 23:04:48.317, 1058941632558, testhost.dll, TestPluginCache: Executors are 'executor://MSTestAdapter/v2'.
TpTrace Verbose: 0 : 12200, 4, 2021/11/23, 23:04:48.317, 1058941632776, testhost.dll, TestPluginCache: Executors2 are ''.
TpTrace Verbose: 0 : 12200, 4, 2021/11/23, 23:04:48.317, 1058941632967, testhost.dll, TestPluginCache: Setting providers are ''.
TpTrace Verbose: 0 : 12200, 4, 2021/11/23, 23:04:48.317, 1058941633152, testhost.dll, TestPluginCache: Loggers are ''.
TpTrace Verbose: 0 : 12200, 4, 2021/11/23, 23:04:48.322, 1058941676598, testhost.dll, BaseRunTests.RunTestInternalWithExecutors: Running tests for executor://MSTestAdapter/v2
TpTrace Information: 0 : 12200, 4, 2021/11/23, 23:04:48.322, 1058941680745, testhost.dll, AssemblyResolver.OnResolve: Microsoft.VisualStudio.TestPlatform.MSTestAdapter.PlatformServices.Interface: Resolving assembly.
TpTrace Information: 0 : 12200, 4, 2021/11/23, 23:04:48.323, 1058941686635, testhost.dll, AssemblyResolver.OnResolve: Resolved assembly: Microsoft.VisualStudio.TestPlatform.MSTestAdapter.PlatformServices.Interface, from path: C:\Users\azra\source\repos\aahmic3\VVS-zadaca2\Zadatak 2\bin\Debug\net5.0\fine-code-coverage\build-output\Microsoft.VisualStudio.TestPlatform.MSTestAdapter.PlatformServices.Interface.dll
TpTrace Information: 0 : 12200, 4, 2021/11/23, 23:04:48.324, 1058941697884, testhost.dll, AssemblyResolver.OnResolve: Microsoft.VisualStudio.TestPlatform.MSTestAdapter.PlatformServices: Resolving assembly.
TpTrace Information: 0 : 12200, 4, 2021/11/23, 23:04:48.325, 1058941710459, testhost.dll, AssemblyResolver.OnResolve: Resolved assembly: Microsoft.VisualStudio.TestPlatform.MSTestAdapter.PlatformServices, from path: C:\Users\azra\source\repos\aahmic3\VVS-zadaca2\Zadatak 2\bin\Debug\net5.0\fine-code-coverage\build-output\Microsoft.VisualStudio.TestPlatform.MSTestAdapter.PlatformServices.dll
TpTrace Information: 0 : 12200, 4, 2021/11/23, 23:04:48.326, 1058941714425, testhost.dll, MSTest - MSTestExecutor.RunTests: Running tests from sources.
TpTrace Information: 0 : 12200, 4, 2021/11/23, 23:04:48.328, 1058941739237, testhost.dll, MSTest - CollectSourceInformation value Found : False 
TpTrace Information: 0 : 12200, 4, 2021/11/23, 23:04:48.343, 1058941885500, testhost.dll, AssemblyResolver.OnResolve: Microsoft.TestPlatform.AdapterUtilities: Resolving assembly.
TpTrace Information: 0 : 12200, 4, 2021/11/23, 23:04:48.343, 1058941891279, testhost.dll, AssemblyResolver.OnResolve: Resolved assembly: Microsoft.TestPlatform.AdapterUtilities, from path: C:\Users\azra\source\repos\aahmic3\VVS-zadaca2\Zadatak 2\bin\Debug\net5.0\fine-code-coverage\build-output\Microsoft.TestPlatform.AdapterUtilities.dll
TpTrace Information: 0 : 12200, 4, 2021/11/23, 23:04:48.354, 1058941999399, testhost.dll, MSTest - MSTestDiscoverer: Found 5 tests from source C:\Users\azra\source\repos\aahmic3\VVS-zadaca2\Zadatak 2\bin\Debug\net5.0\fine-code-coverage\build-output\Zadatak 2.dll
TpTrace Information: 0 : 12200, 4, 2021/11/23, 23:04:48.366, 1058942118469, testhost.dll, AssemblyResolver.OnResolve: Microsoft.VisualStudio.TestPlatform.MSTestAdapter.PlatformServices.resources: Resolving assembly.
TpTrace Information: 0 : 12200, 4, 2021/11/23, 23:04:48.366, 1058942120590, testhost.dll, AssemblyResolver.OnResolve: Microsoft.VisualStudio.TestPlatform.MSTestAdapter.PlatformServices.resources: Failed to load assembly.
TpTrace Information: 0 : 12200, 4, 2021/11/23, 23:04:48.367, 1058942124281, testhost.dll, AssemblyResolver.OnResolve: Microsoft.VisualStudio.TestPlatform.MSTestAdapter.PlatformServices.resources: Resolving assembly.
TpTrace Information: 0 : 12200, 4, 2021/11/23, 23:04:48.367, 1058942124860, testhost.dll, AssemblyResolver.OnResolve: Microsoft.VisualStudio.TestPlatform.MSTestAdapter.PlatformServices.resources: Resolved from cache.
TpTrace Information: 0 : 12200, 4, 2021/11/23, 23:04:48.378, 1058942237768, testhost.dll, MSTest - Created unit-test runner C:\Users\azra\source\repos\aahmic3\VVS-zadaca2\Zadatak 2\bin\Debug\net5.0\fine-code-coverage\build-output\Zadatak 2.dll
TpTrace Verbose: 0 : 12200, 4, 2021/11/23, 23:04:48.381, 1058942269884, testhost.dll, TestExecutionRecorder.RecordStart: Starting test: Zadatak_2.TDD.TestZamjenskiObjekat.
TpTrace Information: 0 : 12200, 4, 2021/11/23, 23:04:48.450, 1058942956027, testhost.dll, MSTest - Executing test TestZamjenskiObjekat
TpTrace Information: 0 : 12200, 4, 2021/11/23, 23:04:48.490, 1058943362348, testhost.dll, AssemblyResolver.OnResolve: Microsoft.VisualStudio.TestPlatform.MSTest.TestAdapter.resources: Resolving assembly.
TpTrace Information: 0 : 12200, 4, 2021/11/23, 23:04:48.491, 1058943364249, testhost.dll, AssemblyResolver.OnResolve: Microsoft.VisualStudio.TestPlatform.MSTest.TestAdapter.resources: Failed to load assembly.
TpTrace Information: 0 : 12200, 4, 2021/11/23, 23:04:48.518, 1058943640082, testhost.dll, MSTest - Executed test TestZamjenskiObjekat
TpTrace Verbose: 0 : 12200, 4, 2021/11/23, 23:04:48.522, 1058943683655, testhost.dll, TestExecutionRecorder.RecordEnd: test: Zadatak_2.TDD.TestZamjenskiObjekat execution completed.
TpTrace Information: 0 : 12200, 4, 2021/11/23, 23:04:48.539, 1058943848401, testhost.dll, MSTest - MSTestExecutor:Test Zadatak_2.TDD.TestZamjenskiObjekat failed. ErrorMessage:Test method Zadatak_2.TDD.TestZamjenskiObjekat threw exception: 
System.NotImplementedException: The method or operation is not implemented., ErrorStackTrace:    at Cvjecara.Leksikon.ValidnoLatinskoIme(String ime) in C:\Users\azra\source\repos\aahmic3\VVS-zadaca2\Cvjecara\Leksikon.cs:line 18
   at Cvjecara.Cvjećara.ProvjeriLatinskaImenaCvijeća(ILeksikon leksikon) in C:\Users\azra\source\repos\aahmic3\VVS-zadaca2\Cvjecara\Cvjećara.cs:line 136
   at Zadatak_2.TDD.TestZamjenskiObjekat() in C:\Users\azra\source\repos\aahmic3\VVS-zadaca2\Zadatak 2\TDD.cs:line 23
.
TpTrace Verbose: 0 : 12200, 4, 2021/11/23, 23:04:48.540, 1058943854211, testhost.dll, TestExecutionRecorder.RecordResult: Received result for test: Zadatak_2.TDD.TestZamjenskiObjekat.
TpTrace Warning: 0 : 12200, 4, 2021/11/23, 23:04:48.545, 1058943907773, testhost.dll, TestRunCache: InProgressTests is null
TpTrace Warning: 0 : 12200, 4, 2021/11/23, 23:04:48.545, 1058943909790, testhost.dll, TestRunCache: No test found corresponding to testResult '' in inProgress list.
TpTrace Verbose: 0 : 12200, 4, 2021/11/23, 23:04:48.545, 1058943910861, testhost.dll, TestExecutionRecorder.RecordStart: Starting test: Zadatak_2.TDD.ProljetnaNabavka.
TpTrace Information: 0 : 12200, 4, 2021/11/23, 23:04:48.547, 1058943927014, testhost.dll, MSTest - Executing test ProljetnaNabavka
TpTrace Information: 0 : 12200, 4, 2021/11/23, 23:04:48.550, 1058943963399, testhost.dll, MSTest - Executed test ProljetnaNabavka
TpTrace Verbose: 0 : 12200, 4, 2021/11/23, 23:04:48.551, 1058943964421, testhost.dll, TestExecutionRecorder.RecordEnd: test: Zadatak_2.TDD.ProljetnaNabavka execution completed.
TpTrace Information: 0 : 12200, 4, 2021/11/23, 23:04:48.552, 1058943981174, testhost.dll, MSTest - MSTestExecutor:Test Zadatak_2.TDD.ProljetnaNabavka failed. ErrorMessage:Test method Zadatak_2.TDD.ProljetnaNabavka threw exception: 
System.NotImplementedException: The method or operation is not implemented., ErrorStackTrace:    at Cvjecara.Cvjećara.IzvršiNabavku(String godišnjeDoba, String veličinaNarudžbe) in C:\Users\azra\source\repos\aahmic3\VVS-zadaca2\Cvjecara\Cvjećara.cs:line 104
   at Zadatak_2.TDD.ProljetnaNabavka() in C:\Users\azra\source\repos\aahmic3\VVS-zadaca2\Zadatak 2\TDD.cs:line 47
.
TpTrace Verbose: 0 : 12200, 4, 2021/11/23, 23:04:48.553, 1058943987141, testhost.dll, TestExecutionRecorder.RecordResult: Received result for test: Zadatak_2.TDD.ProljetnaNabavka.
TpTrace Warning: 0 : 12200, 4, 2021/11/23, 23:04:48.553, 1058943987973, testhost.dll, TestRunCache: InProgressTests is null
TpTrace Warning: 0 : 12200, 4, 2021/11/23, 23:04:48.553, 1058943988273, testhost.dll, TestRunCache: No test found corresponding to testResult '' in inProgress list.
TpTrace Verbose: 0 : 12200, 4, 2021/11/23, 23:04:48.553, 1058943988743, testhost.dll, TestExecutionRecorder.RecordStart: Starting test: Zadatak_2.TDD.JesenjaNabavka.
TpTrace Information: 0 : 12200, 4, 2021/11/23, 23:04:48.555, 1058944004168, testhost.dll, MSTest - Executing test JesenjaNabavka
TpTrace Information: 0 : 12200, 4, 2021/11/23, 23:04:48.557, 1058944024346, testhost.dll, MSTest - Executed test JesenjaNabavka
TpTrace Verbose: 0 : 12200, 4, 2021/11/23, 23:04:48.557, 1058944025478, testhost.dll, TestExecutionRecorder.RecordEnd: test: Zadatak_2.TDD.JesenjaNabavka execution completed.
TpTrace Information: 0 : 12200, 4, 2021/11/23, 23:04:48.558, 1058944041508, testhost.dll, MSTest - MSTestExecutor:Test Zadatak_2.TDD.JesenjaNabavka failed. ErrorMessage:Test method Zadatak_2.TDD.JesenjaNabavka threw exception: 
System.NotImplementedException: The method or operation is not implemented., ErrorStackTrace:    at Cvjecara.Cvjećara.IzvršiNabavku(String godišnjeDoba, String veličinaNarudžbe) in C:\Users\azra\source\repos\aahmic3\VVS-zadaca2\Cvjecara\Cvjećara.cs:line 104
   at Zadatak_2.TDD.JesenjaNabavka() in C:\Users\azra\source\repos\aahmic3\VVS-zadaca2\Zadatak 2\TDD.cs:line 73
.
TpTrace Verbose: 0 : 12200, 4, 2021/11/23, 23:04:48.558, 1058944042299, testhost.dll, TestExecutionRecorder.RecordResult: Received result for test: Zadatak_2.TDD.JesenjaNabavka.
TpTrace Warning: 0 : 12200, 4, 2021/11/23, 23:04:48.558, 1058944043519, testhost.dll, TestRunCache: InProgressTests is null
TpTrace Warning: 0 : 12200, 4, 2021/11/23, 23:04:48.559, 1058944043908, testhost.dll, TestRunCache: No test found corresponding to testResult '' in inProgress list.
TpTrace Verbose: 0 : 12200, 4, 2021/11/23, 23:04:48.559, 1058944044368, testhost.dll, TestExecutionRecorder.RecordStart: Starting test: Zadatak_2.TDD.NedozvoljenaNabavkaLjetiIliZimi.
TpTrace Information: 0 : 12200, 4, 2021/11/23, 23:04:48.563, 1058944091136, testhost.dll, MSTest - Executing test NedozvoljenaNabavkaLjetiIliZimi
TpTrace Information: 0 : 12200, 4, 2021/11/23, 23:04:48.566, 1058944114160, testhost.dll, AssemblyResolver.OnResolve: Microsoft.VisualStudio.TestPlatform.TestFramework.resources: Resolving assembly.
TpTrace Information: 0 : 12200, 4, 2021/11/23, 23:04:48.566, 1058944115798, testhost.dll, AssemblyResolver.OnResolve: Microsoft.VisualStudio.TestPlatform.TestFramework.resources: Failed to load assembly.
TpTrace Information: 0 : 12200, 4, 2021/11/23, 23:04:48.567, 1058944125935, testhost.dll, MSTest - Executed test NedozvoljenaNabavkaLjetiIliZimi
TpTrace Verbose: 0 : 12200, 4, 2021/11/23, 23:04:48.567, 1058944126687, testhost.dll, TestExecutionRecorder.RecordEnd: test: Zadatak_2.TDD.NedozvoljenaNabavkaLjetiIliZimi execution completed.
TpTrace Information: 0 : 12200, 4, 2021/11/23, 23:04:48.568, 1058944141922, testhost.dll, MSTest - MSTestExecutor:Test Zadatak_2.TDD.NedozvoljenaNabavkaLjetiIliZimi failed. ErrorMessage:Test method threw exception System.NotImplementedException, but exception System.ArgumentException was expected. Exception message: System.NotImplementedException: The method or operation is not implemented., ErrorStackTrace:   at Cvjecara.Cvjećara.IzvršiNabavku(String godišnjeDoba, String veličinaNarudžbe) in C:\Users\azra\source\repos\aahmic3\VVS-zadaca2\Cvjecara\Cvjećara.cs:line 104
   at Zadatak_2.TDD.NedozvoljenaNabavkaLjetiIliZimi() in C:\Users\azra\source\repos\aahmic3\VVS-zadaca2\Zadatak 2\TDD.cs:line 98
.
TpTrace Verbose: 0 : 12200, 4, 2021/11/23, 23:04:48.568, 1058944142795, testhost.dll, TestExecutionRecorder.RecordResult: Received result for test: Zadatak_2.TDD.NedozvoljenaNabavkaLjetiIliZimi.
TpTrace Warning: 0 : 12200, 4, 2021/11/23, 23:04:48.568, 1058944143299, testhost.dll, TestRunCache: InProgressTests is null
TpTrace Warning: 0 : 12200, 4, 2021/11/23, 23:04:48.568, 1058944143576, testhost.dll, TestRunCache: No test found corresponding to testResult '' in inProgress list.
TpTrace Verbose: 0 : 12200, 4, 2021/11/23, 23:04:48.569, 1058944144006, testhost.dll, TestExecutionRecorder.RecordStart: Starting test: Zadatak_2.TDD.NedozvoljeneSrednjeNabavke.
TpTrace Information: 0 : 12200, 4, 2021/11/23, 23:04:48.570, 1058944156632, testhost.dll, MSTest - Executing test NedozvoljeneSrednjeNabavke
TpTrace Information: 0 : 12200, 4, 2021/11/23, 23:04:48.572, 1058944178478, testhost.dll, MSTest - Executed test NedozvoljeneSrednjeNabavke
TpTrace Verbose: 0 : 12200, 4, 2021/11/23, 23:04:48.572, 1058944179884, testhost.dll, TestExecutionRecorder.RecordEnd: test: Zadatak_2.TDD.NedozvoljeneSrednjeNabavke execution completed.
TpTrace Information: 0 : 12200, 4, 2021/11/23, 23:04:48.575, 1058944204414, testhost.dll, MSTest - MSTestExecutor:Test Zadatak_2.TDD.NedozvoljeneSrednjeNabavke failed. ErrorMessage:Test method threw exception System.NotImplementedException, but exception System.ArgumentException was expected. Exception message: System.NotImplementedException: The method or operation is not implemented., ErrorStackTrace:   at Cvjecara.Cvjećara.IzvršiNabavku(String godišnjeDoba, String veličinaNarudžbe) in C:\Users\azra\source\repos\aahmic3\VVS-zadaca2\Cvjecara\Cvjećara.cs:line 104
   at Zadatak_2.TDD.NedozvoljeneSrednjeNabavke() in C:\Users\azra\source\repos\aahmic3\VVS-zadaca2\Zadatak 2\TDD.cs:line 115
.
TpTrace Verbose: 0 : 12200, 4, 2021/11/23, 23:04:48.575, 1058944205401, testhost.dll, TestExecutionRecorder.RecordResult: Received result for test: Zadatak_2.TDD.NedozvoljeneSrednjeNabavke.
TpTrace Warning: 0 : 12200, 4, 2021/11/23, 23:04:48.575, 1058944206058, testhost.dll, TestRunCache: InProgressTests is null
TpTrace Warning: 0 : 12200, 4, 2021/11/23, 23:04:48.575, 1058944206379, testhost.dll, TestRunCache: No test found corresponding to testResult '' in inProgress list.
TpTrace Information: 0 : 12200, 4, 2021/11/23, 23:04:48.575, 1058944209061, testhost.dll, MSTest - Executing cleanup methods.
TpTrace Information: 0 : 12200, 4, 2021/11/23, 23:04:48.577, 1058944226946, testhost.dll, MSTest - Executed cleanup methods.
TpTrace Information: 0 : 12200, 4, 2021/11/23, 23:04:48.577, 1058944227961, testhost.dll, MSTest - Executed tests belonging to source C:\Users\azra\source\repos\aahmic3\VVS-zadaca2\Zadatak 2\bin\Debug\net5.0\fine-code-coverage\build-output\Zadatak 2.dll
TpTrace Verbose: 0 : 12200, 4, 2021/11/23, 23:04:48.577, 1058944231908, testhost.dll, BaseRunTests.RunTestInternalWithExecutors: Completed running tests for executor://MSTestAdapter/v2
TpTrace Information: 0 : 12200, 4, 2021/11/23, 23:04:48.581, 1058944269575, testhost.dll, Sending test run complete
TpTrace Verbose: 0 : 12200, 4, 2021/11/23, 23:04:48.625, 1058944705151, testhost.dll, TestRequestHandler.SendData:  sending data from testhost: {"Version":5,"MessageType":"TestExecution.Completed","Payload":{"TestRunCompleteArgs":{"TestRunStatistics":{"ExecutedTests":5,"Stats":{"Failed":5}},"IsCanceled":false,"IsAborted":false,"Error":null,"AttachmentSets":[],"ElapsedTimeInRunningTests":"00:00:00.2589223","Metrics":{}},"LastRunTests":{"NewTestResults":[{"TestCase":{"Id":"cd075b4d-61b2-de77-403b-0cfb69a56f47","FullyQualifiedName":"Zadatak_2.TDD.TestZamjenskiObjekat","DisplayName":"TestZamjenskiObjekat","ExecutorUri":"executor://MSTestAdapter/v2","Source":"C:\\Users\\azra\\source\\repos\\aahmic3\\VVS-zadaca2\\Zadatak 2\\bin\\Debug\\net5.0\\fine-code-coverage\\build-output\\Zadatak 2.dll","CodeFilePath":null,"LineNumber":-1,"Properties":[{"Key":{"Id":"TestCase.ManagedType","Label":"ManagedType","Category":"","Description":"","Attributes":1,"ValueType":"System.String"},"Value":"Zadatak_2.TDD"},{"Key":{"Id":"TestCase.ManagedMethod","Label":"ManagedMethod","Category":"","Description":"","Attributes":1,"ValueType":"System.String"},"Value":"TestZamjenskiObjekat"},{"Key":{"Id":"MSTestDiscoverer.TestClassName","Label":"ClassName","Category":"","Description":"","Attributes":1,"ValueType":"System.String"},"Value":"Zadatak_2.TDD"},{"Key":{"Id":"TestObject.Traits","Label":"Traits","Category":"","Description":"","Attributes":5,"ValueType":"System.Collections.Generic.KeyValuePair`2[[System.String],[System.String]][]"},"Value":[]}]},"Attachments":[],"Outcome":2,"ErrorMessage":"Test method Zadatak_2.TDD.TestZamjenskiObjekat threw exception: \r\nSystem.NotImplementedException: The method or operation is not implemented.","ErrorStackTrace":"    at Cvjecara.Leksikon.ValidnoLatinskoIme(String ime) in C:\\Users\\azra\\source\\repos\\aahmic3\\VVS-zadaca2\\Cvjecara\\Leksikon.cs:line 18\r\n   at Cvjecara.Cvjećara.ProvjeriLatinskaImenaCvijeća(ILeksikon leksikon) in C:\\Users\\azra\\source\\repos\\aahmic3\\VVS-zadaca2\\Cvjecara\\Cvjećara.cs:line 136\r\n   at Zadatak_2.TDD.TestZamjenskiObjekat() in C:\\Users\\azra\\source\\repos\\aahmic3\\VVS-zadaca2\\Zadatak 2\\TDD.cs:line 23\r\n","DisplayName":null,"Messages":[],"ComputerName":null,"Duration":"00:00:00.0353065","StartTime":"2021-11-23T23:04:48.4501343+01:00","EndTime":"2021-11-23T23:04:48.5187595+01:00","Properties":[{"Key":{"Id":"ExecutionId","Label":"ExecutionId","Category":"","Description":"","Attributes":1,"ValueType":"System.Guid"},"Value":"00000000-0000-0000-0000-000000000000"},{"Key":{"Id":"ParentExecId","Label":"ParentExecId","Category":"","Description":"","Attributes":1,"ValueType":"System.Guid"},"Value":"00000000-0000-0000-0000-000000000000"},{"Key":{"Id":"InnerResultsCount","Label":"InnerResultsCount","Category":"","Description":"","Attributes":1,"ValueType":"System.Int32"},"Value":0}]},{"TestCase":{"Id":"b51d3f41-b72b-1028-816b-1d654d5090ba","FullyQualifiedName":"Zadatak_2.TDD.ProljetnaNabavka","DisplayName":"ProljetnaNabavka","ExecutorUri":"executor://MSTestAdapter/v2","Source":"C:\\Users\\azra\\source\\repos\\aahmic3\\VVS-zadaca2\\Zadatak 2\\bin\\Debug\\net5.0\\fine-code-coverage\\build-output\\Zadatak 2.dll","CodeFilePath":null,"LineNumber":-1,"Properties":[{"Key":{"Id":"TestCase.ManagedType","Label":"ManagedType","Category":"","Description":"","Attributes":1,"ValueType":"System.String"},"Value":"Zadatak_2.TDD"},{"Key":{"Id":"TestCase.ManagedMethod","Label":"ManagedMethod","Category":"","Description":"","Attributes":1,"ValueType":"System.String"},"Value":"ProljetnaNabavka"},{"Key":{"Id":"MSTestDiscoverer.TestClassName","Label":"ClassName","Category":"","Description":"","Attributes":1,"ValueType":"System.String"},"Value":"Zadatak_2.TDD"},{"Key":{"Id":"TestObject.Traits","Label":"Traits","Category":"","Description":"","Attributes":5,"ValueType":"System.Collections.Generic.KeyValuePair`2[[System.String],[System.String]][]"},"Value":[]}]},"Attachments":[],"Outcome":2,"ErrorMessage":"Test method Zadatak_2.TDD.ProljetnaNabavka threw exception: \r\nSystem.NotImplementedException: The method or operation is not implemented.","ErrorStackTrace":"    at Cvjecara.Cvjećara.IzvršiNabavku(String godišnjeDoba, String veličinaNarudžbe) in C:\\Users\\azra\\source\\repos\\aahmic3\\VVS-zadaca2\\Cvjecara\\Cvjećara.cs:line 104\r\n   at Zadatak_2.TDD.ProljetnaNabavka() in C:\\Users\\azra\\source\\repos\\aahmic3\\VVS-zadaca2\\Zadatak 2\\TDD.cs:line 47\r\n","DisplayName":null,"Messages":[],"ComputerName":null,"Duration":"00:00:00.0033230","StartTime":"2021-11-23T23:04:48.5473203+01:00","EndTime":"2021-11-23T23:04:48.5510552+01:00","Properties":[{"Key":{"Id":"ExecutionId","Label":"ExecutionId","Category":"","Description":"","Attributes":1,"ValueType":"System.Guid"},"Value":"00000000-0000-0000-0000-000000000000"},{"Key":{"Id":"ParentExecId","Label":"ParentExecId","Category":"","Description":"","Attributes":1,"ValueType":"System.Guid"},"Value":"00000000-0000-0000-0000-000000000000"},{"Key":{"Id":"InnerResultsCount","Label":"InnerResultsCount","Category":"","Description":"","Attributes":1,"ValueType":"System.Int32"},"Value":0}]},{"TestCase":{"Id":"8891ef0f-da64-c2a4-4354-33fdbaef8344","FullyQualifiedName":"Zadatak_2.TDD.JesenjaNabavka","DisplayName":"JesenjaNabavka","ExecutorUri":"executor://MSTestAdapter/v2","Source":"C:\\Users\\azra\\source\\repos\\aahmic3\\VVS-zadaca2\\Zadatak 2\\bin\\Debug\\net5.0\\fine-code-coverage\\build-output\\Zadatak 2.dll","CodeFilePath":null,"LineNumber":-1,"Properties":[{"Key":{"Id":"TestCase.ManagedType","Label":"ManagedType","Category":"","Description":"","Attributes":1,"ValueType":"System.String"},"Value":"Zadatak_2.TDD"},{"Key":{"Id":"TestCase.ManagedMethod","Label":"ManagedMethod","Category":"","Description":"","Attributes":1,"ValueType":"System.String"},"Value":"JesenjaNabavka"},{"Key":{"Id":"MSTestDiscoverer.TestClassName","Label":"ClassName","Category":"","Description":"","Attributes":1,"ValueType":"System.String"},"Value":"Zadatak_2.TDD"},{"Key":{"Id":"TestObject.Traits","Label":"Traits","Category":"","Description":"","Attributes":5,"ValueType":"System.Collections.Generic.KeyValuePair`2[[System.String],[System.String]][]"},"Value":[]}]},"Attachments":[],"Outcome":2,"ErrorMessage":"Test method Zadatak_2.TDD.JesenjaNabavka threw exception: \r\nSystem.NotImplementedException: The method or operation is not implemented.","ErrorStackTrace":"    at Cvjecara.Cvjećara.IzvršiNabavku(String godišnjeDoba, String veličinaNarudžbe) in C:\\Users\\azra\\source\\repos\\aahmic3\\VVS-zadaca2\\Cvjecara\\Cvjećara.cs:line 104\r\n   at Zadatak_2.TDD.JesenjaNabavka() in C:\\Users\\azra\\source\\repos\\aahmic3\\VVS-zadaca2\\Zadatak 2\\TDD.cs:line 73\r\n","DisplayName":null,"Messages":[],"ComputerName":null,"Duration":"00:00:00.0017232","StartTime":"2021-11-23T23:04:48.555004+01:00","EndTime":"2021-11-23T23:04:48.5571624+01:00","Properties":[{"Key":{"Id":"ExecutionId","Label":"ExecutionId","Category":"","Description":"","Attributes":1,"ValueType":"System.Guid"},"Value":"00000000-0000-0000-0000-000000000000"},{"Key":{"Id":"ParentExecId","Label":"ParentExecId","Category":"","Description":"","Attributes":1,"ValueType":"System.Guid"},"Value":"00000000-0000-0000-0000-000000000000"},{"Key":{"Id":"InnerResultsCount","Label":"InnerResultsCount","Category":"","Description":"","Attributes":1,"ValueType":"System.Int32"},"Value":0}]},{"TestCase":{"Id":"3ff34b18-7204-1007-cf66-18bf2ac4d566","FullyQualifiedName":"Zadatak_2.TDD.NedozvoljenaNabavkaLjetiIliZimi","DisplayName":"NedozvoljenaNabavkaLjetiIliZimi","ExecutorUri":"executor://MSTestAdapter/v2","Source":"C:\\Users\\azra\\source\\repos\\aahmic3\\VVS-zadaca2\\Zadatak 2\\bin\\Debug\\net5.0\\fine-code-coverage\\build-output\\Zadatak 2.dll","CodeFilePath":null,"LineNumber":-1,"Properties":[{"Key":{"Id":"TestCase.ManagedType","Label":"ManagedType","Category":"","Description":"","Attributes":1,"ValueType":"System.String"},"Value":"Zadatak_2.TDD"},{"Key":{"Id":"TestCase.ManagedMethod","Label":"ManagedMethod","Category":"","Description":"","Attributes":1,"ValueType":"System.String"},"Value":"NedozvoljenaNabavkaLjetiIliZimi"},{"Key":{"Id":"MSTestDiscoverer.TestClassName","Label":"ClassName","Category":"","Description":"","Attributes":1,"ValueType":"System.String"},"Value":"Zadatak_2.TDD"},{"Key":{"Id":"TestObject.Traits","Label":"Traits","Category":"","Description":"","Attributes":5,"ValueType":"System.Collections.Generic.KeyValuePair`2[[System.String],[System.String]][]"},"Value":[]}]},"Attachments":[],"Outcome":2,"ErrorMessage":"Test method threw exception System.NotImplementedException, but exception System.ArgumentException was expected. Exception message: System.NotImplementedException: The method or operation is not implemented.","ErrorStackTrace":"   at Cvjecara.Cvjećara.IzvršiNabavku(String godišnjeDoba, String veličinaNarudžbe) in C:\\Users\\azra\\source\\repos\\aahmic3\\VVS-zadaca2\\Cvjecara\\Cvjećara.cs:line 104\r\n   at Zadatak_2.TDD.NedozvoljenaNabavkaLjetiIliZimi() in C:\\Users\\azra\\source\\repos\\aahmic3\\VVS-zadaca2\\Zadatak 2\\TDD.cs:line 98\r\n","DisplayName":null,"Messages":[],"ComputerName":null,"Duration":"00:00:00.0031114","StartTime":"2021-11-23T23:04:48.5636723+01:00","EndTime":"2021-11-23T23:04:48.567289+01:00","Properties":[{"Key":{"Id":"ExecutionId","Label":"ExecutionId","Category":"","Description":"","Attributes":1,"ValueType":"System.Guid"},"Value":"00000000-0000-0000-0000-000000000000"},{"Key":{"Id":"ParentExecId","Label":"ParentExecId","Category":"","Description":"","Attributes":1,"ValueType":"System.Guid"},"Value":"00000000-0000-0000-0000-000000000000"},{"Key":{"Id":"InnerResultsCount","Label":"InnerResultsCount","Category":"","Description":"","Attributes":1,"ValueType":"System.Int32"},"Value":0}]},{"TestCase":{"Id":"40ed29d5-0464-2bd3-28a1-5980313a2e0b","FullyQualifiedName":"Zadatak_2.TDD.NedozvoljeneSrednjeNabavke","DisplayName":"NedozvoljeneSrednjeNabavke","ExecutorUri":"executor://MSTestAdapter/v2","Source":"C:\\Users\\azra\\source\\repos\\aahmic3\\VVS-zadaca2\\Zadatak 2\\bin\\Debug\\net5.0\\fine-code-coverage\\build-output\\Zadatak 2.dll","CodeFilePath":null,"LineNumber":-1,"Properties":[{"Key":{"Id":"TestCase.ManagedType","Label":"ManagedType","Category":"","Description":"","Attributes":1,"ValueType":"System.String"},"Value":"Zadatak_2.TDD"},{"Key":{"Id":"TestCase.ManagedMethod","Label":"ManagedMethod","Category":"","Description":"","Attributes":1,"ValueType":"System.String"},"Value":"NedozvoljeneSrednjeNabavke"},{"Key":{"Id":"MSTestDiscoverer.TestClassName","Label":"ClassName","Category":"","Description":"","Attributes":1,"ValueType":"System.String"},"Value":"Zadatak_2.TDD"},{"Key":{"Id":"TestObject.Traits","Label":"Traits","Category":"","Description":"","Attributes":5,"ValueType":"System.Collections.Generic.KeyValuePair`2[[System.String],[System.String]][]"},"Value":[]}]},"Attachments":[],"Outcome":2,"ErrorMessage":"Test method threw exception System.NotImplementedException, but exception System.ArgumentException was expected. Exception message: System.NotImplementedException: The method or operation is not implemented.","ErrorStackTrace":"   at Cvjecara.Cvjećara.IzvršiNabavku(String godišnjeDoba, String veličinaNarudžbe) in C:\\Users\\azra\\source\\repos\\aahmic3\\VVS-zadaca2\\Cvjecara\\Cvjećara.cs:line 104\r\n   at Zadatak_2.TDD.NedozvoljeneSrednjeNabavke() in C:\\Users\\azra\\source\\repos\\aahmic3\\VVS-zadaca2\\Zadatak 2\\TDD.cs:line 115\r\n","DisplayName":null,"Messages":[],"ComputerName":null,"Duration":"00:00:00.0016923","StartTime":"2021-11-23T23:04:48.5702621+01:00","EndTime":"2021-11-23T23:04:48.5726001+01:00","Properties":[{"Key":{"Id":"ExecutionId","Label":"ExecutionId","Category":"","Description":"","Attributes":1,"ValueType":"System.Guid"},"Value":"00000000-0000-0000-0000-000000000000"},{"Key":{"Id":"ParentExecId","Label":"ParentExecId","Category":"","Description":"","Attributes":1,"ValueType":"System.Guid"},"Value":"00000000-0000-0000-0000-000000000000"},{"Key":{"Id":"InnerResultsCount","Label":"InnerResultsCount","Category":"","Description":"","Attributes":1,"ValueType":"System.Int32"},"Value":0}]}],"TestRunStatistics":{"ExecutedTests":5,"Stats":{"Failed":5}},"ActiveTests":[]},"RunAttachments":[],"ExecutorUris":["executor://mstestadapter/v2"]}}
TpTrace Verbose: 0 : 12200, 4, 2021/11/23, 23:04:48.625, 1058944710982, testhost.dll, BaseRunTests.RunTests: Run is complete.
TpTrace Verbose: 0 : 12200, 8, 2021/11/23, 23:04:48.627, 1058944727180, testhost.dll, TcpClientExtensions.MessageLoopAsync: NotifyDataAvailable remoteEndPoint: [::ffff:127.0.0.1]:58194 localEndPoint: [::ffff:127.0.0.1]:58195
TpTrace Information: 0 : 12200, 8, 2021/11/23, 23:04:48.627, 1058944729492, testhost.dll, TestRequestHandler.ProcessRequests: received message: (TestSession.Terminate) -> null
TpTrace Information: 0 : 12200, 8, 2021/11/23, 23:04:48.627, 1058944730226, testhost.dll, Session End message received from server. Closing the connection.
TpTrace Information: 0 : 12200, 8, 2021/11/23, 23:04:48.628, 1058944734381, testhost.dll, SocketClient.Stop: Stop communication from server endpoint: 127.0.0.1:058194
TpTrace Information: 0 : 12200, 8, 2021/11/23, 23:04:48.628, 1058944735034, testhost.dll, SocketClient: Stop: Cancellation requested. Stopping message loop.
TpTrace Verbose: 0 : 12200, 8, 2021/11/23, 23:04:48.628, 1058944736971, testhost.dll, LengthPrefixCommunicationChannel.Dispose: Dispose reader and writer.
TpTrace Information: 0 : 12200, 8, 2021/11/23, 23:04:48.628, 1058944737681, testhost.dll, Closing the connection !
TpTrace Information: 0 : 12200, 8, 2021/11/23, 23:04:48.628, 1058944741498, testhost.dll, SocketClient.PrivateStop: Stop communication from server endpoint: 127.0.0.1:058194, error:
TpTrace Verbose: 0 : 12200, 8, 2021/11/23, 23:04:48.629, 1058944745560, testhost.dll, LengthPrefixCommunicationChannel.Dispose: Dispose reader and writer.
TpTrace Verbose: 0 : 12200, 8, 2021/11/23, 23:04:48.629, 1058944746157, testhost.dll, TcpClientExtensions.MessageLoopAsync: exiting MessageLoopAsync remoteEndPoint: [::ffff:127.0.0.1]:58194 localEndPoint: [::ffff:127.0.0.1]:58195
TpTrace Information: 0 : 12200, 1, 2021/11/23, 23:04:48.629, 1058944745745, testhost.dll, Closing the connection !
TpTrace Information: 0 : 12200, 1, 2021/11/23, 23:04:48.629, 1058944747276, testhost.dll, SocketClient.Stop: Stop communication from server endpoint: 127.0.0.1:058194
TpTrace Verbose: 0 : 12200, 1, 2021/11/23, 23:04:48.629, 1058944747652, testhost.dll, LengthPrefixCommunicationChannel.Dispose: Dispose reader and writer.
TpTrace Information: 0 : 12200, 1, 2021/11/23, 23:04:48.629, 1058944748710, testhost.dll, Testhost process exiting.
