TpTrace Verbose: 0 : 8484, 1, 2021/11/23, 11:47:03.709, 9231381544570, testhost.dll, Version: 16.9.4
TpTrace Information: 0 : 8484, 1, 2021/11/23, 11:47:03.758, 9231381731650, testhost.dll, DefaultEngineInvoker.Invoke: Testhost process started with args :[--port, 57447],[--endpoint, 127.0.0.1:057447],[--role, client],[--parentprocessid, 4756],[--diag, C:\Users\LENOVO\Source\Repos\VVS-zadaca21\Zadatak 2\bin\Debug\net5.0\fine-code-coverage\coverage-tool-output\diagnostics.host.21-11-23_11-47-03_28321_4.log],[--tracelevel, 4],[--datacollectionport, 57446],[--telemetryoptedin, false]
TpTrace Information: 0 : 8484, 1, 2021/11/23, 11:47:03.762, 9231381774821, testhost.dll, Setting up debug trace listener.
TpTrace Verbose: 0 : 8484, 1, 2021/11/23, 11:47:03.763, 9231381781409, testhost.dll, TestPlatformTraceListener.Setup: Replacing listener 0 with TestHostTraceListener.
TpTrace Verbose: 0 : 8484, 1, 2021/11/23, 11:47:03.763, 9231381783255, testhost.dll, TestPlatformTraceListener.Setup: Added test platform trace listener.
TpTrace Information: 0 : 8484, 1, 2021/11/23, 11:47:03.765, 9231381803786, testhost.dll, DefaultEngineInvoker.SetParentProcessExitCallback: Monitoring parent process with id: '4756'
TpTrace Information: 0 : 8484, 1, 2021/11/23, 11:47:03.792, 9231382078180, testhost.dll, DefaultEngineInvoker.GetConnectionInfo: Initialize communication on endpoint address: '127.0.0.1:057447'
TpTrace Information: 0 : 8484, 1, 2021/11/23, 11:47:03.831, 9231382461516, testhost.dll, SocketClient.Start: connecting to server endpoint: 127.0.0.1:057447
TpTrace Information: 0 : 8484, 1, 2021/11/23, 11:47:03.850, 9231382657832, testhost.dll, DefaultEngineInvoker.ConnectToDatacollector: Connecting to datacollector, port: 57446
TpTrace Information: 0 : 8484, 4, 2021/11/23, 11:47:03.852, 9231382671821, testhost.dll, SocketClient.OnServerConnected: connected to server endpoint: 127.0.0.1:057447
TpTrace Verbose: 0 : 8484, 4, 2021/11/23, 11:47:03.857, 9231382727073, testhost.dll, Connected to server, and starting MessageLoopAsync
TpTrace Information: 0 : 8484, 1, 2021/11/23, 11:47:03.858, 9231382740836, testhost.dll, Trying to connect to server on socket : 127.0.0.1:57446 
TpTrace Verbose: 0 : 8484, 1, 2021/11/23, 11:47:03.860, 9231382752145, testhost.dll, SocketCommunicationManager : SetupClientAsync : Attempting to connect to the server.
TpTrace Verbose: 0 : 8484, 4, 2021/11/23, 11:47:03.870, 9231382858574, testhost.dll, TcpClientExtensions.MessageLoopAsync: Polling on remoteEndPoint: [::ffff:127.0.0.1]:57447 localEndPoint: [::ffff:127.0.0.1]:57448
TpTrace Verbose: 0 : 8484, 4, 2021/11/23, 11:47:03.871, 9231382865462, testhost.dll, TcpClientExtensions.MessageLoopAsync: NotifyDataAvailable remoteEndPoint: [::ffff:127.0.0.1]:57447 localEndPoint: [::ffff:127.0.0.1]:57448
TpTrace Information: 0 : 8484, 9, 2021/11/23, 11:47:03.881, 9231382968440, testhost.dll, Connected to the server successfully 
TpTrace Information: 0 : 8484, 9, 2021/11/23, 11:47:03.881, 9231382970355, testhost.dll, Using the buffer size of 16384 bytes
TpTrace Information: 0 : 8484, 1, 2021/11/23, 11:47:03.883, 9231382984421, testhost.dll, DefaultEngineInvoker.Invoke: Start Request Processing.
TpTrace Information: 0 : 8484, 12, 2021/11/23, 11:47:03.887, 9231383029903, testhost.dll, DefaultEngineInvoker.StartProcessingAsync: Connected to vstest.console, Starting process requests.
TpTrace Information: 0 : 8484, 4, 2021/11/23, 11:47:04.343, 9231387581556, testhost.dll, TestRequestHandler.ProcessRequests: received message: (ProtocolVersion) -> 5
TpTrace Verbose: 0 : 8484, 4, 2021/11/23, 11:47:04.434, 9231388494108, testhost.dll, TestRequestHandler.SendData:  sending data from testhost: {"Version":5,"MessageType":"TestSession.Message","Payload":{"MessageLevel":0,"Message":"Logging TestHost Diagnostics in file: C:\\Users\\LENOVO\\Source\\Repos\\VVS-zadaca21\\Zadatak 2\\bin\\Debug\\net5.0\\fine-code-coverage\\coverage-tool-output\\diagnostics.host.21-11-23_11-47-03_28321_4.log"}}
TpTrace Verbose: 0 : 8484, 4, 2021/11/23, 11:47:04.434, 9231388497812, testhost.dll, TcpClientExtensions.MessageLoopAsync: Polling on remoteEndPoint: [::ffff:127.0.0.1]:57447 localEndPoint: [::ffff:127.0.0.1]:57448
TpTrace Verbose: 0 : 8484, 4, 2021/11/23, 11:47:05.188, 9231396040959, testhost.dll, TcpClientExtensions.MessageLoopAsync: NotifyDataAvailable remoteEndPoint: [::ffff:127.0.0.1]:57447 localEndPoint: [::ffff:127.0.0.1]:57448
TpTrace Information: 0 : 8484, 4, 2021/11/23, 11:47:05.197, 9231396123177, testhost.dll, TestRequestHandler.ProcessRequests: received message: (TestExecution.Initialize) -> [
  "C:\\Users\\LENOVO\\Source\\Repos\\VVS-zadaca21\\Zadatak 2\\bin\\Debug\\net5.0\\fine-code-coverage\\build-output\\Microsoft.VisualStudio.TestPlatform.MSTest.TestAdapter.dll"
]
TpTrace Information: 0 : 8484, 4, 2021/11/23, 11:47:05.197, 9231396127117, testhost.dll, Execution Session Initialize.
TpTrace Verbose: 0 : 8484, 4, 2021/11/23, 11:47:05.213, 9231396284167, testhost.dll, TcpClientExtensions.MessageLoopAsync: Polling on remoteEndPoint: [::ffff:127.0.0.1]:57447 localEndPoint: [::ffff:127.0.0.1]:57448
TpTrace Verbose: 0 : 8484, 4, 2021/11/23, 11:47:05.214, 9231396297353, testhost.dll, TcpClientExtensions.MessageLoopAsync: NotifyDataAvailable remoteEndPoint: [::ffff:127.0.0.1]:57447 localEndPoint: [::ffff:127.0.0.1]:57448
TpTrace Information: 0 : 8484, 4, 2021/11/23, 11:47:05.221, 9231396365610, testhost.dll, TestRequestHandler.ProcessRequests: received message: (TestExecution.StartWithSources) -> {
  "AdapterSourceMap": {
    "_none_": [
      "C:\\Users\\LENOVO\\Source\\Repos\\VVS-zadaca21\\Zadatak 2\\bin\\Debug\\net5.0\\fine-code-coverage\\build-output\\Zadatak 2.dll"
    ]
  },
  "RunSettings": "<RunSettings>\r\n  <RunConfiguration>\r\n    <ResultsDirectory>C:\\Users\\LENOVO\\Source\\Repos\\VVS-zadaca21\\Zadatak 2\\bin\\Debug\\net5.0\\fine-code-coverage\\coverage-tool-output</ResultsDirectory>\r\n    <TargetPlatform>X64</TargetPlatform>\r\n    <TargetFrameworkVersion>.NETCoreApp,Version=v5.0</TargetFrameworkVersion>\r\n    <DesignMode>False</DesignMode>\r\n    <CollectSourceInformation>False</CollectSourceInformation>\r\n  </RunConfiguration>\r\n  <LoggerRunSettings>\r\n    <Loggers>\r\n      <Logger friendlyName=\"blame\" enabled=\"True\" />\r\n      <Logger friendlyName=\"Console\" uri=\"logger://microsoft/TestPlatform/ConsoleLogger/v1\" assemblyQualifiedName=\"Microsoft.VisualStudio.TestPlatform.CommandLine.Internal.ConsoleLogger, vstest.console, Version=15.0.0.0, Culture=neutral, PublicKeyToken=b03f5f7f11d50a3a\" codeBase=\"C:\\Program Files\\dotnet\\sdk\\5.0.203\\vstest.console.dll\" enabled=\"True\" />\r\n    </Loggers>\r\n  </LoggerRunSettings>\r\n  <DataCollectionRunSettings>\r\n    <DataCollectors>\r\n      <DataCollector friendlyName=\"blame\" enabled=\"True\">\r\n        <Configuration>\r\n          <ResultsDirectory>C:\\Users\\LENOVO\\Source\\Repos\\VVS-zadaca21\\Zadatak 2\\bin\\Debug\\net5.0\\fine-code-coverage\\coverage-tool-output</ResultsDirectory>\r\n        </Configuration>\r\n      </DataCollector>\r\n    </DataCollectors>\r\n  </DataCollectionRunSettings>\r\n</RunSettings>",
  "TestExecutionContext": {
    "FrequencyOfRunStatsChangeEvent": 10,
    "RunStatsChangeEventTimeout": "00:00:01.5000000",
    "InIsolation": false,
    "KeepAlive": false,
    "AreTestCaseLevelEventsRequired": false,
    "IsDebug": false,
    "TestCaseFilter": null,
    "FilterOptions": null
  },
  "Package": null
}
TpTrace Information: 0 : 8484, 4, 2021/11/23, 11:47:05.221, 9231396369400, testhost.dll, Execution started.
TpTrace Verbose: 0 : 8484, 5, 2021/11/23, 11:47:05.235, 9231396501925, testhost.dll, TestExecutorService: Loading the extensions
TpTrace Verbose: 0 : 8484, 5, 2021/11/23, 11:47:05.239, 9231396545405, testhost.dll, TestPluginCache.DiscoverTestExtensions: finding test extensions in assemblies ends with: TestAdapter.dll TPluginInfo: Microsoft.VisualStudio.TestPlatform.Common.ExtensionFramework.Utilities.TestExecutorPluginInformation TExtension: Microsoft.VisualStudio.TestPlatform.ObjectModel.Adapter.ITestExecutor
TpTrace Verbose: 0 : 8484, 5, 2021/11/23, 11:47:05.243, 9231396586892, testhost.dll, TestPluginCache.GetExtensionPaths: Filtered extension paths: 
TpTrace Verbose: 0 : 8484, 5, 2021/11/23, 11:47:05.244, 9231396598188, testhost.dll, TestPluginCache.GetExtensionPaths: Added default extension paths: C:\Users\LENOVO\Source\Repos\VVS-zadaca21\Zadatak 2\bin\Debug\net5.0\fine-code-coverage\build-output\Microsoft.VisualStudio.TestPlatform.MSTest.TestAdapter.dll
TpTrace Verbose: 0 : 8484, 5, 2021/11/23, 11:47:05.244, 9231396600337, testhost.dll, TestPluginCache.GetExtensionPaths: Added unfilterableExtensionPaths: 
TpTrace Information: 0 : 8484, 5, 2021/11/23, 11:47:05.250, 9231396655629, testhost.dll, AssemblyResolver.ctor: Creating AssemblyResolver with searchDirectories C:\Users\LENOVO\Source\Repos\VVS-zadaca21\Zadatak 2\bin\Debug\net5.0\fine-code-coverage\build-output
TpTrace Verbose: 0 : 8484, 5, 2021/11/23, 11:47:05.254, 9231396697809, testhost.dll, TestPluginCache.DiscoverTestExtensions: Discovering the extensions using extension path.
TpTrace Verbose: 0 : 8484, 5, 2021/11/23, 11:47:05.255, 9231396701945, testhost.dll, TestPluginCache.GetExtensionPaths: Filtered extension paths: 
TpTrace Verbose: 0 : 8484, 5, 2021/11/23, 11:47:05.255, 9231396704396, testhost.dll, TestPluginCache.GetExtensionPaths: Added default extension paths: C:\Users\LENOVO\Source\Repos\VVS-zadaca21\Zadatak 2\bin\Debug\net5.0\fine-code-coverage\build-output\Microsoft.VisualStudio.TestPlatform.MSTest.TestAdapter.dll
TpTrace Verbose: 0 : 8484, 5, 2021/11/23, 11:47:05.256, 9231396711833, testhost.dll, TestPluginCache.GetExtensionPaths: Added unfilterableExtensionPaths: 
TpTrace Verbose: 0 : 8484, 5, 2021/11/23, 11:47:05.256, 9231396714309, testhost.dll, TestPluginCache.DiscoverTestExtensions: Discovering the extensions using allExtensionPaths: C:\Users\LENOVO\Source\Repos\VVS-zadaca21\Zadatak 2\bin\Debug\net5.0\fine-code-coverage\build-output\Microsoft.VisualStudio.TestPlatform.MSTest.TestAdapter.dll
TpTrace Information: 0 : 8484, 5, 2021/11/23, 11:47:05.258, 9231396735205, testhost.dll, AssemblyResolver.AddSearchDirectories: Adding more searchDirectories C:\Users\LENOVO\Source\Repos\VVS-zadaca21\Zadatak 2\bin\Debug\net5.0\fine-code-coverage\build-output
TpTrace Information: 0 : 8484, 5, 2021/11/23, 11:47:05.281, 9231396966490, testhost.dll, AssemblyResolver.OnResolve: Microsoft.VisualStudio.TestPlatform.MSTest.TestAdapter: Resolving assembly.
TpTrace Information: 0 : 8484, 5, 2021/11/23, 11:47:05.291, 9231397067926, testhost.dll, AssemblyResolver.OnResolve: Resolved assembly: Microsoft.VisualStudio.TestPlatform.MSTest.TestAdapter, from path: C:\Users\LENOVO\Source\Repos\VVS-zadaca21\Zadatak 2\bin\Debug\net5.0\fine-code-coverage\build-output\Microsoft.VisualStudio.TestPlatform.MSTest.TestAdapter.dll
TpTrace Verbose: 0 : 8484, 5, 2021/11/23, 11:47:05.317, 9231397324634, testhost.dll, TestPluginCache: Discovered the extensions using extension path ''.
TpTrace Verbose: 0 : 8484, 5, 2021/11/23, 11:47:05.318, 9231397335264, testhost.dll, TestPluginCache: Discoverers are ''.
TpTrace Verbose: 0 : 8484, 5, 2021/11/23, 11:47:05.318, 9231397337910, testhost.dll, TestPluginCache: Executors are 'executor://MSTestAdapter/v2'.
TpTrace Verbose: 0 : 8484, 5, 2021/11/23, 11:47:05.318, 9231397340199, testhost.dll, TestPluginCache: Executors2 are ''.
TpTrace Verbose: 0 : 8484, 5, 2021/11/23, 11:47:05.319, 9231397342543, testhost.dll, TestPluginCache: Setting providers are ''.
TpTrace Verbose: 0 : 8484, 5, 2021/11/23, 11:47:05.319, 9231397344743, testhost.dll, TestPluginCache: Loggers are ''.
TpTrace Verbose: 0 : 8484, 4, 2021/11/23, 11:47:05.322, 9231397373627, testhost.dll, TcpClientExtensions.MessageLoopAsync: Polling on remoteEndPoint: [::ffff:127.0.0.1]:57447 localEndPoint: [::ffff:127.0.0.1]:57448
TpTrace Verbose: 0 : 8484, 5, 2021/11/23, 11:47:05.326, 9231397416308, testhost.dll, TestPluginCache.DiscoverTestExtensions: finding test extensions in assemblies ends with: TestAdapter.dll TPluginInfo: Microsoft.VisualStudio.TestPlatform.Common.ExtensionFramework.Utilities.TestExecutorPluginInformation2 TExtension: Microsoft.VisualStudio.TestPlatform.ObjectModel.Adapter.ITestExecutor2
TpTrace Verbose: 0 : 8484, 5, 2021/11/23, 11:47:05.328, 9231397433299, testhost.dll, TestPluginCache.GetExtensionPaths: Filtered extension paths: 
TpTrace Verbose: 0 : 8484, 5, 2021/11/23, 11:47:05.328, 9231397435376, testhost.dll, TestPluginCache.GetExtensionPaths: Added default extension paths: C:\Users\LENOVO\Source\Repos\VVS-zadaca21\Zadatak 2\bin\Debug\net5.0\fine-code-coverage\build-output\Microsoft.VisualStudio.TestPlatform.MSTest.TestAdapter.dll
TpTrace Verbose: 0 : 8484, 5, 2021/11/23, 11:47:05.328, 9231397436201, testhost.dll, TestPluginCache.GetExtensionPaths: Added unfilterableExtensionPaths: 
TpTrace Information: 0 : 8484, 5, 2021/11/23, 11:47:05.328, 9231397440017, testhost.dll, AssemblyResolver.AddSearchDirectories: Adding more searchDirectories C:\Users\LENOVO\Source\Repos\VVS-zadaca21\Zadatak 2\bin\Debug\net5.0\fine-code-coverage\build-output
TpTrace Verbose: 0 : 8484, 5, 2021/11/23, 11:47:05.329, 9231397442977, testhost.dll, TestPluginCache.DiscoverTestExtensions: Discovering the extensions using extension path.
TpTrace Verbose: 0 : 8484, 5, 2021/11/23, 11:47:05.329, 9231397444445, testhost.dll, TestPluginCache.GetExtensionPaths: Filtered extension paths: 
TpTrace Verbose: 0 : 8484, 5, 2021/11/23, 11:47:05.329, 9231397445603, testhost.dll, TestPluginCache.GetExtensionPaths: Added default extension paths: C:\Users\LENOVO\Source\Repos\VVS-zadaca21\Zadatak 2\bin\Debug\net5.0\fine-code-coverage\build-output\Microsoft.VisualStudio.TestPlatform.MSTest.TestAdapter.dll
TpTrace Verbose: 0 : 8484, 5, 2021/11/23, 11:47:05.329, 9231397446799, testhost.dll, TestPluginCache.GetExtensionPaths: Added unfilterableExtensionPaths: 
TpTrace Verbose: 0 : 8484, 5, 2021/11/23, 11:47:05.329, 9231397448716, testhost.dll, TestPluginCache.DiscoverTestExtensions: Discovering the extensions using allExtensionPaths: C:\Users\LENOVO\Source\Repos\VVS-zadaca21\Zadatak 2\bin\Debug\net5.0\fine-code-coverage\build-output\Microsoft.VisualStudio.TestPlatform.MSTest.TestAdapter.dll
TpTrace Information: 0 : 8484, 5, 2021/11/23, 11:47:05.329, 9231397450088, testhost.dll, AssemblyResolver.AddSearchDirectories: Adding more searchDirectories C:\Users\LENOVO\Source\Repos\VVS-zadaca21\Zadatak 2\bin\Debug\net5.0\fine-code-coverage\build-output
TpTrace Verbose: 0 : 8484, 5, 2021/11/23, 11:47:05.330, 9231397456573, testhost.dll, TestPluginCache: Discovered the extensions using extension path ''.
TpTrace Verbose: 0 : 8484, 5, 2021/11/23, 11:47:05.330, 9231397457823, testhost.dll, TestPluginCache: Discoverers are ''.
TpTrace Verbose: 0 : 8484, 5, 2021/11/23, 11:47:05.330, 9231397458931, testhost.dll, TestPluginCache: Executors are 'executor://MSTestAdapter/v2'.
TpTrace Verbose: 0 : 8484, 5, 2021/11/23, 11:47:05.330, 9231397460513, testhost.dll, TestPluginCache: Executors2 are ''.
TpTrace Verbose: 0 : 8484, 5, 2021/11/23, 11:47:05.331, 9231397461484, testhost.dll, TestPluginCache: Setting providers are ''.
TpTrace Verbose: 0 : 8484, 5, 2021/11/23, 11:47:05.333, 9231397487474, testhost.dll, TestPluginCache: Loggers are ''.
TpTrace Information: 0 : 8484, 5, 2021/11/23, 11:47:05.355, 9231397701761, testhost.dll, TestPluginManager.CreateTestExtension: Attempting to load test extension: Microsoft.VisualStudio.TestPlatform.MSTest.TestAdapter.MSTestExecutor
TpTrace Verbose: 0 : 8484, 5, 2021/11/23, 11:47:05.388, 9231398040330, testhost.dll, TestExecutorExtensionManager: Loading executor Microsoft.VisualStudio.TestPlatform.MSTest.TestAdapter.MSTestExecutor
TpTrace Verbose: 0 : 8484, 5, 2021/11/23, 11:47:05.389, 9231398045004, testhost.dll, TestExecutorService: Loaded the executors
TpTrace Verbose: 0 : 8484, 5, 2021/11/23, 11:47:05.391, 9231398067836, testhost.dll, TestPluginCache.DiscoverTestExtensions: finding test extensions in assemblies ends with: TestAdapter.dll TPluginInfo: Microsoft.VisualStudio.TestPlatform.Common.ExtensionFramework.Utilities.TestSettingsProviderPluginInformation TExtension: Microsoft.VisualStudio.TestPlatform.ObjectModel.Adapter.ISettingsProvider
TpTrace Verbose: 0 : 8484, 5, 2021/11/23, 11:47:05.392, 9231398072214, testhost.dll, TestPluginCache.GetExtensionPaths: Filtered extension paths: 
TpTrace Verbose: 0 : 8484, 5, 2021/11/23, 11:47:05.392, 9231398074117, testhost.dll, TestPluginCache.GetExtensionPaths: Added default extension paths: C:\Users\LENOVO\Source\Repos\VVS-zadaca21\Zadatak 2\bin\Debug\net5.0\fine-code-coverage\build-output\Microsoft.VisualStudio.TestPlatform.MSTest.TestAdapter.dll
TpTrace Verbose: 0 : 8484, 5, 2021/11/23, 11:47:05.392, 9231398076272, testhost.dll, TestPluginCache.GetExtensionPaths: Added unfilterableExtensionPaths: 
TpTrace Information: 0 : 8484, 5, 2021/11/23, 11:47:05.396, 9231398114250, testhost.dll, AssemblyResolver.AddSearchDirectories: Adding more searchDirectories C:\Users\LENOVO\Source\Repos\VVS-zadaca21\Zadatak 2\bin\Debug\net5.0\fine-code-coverage\build-output
TpTrace Verbose: 0 : 8484, 5, 2021/11/23, 11:47:05.396, 9231398119975, testhost.dll, TestPluginCache.DiscoverTestExtensions: Discovering the extensions using extension path.
TpTrace Verbose: 0 : 8484, 5, 2021/11/23, 11:47:05.397, 9231398121851, testhost.dll, TestPluginCache.GetExtensionPaths: Filtered extension paths: 
TpTrace Verbose: 0 : 8484, 5, 2021/11/23, 11:47:05.397, 9231398123372, testhost.dll, TestPluginCache.GetExtensionPaths: Added default extension paths: C:\Users\LENOVO\Source\Repos\VVS-zadaca21\Zadatak 2\bin\Debug\net5.0\fine-code-coverage\build-output\Microsoft.VisualStudio.TestPlatform.MSTest.TestAdapter.dll
TpTrace Verbose: 0 : 8484, 5, 2021/11/23, 11:47:05.397, 9231398126148, testhost.dll, TestPluginCache.GetExtensionPaths: Added unfilterableExtensionPaths: 
TpTrace Verbose: 0 : 8484, 5, 2021/11/23, 11:47:05.398, 9231398131374, testhost.dll, TestPluginCache.DiscoverTestExtensions: Discovering the extensions using allExtensionPaths: C:\Users\LENOVO\Source\Repos\VVS-zadaca21\Zadatak 2\bin\Debug\net5.0\fine-code-coverage\build-output\Microsoft.VisualStudio.TestPlatform.MSTest.TestAdapter.dll
TpTrace Information: 0 : 8484, 5, 2021/11/23, 11:47:05.398, 9231398134395, testhost.dll, AssemblyResolver.AddSearchDirectories: Adding more searchDirectories C:\Users\LENOVO\Source\Repos\VVS-zadaca21\Zadatak 2\bin\Debug\net5.0\fine-code-coverage\build-output
TpTrace Verbose: 0 : 8484, 5, 2021/11/23, 11:47:05.399, 9231398142803, testhost.dll, TestPluginCache: Discovered the extensions using extension path ''.
TpTrace Verbose: 0 : 8484, 5, 2021/11/23, 11:47:05.399, 9231398144058, testhost.dll, TestPluginCache: Discoverers are ''.
TpTrace Verbose: 0 : 8484, 5, 2021/11/23, 11:47:05.399, 9231398144878, testhost.dll, TestPluginCache: Executors are 'executor://MSTestAdapter/v2'.
TpTrace Verbose: 0 : 8484, 5, 2021/11/23, 11:47:05.399, 9231398145893, testhost.dll, TestPluginCache: Executors2 are ''.
TpTrace Verbose: 0 : 8484, 5, 2021/11/23, 11:47:05.399, 9231398146890, testhost.dll, TestPluginCache: Setting providers are ''.
TpTrace Verbose: 0 : 8484, 5, 2021/11/23, 11:47:05.399, 9231398147818, testhost.dll, TestPluginCache: Loggers are ''.
TpTrace Verbose: 0 : 8484, 5, 2021/11/23, 11:47:05.401, 9231398166206, testhost.dll, TestExecutorService: Loaded the settings providers
TpTrace Information: 0 : 8484, 5, 2021/11/23, 11:47:05.401, 9231398167907, testhost.dll, TestExecutorService: Loaded the extensions
TpTrace Information: 0 : 8484, 5, 2021/11/23, 11:47:05.613, 9231400282848, testhost.dll, TestDiscoveryManager: Discovering tests from sources C:\Users\LENOVO\Source\Repos\VVS-zadaca21\Zadatak 2\bin\Debug\net5.0\fine-code-coverage\build-output\Zadatak 2.dll
TpTrace Verbose: 0 : 8484, 5, 2021/11/23, 11:47:05.619, 9231400344389, testhost.dll, TestPluginCache.DiscoverTestExtensions: finding test extensions in assemblies ends with: TestAdapter.dll TPluginInfo: Microsoft.VisualStudio.TestPlatform.Common.ExtensionFramework.Utilities.TestDiscovererPluginInformation TExtension: Microsoft.VisualStudio.TestPlatform.ObjectModel.Adapter.ITestDiscoverer
TpTrace Verbose: 0 : 8484, 5, 2021/11/23, 11:47:05.619, 9231400347292, testhost.dll, TestPluginCache.GetExtensionPaths: Filtered extension paths: 
TpTrace Verbose: 0 : 8484, 5, 2021/11/23, 11:47:05.619, 9231400349446, testhost.dll, TestPluginCache.GetExtensionPaths: Added default extension paths: C:\Users\LENOVO\Source\Repos\VVS-zadaca21\Zadatak 2\bin\Debug\net5.0\fine-code-coverage\build-output\Microsoft.VisualStudio.TestPlatform.MSTest.TestAdapter.dll
TpTrace Verbose: 0 : 8484, 5, 2021/11/23, 11:47:05.619, 9231400351081, testhost.dll, TestPluginCache.GetExtensionPaths: Added unfilterableExtensionPaths: 
TpTrace Information: 0 : 8484, 5, 2021/11/23, 11:47:05.620, 9231400355071, testhost.dll, AssemblyResolver.AddSearchDirectories: Adding more searchDirectories C:\Users\LENOVO\Source\Repos\VVS-zadaca21\Zadatak 2\bin\Debug\net5.0\fine-code-coverage\build-output
TpTrace Verbose: 0 : 8484, 5, 2021/11/23, 11:47:05.620, 9231400356671, testhost.dll, TestPluginCache.DiscoverTestExtensions: Discovering the extensions using extension path.
TpTrace Verbose: 0 : 8484, 5, 2021/11/23, 11:47:05.620, 9231400358491, testhost.dll, TestPluginCache.GetExtensionPaths: Filtered extension paths: 
TpTrace Verbose: 0 : 8484, 5, 2021/11/23, 11:47:05.620, 9231400360681, testhost.dll, TestPluginCache.GetExtensionPaths: Added default extension paths: C:\Users\LENOVO\Source\Repos\VVS-zadaca21\Zadatak 2\bin\Debug\net5.0\fine-code-coverage\build-output\Microsoft.VisualStudio.TestPlatform.MSTest.TestAdapter.dll
TpTrace Verbose: 0 : 8484, 5, 2021/11/23, 11:47:05.621, 9231400361670, testhost.dll, TestPluginCache.GetExtensionPaths: Added unfilterableExtensionPaths: 
TpTrace Verbose: 0 : 8484, 5, 2021/11/23, 11:47:05.621, 9231400362608, testhost.dll, TestPluginCache.DiscoverTestExtensions: Discovering the extensions using allExtensionPaths: C:\Users\LENOVO\Source\Repos\VVS-zadaca21\Zadatak 2\bin\Debug\net5.0\fine-code-coverage\build-output\Microsoft.VisualStudio.TestPlatform.MSTest.TestAdapter.dll
TpTrace Information: 0 : 8484, 5, 2021/11/23, 11:47:05.621, 9231400363800, testhost.dll, AssemblyResolver.AddSearchDirectories: Adding more searchDirectories C:\Users\LENOVO\Source\Repos\VVS-zadaca21\Zadatak 2\bin\Debug\net5.0\fine-code-coverage\build-output
TpTrace Verbose: 0 : 8484, 5, 2021/11/23, 11:47:05.626, 9231400419833, testhost.dll, TestPluginCache: Discovered the extensions using extension path ''.
TpTrace Verbose: 0 : 8484, 5, 2021/11/23, 11:47:05.627, 9231400422697, testhost.dll, TestPluginCache: Discoverers are 'Microsoft.VisualStudio.TestPlatform.MSTest.TestAdapter.MSTestDiscoverer, Microsoft.VisualStudio.TestPlatform.MSTest.TestAdapter, Version=14.0.0.0, Culture=neutral, PublicKeyToken=b03f5f7f11d50a3a'.
TpTrace Verbose: 0 : 8484, 5, 2021/11/23, 11:47:05.627, 9231400424350, testhost.dll, TestPluginCache: Executors are 'executor://MSTestAdapter/v2'.
TpTrace Verbose: 0 : 8484, 5, 2021/11/23, 11:47:05.627, 9231400425830, testhost.dll, TestPluginCache: Executors2 are ''.
TpTrace Verbose: 0 : 8484, 5, 2021/11/23, 11:47:05.627, 9231400427280, testhost.dll, TestPluginCache: Setting providers are ''.
TpTrace Verbose: 0 : 8484, 5, 2021/11/23, 11:47:05.628, 9231400432154, testhost.dll, TestPluginCache: Loggers are ''.
TpTrace Verbose: 0 : 8484, 5, 2021/11/23, 11:47:05.644, 9231400600479, testhost.dll, BaseRunTests.RunTestInternalWithExecutors: Running tests for executor://MSTestAdapter/v2
TpTrace Information: 0 : 8484, 5, 2021/11/23, 11:47:05.646, 9231400614257, testhost.dll, AssemblyResolver.OnResolve: Microsoft.VisualStudio.TestPlatform.MSTestAdapter.PlatformServices.Interface: Resolving assembly.
TpTrace Information: 0 : 8484, 5, 2021/11/23, 11:47:05.647, 9231400630291, testhost.dll, AssemblyResolver.OnResolve: Resolved assembly: Microsoft.VisualStudio.TestPlatform.MSTestAdapter.PlatformServices.Interface, from path: C:\Users\LENOVO\Source\Repos\VVS-zadaca21\Zadatak 2\bin\Debug\net5.0\fine-code-coverage\build-output\Microsoft.VisualStudio.TestPlatform.MSTestAdapter.PlatformServices.Interface.dll
TpTrace Information: 0 : 8484, 5, 2021/11/23, 11:47:05.650, 9231400655859, testhost.dll, AssemblyResolver.OnResolve: Microsoft.VisualStudio.TestPlatform.MSTestAdapter.PlatformServices: Resolving assembly.
TpTrace Information: 0 : 8484, 5, 2021/11/23, 11:47:05.652, 9231400674139, testhost.dll, AssemblyResolver.OnResolve: Resolved assembly: Microsoft.VisualStudio.TestPlatform.MSTestAdapter.PlatformServices, from path: C:\Users\LENOVO\Source\Repos\VVS-zadaca21\Zadatak 2\bin\Debug\net5.0\fine-code-coverage\build-output\Microsoft.VisualStudio.TestPlatform.MSTestAdapter.PlatformServices.dll
TpTrace Information: 0 : 8484, 5, 2021/11/23, 11:47:05.653, 9231400684929, testhost.dll, MSTest - MSTestExecutor.RunTests: Running tests from sources.
TpTrace Information: 0 : 8484, 5, 2021/11/23, 11:47:05.658, 9231400740351, testhost.dll, MSTest - CollectSourceInformation value Found : False 
TpTrace Information: 0 : 8484, 5, 2021/11/23, 11:47:05.712, 9231401278632, testhost.dll, AssemblyResolver.OnResolve: Microsoft.TestPlatform.AdapterUtilities: Resolving assembly.
TpTrace Information: 0 : 8484, 5, 2021/11/23, 11:47:05.715, 9231401303875, testhost.dll, AssemblyResolver.OnResolve: Resolved assembly: Microsoft.TestPlatform.AdapterUtilities, from path: C:\Users\LENOVO\Source\Repos\VVS-zadaca21\Zadatak 2\bin\Debug\net5.0\fine-code-coverage\build-output\Microsoft.TestPlatform.AdapterUtilities.dll
TpTrace Information: 0 : 8484, 5, 2021/11/23, 11:47:05.738, 9231401532610, testhost.dll, MSTest - MSTestDiscoverer: Found 5 tests from source C:\Users\LENOVO\Source\Repos\VVS-zadaca21\Zadatak 2\bin\Debug\net5.0\fine-code-coverage\build-output\Zadatak 2.dll
TpTrace Information: 0 : 8484, 5, 2021/11/23, 11:47:05.770, 9231401852102, testhost.dll, AssemblyResolver.OnResolve: Microsoft.VisualStudio.TestPlatform.MSTestAdapter.PlatformServices.resources: Resolving assembly.
TpTrace Information: 0 : 8484, 5, 2021/11/23, 11:47:05.770, 9231401855479, testhost.dll, AssemblyResolver.OnResolve: Microsoft.VisualStudio.TestPlatform.MSTestAdapter.PlatformServices.resources: Failed to load assembly.
TpTrace Information: 0 : 8484, 5, 2021/11/23, 11:47:05.773, 9231401884607, testhost.dll, AssemblyResolver.OnResolve: Microsoft.VisualStudio.TestPlatform.MSTestAdapter.PlatformServices.resources: Resolving assembly.
TpTrace Information: 0 : 8484, 5, 2021/11/23, 11:47:05.773, 9231401887285, testhost.dll, AssemblyResolver.OnResolve: Microsoft.VisualStudio.TestPlatform.MSTestAdapter.PlatformServices.resources: Resolved from cache.
TpTrace Information: 0 : 8484, 5, 2021/11/23, 11:47:05.814, 9231402296014, testhost.dll, MSTest - Created unit-test runner C:\Users\LENOVO\Source\Repos\VVS-zadaca21\Zadatak 2\bin\Debug\net5.0\fine-code-coverage\build-output\Zadatak 2.dll
TpTrace Verbose: 0 : 8484, 5, 2021/11/23, 11:47:05.825, 9231402406503, testhost.dll, TestExecutionRecorder.RecordStart: Starting test: Zadatak_2.TDD.TestZamjenskiObjekat.
TpTrace Information: 0 : 8484, 5, 2021/11/23, 11:47:05.999, 9231404150575, testhost.dll, MSTest - Executing test TestZamjenskiObjekat
TpTrace Information: 0 : 8484, 5, 2021/11/23, 11:47:06.091, 9231405066340, testhost.dll, AssemblyResolver.OnResolve: Microsoft.VisualStudio.TestPlatform.MSTest.TestAdapter.resources: Resolving assembly.
TpTrace Information: 0 : 8484, 5, 2021/11/23, 11:47:06.091, 9231405069426, testhost.dll, AssemblyResolver.OnResolve: Microsoft.VisualStudio.TestPlatform.MSTest.TestAdapter.resources: Failed to load assembly.
TpTrace Information: 0 : 8484, 5, 2021/11/23, 11:47:06.144, 9231405592375, testhost.dll, MSTest - Executed test TestZamjenskiObjekat
TpTrace Verbose: 0 : 8484, 5, 2021/11/23, 11:47:06.150, 9231405653106, testhost.dll, TestExecutionRecorder.RecordEnd: test: Zadatak_2.TDD.TestZamjenskiObjekat execution completed.
TpTrace Information: 0 : 8484, 5, 2021/11/23, 11:47:06.184, 9231405995778, testhost.dll, MSTest - MSTestExecutor:Test Zadatak_2.TDD.TestZamjenskiObjekat failed. ErrorMessage:Test method Zadatak_2.TDD.TestZamjenskiObjekat threw exception: 
System.NotImplementedException: The method or operation is not implemented., ErrorStackTrace:    at Cvjecara.Leksikon.ValidnoLatinskoIme(String ime) in C:\Users\LENOVO\Source\Repos\VVS-zadaca21\Cvjecara\Leksikon.cs:line 18
   at Cvjecara.Cvjećara.ProvjeriLatinskaImenaCvijeća(ILeksikon leksikon) in C:\Users\LENOVO\Source\Repos\VVS-zadaca21\Cvjecara\Cvjećara.cs:line 136
   at Zadatak_2.TDD.TestZamjenskiObjekat() in C:\Users\LENOVO\Source\Repos\VVS-zadaca21\Zadatak 2\TDD.cs:line 23
.
TpTrace Verbose: 0 : 8484, 5, 2021/11/23, 11:47:06.186, 9231406016018, testhost.dll, TestExecutionRecorder.RecordResult: Received result for test: Zadatak_2.TDD.TestZamjenskiObjekat.
TpTrace Warning: 0 : 8484, 5, 2021/11/23, 11:47:06.200, 9231406160394, testhost.dll, TestRunCache: InProgressTests is null
TpTrace Warning: 0 : 8484, 5, 2021/11/23, 11:47:06.201, 9231406166966, testhost.dll, TestRunCache: No test found corresponding to testResult '' in inProgress list.
TpTrace Verbose: 0 : 8484, 5, 2021/11/23, 11:47:06.201, 9231406169779, testhost.dll, TestExecutionRecorder.RecordStart: Starting test: Zadatak_2.TDD.ProljetnaNabavka.
TpTrace Information: 0 : 8484, 5, 2021/11/23, 11:47:06.207, 9231406225916, testhost.dll, MSTest - Executing test ProljetnaNabavka
TpTrace Information: 0 : 8484, 5, 2021/11/23, 11:47:06.218, 9231406333973, testhost.dll, MSTest - Executed test ProljetnaNabavka
TpTrace Verbose: 0 : 8484, 5, 2021/11/23, 11:47:06.218, 9231406336561, testhost.dll, TestExecutionRecorder.RecordEnd: test: Zadatak_2.TDD.ProljetnaNabavka execution completed.
TpTrace Information: 0 : 8484, 5, 2021/11/23, 11:47:06.222, 9231406371612, testhost.dll, MSTest - MSTestExecutor:Test Zadatak_2.TDD.ProljetnaNabavka failed. ErrorMessage:Test method Zadatak_2.TDD.ProljetnaNabavka threw exception: 
System.NotImplementedException: The method or operation is not implemented., ErrorStackTrace:    at Cvjecara.Cvjećara.IzvršiNabavku(String godišnjeDoba, String veličinaNarudžbe) in C:\Users\LENOVO\Source\Repos\VVS-zadaca21\Cvjecara\Cvjećara.cs:line 104
   at Zadatak_2.TDD.ProljetnaNabavka() in C:\Users\LENOVO\Source\Repos\VVS-zadaca21\Zadatak 2\TDD.cs:line 47
.
TpTrace Verbose: 0 : 8484, 5, 2021/11/23, 11:47:06.222, 9231406373437, testhost.dll, TestExecutionRecorder.RecordResult: Received result for test: Zadatak_2.TDD.ProljetnaNabavka.
TpTrace Warning: 0 : 8484, 5, 2021/11/23, 11:47:06.222, 9231406374775, testhost.dll, TestRunCache: InProgressTests is null
TpTrace Warning: 0 : 8484, 5, 2021/11/23, 11:47:06.222, 9231406375670, testhost.dll, TestRunCache: No test found corresponding to testResult '' in inProgress list.
TpTrace Verbose: 0 : 8484, 5, 2021/11/23, 11:47:06.222, 9231406377135, testhost.dll, TestExecutionRecorder.RecordStart: Starting test: Zadatak_2.TDD.JesenjaNabavka.
TpTrace Information: 0 : 8484, 5, 2021/11/23, 11:47:06.225, 9231406406384, testhost.dll, MSTest - Executing test JesenjaNabavka
TpTrace Information: 0 : 8484, 5, 2021/11/23, 11:47:06.230, 9231406454907, testhost.dll, MSTest - Executed test JesenjaNabavka
TpTrace Verbose: 0 : 8484, 5, 2021/11/23, 11:47:06.230, 9231406457519, testhost.dll, TestExecutionRecorder.RecordEnd: test: Zadatak_2.TDD.JesenjaNabavka execution completed.
TpTrace Information: 0 : 8484, 5, 2021/11/23, 11:47:06.237, 9231406526649, testhost.dll, MSTest - MSTestExecutor:Test Zadatak_2.TDD.JesenjaNabavka failed. ErrorMessage:Test method Zadatak_2.TDD.JesenjaNabavka threw exception: 
System.NotImplementedException: The method or operation is not implemented., ErrorStackTrace:    at Cvjecara.Cvjećara.IzvršiNabavku(String godišnjeDoba, String veličinaNarudžbe) in C:\Users\LENOVO\Source\Repos\VVS-zadaca21\Cvjecara\Cvjećara.cs:line 104
   at Zadatak_2.TDD.JesenjaNabavka() in C:\Users\LENOVO\Source\Repos\VVS-zadaca21\Zadatak 2\TDD.cs:line 73
.
TpTrace Verbose: 0 : 8484, 5, 2021/11/23, 11:47:06.237, 9231406528179, testhost.dll, TestExecutionRecorder.RecordResult: Received result for test: Zadatak_2.TDD.JesenjaNabavka.
TpTrace Warning: 0 : 8484, 5, 2021/11/23, 11:47:06.237, 9231406529618, testhost.dll, TestRunCache: InProgressTests is null
TpTrace Warning: 0 : 8484, 5, 2021/11/23, 11:47:06.237, 9231406530619, testhost.dll, TestRunCache: No test found corresponding to testResult '' in inProgress list.
TpTrace Verbose: 0 : 8484, 5, 2021/11/23, 11:47:06.238, 9231406533645, testhost.dll, TestExecutionRecorder.RecordStart: Starting test: Zadatak_2.TDD.NedozvoljenaNabavkaLjetiIliZimi.
TpTrace Information: 0 : 8484, 5, 2021/11/23, 11:47:06.242, 9231406577766, testhost.dll, MSTest - Executing test NedozvoljenaNabavkaLjetiIliZimi
TpTrace Information: 0 : 8484, 5, 2021/11/23, 11:47:06.248, 9231406634913, testhost.dll, AssemblyResolver.OnResolve: Microsoft.VisualStudio.TestPlatform.TestFramework.resources: Resolving assembly.
TpTrace Information: 0 : 8484, 5, 2021/11/23, 11:47:06.248, 9231406639285, testhost.dll, AssemblyResolver.OnResolve: Microsoft.VisualStudio.TestPlatform.TestFramework.resources: Failed to load assembly.
TpTrace Information: 0 : 8484, 5, 2021/11/23, 11:47:06.251, 9231406669904, testhost.dll, MSTest - Executed test NedozvoljenaNabavkaLjetiIliZimi
TpTrace Verbose: 0 : 8484, 5, 2021/11/23, 11:47:06.252, 9231406672143, testhost.dll, TestExecutionRecorder.RecordEnd: test: Zadatak_2.TDD.NedozvoljenaNabavkaLjetiIliZimi execution completed.
TpTrace Information: 0 : 8484, 5, 2021/11/23, 11:47:06.254, 9231406699149, testhost.dll, MSTest - MSTestExecutor:Test Zadatak_2.TDD.NedozvoljenaNabavkaLjetiIliZimi failed. ErrorMessage:Test method threw exception System.NotImplementedException, but exception System.ArgumentException was expected. Exception message: System.NotImplementedException: The method or operation is not implemented., ErrorStackTrace:   at Cvjecara.Cvjećara.IzvršiNabavku(String godišnjeDoba, String veličinaNarudžbe) in C:\Users\LENOVO\Source\Repos\VVS-zadaca21\Cvjecara\Cvjećara.cs:line 104
   at Zadatak_2.TDD.NedozvoljenaNabavkaLjetiIliZimi() in C:\Users\LENOVO\Source\Repos\VVS-zadaca21\Zadatak 2\TDD.cs:line 98
.
TpTrace Verbose: 0 : 8484, 5, 2021/11/23, 11:47:06.254, 9231406700601, testhost.dll, TestExecutionRecorder.RecordResult: Received result for test: Zadatak_2.TDD.NedozvoljenaNabavkaLjetiIliZimi.
TpTrace Warning: 0 : 8484, 5, 2021/11/23, 11:47:06.255, 9231406701947, testhost.dll, TestRunCache: InProgressTests is null
TpTrace Warning: 0 : 8484, 5, 2021/11/23, 11:47:06.255, 9231406702975, testhost.dll, TestRunCache: No test found corresponding to testResult '' in inProgress list.
TpTrace Verbose: 0 : 8484, 5, 2021/11/23, 11:47:06.255, 9231406704218, testhost.dll, TestExecutionRecorder.RecordStart: Starting test: Zadatak_2.TDD.NedozvoljeneSrednjeNabavke.
TpTrace Information: 0 : 8484, 5, 2021/11/23, 11:47:06.257, 9231406727312, testhost.dll, MSTest - Executing test NedozvoljeneSrednjeNabavke
TpTrace Information: 0 : 8484, 5, 2021/11/23, 11:47:06.260, 9231406759776, testhost.dll, MSTest - Executed test NedozvoljeneSrednjeNabavke
TpTrace Verbose: 0 : 8484, 5, 2021/11/23, 11:47:06.261, 9231406762062, testhost.dll, TestExecutionRecorder.RecordEnd: test: Zadatak_2.TDD.NedozvoljeneSrednjeNabavke execution completed.
TpTrace Information: 0 : 8484, 5, 2021/11/23, 11:47:06.264, 9231406794155, testhost.dll, MSTest - MSTestExecutor:Test Zadatak_2.TDD.NedozvoljeneSrednjeNabavke failed. ErrorMessage:Test method threw exception System.NotImplementedException, but exception System.ArgumentException was expected. Exception message: System.NotImplementedException: The method or operation is not implemented., ErrorStackTrace:   at Cvjecara.Cvjećara.IzvršiNabavku(String godišnjeDoba, String veličinaNarudžbe) in C:\Users\LENOVO\Source\Repos\VVS-zadaca21\Cvjecara\Cvjećara.cs:line 104
   at Zadatak_2.TDD.NedozvoljeneSrednjeNabavke() in C:\Users\LENOVO\Source\Repos\VVS-zadaca21\Zadatak 2\TDD.cs:line 115
.
TpTrace Verbose: 0 : 8484, 5, 2021/11/23, 11:47:06.264, 9231406795917, testhost.dll, TestExecutionRecorder.RecordResult: Received result for test: Zadatak_2.TDD.NedozvoljeneSrednjeNabavke.
TpTrace Warning: 0 : 8484, 5, 2021/11/23, 11:47:06.264, 9231406797431, testhost.dll, TestRunCache: InProgressTests is null
TpTrace Warning: 0 : 8484, 5, 2021/11/23, 11:47:06.264, 9231406798499, testhost.dll, TestRunCache: No test found corresponding to testResult '' in inProgress list.
TpTrace Information: 0 : 8484, 5, 2021/11/23, 11:47:06.265, 9231406805804, testhost.dll, MSTest - Executing cleanup methods.
TpTrace Information: 0 : 8484, 5, 2021/11/23, 11:47:06.269, 9231406843149, testhost.dll, MSTest - Executed cleanup methods.
TpTrace Information: 0 : 8484, 5, 2021/11/23, 11:47:06.269, 9231406845106, testhost.dll, MSTest - Executed tests belonging to source C:\Users\LENOVO\Source\Repos\VVS-zadaca21\Zadatak 2\bin\Debug\net5.0\fine-code-coverage\build-output\Zadatak 2.dll
TpTrace Verbose: 0 : 8484, 5, 2021/11/23, 11:47:06.270, 9231406854732, testhost.dll, BaseRunTests.RunTestInternalWithExecutors: Completed running tests for executor://MSTestAdapter/v2
TpTrace Information: 0 : 8484, 5, 2021/11/23, 11:47:06.279, 9231406947014, testhost.dll, Sending test run complete
TpTrace Verbose: 0 : 8484, 4, 2021/11/23, 11:47:06.328, 9231407441284, testhost.dll, TcpClientExtensions.MessageLoopAsync: Polling on remoteEndPoint: [::ffff:127.0.0.1]:57447 localEndPoint: [::ffff:127.0.0.1]:57448
TpTrace Verbose: 0 : 8484, 5, 2021/11/23, 11:47:06.471, 9231408870695, testhost.dll, TestRequestHandler.SendData:  sending data from testhost: {"Version":5,"MessageType":"TestExecution.Completed","Payload":{"TestRunCompleteArgs":{"TestRunStatistics":{"ExecutedTests":5,"Stats":{"Failed":5}},"IsCanceled":false,"IsAborted":false,"Error":null,"AttachmentSets":[],"ElapsedTimeInRunningTests":"00:00:00.6374256","Metrics":{}},"LastRunTests":{"NewTestResults":[{"TestCase":{"Id":"cd075b4d-61b2-de77-403b-0cfb69a56f47","FullyQualifiedName":"Zadatak_2.TDD.TestZamjenskiObjekat","DisplayName":"TestZamjenskiObjekat","ExecutorUri":"executor://MSTestAdapter/v2","Source":"C:\\Users\\LENOVO\\Source\\Repos\\VVS-zadaca21\\Zadatak 2\\bin\\Debug\\net5.0\\fine-code-coverage\\build-output\\Zadatak 2.dll","CodeFilePath":null,"LineNumber":-1,"Properties":[{"Key":{"Id":"TestCase.ManagedType","Label":"ManagedType","Category":"","Description":"","Attributes":1,"ValueType":"System.String"},"Value":"Zadatak_2.TDD"},{"Key":{"Id":"TestCase.ManagedMethod","Label":"ManagedMethod","Category":"","Description":"","Attributes":1,"ValueType":"System.String"},"Value":"TestZamjenskiObjekat"},{"Key":{"Id":"MSTestDiscoverer.TestClassName","Label":"ClassName","Category":"","Description":"","Attributes":1,"ValueType":"System.String"},"Value":"Zadatak_2.TDD"},{"Key":{"Id":"TestObject.Traits","Label":"Traits","Category":"","Description":"","Attributes":5,"ValueType":"System.Collections.Generic.KeyValuePair`2[[System.String],[System.String]][]"},"Value":[]}]},"Attachments":[],"Outcome":2,"ErrorMessage":"Test method Zadatak_2.TDD.TestZamjenskiObjekat threw exception: \r\nSystem.NotImplementedException: The method or operation is not implemented.","ErrorStackTrace":"    at Cvjecara.Leksikon.ValidnoLatinskoIme(String ime) in C:\\Users\\LENOVO\\Source\\Repos\\VVS-zadaca21\\Cvjecara\\Leksikon.cs:line 18\r\n   at Cvjecara.Cvjećara.ProvjeriLatinskaImenaCvijeća(ILeksikon leksikon) in C:\\Users\\LENOVO\\Source\\Repos\\VVS-zadaca21\\Cvjecara\\Cvjećara.cs:line 136\r\n   at Zadatak_2.TDD.TestZamjenskiObjekat() in C:\\Users\\LENOVO\\Source\\Repos\\VVS-zadaca21\\Zadatak 2\\TDD.cs:line 23\r\n","DisplayName":null,"Messages":[],"ComputerName":null,"Duration":"00:00:00.0856666","StartTime":"2021-11-23T11:47:05.9997347+01:00","EndTime":"2021-11-23T11:47:06.1442646+01:00","Properties":[{"Key":{"Id":"ExecutionId","Label":"ExecutionId","Category":"","Description":"","Attributes":1,"ValueType":"System.Guid"},"Value":"00000000-0000-0000-0000-000000000000"},{"Key":{"Id":"ParentExecId","Label":"ParentExecId","Category":"","Description":"","Attributes":1,"ValueType":"System.Guid"},"Value":"00000000-0000-0000-0000-000000000000"},{"Key":{"Id":"InnerResultsCount","Label":"InnerResultsCount","Category":"","Description":"","Attributes":1,"ValueType":"System.Int32"},"Value":0}]},{"TestCase":{"Id":"b51d3f41-b72b-1028-816b-1d654d5090ba","FullyQualifiedName":"Zadatak_2.TDD.ProljetnaNabavka","DisplayName":"ProljetnaNabavka","ExecutorUri":"executor://MSTestAdapter/v2","Source":"C:\\Users\\LENOVO\\Source\\Repos\\VVS-zadaca21\\Zadatak 2\\bin\\Debug\\net5.0\\fine-code-coverage\\build-output\\Zadatak 2.dll","CodeFilePath":null,"LineNumber":-1,"Properties":[{"Key":{"Id":"TestCase.ManagedType","Label":"ManagedType","Category":"","Description":"","Attributes":1,"ValueType":"System.String"},"Value":"Zadatak_2.TDD"},{"Key":{"Id":"TestCase.ManagedMethod","Label":"ManagedMethod","Category":"","Description":"","Attributes":1,"ValueType":"System.String"},"Value":"ProljetnaNabavka"},{"Key":{"Id":"MSTestDiscoverer.TestClassName","Label":"ClassName","Category":"","Description":"","Attributes":1,"ValueType":"System.String"},"Value":"Zadatak_2.TDD"},{"Key":{"Id":"TestObject.Traits","Label":"Traits","Category":"","Description":"","Attributes":5,"ValueType":"System.Collections.Generic.KeyValuePair`2[[System.String],[System.String]][]"},"Value":[]}]},"Attachments":[],"Outcome":2,"ErrorMessage":"Test method Zadatak_2.TDD.ProljetnaNabavka threw exception: \r\nSystem.NotImplementedException: The method or operation is not implemented.","ErrorStackTrace":"    at Cvjecara.Cvjećara.IzvršiNabavku(String godišnjeDoba, String veličinaNarudžbe) in C:\\Users\\LENOVO\\Source\\Repos\\VVS-zadaca21\\Cvjecara\\Cvjećara.cs:line 104\r\n   at Zadatak_2.TDD.ProljetnaNabavka() in C:\\Users\\LENOVO\\Source\\Repos\\VVS-zadaca21\\Zadatak 2\\TDD.cs:line 47\r\n","DisplayName":null,"Messages":[],"ComputerName":null,"Duration":"00:00:00.0101595","StartTime":"2021-11-23T11:47:06.2074361+01:00","EndTime":"2021-11-23T11:47:06.2184734+01:00","Properties":[{"Key":{"Id":"ExecutionId","Label":"ExecutionId","Category":"","Description":"","Attributes":1,"ValueType":"System.Guid"},"Value":"00000000-0000-0000-0000-000000000000"},{"Key":{"Id":"ParentExecId","Label":"ParentExecId","Category":"","Description":"","Attributes":1,"ValueType":"System.Guid"},"Value":"00000000-0000-0000-0000-000000000000"},{"Key":{"Id":"InnerResultsCount","Label":"InnerResultsCount","Category":"","Description":"","Attributes":1,"ValueType":"System.Int32"},"Value":0}]},{"TestCase":{"Id":"8891ef0f-da64-c2a4-4354-33fdbaef8344","FullyQualifiedName":"Zadatak_2.TDD.JesenjaNabavka","DisplayName":"JesenjaNabavka","ExecutorUri":"executor://MSTestAdapter/v2","Source":"C:\\Users\\LENOVO\\Source\\Repos\\VVS-zadaca21\\Zadatak 2\\bin\\Debug\\net5.0\\fine-code-coverage\\build-output\\Zadatak 2.dll","CodeFilePath":null,"LineNumber":-1,"Properties":[{"Key":{"Id":"TestCase.ManagedType","Label":"ManagedType","Category":"","Description":"","Attributes":1,"ValueType":"System.String"},"Value":"Zadatak_2.TDD"},{"Key":{"Id":"TestCase.ManagedMethod","Label":"ManagedMethod","Category":"","Description":"","Attributes":1,"ValueType":"System.String"},"Value":"JesenjaNabavka"},{"Key":{"Id":"MSTestDiscoverer.TestClassName","Label":"ClassName","Category":"","Description":"","Attributes":1,"ValueType":"System.String"},"Value":"Zadatak_2.TDD"},{"Key":{"Id":"TestObject.Traits","Label":"Traits","Category":"","Description":"","Attributes":5,"ValueType":"System.Collections.Generic.KeyValuePair`2[[System.String],[System.String]][]"},"Value":[]}]},"Attachments":[],"Outcome":2,"ErrorMessage":"Test method Zadatak_2.TDD.JesenjaNabavka threw exception: \r\nSystem.NotImplementedException: The method or operation is not implemented.","ErrorStackTrace":"    at Cvjecara.Cvjećara.IzvršiNabavku(String godišnjeDoba, String veličinaNarudžbe) in C:\\Users\\LENOVO\\Source\\Repos\\VVS-zadaca21\\Cvjecara\\Cvjećara.cs:line 104\r\n   at Zadatak_2.TDD.JesenjaNabavka() in C:\\Users\\LENOVO\\Source\\Repos\\VVS-zadaca21\\Zadatak 2\\TDD.cs:line 73\r\n","DisplayName":null,"Messages":[],"ComputerName":null,"Duration":"00:00:00.0041110","StartTime":"2021-11-23T11:47:06.2254823+01:00","EndTime":"2021-11-23T11:47:06.2305894+01:00","Properties":[{"Key":{"Id":"ExecutionId","Label":"ExecutionId","Category":"","Description":"","Attributes":1,"ValueType":"System.Guid"},"Value":"00000000-0000-0000-0000-000000000000"},{"Key":{"Id":"ParentExecId","Label":"ParentExecId","Category":"","Description":"","Attributes":1,"ValueType":"System.Guid"},"Value":"00000000-0000-0000-0000-000000000000"},{"Key":{"Id":"InnerResultsCount","Label":"InnerResultsCount","Category":"","Description":"","Attributes":1,"ValueType":"System.Int32"},"Value":0}]},{"TestCase":{"Id":"3ff34b18-7204-1007-cf66-18bf2ac4d566","FullyQualifiedName":"Zadatak_2.TDD.NedozvoljenaNabavkaLjetiIliZimi","DisplayName":"NedozvoljenaNabavkaLjetiIliZimi","ExecutorUri":"executor://MSTestAdapter/v2","Source":"C:\\Users\\LENOVO\\Source\\Repos\\VVS-zadaca21\\Zadatak 2\\bin\\Debug\\net5.0\\fine-code-coverage\\build-output\\Zadatak 2.dll","CodeFilePath":null,"LineNumber":-1,"Properties":[{"Key":{"Id":"TestCase.ManagedType","Label":"ManagedType","Category":"","Description":"","Attributes":1,"ValueType":"System.String"},"Value":"Zadatak_2.TDD"},{"Key":{"Id":"TestCase.ManagedMethod","Label":"ManagedMethod","Category":"","Description":"","Attributes":1,"ValueType":"System.String"},"Value":"NedozvoljenaNabavkaLjetiIliZimi"},{"Key":{"Id":"MSTestDiscoverer.TestClassName","Label":"ClassName","Category":"","Description":"","Attributes":1,"ValueType":"System.String"},"Value":"Zadatak_2.TDD"},{"Key":{"Id":"TestObject.Traits","Label":"Traits","Category":"","Description":"","Attributes":5,"ValueType":"System.Collections.Generic.KeyValuePair`2[[System.String],[System.String]][]"},"Value":[]}]},"Attachments":[],"Outcome":2,"ErrorMessage":"Test method threw exception System.NotImplementedException, but exception System.ArgumentException was expected. Exception message: System.NotImplementedException: The method or operation is not implemented.","ErrorStackTrace":"   at Cvjecara.Cvjećara.IzvršiNabavku(String godišnjeDoba, String veličinaNarudžbe) in C:\\Users\\LENOVO\\Source\\Repos\\VVS-zadaca21\\Cvjecara\\Cvjećara.cs:line 104\r\n   at Zadatak_2.TDD.NedozvoljenaNabavkaLjetiIliZimi() in C:\\Users\\LENOVO\\Source\\Repos\\VVS-zadaca21\\Zadatak 2\\TDD.cs:line 98\r\n","DisplayName":null,"Messages":[],"ComputerName":null,"Duration":"00:00:00.0084002","StartTime":"2021-11-23T11:47:06.2426221+01:00","EndTime":"2021-11-23T11:47:06.2520448+01:00","Properties":[{"Key":{"Id":"ExecutionId","Label":"ExecutionId","Category":"","Description":"","Attributes":1,"ValueType":"System.Guid"},"Value":"00000000-0000-0000-0000-000000000000"},{"Key":{"Id":"ParentExecId","Label":"ParentExecId","Category":"","Description":"","Attributes":1,"ValueType":"System.Guid"},"Value":"00000000-0000-0000-0000-000000000000"},{"Key":{"Id":"InnerResultsCount","Label":"InnerResultsCount","Category":"","Description":"","Attributes":1,"ValueType":"System.Int32"},"Value":0}]},{"TestCase":{"Id":"40ed29d5-0464-2bd3-28a1-5980313a2e0b","FullyQualifiedName":"Zadatak_2.TDD.NedozvoljeneSrednjeNabavke","DisplayName":"NedozvoljeneSrednjeNabavke","ExecutorUri":"executor://MSTestAdapter/v2","Source":"C:\\Users\\LENOVO\\Source\\Repos\\VVS-zadaca21\\Zadatak 2\\bin\\Debug\\net5.0\\fine-code-coverage\\build-output\\Zadatak 2.dll","CodeFilePath":null,"LineNumber":-1,"Properties":[{"Key":{"Id":"TestCase.ManagedType","Label":"ManagedType","Category":"","Description":"","Attributes":1,"ValueType":"System.String"},"Value":"Zadatak_2.TDD"},{"Key":{"Id":"TestCase.ManagedMethod","Label":"ManagedMethod","Category":"","Description":"","Attributes":1,"ValueType":"System.String"},"Value":"NedozvoljeneSrednjeNabavke"},{"Key":{"Id":"MSTestDiscoverer.TestClassName","Label":"ClassName","Category":"","Description":"","Attributes":1,"ValueType":"System.String"},"Value":"Zadatak_2.TDD"},{"Key":{"Id":"TestObject.Traits","Label":"Traits","Category":"","Description":"","Attributes":5,"ValueType":"System.Collections.Generic.KeyValuePair`2[[System.String],[System.String]][]"},"Value":[]}]},"Attachments":[],"Outcome":2,"ErrorMessage":"Test method threw exception System.NotImplementedException, but exception System.ArgumentException was expected. Exception message: System.NotImplementedException: The method or operation is not implemented.","ErrorStackTrace":"   at Cvjecara.Cvjećara.IzvršiNabavku(String godišnjeDoba, String veličinaNarudžbe) in C:\\Users\\LENOVO\\Source\\Repos\\VVS-zadaca21\\Cvjecara\\Cvjećara.cs:line 104\r\n   at Zadatak_2.TDD.NedozvoljeneSrednjeNabavke() in C:\\Users\\LENOVO\\Source\\Repos\\VVS-zadaca21\\Zadatak 2\\TDD.cs:line 115\r\n","DisplayName":null,"Messages":[],"ComputerName":null,"Duration":"00:00:00.0026992","StartTime":"2021-11-23T11:47:06.2575768+01:00","EndTime":"2021-11-23T11:47:06.2610418+01:00","Properties":[{"Key":{"Id":"ExecutionId","Label":"ExecutionId","Category":"","Description":"","Attributes":1,"ValueType":"System.Guid"},"Value":"00000000-0000-0000-0000-000000000000"},{"Key":{"Id":"ParentExecId","Label":"ParentExecId","Category":"","Description":"","Attributes":1,"ValueType":"System.Guid"},"Value":"00000000-0000-0000-0000-000000000000"},{"Key":{"Id":"InnerResultsCount","Label":"InnerResultsCount","Category":"","Description":"","Attributes":1,"ValueType":"System.Int32"},"Value":0}]}],"TestRunStatistics":{"ExecutedTests":5,"Stats":{"Failed":5}},"ActiveTests":[]},"RunAttachments":[],"ExecutorUris":["executor://mstestadapter/v2"]}}
TpTrace Verbose: 0 : 8484, 4, 2021/11/23, 11:47:06.476, 9231408918375, testhost.dll, TcpClientExtensions.MessageLoopAsync: NotifyDataAvailable remoteEndPoint: [::ffff:127.0.0.1]:57447 localEndPoint: [::ffff:127.0.0.1]:57448
TpTrace Information: 0 : 8484, 4, 2021/11/23, 11:47:06.477, 9231408921766, testhost.dll, TestRequestHandler.ProcessRequests: received message: (TestSession.Terminate) -> null
TpTrace Information: 0 : 8484, 4, 2021/11/23, 11:47:06.477, 9231408922698, testhost.dll, Session End message received from server. Closing the connection.
TpTrace Information: 0 : 8484, 4, 2021/11/23, 11:47:06.477, 9231408931178, testhost.dll, SocketClient.Stop: Stop communication from server endpoint: 127.0.0.1:057447
TpTrace Information: 0 : 8484, 4, 2021/11/23, 11:47:06.478, 9231408933604, testhost.dll, SocketClient: Stop: Cancellation requested. Stopping message loop.
TpTrace Verbose: 0 : 8484, 4, 2021/11/23, 11:47:06.478, 9231408938018, testhost.dll, LengthPrefixCommunicationChannel.Dispose: Dispose reader and writer.
TpTrace Information: 0 : 8484, 4, 2021/11/23, 11:47:06.478, 9231408941171, testhost.dll, Closing the connection !
TpTrace Information: 0 : 8484, 4, 2021/11/23, 11:47:06.479, 9231408947864, testhost.dll, SocketClient.PrivateStop: Stop communication from server endpoint: 127.0.0.1:057447, error:
TpTrace Information: 0 : 8484, 1, 2021/11/23, 11:47:06.482, 9231408973277, testhost.dll, Closing the connection !
TpTrace Information: 0 : 8484, 1, 2021/11/23, 11:47:06.482, 9231408975755, testhost.dll, SocketClient.Stop: Stop communication from server endpoint: 127.0.0.1:057447
TpTrace Verbose: 0 : 8484, 1, 2021/11/23, 11:47:06.482, 9231408977007, testhost.dll, LengthPrefixCommunicationChannel.Dispose: Dispose reader and writer.
TpTrace Information: 0 : 8484, 1, 2021/11/23, 11:47:06.482, 9231408980796, testhost.dll, Testhost process exiting.
TpTrace Verbose: 0 : 8484, 5, 2021/11/23, 11:47:06.507, 9231409230568, testhost.dll, BaseRunTests.RunTests: Run is complete.
