TpTrace Verbose: 0 : 14796, 1, 2021/11/15, 13:03:00.787, 9223069944396, testhost.dll, Version: 16.9.4
TpTrace Information: 0 : 14796, 1, 2021/11/15, 13:03:00.802, 9223070030919, testhost.dll, DefaultEngineInvoker.Invoke: Testhost process started with args :[--port, 59740],[--endpoint, 127.0.0.1:059740],[--role, client],[--parentprocessid, 12068],[--diag, C:\Users\Ehlimana\Desktop\Cvjecara\Zadatak 2\bin\Debug\net5.0\fine-code-coverage\coverage-tool-output\diagnostics.host.21-11-15_13-03-00_37441_5.log],[--tracelevel, 4],[--datacollectionport, 59739],[--telemetryoptedin, false]
TpTrace Information: 0 : 14796, 1, 2021/11/15, 13:03:00.804, 9223070049937, testhost.dll, Setting up debug trace listener.
TpTrace Verbose: 0 : 14796, 1, 2021/11/15, 13:03:00.804, 9223070052863, testhost.dll, TestPlatformTraceListener.Setup: Replacing listener 0 with TestHostTraceListener.
TpTrace Verbose: 0 : 14796, 1, 2021/11/15, 13:03:00.804, 9223070053488, testhost.dll, TestPlatformTraceListener.Setup: Added test platform trace listener.
TpTrace Information: 0 : 14796, 1, 2021/11/15, 13:03:00.804, 9223070058633, testhost.dll, DefaultEngineInvoker.SetParentProcessExitCallback: Monitoring parent process with id: '12068'
TpTrace Information: 0 : 14796, 1, 2021/11/15, 13:03:00.816, 9223070172101, testhost.dll, DefaultEngineInvoker.GetConnectionInfo: Initialize communication on endpoint address: '127.0.0.1:059740'
TpTrace Information: 0 : 14796, 1, 2021/11/15, 13:03:00.838, 9223070390051, testhost.dll, SocketClient.Start: connecting to server endpoint: 127.0.0.1:059740
TpTrace Information: 0 : 14796, 1, 2021/11/15, 13:03:00.848, 9223070495245, testhost.dll, DefaultEngineInvoker.ConnectToDatacollector: Connecting to datacollector, port: 59739
TpTrace Information: 0 : 14796, 4, 2021/11/15, 13:03:00.850, 9223070510018, testhost.dll, SocketClient.OnServerConnected: connected to server endpoint: 127.0.0.1:059740
TpTrace Verbose: 0 : 14796, 4, 2021/11/15, 13:03:00.852, 9223070533191, testhost.dll, Connected to server, and starting MessageLoopAsync
TpTrace Information: 0 : 14796, 1, 2021/11/15, 13:03:00.852, 9223070537541, testhost.dll, Trying to connect to server on socket : 127.0.0.1:59739 
TpTrace Verbose: 0 : 14796, 1, 2021/11/15, 13:03:00.853, 9223070541228, testhost.dll, SocketCommunicationManager : SetupClientAsync : Attempting to connect to the server.
TpTrace Information: 0 : 14796, 10, 2021/11/15, 13:03:00.856, 9223070572884, testhost.dll, Connected to the server successfully 
TpTrace Information: 0 : 14796, 10, 2021/11/15, 13:03:00.856, 9223070574764, testhost.dll, Using the buffer size of 16384 bytes
TpTrace Verbose: 0 : 14796, 4, 2021/11/15, 13:03:00.856, 9223070578595, testhost.dll, TcpClientExtensions.MessageLoopAsync: Polling on remoteEndPoint: [::ffff:127.0.0.1]:59740 localEndPoint: [::ffff:127.0.0.1]:59741
TpTrace Information: 0 : 14796, 1, 2021/11/15, 13:03:00.857, 9223070583344, testhost.dll, DefaultEngineInvoker.Invoke: Start Request Processing.
TpTrace Verbose: 0 : 14796, 4, 2021/11/15, 13:03:00.857, 9223070583973, testhost.dll, TcpClientExtensions.MessageLoopAsync: NotifyDataAvailable remoteEndPoint: [::ffff:127.0.0.1]:59740 localEndPoint: [::ffff:127.0.0.1]:59741
TpTrace Information: 0 : 14796, 11, 2021/11/15, 13:03:00.858, 9223070596438, testhost.dll, DefaultEngineInvoker.StartProcessingAsync: Connected to vstest.console, Starting process requests.
TpTrace Information: 0 : 14796, 4, 2021/11/15, 13:03:01.024, 9223072256003, testhost.dll, TestRequestHandler.ProcessRequests: received message: (ProtocolVersion) -> 5
TpTrace Verbose: 0 : 14796, 4, 2021/11/15, 13:03:01.066, 9223072669850, testhost.dll, TestRequestHandler.SendData:  sending data from testhost: {"Version":5,"MessageType":"TestSession.Message","Payload":{"MessageLevel":0,"Message":"Logging TestHost Diagnostics in file: C:\\Users\\Ehlimana\\Desktop\\Cvjecara\\Zadatak 2\\bin\\Debug\\net5.0\\fine-code-coverage\\coverage-tool-output\\diagnostics.host.21-11-15_13-03-00_37441_5.log"}}
TpTrace Verbose: 0 : 14796, 4, 2021/11/15, 13:03:01.066, 9223072672216, testhost.dll, TcpClientExtensions.MessageLoopAsync: Polling on remoteEndPoint: [::ffff:127.0.0.1]:59740 localEndPoint: [::ffff:127.0.0.1]:59741
TpTrace Verbose: 0 : 14796, 4, 2021/11/15, 13:03:01.066, 9223072674686, testhost.dll, TcpClientExtensions.MessageLoopAsync: NotifyDataAvailable remoteEndPoint: [::ffff:127.0.0.1]:59740 localEndPoint: [::ffff:127.0.0.1]:59741
TpTrace Information: 0 : 14796, 4, 2021/11/15, 13:03:01.073, 9223072742836, testhost.dll, TestRequestHandler.ProcessRequests: received message: (TestExecution.Initialize) -> [
  "C:\\Users\\Ehlimana\\Desktop\\Cvjecara\\Zadatak 2\\bin\\Debug\\net5.0\\fine-code-coverage\\build-output\\Microsoft.VisualStudio.TestPlatform.MSTest.TestAdapter.dll"
]
TpTrace Information: 0 : 14796, 4, 2021/11/15, 13:03:01.073, 9223072744989, testhost.dll, Execution Session Initialize.
TpTrace Verbose: 0 : 14796, 4, 2021/11/15, 13:03:01.083, 9223072840300, testhost.dll, TcpClientExtensions.MessageLoopAsync: Polling on remoteEndPoint: [::ffff:127.0.0.1]:59740 localEndPoint: [::ffff:127.0.0.1]:59741
TpTrace Verbose: 0 : 14796, 4, 2021/11/15, 13:03:01.083, 9223072841903, testhost.dll, TcpClientExtensions.MessageLoopAsync: NotifyDataAvailable remoteEndPoint: [::ffff:127.0.0.1]:59740 localEndPoint: [::ffff:127.0.0.1]:59741
TpTrace Verbose: 0 : 14796, 5, 2021/11/15, 13:03:01.086, 9223072873863, testhost.dll, TestExecutorService: Loading the extensions
TpTrace Information: 0 : 14796, 4, 2021/11/15, 13:03:01.087, 9223072888976, testhost.dll, TestRequestHandler.ProcessRequests: received message: (TestExecution.StartWithSources) -> {
  "AdapterSourceMap": {
    "_none_": [
      "C:\\Users\\Ehlimana\\Desktop\\Cvjecara\\Zadatak 2\\bin\\Debug\\net5.0\\fine-code-coverage\\build-output\\Zadatak 2.dll"
    ]
  },
  "RunSettings": "<RunSettings>\r\n  <RunConfiguration>\r\n    <ResultsDirectory>C:\\Users\\Ehlimana\\Desktop\\Cvjecara\\Zadatak 2\\bin\\Debug\\net5.0\\fine-code-coverage\\coverage-tool-output</ResultsDirectory>\r\n    <TargetPlatform>X64</TargetPlatform>\r\n    <TargetFrameworkVersion>.NETCoreApp,Version=v5.0</TargetFrameworkVersion>\r\n    <DesignMode>False</DesignMode>\r\n    <CollectSourceInformation>False</CollectSourceInformation>\r\n  </RunConfiguration>\r\n  <LoggerRunSettings>\r\n    <Loggers>\r\n      <Logger friendlyName=\"blame\" enabled=\"True\" />\r\n      <Logger friendlyName=\"Console\" uri=\"logger://microsoft/TestPlatform/ConsoleLogger/v1\" assemblyQualifiedName=\"Microsoft.VisualStudio.TestPlatform.CommandLine.Internal.ConsoleLogger, vstest.console, Version=15.0.0.0, Culture=neutral, PublicKeyToken=b03f5f7f11d50a3a\" codeBase=\"C:\\Program Files\\dotnet\\sdk\\6.0.100\\vstest.console.dll\" enabled=\"True\" />\r\n    </Loggers>\r\n  </LoggerRunSettings>\r\n  <DataCollectionRunSettings>\r\n    <DataCollectors>\r\n      <DataCollector friendlyName=\"blame\" enabled=\"True\">\r\n        <Configuration>\r\n          <ResultsDirectory>C:\\Users\\Ehlimana\\Desktop\\Cvjecara\\Zadatak 2\\bin\\Debug\\net5.0\\fine-code-coverage\\coverage-tool-output</ResultsDirectory>\r\n        </Configuration>\r\n      </DataCollector>\r\n    </DataCollectors>\r\n  </DataCollectionRunSettings>\r\n</RunSettings>",
  "TestExecutionContext": {
    "FrequencyOfRunStatsChangeEvent": 10,
    "RunStatsChangeEventTimeout": "00:00:01.5000000",
    "InIsolation": false,
    "KeepAlive": false,
    "AreTestCaseLevelEventsRequired": false,
    "IsDebug": false,
    "TestCaseFilter": null,
    "FilterOptions": null
  },
  "Package": null
}
TpTrace Information: 0 : 14796, 4, 2021/11/15, 13:03:01.088, 9223072891063, testhost.dll, Execution started.
TpTrace Verbose: 0 : 14796, 5, 2021/11/15, 13:03:01.089, 9223072899969, testhost.dll, TestPluginCache.DiscoverTestExtensions: finding test extensions in assemblies ends with: TestAdapter.dll TPluginInfo: Microsoft.VisualStudio.TestPlatform.Common.ExtensionFramework.Utilities.TestExecutorPluginInformation TExtension: Microsoft.VisualStudio.TestPlatform.ObjectModel.Adapter.ITestExecutor
TpTrace Verbose: 0 : 14796, 5, 2021/11/15, 13:03:01.090, 9223072915108, testhost.dll, TestPluginCache.GetExtensionPaths: Filtered extension paths: 
TpTrace Verbose: 0 : 14796, 5, 2021/11/15, 13:03:01.091, 9223072919828, testhost.dll, TestPluginCache.GetExtensionPaths: Added default extension paths: C:\Users\Ehlimana\Desktop\Cvjecara\Zadatak 2\bin\Debug\net5.0\fine-code-coverage\build-output\Microsoft.VisualStudio.TestPlatform.MSTest.TestAdapter.dll
TpTrace Verbose: 0 : 14796, 5, 2021/11/15, 13:03:01.091, 9223072920498, testhost.dll, TestPluginCache.GetExtensionPaths: Added unfilterableExtensionPaths: 
TpTrace Information: 0 : 14796, 5, 2021/11/15, 13:03:01.093, 9223072944335, testhost.dll, AssemblyResolver.ctor: Creating AssemblyResolver with searchDirectories C:\Users\Ehlimana\Desktop\Cvjecara\Zadatak 2\bin\Debug\net5.0\fine-code-coverage\build-output
TpTrace Verbose: 0 : 14796, 5, 2021/11/15, 13:03:01.095, 9223072966964, testhost.dll, TestPluginCache.DiscoverTestExtensions: Discovering the extensions using extension path.
TpTrace Verbose: 0 : 14796, 5, 2021/11/15, 13:03:01.095, 9223072969134, testhost.dll, TestPluginCache.GetExtensionPaths: Filtered extension paths: 
TpTrace Verbose: 0 : 14796, 5, 2021/11/15, 13:03:01.096, 9223072970206, testhost.dll, TestPluginCache.GetExtensionPaths: Added default extension paths: C:\Users\Ehlimana\Desktop\Cvjecara\Zadatak 2\bin\Debug\net5.0\fine-code-coverage\build-output\Microsoft.VisualStudio.TestPlatform.MSTest.TestAdapter.dll
TpTrace Verbose: 0 : 14796, 5, 2021/11/15, 13:03:01.096, 9223072970668, testhost.dll, TestPluginCache.GetExtensionPaths: Added unfilterableExtensionPaths: 
TpTrace Verbose: 0 : 14796, 5, 2021/11/15, 13:03:01.096, 9223072971477, testhost.dll, TestPluginCache.DiscoverTestExtensions: Discovering the extensions using allExtensionPaths: C:\Users\Ehlimana\Desktop\Cvjecara\Zadatak 2\bin\Debug\net5.0\fine-code-coverage\build-output\Microsoft.VisualStudio.TestPlatform.MSTest.TestAdapter.dll
TpTrace Information: 0 : 14796, 5, 2021/11/15, 13:03:01.097, 9223072980635, testhost.dll, AssemblyResolver.AddSearchDirectories: Adding more searchDirectories C:\Users\Ehlimana\Desktop\Cvjecara\Zadatak 2\bin\Debug\net5.0\fine-code-coverage\build-output
TpTrace Information: 0 : 14796, 5, 2021/11/15, 13:03:01.103, 9223073041224, testhost.dll, AssemblyResolver.OnResolve: Microsoft.VisualStudio.TestPlatform.MSTest.TestAdapter: Resolving assembly.
TpTrace Information: 0 : 14796, 5, 2021/11/15, 13:03:01.131, 9223073320649, testhost.dll, AssemblyResolver.OnResolve: Resolved assembly: Microsoft.VisualStudio.TestPlatform.MSTest.TestAdapter, from path: C:\Users\Ehlimana\Desktop\Cvjecara\Zadatak 2\bin\Debug\net5.0\fine-code-coverage\build-output\Microsoft.VisualStudio.TestPlatform.MSTest.TestAdapter.dll
TpTrace Verbose: 0 : 14796, 4, 2021/11/15, 13:03:01.150, 9223073516429, testhost.dll, TcpClientExtensions.MessageLoopAsync: Polling on remoteEndPoint: [::ffff:127.0.0.1]:59740 localEndPoint: [::ffff:127.0.0.1]:59741
TpTrace Verbose: 0 : 14796, 5, 2021/11/15, 13:03:01.151, 9223073522119, testhost.dll, TestPluginCache: Discovered the extensions using extension path ''.
TpTrace Verbose: 0 : 14796, 5, 2021/11/15, 13:03:01.152, 9223073534529, testhost.dll, TestPluginCache: Discoverers are ''.
TpTrace Verbose: 0 : 14796, 5, 2021/11/15, 13:03:01.152, 9223073536711, testhost.dll, TestPluginCache: Executors are 'executor://MSTestAdapter/v2'.
TpTrace Verbose: 0 : 14796, 5, 2021/11/15, 13:03:01.152, 9223073538272, testhost.dll, TestPluginCache: Executors2 are ''.
TpTrace Verbose: 0 : 14796, 5, 2021/11/15, 13:03:01.152, 9223073539416, testhost.dll, TestPluginCache: Setting providers are ''.
TpTrace Verbose: 0 : 14796, 5, 2021/11/15, 13:03:01.153, 9223073544822, testhost.dll, TestPluginCache: Loggers are ''.
TpTrace Verbose: 0 : 14796, 5, 2021/11/15, 13:03:01.157, 9223073584990, testhost.dll, TestPluginCache.DiscoverTestExtensions: finding test extensions in assemblies ends with: TestAdapter.dll TPluginInfo: Microsoft.VisualStudio.TestPlatform.Common.ExtensionFramework.Utilities.TestExecutorPluginInformation2 TExtension: Microsoft.VisualStudio.TestPlatform.ObjectModel.Adapter.ITestExecutor2
TpTrace Verbose: 0 : 14796, 5, 2021/11/15, 13:03:01.157, 9223073588876, testhost.dll, TestPluginCache.GetExtensionPaths: Filtered extension paths: 
TpTrace Verbose: 0 : 14796, 5, 2021/11/15, 13:03:01.158, 9223073589677, testhost.dll, TestPluginCache.GetExtensionPaths: Added default extension paths: C:\Users\Ehlimana\Desktop\Cvjecara\Zadatak 2\bin\Debug\net5.0\fine-code-coverage\build-output\Microsoft.VisualStudio.TestPlatform.MSTest.TestAdapter.dll
TpTrace Verbose: 0 : 14796, 5, 2021/11/15, 13:03:01.158, 9223073590144, testhost.dll, TestPluginCache.GetExtensionPaths: Added unfilterableExtensionPaths: 
TpTrace Information: 0 : 14796, 5, 2021/11/15, 13:03:01.158, 9223073592470, testhost.dll, AssemblyResolver.AddSearchDirectories: Adding more searchDirectories C:\Users\Ehlimana\Desktop\Cvjecara\Zadatak 2\bin\Debug\net5.0\fine-code-coverage\build-output
TpTrace Verbose: 0 : 14796, 5, 2021/11/15, 13:03:01.158, 9223073593243, testhost.dll, TestPluginCache.DiscoverTestExtensions: Discovering the extensions using extension path.
TpTrace Verbose: 0 : 14796, 5, 2021/11/15, 13:03:01.158, 9223073593721, testhost.dll, TestPluginCache.GetExtensionPaths: Filtered extension paths: 
TpTrace Verbose: 0 : 14796, 5, 2021/11/15, 13:03:01.158, 9223073594141, testhost.dll, TestPluginCache.GetExtensionPaths: Added default extension paths: C:\Users\Ehlimana\Desktop\Cvjecara\Zadatak 2\bin\Debug\net5.0\fine-code-coverage\build-output\Microsoft.VisualStudio.TestPlatform.MSTest.TestAdapter.dll
TpTrace Verbose: 0 : 14796, 5, 2021/11/15, 13:03:01.158, 9223073594564, testhost.dll, TestPluginCache.GetExtensionPaths: Added unfilterableExtensionPaths: 
TpTrace Verbose: 0 : 14796, 5, 2021/11/15, 13:03:01.158, 9223073595040, testhost.dll, TestPluginCache.DiscoverTestExtensions: Discovering the extensions using allExtensionPaths: C:\Users\Ehlimana\Desktop\Cvjecara\Zadatak 2\bin\Debug\net5.0\fine-code-coverage\build-output\Microsoft.VisualStudio.TestPlatform.MSTest.TestAdapter.dll
TpTrace Information: 0 : 14796, 5, 2021/11/15, 13:03:01.158, 9223073595899, testhost.dll, AssemblyResolver.AddSearchDirectories: Adding more searchDirectories C:\Users\Ehlimana\Desktop\Cvjecara\Zadatak 2\bin\Debug\net5.0\fine-code-coverage\build-output
TpTrace Verbose: 0 : 14796, 5, 2021/11/15, 13:03:01.159, 9223073600366, testhost.dll, TestPluginCache: Discovered the extensions using extension path ''.
TpTrace Verbose: 0 : 14796, 5, 2021/11/15, 13:03:01.159, 9223073601423, testhost.dll, TestPluginCache: Discoverers are ''.
TpTrace Verbose: 0 : 14796, 5, 2021/11/15, 13:03:01.159, 9223073602614, testhost.dll, TestPluginCache: Executors are 'executor://MSTestAdapter/v2'.
TpTrace Verbose: 0 : 14796, 5, 2021/11/15, 13:03:01.159, 9223073604267, testhost.dll, TestPluginCache: Executors2 are ''.
TpTrace Verbose: 0 : 14796, 5, 2021/11/15, 13:03:01.159, 9223073604979, testhost.dll, TestPluginCache: Setting providers are ''.
TpTrace Verbose: 0 : 14796, 5, 2021/11/15, 13:03:01.159, 9223073605595, testhost.dll, TestPluginCache: Loggers are ''.
TpTrace Information: 0 : 14796, 5, 2021/11/15, 13:03:01.166, 9223073670442, testhost.dll, TestPluginManager.CreateTestExtension: Attempting to load test extension: Microsoft.VisualStudio.TestPlatform.MSTest.TestAdapter.MSTestExecutor
TpTrace Verbose: 0 : 14796, 5, 2021/11/15, 13:03:01.174, 9223073755737, testhost.dll, TestExecutorExtensionManager: Loading executor Microsoft.VisualStudio.TestPlatform.MSTest.TestAdapter.MSTestExecutor
TpTrace Verbose: 0 : 14796, 5, 2021/11/15, 13:03:01.174, 9223073757260, testhost.dll, TestExecutorService: Loaded the executors
TpTrace Verbose: 0 : 14796, 5, 2021/11/15, 13:03:01.176, 9223073770706, testhost.dll, TestPluginCache.DiscoverTestExtensions: finding test extensions in assemblies ends with: TestAdapter.dll TPluginInfo: Microsoft.VisualStudio.TestPlatform.Common.ExtensionFramework.Utilities.TestSettingsProviderPluginInformation TExtension: Microsoft.VisualStudio.TestPlatform.ObjectModel.Adapter.ISettingsProvider
TpTrace Verbose: 0 : 14796, 5, 2021/11/15, 13:03:01.176, 9223073772067, testhost.dll, TestPluginCache.GetExtensionPaths: Filtered extension paths: 
TpTrace Verbose: 0 : 14796, 5, 2021/11/15, 13:03:01.176, 9223073773010, testhost.dll, TestPluginCache.GetExtensionPaths: Added default extension paths: C:\Users\Ehlimana\Desktop\Cvjecara\Zadatak 2\bin\Debug\net5.0\fine-code-coverage\build-output\Microsoft.VisualStudio.TestPlatform.MSTest.TestAdapter.dll
TpTrace Verbose: 0 : 14796, 5, 2021/11/15, 13:03:01.176, 9223073773482, testhost.dll, TestPluginCache.GetExtensionPaths: Added unfilterableExtensionPaths: 
TpTrace Information: 0 : 14796, 5, 2021/11/15, 13:03:01.176, 9223073775014, testhost.dll, AssemblyResolver.AddSearchDirectories: Adding more searchDirectories C:\Users\Ehlimana\Desktop\Cvjecara\Zadatak 2\bin\Debug\net5.0\fine-code-coverage\build-output
TpTrace Verbose: 0 : 14796, 5, 2021/11/15, 13:03:01.176, 9223073775474, testhost.dll, TestPluginCache.DiscoverTestExtensions: Discovering the extensions using extension path.
TpTrace Verbose: 0 : 14796, 5, 2021/11/15, 13:03:01.176, 9223073775830, testhost.dll, TestPluginCache.GetExtensionPaths: Filtered extension paths: 
TpTrace Verbose: 0 : 14796, 5, 2021/11/15, 13:03:01.176, 9223073776146, testhost.dll, TestPluginCache.GetExtensionPaths: Added default extension paths: C:\Users\Ehlimana\Desktop\Cvjecara\Zadatak 2\bin\Debug\net5.0\fine-code-coverage\build-output\Microsoft.VisualStudio.TestPlatform.MSTest.TestAdapter.dll
TpTrace Verbose: 0 : 14796, 5, 2021/11/15, 13:03:01.176, 9223073776466, testhost.dll, TestPluginCache.GetExtensionPaths: Added unfilterableExtensionPaths: 
TpTrace Verbose: 0 : 14796, 5, 2021/11/15, 13:03:01.176, 9223073776801, testhost.dll, TestPluginCache.DiscoverTestExtensions: Discovering the extensions using allExtensionPaths: C:\Users\Ehlimana\Desktop\Cvjecara\Zadatak 2\bin\Debug\net5.0\fine-code-coverage\build-output\Microsoft.VisualStudio.TestPlatform.MSTest.TestAdapter.dll
TpTrace Information: 0 : 14796, 5, 2021/11/15, 13:03:01.176, 9223073777245, testhost.dll, AssemblyResolver.AddSearchDirectories: Adding more searchDirectories C:\Users\Ehlimana\Desktop\Cvjecara\Zadatak 2\bin\Debug\net5.0\fine-code-coverage\build-output
TpTrace Verbose: 0 : 14796, 5, 2021/11/15, 13:03:01.176, 9223073779321, testhost.dll, TestPluginCache: Discovered the extensions using extension path ''.
TpTrace Verbose: 0 : 14796, 5, 2021/11/15, 13:03:01.177, 9223073779764, testhost.dll, TestPluginCache: Discoverers are ''.
TpTrace Verbose: 0 : 14796, 5, 2021/11/15, 13:03:01.177, 9223073780102, testhost.dll, TestPluginCache: Executors are 'executor://MSTestAdapter/v2'.
TpTrace Verbose: 0 : 14796, 5, 2021/11/15, 13:03:01.177, 9223073780421, testhost.dll, TestPluginCache: Executors2 are ''.
TpTrace Verbose: 0 : 14796, 5, 2021/11/15, 13:03:01.177, 9223073780866, testhost.dll, TestPluginCache: Setting providers are ''.
TpTrace Verbose: 0 : 14796, 5, 2021/11/15, 13:03:01.177, 9223073781199, testhost.dll, TestPluginCache: Loggers are ''.
TpTrace Verbose: 0 : 14796, 5, 2021/11/15, 13:03:01.178, 9223073790674, testhost.dll, TestExecutorService: Loaded the settings providers
TpTrace Information: 0 : 14796, 5, 2021/11/15, 13:03:01.178, 9223073791580, testhost.dll, TestExecutorService: Loaded the extensions
TpTrace Information: 0 : 14796, 5, 2021/11/15, 13:03:01.429, 9223076304529, testhost.dll, TestDiscoveryManager: Discovering tests from sources C:\Users\Ehlimana\Desktop\Cvjecara\Zadatak 2\bin\Debug\net5.0\fine-code-coverage\build-output\Zadatak 2.dll
TpTrace Verbose: 0 : 14796, 5, 2021/11/15, 13:03:01.432, 9223076336763, testhost.dll, TestPluginCache.DiscoverTestExtensions: finding test extensions in assemblies ends with: TestAdapter.dll TPluginInfo: Microsoft.VisualStudio.TestPlatform.Common.ExtensionFramework.Utilities.TestDiscovererPluginInformation TExtension: Microsoft.VisualStudio.TestPlatform.ObjectModel.Adapter.ITestDiscoverer
TpTrace Verbose: 0 : 14796, 5, 2021/11/15, 13:03:01.432, 9223076338962, testhost.dll, TestPluginCache.GetExtensionPaths: Filtered extension paths: 
TpTrace Verbose: 0 : 14796, 5, 2021/11/15, 13:03:01.433, 9223076339661, testhost.dll, TestPluginCache.GetExtensionPaths: Added default extension paths: C:\Users\Ehlimana\Desktop\Cvjecara\Zadatak 2\bin\Debug\net5.0\fine-code-coverage\build-output\Microsoft.VisualStudio.TestPlatform.MSTest.TestAdapter.dll
TpTrace Verbose: 0 : 14796, 5, 2021/11/15, 13:03:01.433, 9223076340301, testhost.dll, TestPluginCache.GetExtensionPaths: Added unfilterableExtensionPaths: 
TpTrace Information: 0 : 14796, 5, 2021/11/15, 13:03:01.433, 9223076342497, testhost.dll, AssemblyResolver.AddSearchDirectories: Adding more searchDirectories C:\Users\Ehlimana\Desktop\Cvjecara\Zadatak 2\bin\Debug\net5.0\fine-code-coverage\build-output
TpTrace Verbose: 0 : 14796, 5, 2021/11/15, 13:03:01.433, 9223076343206, testhost.dll, TestPluginCache.DiscoverTestExtensions: Discovering the extensions using extension path.
TpTrace Verbose: 0 : 14796, 5, 2021/11/15, 13:03:01.433, 9223076343798, testhost.dll, TestPluginCache.GetExtensionPaths: Filtered extension paths: 
TpTrace Verbose: 0 : 14796, 5, 2021/11/15, 13:03:01.433, 9223076344335, testhost.dll, TestPluginCache.GetExtensionPaths: Added default extension paths: C:\Users\Ehlimana\Desktop\Cvjecara\Zadatak 2\bin\Debug\net5.0\fine-code-coverage\build-output\Microsoft.VisualStudio.TestPlatform.MSTest.TestAdapter.dll
TpTrace Verbose: 0 : 14796, 5, 2021/11/15, 13:03:01.433, 9223076344908, testhost.dll, TestPluginCache.GetExtensionPaths: Added unfilterableExtensionPaths: 
TpTrace Verbose: 0 : 14796, 5, 2021/11/15, 13:03:01.433, 9223076345481, testhost.dll, TestPluginCache.DiscoverTestExtensions: Discovering the extensions using allExtensionPaths: C:\Users\Ehlimana\Desktop\Cvjecara\Zadatak 2\bin\Debug\net5.0\fine-code-coverage\build-output\Microsoft.VisualStudio.TestPlatform.MSTest.TestAdapter.dll
TpTrace Information: 0 : 14796, 5, 2021/11/15, 13:03:01.433, 9223076346220, testhost.dll, AssemblyResolver.AddSearchDirectories: Adding more searchDirectories C:\Users\Ehlimana\Desktop\Cvjecara\Zadatak 2\bin\Debug\net5.0\fine-code-coverage\build-output
TpTrace Verbose: 0 : 14796, 5, 2021/11/15, 13:03:01.436, 9223076375945, testhost.dll, TestPluginCache: Discovered the extensions using extension path ''.
TpTrace Verbose: 0 : 14796, 5, 2021/11/15, 13:03:01.436, 9223076377328, testhost.dll, TestPluginCache: Discoverers are 'Microsoft.VisualStudio.TestPlatform.MSTest.TestAdapter.MSTestDiscoverer, Microsoft.VisualStudio.TestPlatform.MSTest.TestAdapter, Version=14.0.0.0, Culture=neutral, PublicKeyToken=b03f5f7f11d50a3a'.
TpTrace Verbose: 0 : 14796, 5, 2021/11/15, 13:03:01.436, 9223076377960, testhost.dll, TestPluginCache: Executors are 'executor://MSTestAdapter/v2'.
TpTrace Verbose: 0 : 14796, 5, 2021/11/15, 13:03:01.436, 9223076378608, testhost.dll, TestPluginCache: Executors2 are ''.
TpTrace Verbose: 0 : 14796, 5, 2021/11/15, 13:03:01.436, 9223076379142, testhost.dll, TestPluginCache: Setting providers are ''.
TpTrace Verbose: 0 : 14796, 5, 2021/11/15, 13:03:01.437, 9223076379642, testhost.dll, TestPluginCache: Loggers are ''.
TpTrace Verbose: 0 : 14796, 5, 2021/11/15, 13:03:01.445, 9223076466026, testhost.dll, BaseRunTests.RunTestInternalWithExecutors: Running tests for executor://MSTestAdapter/v2
TpTrace Information: 0 : 14796, 5, 2021/11/15, 13:03:01.446, 9223076479511, testhost.dll, AssemblyResolver.OnResolve: Microsoft.VisualStudio.TestPlatform.MSTestAdapter.PlatformServices.Interface: Resolving assembly.
TpTrace Information: 0 : 14796, 5, 2021/11/15, 13:03:01.448, 9223076492933, testhost.dll, AssemblyResolver.OnResolve: Resolved assembly: Microsoft.VisualStudio.TestPlatform.MSTestAdapter.PlatformServices.Interface, from path: C:\Users\Ehlimana\Desktop\Cvjecara\Zadatak 2\bin\Debug\net5.0\fine-code-coverage\build-output\Microsoft.VisualStudio.TestPlatform.MSTestAdapter.PlatformServices.Interface.dll
TpTrace Information: 0 : 14796, 5, 2021/11/15, 13:03:01.450, 9223076513844, testhost.dll, AssemblyResolver.OnResolve: Microsoft.VisualStudio.TestPlatform.MSTestAdapter.PlatformServices: Resolving assembly.
TpTrace Information: 0 : 14796, 5, 2021/11/15, 13:03:01.451, 9223076528747, testhost.dll, AssemblyResolver.OnResolve: Resolved assembly: Microsoft.VisualStudio.TestPlatform.MSTestAdapter.PlatformServices, from path: C:\Users\Ehlimana\Desktop\Cvjecara\Zadatak 2\bin\Debug\net5.0\fine-code-coverage\build-output\Microsoft.VisualStudio.TestPlatform.MSTestAdapter.PlatformServices.dll
TpTrace Information: 0 : 14796, 5, 2021/11/15, 13:03:01.452, 9223076534879, testhost.dll, MSTest - MSTestExecutor.RunTests: Running tests from sources.
TpTrace Information: 0 : 14796, 5, 2021/11/15, 13:03:01.457, 9223076579723, testhost.dll, MSTest - CollectSourceInformation value Found : False 
TpTrace Information: 0 : 14796, 5, 2021/11/15, 13:03:01.484, 9223076855648, testhost.dll, AssemblyResolver.OnResolve: Microsoft.TestPlatform.AdapterUtilities: Resolving assembly.
TpTrace Information: 0 : 14796, 5, 2021/11/15, 13:03:01.485, 9223076867381, testhost.dll, AssemblyResolver.OnResolve: Resolved assembly: Microsoft.TestPlatform.AdapterUtilities, from path: C:\Users\Ehlimana\Desktop\Cvjecara\Zadatak 2\bin\Debug\net5.0\fine-code-coverage\build-output\Microsoft.TestPlatform.AdapterUtilities.dll
TpTrace Information: 0 : 14796, 5, 2021/11/15, 13:03:01.498, 9223076993759, testhost.dll, MSTest - MSTestDiscoverer: Found 5 tests from source C:\Users\Ehlimana\Desktop\Cvjecara\Zadatak 2\bin\Debug\net5.0\fine-code-coverage\build-output\Zadatak 2.dll
TpTrace Information: 0 : 14796, 5, 2021/11/15, 13:03:01.518, 9223077190676, testhost.dll, AssemblyResolver.OnResolve: Microsoft.VisualStudio.TestPlatform.MSTestAdapter.PlatformServices.resources: Resolving assembly.
TpTrace Information: 0 : 14796, 5, 2021/11/15, 13:03:01.518, 9223077198494, testhost.dll, AssemblyResolver.OnResolve: Microsoft.VisualStudio.TestPlatform.MSTestAdapter.PlatformServices.resources: Failed to load assembly.
TpTrace Information: 0 : 14796, 5, 2021/11/15, 13:03:01.519, 9223077208204, testhost.dll, AssemblyResolver.OnResolve: Microsoft.VisualStudio.TestPlatform.MSTestAdapter.PlatformServices.resources: Resolving assembly.
TpTrace Information: 0 : 14796, 5, 2021/11/15, 13:03:01.519, 9223077209220, testhost.dll, AssemblyResolver.OnResolve: Microsoft.VisualStudio.TestPlatform.MSTestAdapter.PlatformServices.resources: Resolved from cache.
TpTrace Information: 0 : 14796, 5, 2021/11/15, 13:03:01.538, 9223077391087, testhost.dll, MSTest - Created unit-test runner C:\Users\Ehlimana\Desktop\Cvjecara\Zadatak 2\bin\Debug\net5.0\fine-code-coverage\build-output\Zadatak 2.dll
TpTrace Verbose: 0 : 14796, 5, 2021/11/15, 13:03:01.543, 9223077447549, testhost.dll, TestExecutionRecorder.RecordStart: Starting test: Zadatak_2.Zadatak2.TestZamjenskiObjekat.
TpTrace Information: 0 : 14796, 5, 2021/11/15, 13:03:01.722, 9223079231890, testhost.dll, MSTest - Executing test TestZamjenskiObjekat
TpTrace Information: 0 : 14796, 5, 2021/11/15, 13:03:01.766, 9223079678690, testhost.dll, MSTest - Executed test TestZamjenskiObjekat
TpTrace Verbose: 0 : 14796, 5, 2021/11/15, 13:03:01.774, 9223079752356, testhost.dll, TestExecutionRecorder.RecordEnd: test: Zadatak_2.Zadatak2.TestZamjenskiObjekat execution completed.
TpTrace Verbose: 0 : 14796, 5, 2021/11/15, 13:03:01.798, 9223079994303, testhost.dll, TestExecutionRecorder.RecordResult: Received result for test: Zadatak_2.Zadatak2.TestZamjenskiObjekat.
TpTrace Warning: 0 : 14796, 5, 2021/11/15, 13:03:01.805, 9223080065574, testhost.dll, TestRunCache: InProgressTests is null
TpTrace Warning: 0 : 14796, 5, 2021/11/15, 13:03:01.806, 9223080070405, testhost.dll, TestRunCache: No test found corresponding to testResult '' in inProgress list.
TpTrace Verbose: 0 : 14796, 5, 2021/11/15, 13:03:01.806, 9223080072697, testhost.dll, TestExecutionRecorder.RecordStart: Starting test: Zadatak_2.Zadatak2.ProljetnaNabavka.
TpTrace Information: 0 : 14796, 5, 2021/11/15, 13:03:01.809, 9223080099749, testhost.dll, MSTest - Executing test ProljetnaNabavka
TpTrace Information: 0 : 14796, 5, 2021/11/15, 13:03:01.848, 9223080496872, testhost.dll, AssemblyResolver.OnResolve: Microsoft.VisualStudio.TestPlatform.MSTest.TestAdapter.resources: Resolving assembly.
TpTrace Information: 0 : 14796, 5, 2021/11/15, 13:03:01.849, 9223080503129, testhost.dll, AssemblyResolver.OnResolve: Microsoft.VisualStudio.TestPlatform.MSTest.TestAdapter.resources: Failed to load assembly.
TpTrace Information: 0 : 14796, 5, 2021/11/15, 13:03:01.996, 9223081978772, testhost.dll, MSTest - Executed test ProljetnaNabavka
TpTrace Verbose: 0 : 14796, 5, 2021/11/15, 13:03:01.997, 9223081980441, testhost.dll, TestExecutionRecorder.RecordEnd: test: Zadatak_2.Zadatak2.ProljetnaNabavka execution completed.
TpTrace Information: 0 : 14796, 5, 2021/11/15, 13:03:01.999, 9223081999958, testhost.dll, MSTest - MSTestExecutor:Test Zadatak_2.Zadatak2.ProljetnaNabavka failed. ErrorMessage:Test method Zadatak_2.Zadatak2.ProljetnaNabavka threw exception: 
System.NotImplementedException: The method or operation is not implemented., ErrorStackTrace:    at Cvjecara.Cvjećara.IzvršiNabavku(String godišnjeDoba, String veličinaNarudžbe) in C:\Users\Ehlimana\Desktop\Cvjecara\Cvjecara\Cvjećara.cs:line 102
   at Zadatak_2.Zadatak2.ProljetnaNabavka() in C:\Users\Ehlimana\Desktop\Cvjecara\Zadatak 2\UnitTest1.cs:line 47
.
TpTrace Verbose: 0 : 14796, 5, 2021/11/15, 13:03:01.999, 9223082008010, testhost.dll, TestExecutionRecorder.RecordResult: Received result for test: Zadatak_2.Zadatak2.ProljetnaNabavka.
TpTrace Warning: 0 : 14796, 5, 2021/11/15, 13:03:01.999, 9223082009041, testhost.dll, TestRunCache: InProgressTests is null
TpTrace Warning: 0 : 14796, 5, 2021/11/15, 13:03:01.999, 9223082009425, testhost.dll, TestRunCache: No test found corresponding to testResult '' in inProgress list.
TpTrace Verbose: 0 : 14796, 5, 2021/11/15, 13:03:02.000, 9223082009936, testhost.dll, TestExecutionRecorder.RecordStart: Starting test: Zadatak_2.Zadatak2.JesenjaNabavka.
TpTrace Information: 0 : 14796, 5, 2021/11/15, 13:03:02.001, 9223082025694, testhost.dll, MSTest - Executing test JesenjaNabavka
TpTrace Information: 0 : 14796, 5, 2021/11/15, 13:03:02.003, 9223082041436, testhost.dll, MSTest - Executed test JesenjaNabavka
TpTrace Verbose: 0 : 14796, 5, 2021/11/15, 13:03:02.003, 9223082043019, testhost.dll, TestExecutionRecorder.RecordEnd: test: Zadatak_2.Zadatak2.JesenjaNabavka execution completed.
TpTrace Information: 0 : 14796, 5, 2021/11/15, 13:03:02.007, 9223082087728, testhost.dll, MSTest - MSTestExecutor:Test Zadatak_2.Zadatak2.JesenjaNabavka failed. ErrorMessage:Test method Zadatak_2.Zadatak2.JesenjaNabavka threw exception: 
System.NotImplementedException: The method or operation is not implemented., ErrorStackTrace:    at Cvjecara.Cvjećara.IzvršiNabavku(String godišnjeDoba, String veličinaNarudžbe) in C:\Users\Ehlimana\Desktop\Cvjecara\Cvjecara\Cvjećara.cs:line 102
   at Zadatak_2.Zadatak2.JesenjaNabavka() in C:\Users\Ehlimana\Desktop\Cvjecara\Zadatak 2\UnitTest1.cs:line 73
.
TpTrace Verbose: 0 : 14796, 5, 2021/11/15, 13:03:02.007, 9223082089506, testhost.dll, TestExecutionRecorder.RecordResult: Received result for test: Zadatak_2.Zadatak2.JesenjaNabavka.
TpTrace Warning: 0 : 14796, 5, 2021/11/15, 13:03:02.008, 9223082090535, testhost.dll, TestRunCache: InProgressTests is null
TpTrace Warning: 0 : 14796, 5, 2021/11/15, 13:03:02.008, 9223082091135, testhost.dll, TestRunCache: No test found corresponding to testResult '' in inProgress list.
TpTrace Verbose: 0 : 14796, 5, 2021/11/15, 13:03:02.008, 9223082091939, testhost.dll, TestExecutionRecorder.RecordStart: Starting test: Zadatak_2.Zadatak2.NedozvoljenaNabavkaLjetiIliZimi.
TpTrace Information: 0 : 14796, 5, 2021/11/15, 13:03:02.009, 9223082105837, testhost.dll, MSTest - Executing test NedozvoljenaNabavkaLjetiIliZimi
TpTrace Information: 0 : 14796, 5, 2021/11/15, 13:03:02.011, 9223082127189, testhost.dll, AssemblyResolver.OnResolve: Microsoft.VisualStudio.TestPlatform.TestFramework.resources: Resolving assembly.
TpTrace Information: 0 : 14796, 5, 2021/11/15, 13:03:02.011, 9223082128985, testhost.dll, AssemblyResolver.OnResolve: Microsoft.VisualStudio.TestPlatform.TestFramework.resources: Failed to load assembly.
TpTrace Information: 0 : 14796, 5, 2021/11/15, 13:03:02.013, 9223082145133, testhost.dll, MSTest - Executed test NedozvoljenaNabavkaLjetiIliZimi
TpTrace Verbose: 0 : 14796, 5, 2021/11/15, 13:03:02.013, 9223082146203, testhost.dll, TestExecutionRecorder.RecordEnd: test: Zadatak_2.Zadatak2.NedozvoljenaNabavkaLjetiIliZimi execution completed.
TpTrace Information: 0 : 14796, 5, 2021/11/15, 13:03:02.014, 9223082159190, testhost.dll, MSTest - MSTestExecutor:Test Zadatak_2.Zadatak2.NedozvoljenaNabavkaLjetiIliZimi failed. ErrorMessage:Test method threw exception System.NotImplementedException, but exception System.ArgumentException was expected. Exception message: System.NotImplementedException: The method or operation is not implemented., ErrorStackTrace:   at Cvjecara.Cvjećara.IzvršiNabavku(String godišnjeDoba, String veličinaNarudžbe) in C:\Users\Ehlimana\Desktop\Cvjecara\Cvjecara\Cvjećara.cs:line 102
   at Zadatak_2.Zadatak2.NedozvoljenaNabavkaLjetiIliZimi() in C:\Users\Ehlimana\Desktop\Cvjecara\Zadatak 2\UnitTest1.cs:line 98
.
TpTrace Verbose: 0 : 14796, 5, 2021/11/15, 13:03:02.015, 9223082160040, testhost.dll, TestExecutionRecorder.RecordResult: Received result for test: Zadatak_2.Zadatak2.NedozvoljenaNabavkaLjetiIliZimi.
TpTrace Warning: 0 : 14796, 5, 2021/11/15, 13:03:02.015, 9223082160990, testhost.dll, TestRunCache: InProgressTests is null
TpTrace Warning: 0 : 14796, 5, 2021/11/15, 13:03:02.015, 9223082161350, testhost.dll, TestRunCache: No test found corresponding to testResult '' in inProgress list.
TpTrace Verbose: 0 : 14796, 5, 2021/11/15, 13:03:02.015, 9223082161852, testhost.dll, TestExecutionRecorder.RecordStart: Starting test: Zadatak_2.Zadatak2.NedozvoljeneSrednjeNabavke.
TpTrace Information: 0 : 14796, 5, 2021/11/15, 13:03:02.016, 9223082173691, testhost.dll, MSTest - Executing test NedozvoljeneSrednjeNabavke
TpTrace Information: 0 : 14796, 5, 2021/11/15, 13:03:02.017, 9223082187728, testhost.dll, MSTest - Executed test NedozvoljeneSrednjeNabavke
TpTrace Verbose: 0 : 14796, 5, 2021/11/15, 13:03:02.017, 9223082189022, testhost.dll, TestExecutionRecorder.RecordEnd: test: Zadatak_2.Zadatak2.NedozvoljeneSrednjeNabavke execution completed.
TpTrace Information: 0 : 14796, 5, 2021/11/15, 13:03:02.019, 9223082204145, testhost.dll, MSTest - MSTestExecutor:Test Zadatak_2.Zadatak2.NedozvoljeneSrednjeNabavke failed. ErrorMessage:Test method threw exception System.NotImplementedException, but exception System.ArgumentException was expected. Exception message: System.NotImplementedException: The method or operation is not implemented., ErrorStackTrace:   at Cvjecara.Cvjećara.IzvršiNabavku(String godišnjeDoba, String veličinaNarudžbe) in C:\Users\Ehlimana\Desktop\Cvjecara\Cvjecara\Cvjećara.cs:line 102
   at Zadatak_2.Zadatak2.NedozvoljeneSrednjeNabavke() in C:\Users\Ehlimana\Desktop\Cvjecara\Zadatak 2\UnitTest1.cs:line 115
.
TpTrace Verbose: 0 : 14796, 5, 2021/11/15, 13:03:02.019, 9223082205359, testhost.dll, TestExecutionRecorder.RecordResult: Received result for test: Zadatak_2.Zadatak2.NedozvoljeneSrednjeNabavke.
TpTrace Warning: 0 : 14796, 5, 2021/11/15, 13:03:02.019, 9223082205985, testhost.dll, TestRunCache: InProgressTests is null
TpTrace Warning: 0 : 14796, 5, 2021/11/15, 13:03:02.019, 9223082206341, testhost.dll, TestRunCache: No test found corresponding to testResult '' in inProgress list.
TpTrace Information: 0 : 14796, 5, 2021/11/15, 13:03:02.019, 9223082208440, testhost.dll, MSTest - Executing cleanup methods.
TpTrace Information: 0 : 14796, 5, 2021/11/15, 13:03:02.021, 9223082222653, testhost.dll, MSTest - Executed cleanup methods.
TpTrace Information: 0 : 14796, 5, 2021/11/15, 13:03:02.021, 9223082223500, testhost.dll, MSTest - Executed tests belonging to source C:\Users\Ehlimana\Desktop\Cvjecara\Zadatak 2\bin\Debug\net5.0\fine-code-coverage\build-output\Zadatak 2.dll
TpTrace Verbose: 0 : 14796, 5, 2021/11/15, 13:03:02.021, 9223082227643, testhost.dll, BaseRunTests.RunTestInternalWithExecutors: Completed running tests for executor://MSTestAdapter/v2
TpTrace Information: 0 : 14796, 5, 2021/11/15, 13:03:02.025, 9223082269537, testhost.dll, Sending test run complete
TpTrace Verbose: 0 : 14796, 5, 2021/11/15, 13:03:02.073, 9223082749448, testhost.dll, TestRequestHandler.SendData:  sending data from testhost: {"Version":5,"MessageType":"TestExecution.Completed","Payload":{"TestRunCompleteArgs":{"TestRunStatistics":{"ExecutedTests":5,"Stats":{"Passed":1,"Failed":4}},"IsCanceled":false,"IsAborted":false,"Error":null,"AttachmentSets":[],"ElapsedTimeInRunningTests":"00:00:00.5825554","Metrics":{}},"LastRunTests":{"NewTestResults":[{"TestCase":{"Id":"9c638289-8590-3052-dee0-7862ea4fdd40","FullyQualifiedName":"Zadatak_2.Zadatak2.TestZamjenskiObjekat","DisplayName":"TestZamjenskiObjekat","ExecutorUri":"executor://MSTestAdapter/v2","Source":"C:\\Users\\Ehlimana\\Desktop\\Cvjecara\\Zadatak 2\\bin\\Debug\\net5.0\\fine-code-coverage\\build-output\\Zadatak 2.dll","CodeFilePath":null,"LineNumber":-1,"Properties":[{"Key":{"Id":"TestCase.ManagedType","Label":"ManagedType","Category":"","Description":"","Attributes":1,"ValueType":"System.String"},"Value":"Zadatak_2.Zadatak2"},{"Key":{"Id":"TestCase.ManagedMethod","Label":"ManagedMethod","Category":"","Description":"","Attributes":1,"ValueType":"System.String"},"Value":"TestZamjenskiObjekat"},{"Key":{"Id":"MSTestDiscoverer.TestClassName","Label":"ClassName","Category":"","Description":"","Attributes":1,"ValueType":"System.String"},"Value":"Zadatak_2.Zadatak2"},{"Key":{"Id":"TestObject.Traits","Label":"Traits","Category":"","Description":"","Attributes":5,"ValueType":"System.Collections.Generic.KeyValuePair`2[[System.String],[System.String]][]"},"Value":[]}]},"Attachments":[],"Outcome":1,"ErrorMessage":null,"ErrorStackTrace":null,"DisplayName":null,"Messages":[],"ComputerName":null,"Duration":"00:00:00.0093903","StartTime":"2021-11-15T13:03:01.7220038+01:00","EndTime":"2021-11-15T13:03:01.7670346+01:00","Properties":[{"Key":{"Id":"ExecutionId","Label":"ExecutionId","Category":"","Description":"","Attributes":1,"ValueType":"System.Guid"},"Value":"00000000-0000-0000-0000-000000000000"},{"Key":{"Id":"ParentExecId","Label":"ParentExecId","Category":"","Description":"","Attributes":1,"ValueType":"System.Guid"},"Value":"00000000-0000-0000-0000-000000000000"},{"Key":{"Id":"InnerResultsCount","Label":"InnerResultsCount","Category":"","Description":"","Attributes":1,"ValueType":"System.Int32"},"Value":0}]},{"TestCase":{"Id":"4b06bb5e-1c99-0d64-28aa-7e7aab1bc1b6","FullyQualifiedName":"Zadatak_2.Zadatak2.ProljetnaNabavka","DisplayName":"ProljetnaNabavka","ExecutorUri":"executor://MSTestAdapter/v2","Source":"C:\\Users\\Ehlimana\\Desktop\\Cvjecara\\Zadatak 2\\bin\\Debug\\net5.0\\fine-code-coverage\\build-output\\Zadatak 2.dll","CodeFilePath":null,"LineNumber":-1,"Properties":[{"Key":{"Id":"TestCase.ManagedType","Label":"ManagedType","Category":"","Description":"","Attributes":1,"ValueType":"System.String"},"Value":"Zadatak_2.Zadatak2"},{"Key":{"Id":"TestCase.ManagedMethod","Label":"ManagedMethod","Category":"","Description":"","Attributes":1,"ValueType":"System.String"},"Value":"ProljetnaNabavka"},{"Key":{"Id":"MSTestDiscoverer.TestClassName","Label":"ClassName","Category":"","Description":"","Attributes":1,"ValueType":"System.String"},"Value":"Zadatak_2.Zadatak2"},{"Key":{"Id":"TestObject.Traits","Label":"Traits","Category":"","Description":"","Attributes":5,"ValueType":"System.Collections.Generic.KeyValuePair`2[[System.String],[System.String]][]"},"Value":[]}]},"Attachments":[],"Outcome":2,"ErrorMessage":"Test method Zadatak_2.Zadatak2.ProljetnaNabavka threw exception: \r\nSystem.NotImplementedException: The method or operation is not implemented.","ErrorStackTrace":"    at Cvjecara.Cvjećara.IzvršiNabavku(String godišnjeDoba, String veličinaNarudžbe) in C:\\Users\\Ehlimana\\Desktop\\Cvjecara\\Cvjecara\\Cvjećara.cs:line 102\r\n   at Zadatak_2.Zadatak2.ProljetnaNabavka() in C:\\Users\\Ehlimana\\Desktop\\Cvjecara\\Zadatak 2\\UnitTest1.cs:line 47\r\n","DisplayName":null,"Messages":[],"ComputerName":null,"Duration":"00:00:00.1868622","StartTime":"2021-11-15T13:03:01.8090015+01:00","EndTime":"2021-11-15T13:03:01.9970555+01:00","Properties":[{"Key":{"Id":"ExecutionId","Label":"ExecutionId","Category":"","Description":"","Attributes":1,"ValueType":"System.Guid"},"Value":"00000000-0000-0000-0000-000000000000"},{"Key":{"Id":"ParentExecId","Label":"ParentExecId","Category":"","Description":"","Attributes":1,"ValueType":"System.Guid"},"Value":"00000000-0000-0000-0000-000000000000"},{"Key":{"Id":"InnerResultsCount","Label":"InnerResultsCount","Category":"","Description":"","Attributes":1,"ValueType":"System.Int32"},"Value":0}]},{"TestCase":{"Id":"ccf0aab8-346b-0d16-f101-5fa70e339703","FullyQualifiedName":"Zadatak_2.Zadatak2.JesenjaNabavka","DisplayName":"JesenjaNabavka","ExecutorUri":"executor://MSTestAdapter/v2","Source":"C:\\Users\\Ehlimana\\Desktop\\Cvjecara\\Zadatak 2\\bin\\Debug\\net5.0\\fine-code-coverage\\build-output\\Zadatak 2.dll","CodeFilePath":null,"LineNumber":-1,"Properties":[{"Key":{"Id":"TestCase.ManagedType","Label":"ManagedType","Category":"","Description":"","Attributes":1,"ValueType":"System.String"},"Value":"Zadatak_2.Zadatak2"},{"Key":{"Id":"TestCase.ManagedMethod","Label":"ManagedMethod","Category":"","Description":"","Attributes":1,"ValueType":"System.String"},"Value":"JesenjaNabavka"},{"Key":{"Id":"MSTestDiscoverer.TestClassName","Label":"ClassName","Category":"","Description":"","Attributes":1,"ValueType":"System.String"},"Value":"Zadatak_2.Zadatak2"},{"Key":{"Id":"TestObject.Traits","Label":"Traits","Category":"","Description":"","Attributes":5,"ValueType":"System.Collections.Generic.KeyValuePair`2[[System.String],[System.String]][]"},"Value":[]}]},"Attachments":[],"Outcome":2,"ErrorMessage":"Test method Zadatak_2.Zadatak2.JesenjaNabavka threw exception: \r\nSystem.NotImplementedException: The method or operation is not implemented.","ErrorStackTrace":"    at Cvjecara.Cvjećara.IzvršiNabavku(String godišnjeDoba, String veličinaNarudžbe) in C:\\Users\\Ehlimana\\Desktop\\Cvjecara\\Cvjecara\\Cvjećara.cs:line 102\r\n   at Zadatak_2.Zadatak2.JesenjaNabavka() in C:\\Users\\Ehlimana\\Desktop\\Cvjecara\\Zadatak 2\\UnitTest1.cs:line 73\r\n","DisplayName":null,"Messages":[],"ComputerName":null,"Duration":"00:00:00.0013322","StartTime":"2021-11-15T13:03:02.0015889+01:00","EndTime":"2021-11-15T13:03:02.0033266+01:00","Properties":[{"Key":{"Id":"ExecutionId","Label":"ExecutionId","Category":"","Description":"","Attributes":1,"ValueType":"System.Guid"},"Value":"00000000-0000-0000-0000-000000000000"},{"Key":{"Id":"ParentExecId","Label":"ParentExecId","Category":"","Description":"","Attributes":1,"ValueType":"System.Guid"},"Value":"00000000-0000-0000-0000-000000000000"},{"Key":{"Id":"InnerResultsCount","Label":"InnerResultsCount","Category":"","Description":"","Attributes":1,"ValueType":"System.Int32"},"Value":0}]},{"TestCase":{"Id":"145ff668-39f1-fe91-9714-a4b712e0c4a3","FullyQualifiedName":"Zadatak_2.Zadatak2.NedozvoljenaNabavkaLjetiIliZimi","DisplayName":"NedozvoljenaNabavkaLjetiIliZimi","ExecutorUri":"executor://MSTestAdapter/v2","Source":"C:\\Users\\Ehlimana\\Desktop\\Cvjecara\\Zadatak 2\\bin\\Debug\\net5.0\\fine-code-coverage\\build-output\\Zadatak 2.dll","CodeFilePath":null,"LineNumber":-1,"Properties":[{"Key":{"Id":"TestCase.ManagedType","Label":"ManagedType","Category":"","Description":"","Attributes":1,"ValueType":"System.String"},"Value":"Zadatak_2.Zadatak2"},{"Key":{"Id":"TestCase.ManagedMethod","Label":"ManagedMethod","Category":"","Description":"","Attributes":1,"ValueType":"System.String"},"Value":"NedozvoljenaNabavkaLjetiIliZimi"},{"Key":{"Id":"MSTestDiscoverer.TestClassName","Label":"ClassName","Category":"","Description":"","Attributes":1,"ValueType":"System.String"},"Value":"Zadatak_2.Zadatak2"},{"Key":{"Id":"TestObject.Traits","Label":"Traits","Category":"","Description":"","Attributes":5,"ValueType":"System.Collections.Generic.KeyValuePair`2[[System.String],[System.String]][]"},"Value":[]}]},"Attachments":[],"Outcome":2,"ErrorMessage":"Test method threw exception System.NotImplementedException, but exception System.ArgumentException was expected. Exception message: System.NotImplementedException: The method or operation is not implemented.","ErrorStackTrace":"   at Cvjecara.Cvjećara.IzvršiNabavku(String godišnjeDoba, String veličinaNarudžbe) in C:\\Users\\Ehlimana\\Desktop\\Cvjecara\\Cvjecara\\Cvjećara.cs:line 102\r\n   at Zadatak_2.Zadatak2.NedozvoljenaNabavkaLjetiIliZimi() in C:\\Users\\Ehlimana\\Desktop\\Cvjecara\\Zadatak 2\\UnitTest1.cs:line 98\r\n","DisplayName":null,"Messages":[],"ComputerName":null,"Duration":"00:00:00.0035692","StartTime":"2021-11-15T13:03:02.0096115+01:00","EndTime":"2021-11-15T13:03:02.0136481+01:00","Properties":[{"Key":{"Id":"ExecutionId","Label":"ExecutionId","Category":"","Description":"","Attributes":1,"ValueType":"System.Guid"},"Value":"00000000-0000-0000-0000-000000000000"},{"Key":{"Id":"ParentExecId","Label":"ParentExecId","Category":"","Description":"","Attributes":1,"ValueType":"System.Guid"},"Value":"00000000-0000-0000-0000-000000000000"},{"Key":{"Id":"InnerResultsCount","Label":"InnerResultsCount","Category":"","Description":"","Attributes":1,"ValueType":"System.Int32"},"Value":0}]},{"TestCase":{"Id":"d1405f81-bd4c-8304-2ad5-76f8fe65be8c","FullyQualifiedName":"Zadatak_2.Zadatak2.NedozvoljeneSrednjeNabavke","DisplayName":"NedozvoljeneSrednjeNabavke","ExecutorUri":"executor://MSTestAdapter/v2","Source":"C:\\Users\\Ehlimana\\Desktop\\Cvjecara\\Zadatak 2\\bin\\Debug\\net5.0\\fine-code-coverage\\build-output\\Zadatak 2.dll","CodeFilePath":null,"LineNumber":-1,"Properties":[{"Key":{"Id":"TestCase.ManagedType","Label":"ManagedType","Category":"","Description":"","Attributes":1,"ValueType":"System.String"},"Value":"Zadatak_2.Zadatak2"},{"Key":{"Id":"TestCase.ManagedMethod","Label":"ManagedMethod","Category":"","Description":"","Attributes":1,"ValueType":"System.String"},"Value":"NedozvoljeneSrednjeNabavke"},{"Key":{"Id":"MSTestDiscoverer.TestClassName","Label":"ClassName","Category":"","Description":"","Attributes":1,"ValueType":"System.String"},"Value":"Zadatak_2.Zadatak2"},{"Key":{"Id":"TestObject.Traits","Label":"Traits","Category":"","Description":"","Attributes":5,"ValueType":"System.Collections.Generic.KeyValuePair`2[[System.String],[System.String]][]"},"Value":[]}]},"Attachments":[],"Outcome":2,"ErrorMessage":"Test method threw exception System.NotImplementedException, but exception System.ArgumentException was expected. Exception message: System.NotImplementedException: The method or operation is not implemented.","ErrorStackTrace":"   at Cvjecara.Cvjećara.IzvršiNabavku(String godišnjeDoba, String veličinaNarudžbe) in C:\\Users\\Ehlimana\\Desktop\\Cvjecara\\Cvjecara\\Cvjećara.cs:line 102\r\n   at Zadatak_2.Zadatak2.NedozvoljeneSrednjeNabavke() in C:\\Users\\Ehlimana\\Desktop\\Cvjecara\\Zadatak 2\\UnitTest1.cs:line 115\r\n","DisplayName":null,"Messages":[],"ComputerName":null,"Duration":"00:00:00.0011056","StartTime":"2021-11-15T13:03:02.0163956+01:00","EndTime":"2021-11-15T13:03:02.0179203+01:00","Properties":[{"Key":{"Id":"ExecutionId","Label":"ExecutionId","Category":"","Description":"","Attributes":1,"ValueType":"System.Guid"},"Value":"00000000-0000-0000-0000-000000000000"},{"Key":{"Id":"ParentExecId","Label":"ParentExecId","Category":"","Description":"","Attributes":1,"ValueType":"System.Guid"},"Value":"00000000-0000-0000-0000-000000000000"},{"Key":{"Id":"InnerResultsCount","Label":"InnerResultsCount","Category":"","Description":"","Attributes":1,"ValueType":"System.Int32"},"Value":0}]}],"TestRunStatistics":{"ExecutedTests":5,"Stats":{"Passed":1,"Failed":4}},"ActiveTests":[]},"RunAttachments":[],"ExecutorUris":["executor://mstestadapter/v2"]}}
TpTrace Verbose: 0 : 14796, 5, 2021/11/15, 13:03:02.074, 9223082755383, testhost.dll, BaseRunTests.RunTests: Run is complete.
TpTrace Verbose: 0 : 14796, 4, 2021/11/15, 13:03:02.076, 9223082774908, testhost.dll, TcpClientExtensions.MessageLoopAsync: NotifyDataAvailable remoteEndPoint: [::ffff:127.0.0.1]:59740 localEndPoint: [::ffff:127.0.0.1]:59741
TpTrace Information: 0 : 14796, 4, 2021/11/15, 13:03:02.076, 9223082776772, testhost.dll, TestRequestHandler.ProcessRequests: received message: (TestSession.Terminate) -> null
TpTrace Information: 0 : 14796, 4, 2021/11/15, 13:03:02.076, 9223082777645, testhost.dll, Session End message received from server. Closing the connection.
TpTrace Information: 0 : 14796, 4, 2021/11/15, 13:03:02.077, 9223082781102, testhost.dll, SocketClient.Stop: Stop communication from server endpoint: 127.0.0.1:059740
TpTrace Information: 0 : 14796, 4, 2021/11/15, 13:03:02.077, 9223082782234, testhost.dll, SocketClient: Stop: Cancellation requested. Stopping message loop.
TpTrace Verbose: 0 : 14796, 4, 2021/11/15, 13:03:02.077, 9223082784220, testhost.dll, LengthPrefixCommunicationChannel.Dispose: Dispose reader and writer.
TpTrace Information: 0 : 14796, 4, 2021/11/15, 13:03:02.077, 9223082785125, testhost.dll, Closing the connection !
TpTrace Information: 0 : 14796, 4, 2021/11/15, 13:03:02.077, 9223082788079, testhost.dll, SocketClient.PrivateStop: Stop communication from server endpoint: 127.0.0.1:059740, error:
TpTrace Verbose: 0 : 14796, 4, 2021/11/15, 13:03:02.078, 9223082791711, testhost.dll, LengthPrefixCommunicationChannel.Dispose: Dispose reader and writer.
TpTrace Information: 0 : 14796, 1, 2021/11/15, 13:03:02.078, 9223082791803, testhost.dll, Closing the connection !
TpTrace Verbose: 0 : 14796, 4, 2021/11/15, 13:03:02.078, 9223082792502, testhost.dll, TcpClientExtensions.MessageLoopAsync: exiting MessageLoopAsync remoteEndPoint: [::ffff:127.0.0.1]:59740 localEndPoint: [::ffff:127.0.0.1]:59741
TpTrace Information: 0 : 14796, 1, 2021/11/15, 13:03:02.078, 9223082793101, testhost.dll, SocketClient.Stop: Stop communication from server endpoint: 127.0.0.1:059740
TpTrace Verbose: 0 : 14796, 1, 2021/11/15, 13:03:02.078, 9223082794393, testhost.dll, LengthPrefixCommunicationChannel.Dispose: Dispose reader and writer.
TpTrace Information: 0 : 14796, 1, 2021/11/15, 13:03:02.078, 9223082795822, testhost.dll, Testhost process exiting.
