TpTrace Verbose: 0 : 9820, 1, 2021/11/24, 15:03:16.253, 754841699614, testhost.dll, Version: 16.9.4
TpTrace Information: 0 : 9820, 1, 2021/11/24, 15:03:16.279, 754841874320, testhost.dll, DefaultEngineInvoker.Invoke: Testhost process started with args :[--port, 61378],[--endpoint, 127.0.0.1:061378],[--role, client],[--parentprocessid, 12556],[--diag, C:\Users\DT User\Source\Repos\aahmic3\VVS-zadaca2\Zadatak 2\bin\Debug\net5.0\fine-code-coverage\coverage-tool-output\diagnostics.host.21-11-24_15-03-15_97094_4.log],[--tracelevel, 4],[--datacollectionport, 61377],[--telemetryoptedin, false]
TpTrace Information: 0 : 9820, 1, 2021/11/24, 15:03:16.284, 754841932652, testhost.dll, Setting up debug trace listener.
TpTrace Verbose: 0 : 9820, 1, 2021/11/24, 15:03:16.285, 754841939836, testhost.dll, TestPlatformTraceListener.Setup: Replacing listener 0 with TestHostTraceListener.
TpTrace Verbose: 0 : 9820, 1, 2021/11/24, 15:03:16.285, 754841941459, testhost.dll, TestPlatformTraceListener.Setup: Added test platform trace listener.
TpTrace Information: 0 : 9820, 1, 2021/11/24, 15:03:16.287, 754841953690, testhost.dll, DefaultEngineInvoker.SetParentProcessExitCallback: Monitoring parent process with id: '12556'
TpTrace Information: 0 : 9820, 1, 2021/11/24, 15:03:16.303, 754842116267, testhost.dll, DefaultEngineInvoker.GetConnectionInfo: Initialize communication on endpoint address: '127.0.0.1:061378'
TpTrace Information: 0 : 9820, 1, 2021/11/24, 15:03:16.331, 754842398245, testhost.dll, SocketClient.Start: connecting to server endpoint: 127.0.0.1:061378
TpTrace Information: 0 : 9820, 1, 2021/11/24, 15:03:16.346, 754842547367, testhost.dll, DefaultEngineInvoker.ConnectToDatacollector: Connecting to datacollector, port: 61377
TpTrace Information: 0 : 9820, 4, 2021/11/24, 15:03:16.348, 754842572872, testhost.dll, SocketClient.OnServerConnected: connected to server endpoint: 127.0.0.1:061378
TpTrace Verbose: 0 : 9820, 4, 2021/11/24, 15:03:16.352, 754842608434, testhost.dll, Connected to server, and starting MessageLoopAsync
TpTrace Information: 0 : 9820, 1, 2021/11/24, 15:03:16.354, 754842625114, testhost.dll, Trying to connect to server on socket : 127.0.0.1:61377 
TpTrace Verbose: 0 : 9820, 1, 2021/11/24, 15:03:16.354, 754842630876, testhost.dll, SocketCommunicationManager : SetupClientAsync : Attempting to connect to the server.
TpTrace Information: 0 : 9820, 1, 2021/11/24, 15:03:16.355, 754842640619, testhost.dll, Connected to the server successfully 
TpTrace Information: 0 : 9820, 1, 2021/11/24, 15:03:16.355, 754842642425, testhost.dll, Using the buffer size of 16384 bytes
TpTrace Information: 0 : 9820, 1, 2021/11/24, 15:03:16.357, 754842657357, testhost.dll, DefaultEngineInvoker.Invoke: Start Request Processing.
TpTrace Information: 0 : 9820, 11, 2021/11/24, 15:03:16.360, 754842688768, testhost.dll, DefaultEngineInvoker.StartProcessingAsync: Connected to vstest.console, Starting process requests.
TpTrace Verbose: 0 : 9820, 9, 2021/11/24, 15:03:16.361, 754842693260, testhost.dll, TcpClientExtensions.MessageLoopAsync: Polling on remoteEndPoint: [::ffff:127.0.0.1]:61378 localEndPoint: [::ffff:127.0.0.1]:61379
TpTrace Verbose: 0 : 9820, 9, 2021/11/24, 15:03:16.361, 754842698321, testhost.dll, TcpClientExtensions.MessageLoopAsync: NotifyDataAvailable remoteEndPoint: [::ffff:127.0.0.1]:61378 localEndPoint: [::ffff:127.0.0.1]:61379
TpTrace Information: 0 : 9820, 9, 2021/11/24, 15:03:16.644, 754845523392, testhost.dll, TestRequestHandler.ProcessRequests: received message: (ProtocolVersion) -> 5
TpTrace Verbose: 0 : 9820, 9, 2021/11/24, 15:03:16.718, 754846272046, testhost.dll, TestRequestHandler.SendData:  sending data from testhost: {"Version":5,"MessageType":"TestSession.Message","Payload":{"MessageLevel":0,"Message":"Logging TestHost Diagnostics in file: C:\\Users\\DT User\\Source\\Repos\\aahmic3\\VVS-zadaca2\\Zadatak 2\\bin\\Debug\\net5.0\\fine-code-coverage\\coverage-tool-output\\diagnostics.host.21-11-24_15-03-15_97094_4.log"}}
TpTrace Verbose: 0 : 9820, 9, 2021/11/24, 15:03:16.719, 754846275123, testhost.dll, TcpClientExtensions.MessageLoopAsync: Polling on remoteEndPoint: [::ffff:127.0.0.1]:61378 localEndPoint: [::ffff:127.0.0.1]:61379
TpTrace Verbose: 0 : 9820, 9, 2021/11/24, 15:03:16.719, 754846277536, testhost.dll, TcpClientExtensions.MessageLoopAsync: NotifyDataAvailable remoteEndPoint: [::ffff:127.0.0.1]:61378 localEndPoint: [::ffff:127.0.0.1]:61379
TpTrace Information: 0 : 9820, 9, 2021/11/24, 15:03:16.727, 754846358787, testhost.dll, TestRequestHandler.ProcessRequests: received message: (TestExecution.Initialize) -> [
  "C:\\Users\\DT User\\Source\\Repos\\aahmic3\\VVS-zadaca2\\Zadatak 2\\bin\\Debug\\net5.0\\fine-code-coverage\\build-output\\Microsoft.VisualStudio.TestPlatform.MSTest.TestAdapter.dll"
]
TpTrace Information: 0 : 9820, 9, 2021/11/24, 15:03:16.727, 754846360686, testhost.dll, Execution Session Initialize.
TpTrace Verbose: 0 : 9820, 9, 2021/11/24, 15:03:16.740, 754846487228, testhost.dll, TcpClientExtensions.MessageLoopAsync: Polling on remoteEndPoint: [::ffff:127.0.0.1]:61378 localEndPoint: [::ffff:127.0.0.1]:61379
TpTrace Verbose: 0 : 9820, 9, 2021/11/24, 15:03:16.740, 754846488604, testhost.dll, TcpClientExtensions.MessageLoopAsync: NotifyDataAvailable remoteEndPoint: [::ffff:127.0.0.1]:61378 localEndPoint: [::ffff:127.0.0.1]:61379
TpTrace Verbose: 0 : 9820, 5, 2021/11/24, 15:03:16.746, 754846547282, testhost.dll, TestExecutorService: Loading the extensions
TpTrace Information: 0 : 9820, 9, 2021/11/24, 15:03:16.747, 754846561525, testhost.dll, TestRequestHandler.ProcessRequests: received message: (TestExecution.StartWithSources) -> {
  "AdapterSourceMap": {
    "_none_": [
      "C:\\Users\\DT User\\Source\\Repos\\aahmic3\\VVS-zadaca2\\Zadatak 2\\bin\\Debug\\net5.0\\fine-code-coverage\\build-output\\Zadatak 2.dll"
    ]
  },
  "RunSettings": "<RunSettings>\r\n  <RunConfiguration>\r\n    <ResultsDirectory>C:\\Users\\DT User\\Source\\Repos\\aahmic3\\VVS-zadaca2\\Zadatak 2\\bin\\Debug\\net5.0\\fine-code-coverage\\coverage-tool-output</ResultsDirectory>\r\n    <TargetPlatform>X64</TargetPlatform>\r\n    <TargetFrameworkVersion>.NETCoreApp,Version=v5.0</TargetFrameworkVersion>\r\n    <DesignMode>False</DesignMode>\r\n    <CollectSourceInformation>False</CollectSourceInformation>\r\n  </RunConfiguration>\r\n  <LoggerRunSettings>\r\n    <Loggers>\r\n      <Logger friendlyName=\"blame\" enabled=\"True\" />\r\n      <Logger friendlyName=\"Console\" uri=\"logger://microsoft/TestPlatform/ConsoleLogger/v1\" assemblyQualifiedName=\"Microsoft.VisualStudio.TestPlatform.CommandLine.Internal.ConsoleLogger, vstest.console, Version=15.0.0.0, Culture=neutral, PublicKeyToken=b03f5f7f11d50a3a\" codeBase=\"C:\\Program Files\\dotnet\\sdk\\5.0.403\\vstest.console.dll\" enabled=\"True\" />\r\n    </Loggers>\r\n  </LoggerRunSettings>\r\n  <DataCollectionRunSettings>\r\n    <DataCollectors>\r\n      <DataCollector friendlyName=\"blame\" enabled=\"True\">\r\n        <Configuration>\r\n          <ResultsDirectory>C:\\Users\\DT User\\Source\\Repos\\aahmic3\\VVS-zadaca2\\Zadatak 2\\bin\\Debug\\net5.0\\fine-code-coverage\\coverage-tool-output</ResultsDirectory>\r\n        </Configuration>\r\n      </DataCollector>\r\n    </DataCollectors>\r\n  </DataCollectionRunSettings>\r\n</RunSettings>",
  "TestExecutionContext": {
    "FrequencyOfRunStatsChangeEvent": 10,
    "RunStatsChangeEventTimeout": "00:00:01.5000000",
    "InIsolation": false,
    "KeepAlive": false,
    "AreTestCaseLevelEventsRequired": false,
    "IsDebug": false,
    "TestCaseFilter": null,
    "FilterOptions": null
  },
  "Package": null
}
TpTrace Information: 0 : 9820, 9, 2021/11/24, 15:03:16.748, 754846564481, testhost.dll, Execution started.
TpTrace Verbose: 0 : 9820, 5, 2021/11/24, 15:03:16.750, 754846590932, testhost.dll, TestPluginCache.DiscoverTestExtensions: finding test extensions in assemblies ends with: TestAdapter.dll TPluginInfo: Microsoft.VisualStudio.TestPlatform.Common.ExtensionFramework.Utilities.TestExecutorPluginInformation TExtension: Microsoft.VisualStudio.TestPlatform.ObjectModel.Adapter.ITestExecutor
TpTrace Verbose: 0 : 9820, 5, 2021/11/24, 15:03:16.753, 754846617174, testhost.dll, TestPluginCache.GetExtensionPaths: Filtered extension paths: 
TpTrace Verbose: 0 : 9820, 5, 2021/11/24, 15:03:16.754, 754846630457, testhost.dll, TestPluginCache.GetExtensionPaths: Added default extension paths: C:\Users\DT User\Source\Repos\aahmic3\VVS-zadaca2\Zadatak 2\bin\Debug\net5.0\fine-code-coverage\build-output\Microsoft.VisualStudio.TestPlatform.MSTest.TestAdapter.dll
TpTrace Verbose: 0 : 9820, 5, 2021/11/24, 15:03:16.754, 754846632206, testhost.dll, TestPluginCache.GetExtensionPaths: Added unfilterableExtensionPaths: 
TpTrace Information: 0 : 9820, 5, 2021/11/24, 15:03:16.759, 754846673502, testhost.dll, AssemblyResolver.ctor: Creating AssemblyResolver with searchDirectories C:\Users\DT User\Source\Repos\aahmic3\VVS-zadaca2\Zadatak 2\bin\Debug\net5.0\fine-code-coverage\build-output
TpTrace Verbose: 0 : 9820, 5, 2021/11/24, 15:03:16.761, 754846697892, testhost.dll, TestPluginCache.DiscoverTestExtensions: Discovering the extensions using extension path.
TpTrace Verbose: 0 : 9820, 5, 2021/11/24, 15:03:16.761, 754846699778, testhost.dll, TestPluginCache.GetExtensionPaths: Filtered extension paths: 
TpTrace Verbose: 0 : 9820, 5, 2021/11/24, 15:03:16.761, 754846700595, testhost.dll, TestPluginCache.GetExtensionPaths: Added default extension paths: C:\Users\DT User\Source\Repos\aahmic3\VVS-zadaca2\Zadatak 2\bin\Debug\net5.0\fine-code-coverage\build-output\Microsoft.VisualStudio.TestPlatform.MSTest.TestAdapter.dll
TpTrace Verbose: 0 : 9820, 5, 2021/11/24, 15:03:16.761, 754846701170, testhost.dll, TestPluginCache.GetExtensionPaths: Added unfilterableExtensionPaths: 
TpTrace Verbose: 0 : 9820, 5, 2021/11/24, 15:03:16.761, 754846702180, testhost.dll, TestPluginCache.DiscoverTestExtensions: Discovering the extensions using allExtensionPaths: C:\Users\DT User\Source\Repos\aahmic3\VVS-zadaca2\Zadatak 2\bin\Debug\net5.0\fine-code-coverage\build-output\Microsoft.VisualStudio.TestPlatform.MSTest.TestAdapter.dll
TpTrace Information: 0 : 9820, 5, 2021/11/24, 15:03:16.763, 754846721797, testhost.dll, AssemblyResolver.AddSearchDirectories: Adding more searchDirectories C:\Users\DT User\Source\Repos\aahmic3\VVS-zadaca2\Zadatak 2\bin\Debug\net5.0\fine-code-coverage\build-output
TpTrace Information: 0 : 9820, 5, 2021/11/24, 15:03:16.774, 754846831846, testhost.dll, AssemblyResolver.OnResolve: Microsoft.VisualStudio.TestPlatform.MSTest.TestAdapter: Resolving assembly.
TpTrace Information: 0 : 9820, 5, 2021/11/24, 15:03:16.778, 754846865699, testhost.dll, AssemblyResolver.OnResolve: Resolved assembly: Microsoft.VisualStudio.TestPlatform.MSTest.TestAdapter, from path: C:\Users\DT User\Source\Repos\aahmic3\VVS-zadaca2\Zadatak 2\bin\Debug\net5.0\fine-code-coverage\build-output\Microsoft.VisualStudio.TestPlatform.MSTest.TestAdapter.dll
TpTrace Verbose: 0 : 9820, 5, 2021/11/24, 15:03:16.793, 754847022407, testhost.dll, TestPluginCache: Discovered the extensions using extension path ''.
TpTrace Verbose: 0 : 9820, 5, 2021/11/24, 15:03:16.795, 754847039774, testhost.dll, TestPluginCache: Discoverers are ''.
TpTrace Verbose: 0 : 9820, 5, 2021/11/24, 15:03:16.795, 754847041818, testhost.dll, TestPluginCache: Executors are 'executor://MSTestAdapter/v2'.
TpTrace Verbose: 0 : 9820, 5, 2021/11/24, 15:03:16.796, 754847043504, testhost.dll, TestPluginCache: Executors2 are ''.
TpTrace Verbose: 0 : 9820, 5, 2021/11/24, 15:03:16.796, 754847045052, testhost.dll, TestPluginCache: Setting providers are ''.
TpTrace Verbose: 0 : 9820, 5, 2021/11/24, 15:03:16.796, 754847046666, testhost.dll, TestPluginCache: Loggers are ''.
TpTrace Verbose: 0 : 9820, 5, 2021/11/24, 15:03:16.808, 754847164958, testhost.dll, TestPluginCache.DiscoverTestExtensions: finding test extensions in assemblies ends with: TestAdapter.dll TPluginInfo: Microsoft.VisualStudio.TestPlatform.Common.ExtensionFramework.Utilities.TestExecutorPluginInformation2 TExtension: Microsoft.VisualStudio.TestPlatform.ObjectModel.Adapter.ITestExecutor2
TpTrace Verbose: 0 : 9820, 5, 2021/11/24, 15:03:16.808, 754847171775, testhost.dll, TestPluginCache.GetExtensionPaths: Filtered extension paths: 
TpTrace Verbose: 0 : 9820, 5, 2021/11/24, 15:03:16.809, 754847173488, testhost.dll, TestPluginCache.GetExtensionPaths: Added default extension paths: C:\Users\DT User\Source\Repos\aahmic3\VVS-zadaca2\Zadatak 2\bin\Debug\net5.0\fine-code-coverage\build-output\Microsoft.VisualStudio.TestPlatform.MSTest.TestAdapter.dll
TpTrace Verbose: 0 : 9820, 5, 2021/11/24, 15:03:16.809, 754847174774, testhost.dll, TestPluginCache.GetExtensionPaths: Added unfilterableExtensionPaths: 
TpTrace Information: 0 : 9820, 5, 2021/11/24, 15:03:16.809, 754847178394, testhost.dll, AssemblyResolver.AddSearchDirectories: Adding more searchDirectories C:\Users\DT User\Source\Repos\aahmic3\VVS-zadaca2\Zadatak 2\bin\Debug\net5.0\fine-code-coverage\build-output
TpTrace Verbose: 0 : 9820, 5, 2021/11/24, 15:03:16.809, 754847179565, testhost.dll, TestPluginCache.DiscoverTestExtensions: Discovering the extensions using extension path.
TpTrace Verbose: 0 : 9820, 5, 2021/11/24, 15:03:16.809, 754847180546, testhost.dll, TestPluginCache.GetExtensionPaths: Filtered extension paths: 
TpTrace Verbose: 0 : 9820, 5, 2021/11/24, 15:03:16.809, 754847181424, testhost.dll, TestPluginCache.GetExtensionPaths: Added default extension paths: C:\Users\DT User\Source\Repos\aahmic3\VVS-zadaca2\Zadatak 2\bin\Debug\net5.0\fine-code-coverage\build-output\Microsoft.VisualStudio.TestPlatform.MSTest.TestAdapter.dll
TpTrace Verbose: 0 : 9820, 5, 2021/11/24, 15:03:16.809, 754847182332, testhost.dll, TestPluginCache.GetExtensionPaths: Added unfilterableExtensionPaths: 
TpTrace Verbose: 0 : 9820, 5, 2021/11/24, 15:03:16.810, 754847183245, testhost.dll, TestPluginCache.DiscoverTestExtensions: Discovering the extensions using allExtensionPaths: C:\Users\DT User\Source\Repos\aahmic3\VVS-zadaca2\Zadatak 2\bin\Debug\net5.0\fine-code-coverage\build-output\Microsoft.VisualStudio.TestPlatform.MSTest.TestAdapter.dll
TpTrace Information: 0 : 9820, 5, 2021/11/24, 15:03:16.810, 754847184452, testhost.dll, AssemblyResolver.AddSearchDirectories: Adding more searchDirectories C:\Users\DT User\Source\Repos\aahmic3\VVS-zadaca2\Zadatak 2\bin\Debug\net5.0\fine-code-coverage\build-output
TpTrace Verbose: 0 : 9820, 5, 2021/11/24, 15:03:16.810, 754847189936, testhost.dll, TestPluginCache: Discovered the extensions using extension path ''.
TpTrace Verbose: 0 : 9820, 5, 2021/11/24, 15:03:16.810, 754847191049, testhost.dll, TestPluginCache: Discoverers are ''.
TpTrace Verbose: 0 : 9820, 5, 2021/11/24, 15:03:16.810, 754847192269, testhost.dll, TestPluginCache: Executors are 'executor://MSTestAdapter/v2'.
TpTrace Verbose: 0 : 9820, 5, 2021/11/24, 15:03:16.811, 754847193946, testhost.dll, TestPluginCache: Executors2 are ''.
TpTrace Verbose: 0 : 9820, 5, 2021/11/24, 15:03:16.811, 754847194887, testhost.dll, TestPluginCache: Setting providers are ''.
TpTrace Verbose: 0 : 9820, 5, 2021/11/24, 15:03:16.811, 754847195732, testhost.dll, TestPluginCache: Loggers are ''.
TpTrace Verbose: 0 : 9820, 9, 2021/11/24, 15:03:16.815, 754847237260, testhost.dll, TcpClientExtensions.MessageLoopAsync: Polling on remoteEndPoint: [::ffff:127.0.0.1]:61378 localEndPoint: [::ffff:127.0.0.1]:61379
TpTrace Information: 0 : 9820, 5, 2021/11/24, 15:03:16.826, 754847348164, testhost.dll, TestPluginManager.CreateTestExtension: Attempting to load test extension: Microsoft.VisualStudio.TestPlatform.MSTest.TestAdapter.MSTestExecutor
TpTrace Verbose: 0 : 9820, 5, 2021/11/24, 15:03:16.846, 754847547397, testhost.dll, TestExecutorExtensionManager: Loading executor Microsoft.VisualStudio.TestPlatform.MSTest.TestAdapter.MSTestExecutor
TpTrace Verbose: 0 : 9820, 5, 2021/11/24, 15:03:16.846, 754847548941, testhost.dll, TestExecutorService: Loaded the executors
TpTrace Verbose: 0 : 9820, 5, 2021/11/24, 15:03:16.849, 754847579435, testhost.dll, TestPluginCache.DiscoverTestExtensions: finding test extensions in assemblies ends with: TestAdapter.dll TPluginInfo: Microsoft.VisualStudio.TestPlatform.Common.ExtensionFramework.Utilities.TestSettingsProviderPluginInformation TExtension: Microsoft.VisualStudio.TestPlatform.ObjectModel.Adapter.ISettingsProvider
TpTrace Verbose: 0 : 9820, 5, 2021/11/24, 15:03:16.849, 754847582548, testhost.dll, TestPluginCache.GetExtensionPaths: Filtered extension paths: 
TpTrace Verbose: 0 : 9820, 5, 2021/11/24, 15:03:16.850, 754847583349, testhost.dll, TestPluginCache.GetExtensionPaths: Added default extension paths: C:\Users\DT User\Source\Repos\aahmic3\VVS-zadaca2\Zadatak 2\bin\Debug\net5.0\fine-code-coverage\build-output\Microsoft.VisualStudio.TestPlatform.MSTest.TestAdapter.dll
TpTrace Verbose: 0 : 9820, 5, 2021/11/24, 15:03:16.850, 754847583883, testhost.dll, TestPluginCache.GetExtensionPaths: Added unfilterableExtensionPaths: 
TpTrace Information: 0 : 9820, 5, 2021/11/24, 15:03:16.850, 754847585501, testhost.dll, AssemblyResolver.AddSearchDirectories: Adding more searchDirectories C:\Users\DT User\Source\Repos\aahmic3\VVS-zadaca2\Zadatak 2\bin\Debug\net5.0\fine-code-coverage\build-output
TpTrace Verbose: 0 : 9820, 5, 2021/11/24, 15:03:16.850, 754847586174, testhost.dll, TestPluginCache.DiscoverTestExtensions: Discovering the extensions using extension path.
TpTrace Verbose: 0 : 9820, 5, 2021/11/24, 15:03:16.850, 754847586675, testhost.dll, TestPluginCache.GetExtensionPaths: Filtered extension paths: 
TpTrace Verbose: 0 : 9820, 5, 2021/11/24, 15:03:16.850, 754847587139, testhost.dll, TestPluginCache.GetExtensionPaths: Added default extension paths: C:\Users\DT User\Source\Repos\aahmic3\VVS-zadaca2\Zadatak 2\bin\Debug\net5.0\fine-code-coverage\build-output\Microsoft.VisualStudio.TestPlatform.MSTest.TestAdapter.dll
TpTrace Verbose: 0 : 9820, 5, 2021/11/24, 15:03:16.850, 754847587603, testhost.dll, TestPluginCache.GetExtensionPaths: Added unfilterableExtensionPaths: 
TpTrace Verbose: 0 : 9820, 5, 2021/11/24, 15:03:16.850, 754847588473, testhost.dll, TestPluginCache.DiscoverTestExtensions: Discovering the extensions using allExtensionPaths: C:\Users\DT User\Source\Repos\aahmic3\VVS-zadaca2\Zadatak 2\bin\Debug\net5.0\fine-code-coverage\build-output\Microsoft.VisualStudio.TestPlatform.MSTest.TestAdapter.dll
TpTrace Information: 0 : 9820, 5, 2021/11/24, 15:03:16.850, 754847589796, testhost.dll, AssemblyResolver.AddSearchDirectories: Adding more searchDirectories C:\Users\DT User\Source\Repos\aahmic3\VVS-zadaca2\Zadatak 2\bin\Debug\net5.0\fine-code-coverage\build-output
TpTrace Verbose: 0 : 9820, 5, 2021/11/24, 15:03:16.851, 754847594847, testhost.dll, TestPluginCache: Discovered the extensions using extension path ''.
TpTrace Verbose: 0 : 9820, 5, 2021/11/24, 15:03:16.851, 754847595961, testhost.dll, TestPluginCache: Discoverers are ''.
TpTrace Verbose: 0 : 9820, 5, 2021/11/24, 15:03:16.851, 754847596739, testhost.dll, TestPluginCache: Executors are 'executor://MSTestAdapter/v2'.
TpTrace Verbose: 0 : 9820, 5, 2021/11/24, 15:03:16.851, 754847597563, testhost.dll, TestPluginCache: Executors2 are ''.
TpTrace Verbose: 0 : 9820, 5, 2021/11/24, 15:03:16.851, 754847598594, testhost.dll, TestPluginCache: Setting providers are ''.
TpTrace Verbose: 0 : 9820, 5, 2021/11/24, 15:03:16.851, 754847599340, testhost.dll, TestPluginCache: Loggers are ''.
TpTrace Verbose: 0 : 9820, 5, 2021/11/24, 15:03:16.854, 754847623048, testhost.dll, TestExecutorService: Loaded the settings providers
TpTrace Information: 0 : 9820, 5, 2021/11/24, 15:03:16.854, 754847624457, testhost.dll, TestExecutorService: Loaded the extensions
TpTrace Information: 0 : 9820, 5, 2021/11/24, 15:03:17.037, 754849457569, testhost.dll, TestDiscoveryManager: Discovering tests from sources C:\Users\DT User\Source\Repos\aahmic3\VVS-zadaca2\Zadatak 2\bin\Debug\net5.0\fine-code-coverage\build-output\Zadatak 2.dll
TpTrace Verbose: 0 : 9820, 5, 2021/11/24, 15:03:17.042, 754849510435, testhost.dll, TestPluginCache.DiscoverTestExtensions: finding test extensions in assemblies ends with: TestAdapter.dll TPluginInfo: Microsoft.VisualStudio.TestPlatform.Common.ExtensionFramework.Utilities.TestDiscovererPluginInformation TExtension: Microsoft.VisualStudio.TestPlatform.ObjectModel.Adapter.ITestDiscoverer
TpTrace Verbose: 0 : 9820, 5, 2021/11/24, 15:03:17.043, 754849513045, testhost.dll, TestPluginCache.GetExtensionPaths: Filtered extension paths: 
TpTrace Verbose: 0 : 9820, 5, 2021/11/24, 15:03:17.043, 754849514361, testhost.dll, TestPluginCache.GetExtensionPaths: Added default extension paths: C:\Users\DT User\Source\Repos\aahmic3\VVS-zadaca2\Zadatak 2\bin\Debug\net5.0\fine-code-coverage\build-output\Microsoft.VisualStudio.TestPlatform.MSTest.TestAdapter.dll
TpTrace Verbose: 0 : 9820, 5, 2021/11/24, 15:03:17.043, 754849515385, testhost.dll, TestPluginCache.GetExtensionPaths: Added unfilterableExtensionPaths: 
TpTrace Information: 0 : 9820, 5, 2021/11/24, 15:03:17.043, 754849517769, testhost.dll, AssemblyResolver.AddSearchDirectories: Adding more searchDirectories C:\Users\DT User\Source\Repos\aahmic3\VVS-zadaca2\Zadatak 2\bin\Debug\net5.0\fine-code-coverage\build-output
TpTrace Verbose: 0 : 9820, 5, 2021/11/24, 15:03:17.043, 754849518758, testhost.dll, TestPluginCache.DiscoverTestExtensions: Discovering the extensions using extension path.
TpTrace Verbose: 0 : 9820, 5, 2021/11/24, 15:03:17.043, 754849519799, testhost.dll, TestPluginCache.GetExtensionPaths: Filtered extension paths: 
TpTrace Verbose: 0 : 9820, 5, 2021/11/24, 15:03:17.043, 754849520657, testhost.dll, TestPluginCache.GetExtensionPaths: Added default extension paths: C:\Users\DT User\Source\Repos\aahmic3\VVS-zadaca2\Zadatak 2\bin\Debug\net5.0\fine-code-coverage\build-output\Microsoft.VisualStudio.TestPlatform.MSTest.TestAdapter.dll
TpTrace Verbose: 0 : 9820, 5, 2021/11/24, 15:03:17.043, 754849521513, testhost.dll, TestPluginCache.GetExtensionPaths: Added unfilterableExtensionPaths: 
TpTrace Verbose: 0 : 9820, 5, 2021/11/24, 15:03:17.043, 754849522451, testhost.dll, TestPluginCache.DiscoverTestExtensions: Discovering the extensions using allExtensionPaths: C:\Users\DT User\Source\Repos\aahmic3\VVS-zadaca2\Zadatak 2\bin\Debug\net5.0\fine-code-coverage\build-output\Microsoft.VisualStudio.TestPlatform.MSTest.TestAdapter.dll
TpTrace Information: 0 : 9820, 5, 2021/11/24, 15:03:17.044, 754849525790, testhost.dll, AssemblyResolver.AddSearchDirectories: Adding more searchDirectories C:\Users\DT User\Source\Repos\aahmic3\VVS-zadaca2\Zadatak 2\bin\Debug\net5.0\fine-code-coverage\build-output
TpTrace Verbose: 0 : 9820, 5, 2021/11/24, 15:03:17.050, 754849587684, testhost.dll, TestPluginCache: Discovered the extensions using extension path ''.
TpTrace Verbose: 0 : 9820, 5, 2021/11/24, 15:03:17.050, 754849589589, testhost.dll, TestPluginCache: Discoverers are 'Microsoft.VisualStudio.TestPlatform.MSTest.TestAdapter.MSTestDiscoverer, Microsoft.VisualStudio.TestPlatform.MSTest.TestAdapter, Version=14.0.0.0, Culture=neutral, PublicKeyToken=b03f5f7f11d50a3a'.
TpTrace Verbose: 0 : 9820, 5, 2021/11/24, 15:03:17.050, 754849590518, testhost.dll, TestPluginCache: Executors are 'executor://MSTestAdapter/v2'.
TpTrace Verbose: 0 : 9820, 5, 2021/11/24, 15:03:17.050, 754849591369, testhost.dll, TestPluginCache: Executors2 are ''.
TpTrace Verbose: 0 : 9820, 5, 2021/11/24, 15:03:17.051, 754849593151, testhost.dll, TestPluginCache: Setting providers are ''.
TpTrace Verbose: 0 : 9820, 5, 2021/11/24, 15:03:17.051, 754849593975, testhost.dll, TestPluginCache: Loggers are ''.
TpTrace Verbose: 0 : 9820, 5, 2021/11/24, 15:03:17.068, 754849768007, testhost.dll, BaseRunTests.RunTestInternalWithExecutors: Running tests for executor://MSTestAdapter/v2
TpTrace Information: 0 : 9820, 5, 2021/11/24, 15:03:17.069, 754849779453, testhost.dll, AssemblyResolver.OnResolve: Microsoft.VisualStudio.TestPlatform.MSTestAdapter.PlatformServices.Interface: Resolving assembly.
TpTrace Information: 0 : 9820, 5, 2021/11/24, 15:03:17.070, 754849790543, testhost.dll, AssemblyResolver.OnResolve: Resolved assembly: Microsoft.VisualStudio.TestPlatform.MSTestAdapter.PlatformServices.Interface, from path: C:\Users\DT User\Source\Repos\aahmic3\VVS-zadaca2\Zadatak 2\bin\Debug\net5.0\fine-code-coverage\build-output\Microsoft.VisualStudio.TestPlatform.MSTestAdapter.PlatformServices.Interface.dll
TpTrace Information: 0 : 9820, 5, 2021/11/24, 15:03:17.073, 754849813451, testhost.dll, AssemblyResolver.OnResolve: Microsoft.VisualStudio.TestPlatform.MSTestAdapter.PlatformServices: Resolving assembly.
TpTrace Information: 0 : 9820, 5, 2021/11/24, 15:03:17.074, 754849824746, testhost.dll, AssemblyResolver.OnResolve: Resolved assembly: Microsoft.VisualStudio.TestPlatform.MSTestAdapter.PlatformServices, from path: C:\Users\DT User\Source\Repos\aahmic3\VVS-zadaca2\Zadatak 2\bin\Debug\net5.0\fine-code-coverage\build-output\Microsoft.VisualStudio.TestPlatform.MSTestAdapter.PlatformServices.dll
TpTrace Information: 0 : 9820, 5, 2021/11/24, 15:03:17.074, 754849832707, testhost.dll, MSTest - MSTestExecutor.RunTests: Running tests from sources.
TpTrace Information: 0 : 9820, 5, 2021/11/24, 15:03:17.083, 754849913499, testhost.dll, MSTest - CollectSourceInformation value Found : False 
TpTrace Information: 0 : 9820, 5, 2021/11/24, 15:03:17.133, 754850413028, testhost.dll, AssemblyResolver.OnResolve: Microsoft.TestPlatform.AdapterUtilities: Resolving assembly.
TpTrace Information: 0 : 9820, 5, 2021/11/24, 15:03:17.134, 754850424655, testhost.dll, AssemblyResolver.OnResolve: Resolved assembly: Microsoft.TestPlatform.AdapterUtilities, from path: C:\Users\DT User\Source\Repos\aahmic3\VVS-zadaca2\Zadatak 2\bin\Debug\net5.0\fine-code-coverage\build-output\Microsoft.TestPlatform.AdapterUtilities.dll
TpTrace Information: 0 : 9820, 5, 2021/11/24, 15:03:17.164, 754850728017, testhost.dll, MSTest - MSTestDiscoverer: Found 5 tests from source C:\Users\DT User\Source\Repos\aahmic3\VVS-zadaca2\Zadatak 2\bin\Debug\net5.0\fine-code-coverage\build-output\Zadatak 2.dll
TpTrace Information: 0 : 9820, 5, 2021/11/24, 15:03:17.199, 754851082408, testhost.dll, AssemblyResolver.OnResolve: Microsoft.VisualStudio.TestPlatform.MSTestAdapter.PlatformServices.resources: Resolving assembly.
TpTrace Information: 0 : 9820, 5, 2021/11/24, 15:03:17.200, 754851086194, testhost.dll, AssemblyResolver.OnResolve: Microsoft.VisualStudio.TestPlatform.MSTestAdapter.PlatformServices.resources: Failed to load assembly.
TpTrace Information: 0 : 9820, 5, 2021/11/24, 15:03:17.201, 754851096818, testhost.dll, AssemblyResolver.OnResolve: Microsoft.VisualStudio.TestPlatform.MSTestAdapter.PlatformServices.resources: Resolving assembly.
TpTrace Information: 0 : 9820, 5, 2021/11/24, 15:03:17.201, 754851098463, testhost.dll, AssemblyResolver.OnResolve: Microsoft.VisualStudio.TestPlatform.MSTestAdapter.PlatformServices.resources: Resolved from cache.
TpTrace Information: 0 : 9820, 5, 2021/11/24, 15:03:17.230, 754851384105, testhost.dll, MSTest - Created unit-test runner C:\Users\DT User\Source\Repos\aahmic3\VVS-zadaca2\Zadatak 2\bin\Debug\net5.0\fine-code-coverage\build-output\Zadatak 2.dll
TpTrace Verbose: 0 : 9820, 5, 2021/11/24, 15:03:17.240, 754851489646, testhost.dll, TestExecutionRecorder.RecordStart: Starting test: Zadatak_2.TDD.TestZamjenskiObjekat.
TpTrace Information: 0 : 9820, 5, 2021/11/24, 15:03:17.419, 754853280688, testhost.dll, MSTest - Executing test TestZamjenskiObjekat
TpTrace Information: 0 : 9820, 5, 2021/11/24, 15:03:17.532, 754854406047, testhost.dll, MSTest - Executed test TestZamjenskiObjekat
TpTrace Verbose: 0 : 9820, 5, 2021/11/24, 15:03:17.542, 754854511250, testhost.dll, TestExecutionRecorder.RecordEnd: test: Zadatak_2.TDD.TestZamjenskiObjekat execution completed.
TpTrace Verbose: 0 : 9820, 5, 2021/11/24, 15:03:17.578, 754854871983, testhost.dll, TestExecutionRecorder.RecordResult: Received result for test: Zadatak_2.TDD.TestZamjenskiObjekat.
TpTrace Warning: 0 : 9820, 5, 2021/11/24, 15:03:17.588, 754854963791, testhost.dll, TestRunCache: InProgressTests is null
TpTrace Warning: 0 : 9820, 5, 2021/11/24, 15:03:17.588, 754854966712, testhost.dll, TestRunCache: No test found corresponding to testResult '' in inProgress list.
TpTrace Verbose: 0 : 9820, 5, 2021/11/24, 15:03:17.588, 754854968122, testhost.dll, TestExecutionRecorder.RecordStart: Starting test: Zadatak_2.TDD.ProljetnaNabavka.
TpTrace Information: 0 : 9820, 5, 2021/11/24, 15:03:17.591, 754854994758, testhost.dll, MSTest - Executing test ProljetnaNabavka
TpTrace Information: 0 : 9820, 5, 2021/11/24, 15:03:17.600, 754855090905, testhost.dll, AssemblyResolver.OnResolve: Microsoft.VisualStudio.TestPlatform.MSTest.TestAdapter.resources: Resolving assembly.
TpTrace Information: 0 : 9820, 5, 2021/11/24, 15:03:17.601, 754855093172, testhost.dll, AssemblyResolver.OnResolve: Microsoft.VisualStudio.TestPlatform.MSTest.TestAdapter.resources: Failed to load assembly.
TpTrace Information: 0 : 9820, 5, 2021/11/24, 15:03:17.645, 754855536106, testhost.dll, MSTest - Executed test ProljetnaNabavka
TpTrace Verbose: 0 : 9820, 5, 2021/11/24, 15:03:17.645, 754855537789, testhost.dll, TestExecutionRecorder.RecordEnd: test: Zadatak_2.TDD.ProljetnaNabavka execution completed.
TpTrace Information: 0 : 9820, 5, 2021/11/24, 15:03:17.648, 754855563906, testhost.dll, MSTest - MSTestExecutor:Test Zadatak_2.TDD.ProljetnaNabavka failed. ErrorMessage:Test method Zadatak_2.TDD.ProljetnaNabavka threw exception: 
System.NotImplementedException: The method or operation is not implemented., ErrorStackTrace:    at Cvjecara.Cvjećara.IzvršiNabavku(String godišnjeDoba, String veličinaNarudžbe) in C:\Users\DT User\Source\Repos\aahmic3\VVS-zadaca2\Cvjecara\Cvjećara.cs:line 104
   at Zadatak_2.TDD.ProljetnaNabavka() in C:\Users\DT User\Source\Repos\aahmic3\VVS-zadaca2\Zadatak 2\TDD.cs:line 45
.
TpTrace Verbose: 0 : 9820, 5, 2021/11/24, 15:03:17.649, 754855573081, testhost.dll, TestExecutionRecorder.RecordResult: Received result for test: Zadatak_2.TDD.ProljetnaNabavka.
TpTrace Warning: 0 : 9820, 5, 2021/11/24, 15:03:17.649, 754855574303, testhost.dll, TestRunCache: InProgressTests is null
TpTrace Warning: 0 : 9820, 5, 2021/11/24, 15:03:17.649, 754855574901, testhost.dll, TestRunCache: No test found corresponding to testResult '' in inProgress list.
TpTrace Verbose: 0 : 9820, 5, 2021/11/24, 15:03:17.649, 754855575673, testhost.dll, TestExecutionRecorder.RecordStart: Starting test: Zadatak_2.TDD.JesenjaNabavka.
TpTrace Information: 0 : 9820, 5, 2021/11/24, 15:03:17.654, 754855631531, testhost.dll, MSTest - Executing test JesenjaNabavka
TpTrace Information: 0 : 9820, 5, 2021/11/24, 15:03:17.657, 754855653288, testhost.dll, MSTest - Executed test JesenjaNabavka
TpTrace Verbose: 0 : 9820, 5, 2021/11/24, 15:03:17.657, 754855654386, testhost.dll, TestExecutionRecorder.RecordEnd: test: Zadatak_2.TDD.JesenjaNabavka execution completed.
TpTrace Information: 0 : 9820, 5, 2021/11/24, 15:03:17.658, 754855670796, testhost.dll, MSTest - MSTestExecutor:Test Zadatak_2.TDD.JesenjaNabavka failed. ErrorMessage:Test method Zadatak_2.TDD.JesenjaNabavka threw exception: 
System.NotImplementedException: The method or operation is not implemented., ErrorStackTrace:    at Cvjecara.Cvjećara.IzvršiNabavku(String godišnjeDoba, String veličinaNarudžbe) in C:\Users\DT User\Source\Repos\aahmic3\VVS-zadaca2\Cvjecara\Cvjećara.cs:line 104
   at Zadatak_2.TDD.JesenjaNabavka() in C:\Users\DT User\Source\Repos\aahmic3\VVS-zadaca2\Zadatak 2\TDD.cs:line 71
.
TpTrace Verbose: 0 : 9820, 5, 2021/11/24, 15:03:17.658, 754855671999, testhost.dll, TestExecutionRecorder.RecordResult: Received result for test: Zadatak_2.TDD.JesenjaNabavka.
TpTrace Warning: 0 : 9820, 5, 2021/11/24, 15:03:17.658, 754855672786, testhost.dll, TestRunCache: InProgressTests is null
TpTrace Warning: 0 : 9820, 5, 2021/11/24, 15:03:17.659, 754855673329, testhost.dll, TestRunCache: No test found corresponding to testResult '' in inProgress list.
TpTrace Verbose: 0 : 9820, 5, 2021/11/24, 15:03:17.659, 754855674470, testhost.dll, TestExecutionRecorder.RecordStart: Starting test: Zadatak_2.TDD.NedozvoljenaNabavkaLjetiIliZimi.
TpTrace Information: 0 : 9820, 5, 2021/11/24, 15:03:17.662, 754855707413, testhost.dll, MSTest - Executing test NedozvoljenaNabavkaLjetiIliZimi
TpTrace Information: 0 : 9820, 5, 2021/11/24, 15:03:17.665, 754855737062, testhost.dll, AssemblyResolver.OnResolve: Microsoft.VisualStudio.TestPlatform.TestFramework.resources: Resolving assembly.
TpTrace Information: 0 : 9820, 5, 2021/11/24, 15:03:17.665, 754855739123, testhost.dll, AssemblyResolver.OnResolve: Microsoft.VisualStudio.TestPlatform.TestFramework.resources: Failed to load assembly.
TpTrace Information: 0 : 9820, 5, 2021/11/24, 15:03:17.667, 754855758116, testhost.dll, MSTest - Executed test NedozvoljenaNabavkaLjetiIliZimi
TpTrace Verbose: 0 : 9820, 5, 2021/11/24, 15:03:17.667, 754855759382, testhost.dll, TestExecutionRecorder.RecordEnd: test: Zadatak_2.TDD.NedozvoljenaNabavkaLjetiIliZimi execution completed.
TpTrace Information: 0 : 9820, 5, 2021/11/24, 15:03:17.669, 754855776572, testhost.dll, MSTest - MSTestExecutor:Test Zadatak_2.TDD.NedozvoljenaNabavkaLjetiIliZimi failed. ErrorMessage:Test method threw exception System.NotImplementedException, but exception System.ArgumentException was expected. Exception message: System.NotImplementedException: The method or operation is not implemented., ErrorStackTrace:   at Cvjecara.Cvjećara.IzvršiNabavku(String godišnjeDoba, String veličinaNarudžbe) in C:\Users\DT User\Source\Repos\aahmic3\VVS-zadaca2\Cvjecara\Cvjećara.cs:line 104
   at Zadatak_2.TDD.NedozvoljenaNabavkaLjetiIliZimi() in C:\Users\DT User\Source\Repos\aahmic3\VVS-zadaca2\Zadatak 2\TDD.cs:line 96
.
TpTrace Verbose: 0 : 9820, 5, 2021/11/24, 15:03:17.669, 754855777664, testhost.dll, TestExecutionRecorder.RecordResult: Received result for test: Zadatak_2.TDD.NedozvoljenaNabavkaLjetiIliZimi.
TpTrace Warning: 0 : 9820, 5, 2021/11/24, 15:03:17.669, 754855780667, testhost.dll, TestRunCache: InProgressTests is null
TpTrace Warning: 0 : 9820, 5, 2021/11/24, 15:03:17.669, 754855781416, testhost.dll, TestRunCache: No test found corresponding to testResult '' in inProgress list.
TpTrace Verbose: 0 : 9820, 5, 2021/11/24, 15:03:17.669, 754855782194, testhost.dll, TestExecutionRecorder.RecordStart: Starting test: Zadatak_2.TDD.NedozvoljeneSrednjeNabavke.
TpTrace Information: 0 : 9820, 5, 2021/11/24, 15:03:17.671, 754855800069, testhost.dll, MSTest - Executing test NedozvoljeneSrednjeNabavke
TpTrace Information: 0 : 9820, 5, 2021/11/24, 15:03:17.673, 754855818314, testhost.dll, MSTest - Executed test NedozvoljeneSrednjeNabavke
TpTrace Verbose: 0 : 9820, 5, 2021/11/24, 15:03:17.673, 754855819415, testhost.dll, TestExecutionRecorder.RecordEnd: test: Zadatak_2.TDD.NedozvoljeneSrednjeNabavke execution completed.
TpTrace Information: 0 : 9820, 5, 2021/11/24, 15:03:17.675, 754855838382, testhost.dll, MSTest - MSTestExecutor:Test Zadatak_2.TDD.NedozvoljeneSrednjeNabavke failed. ErrorMessage:Test method threw exception System.NotImplementedException, but exception System.ArgumentException was expected. Exception message: System.NotImplementedException: The method or operation is not implemented., ErrorStackTrace:   at Cvjecara.Cvjećara.IzvršiNabavku(String godišnjeDoba, String veličinaNarudžbe) in C:\Users\DT User\Source\Repos\aahmic3\VVS-zadaca2\Cvjecara\Cvjećara.cs:line 104
   at Zadatak_2.TDD.NedozvoljeneSrednjeNabavke() in C:\Users\DT User\Source\Repos\aahmic3\VVS-zadaca2\Zadatak 2\TDD.cs:line 113
.
TpTrace Verbose: 0 : 9820, 5, 2021/11/24, 15:03:17.675, 754855839711, testhost.dll, TestExecutionRecorder.RecordResult: Received result for test: Zadatak_2.TDD.NedozvoljeneSrednjeNabavke.
TpTrace Warning: 0 : 9820, 5, 2021/11/24, 15:03:17.675, 754855840555, testhost.dll, TestRunCache: InProgressTests is null
TpTrace Warning: 0 : 9820, 5, 2021/11/24, 15:03:17.675, 754855842846, testhost.dll, TestRunCache: No test found corresponding to testResult '' in inProgress list.
TpTrace Information: 0 : 9820, 5, 2021/11/24, 15:03:17.676, 754855848752, testhost.dll, MSTest - Executing cleanup methods.
TpTrace Information: 0 : 9820, 5, 2021/11/24, 15:03:17.679, 754855877298, testhost.dll, MSTest - Executed cleanup methods.
TpTrace Information: 0 : 9820, 5, 2021/11/24, 15:03:17.679, 754855878462, testhost.dll, MSTest - Executed tests belonging to source C:\Users\DT User\Source\Repos\aahmic3\VVS-zadaca2\Zadatak 2\bin\Debug\net5.0\fine-code-coverage\build-output\Zadatak 2.dll
TpTrace Verbose: 0 : 9820, 5, 2021/11/24, 15:03:17.680, 754855887585, testhost.dll, BaseRunTests.RunTestInternalWithExecutors: Completed running tests for executor://MSTestAdapter/v2
TpTrace Information: 0 : 9820, 5, 2021/11/24, 15:03:17.686, 754855943359, testhost.dll, Sending test run complete
TpTrace Verbose: 0 : 9820, 5, 2021/11/24, 15:03:17.759, 754856676694, testhost.dll, TestRequestHandler.SendData:  sending data from testhost: {"Version":5,"MessageType":"TestExecution.Completed","Payload":{"TestRunCompleteArgs":{"TestRunStatistics":{"ExecutedTests":5,"Stats":{"Passed":1,"Failed":4}},"IsCanceled":false,"IsAborted":false,"Error":null,"AttachmentSets":[],"ElapsedTimeInRunningTests":"00:00:00.6244849","Metrics":{}},"LastRunTests":{"NewTestResults":[{"TestCase":{"Id":"cd075b4d-61b2-de77-403b-0cfb69a56f47","FullyQualifiedName":"Zadatak_2.TDD.TestZamjenskiObjekat","DisplayName":"TestZamjenskiObjekat","ExecutorUri":"executor://MSTestAdapter/v2","Source":"C:\\Users\\DT User\\Source\\Repos\\aahmic3\\VVS-zadaca2\\Zadatak 2\\bin\\Debug\\net5.0\\fine-code-coverage\\build-output\\Zadatak 2.dll","CodeFilePath":null,"LineNumber":-1,"Properties":[{"Key":{"Id":"TestCase.ManagedType","Label":"ManagedType","Category":"","Description":"","Attributes":1,"ValueType":"System.String"},"Value":"Zadatak_2.TDD"},{"Key":{"Id":"TestCase.ManagedMethod","Label":"ManagedMethod","Category":"","Description":"","Attributes":1,"ValueType":"System.String"},"Value":"TestZamjenskiObjekat"},{"Key":{"Id":"MSTestDiscoverer.TestClassName","Label":"ClassName","Category":"","Description":"","Attributes":1,"ValueType":"System.String"},"Value":"Zadatak_2.TDD"},{"Key":{"Id":"TestObject.Traits","Label":"Traits","Category":"","Description":"","Attributes":5,"ValueType":"System.Collections.Generic.KeyValuePair`2[[System.String],[System.String]][]"},"Value":[]}]},"Attachments":[],"Outcome":1,"ErrorMessage":null,"ErrorStackTrace":null,"DisplayName":null,"Messages":[],"ComputerName":null,"Duration":"00:00:00.0293152","StartTime":"2021-11-24T15:03:17.4196055+01:00","EndTime":"2021-11-24T15:03:17.5324952+01:00","Properties":[{"Key":{"Id":"ExecutionId","Label":"ExecutionId","Category":"","Description":"","Attributes":1,"ValueType":"System.Guid"},"Value":"00000000-0000-0000-0000-000000000000"},{"Key":{"Id":"ParentExecId","Label":"ParentExecId","Category":"","Description":"","Attributes":1,"ValueType":"System.Guid"},"Value":"00000000-0000-0000-0000-000000000000"},{"Key":{"Id":"InnerResultsCount","Label":"InnerResultsCount","Category":"","Description":"","Attributes":1,"ValueType":"System.Int32"},"Value":0}]},{"TestCase":{"Id":"b51d3f41-b72b-1028-816b-1d654d5090ba","FullyQualifiedName":"Zadatak_2.TDD.ProljetnaNabavka","DisplayName":"ProljetnaNabavka","ExecutorUri":"executor://MSTestAdapter/v2","Source":"C:\\Users\\DT User\\Source\\Repos\\aahmic3\\VVS-zadaca2\\Zadatak 2\\bin\\Debug\\net5.0\\fine-code-coverage\\build-output\\Zadatak 2.dll","CodeFilePath":null,"LineNumber":-1,"Properties":[{"Key":{"Id":"TestCase.ManagedType","Label":"ManagedType","Category":"","Description":"","Attributes":1,"ValueType":"System.String"},"Value":"Zadatak_2.TDD"},{"Key":{"Id":"TestCase.ManagedMethod","Label":"ManagedMethod","Category":"","Description":"","Attributes":1,"ValueType":"System.String"},"Value":"ProljetnaNabavka"},{"Key":{"Id":"MSTestDiscoverer.TestClassName","Label":"ClassName","Category":"","Description":"","Attributes":1,"ValueType":"System.String"},"Value":"Zadatak_2.TDD"},{"Key":{"Id":"TestObject.Traits","Label":"Traits","Category":"","Description":"","Attributes":5,"ValueType":"System.Collections.Generic.KeyValuePair`2[[System.String],[System.String]][]"},"Value":[]}]},"Attachments":[],"Outcome":2,"ErrorMessage":"Test method Zadatak_2.TDD.ProljetnaNabavka threw exception: \r\nSystem.NotImplementedException: The method or operation is not implemented.","ErrorStackTrace":"    at Cvjecara.Cvjećara.IzvršiNabavku(String godišnjeDoba, String veličinaNarudžbe) in C:\\Users\\DT User\\Source\\Repos\\aahmic3\\VVS-zadaca2\\Cvjecara\\Cvjećara.cs:line 104\r\n   at Zadatak_2.TDD.ProljetnaNabavka() in C:\\Users\\DT User\\Source\\Repos\\aahmic3\\VVS-zadaca2\\Zadatak 2\\TDD.cs:line 45\r\n","DisplayName":null,"Messages":[],"ComputerName":null,"Duration":"00:00:00.0521073","StartTime":"2021-11-24T15:03:17.5911783+01:00","EndTime":"2021-11-24T15:03:17.6454529+01:00","Properties":[{"Key":{"Id":"ExecutionId","Label":"ExecutionId","Category":"","Description":"","Attributes":1,"ValueType":"System.Guid"},"Value":"00000000-0000-0000-0000-000000000000"},{"Key":{"Id":"ParentExecId","Label":"ParentExecId","Category":"","Description":"","Attributes":1,"ValueType":"System.Guid"},"Value":"00000000-0000-0000-0000-000000000000"},{"Key":{"Id":"InnerResultsCount","Label":"InnerResultsCount","Category":"","Description":"","Attributes":1,"ValueType":"System.Int32"},"Value":0}]},{"TestCase":{"Id":"8891ef0f-da64-c2a4-4354-33fdbaef8344","FullyQualifiedName":"Zadatak_2.TDD.JesenjaNabavka","DisplayName":"JesenjaNabavka","ExecutorUri":"executor://MSTestAdapter/v2","Source":"C:\\Users\\DT User\\Source\\Repos\\aahmic3\\VVS-zadaca2\\Zadatak 2\\bin\\Debug\\net5.0\\fine-code-coverage\\build-output\\Zadatak 2.dll","CodeFilePath":null,"LineNumber":-1,"Properties":[{"Key":{"Id":"TestCase.ManagedType","Label":"ManagedType","Category":"","Description":"","Attributes":1,"ValueType":"System.String"},"Value":"Zadatak_2.TDD"},{"Key":{"Id":"TestCase.ManagedMethod","Label":"ManagedMethod","Category":"","Description":"","Attributes":1,"ValueType":"System.String"},"Value":"JesenjaNabavka"},{"Key":{"Id":"MSTestDiscoverer.TestClassName","Label":"ClassName","Category":"","Description":"","Attributes":1,"ValueType":"System.String"},"Value":"Zadatak_2.TDD"},{"Key":{"Id":"TestObject.Traits","Label":"Traits","Category":"","Description":"","Attributes":5,"ValueType":"System.Collections.Generic.KeyValuePair`2[[System.String],[System.String]][]"},"Value":[]}]},"Attachments":[],"Outcome":2,"ErrorMessage":"Test method Zadatak_2.TDD.JesenjaNabavka threw exception: \r\nSystem.NotImplementedException: The method or operation is not implemented.","ErrorStackTrace":"    at Cvjecara.Cvjećara.IzvršiNabavku(String godišnjeDoba, String veličinaNarudžbe) in C:\\Users\\DT User\\Source\\Repos\\aahmic3\\VVS-zadaca2\\Cvjecara\\Cvjećara.cs:line 104\r\n   at Zadatak_2.TDD.JesenjaNabavka() in C:\\Users\\DT User\\Source\\Repos\\aahmic3\\VVS-zadaca2\\Zadatak 2\\TDD.cs:line 71\r\n","DisplayName":null,"Messages":[],"ComputerName":null,"Duration":"00:00:00.0018855","StartTime":"2021-11-24T15:03:17.6548551+01:00","EndTime":"2021-11-24T15:03:17.6571374+01:00","Properties":[{"Key":{"Id":"ExecutionId","Label":"ExecutionId","Category":"","Description":"","Attributes":1,"ValueType":"System.Guid"},"Value":"00000000-0000-0000-0000-000000000000"},{"Key":{"Id":"ParentExecId","Label":"ParentExecId","Category":"","Description":"","Attributes":1,"ValueType":"System.Guid"},"Value":"00000000-0000-0000-0000-000000000000"},{"Key":{"Id":"InnerResultsCount","Label":"InnerResultsCount","Category":"","Description":"","Attributes":1,"ValueType":"System.Int32"},"Value":0}]},{"TestCase":{"Id":"3ff34b18-7204-1007-cf66-18bf2ac4d566","FullyQualifiedName":"Zadatak_2.TDD.NedozvoljenaNabavkaLjetiIliZimi","DisplayName":"NedozvoljenaNabavkaLjetiIliZimi","ExecutorUri":"executor://MSTestAdapter/v2","Source":"C:\\Users\\DT User\\Source\\Repos\\aahmic3\\VVS-zadaca2\\Zadatak 2\\bin\\Debug\\net5.0\\fine-code-coverage\\build-output\\Zadatak 2.dll","CodeFilePath":null,"LineNumber":-1,"Properties":[{"Key":{"Id":"TestCase.ManagedType","Label":"ManagedType","Category":"","Description":"","Attributes":1,"ValueType":"System.String"},"Value":"Zadatak_2.TDD"},{"Key":{"Id":"TestCase.ManagedMethod","Label":"ManagedMethod","Category":"","Description":"","Attributes":1,"ValueType":"System.String"},"Value":"NedozvoljenaNabavkaLjetiIliZimi"},{"Key":{"Id":"MSTestDiscoverer.TestClassName","Label":"ClassName","Category":"","Description":"","Attributes":1,"ValueType":"System.String"},"Value":"Zadatak_2.TDD"},{"Key":{"Id":"TestObject.Traits","Label":"Traits","Category":"","Description":"","Attributes":5,"ValueType":"System.Collections.Generic.KeyValuePair`2[[System.String],[System.String]][]"},"Value":[]}]},"Attachments":[],"Outcome":2,"ErrorMessage":"Test method threw exception System.NotImplementedException, but exception System.ArgumentException was expected. Exception message: System.NotImplementedException: The method or operation is not implemented.","ErrorStackTrace":"   at Cvjecara.Cvjećara.IzvršiNabavku(String godišnjeDoba, String veličinaNarudžbe) in C:\\Users\\DT User\\Source\\Repos\\aahmic3\\VVS-zadaca2\\Cvjecara\\Cvjećara.cs:line 104\r\n   at Zadatak_2.TDD.NedozvoljenaNabavkaLjetiIliZimi() in C:\\Users\\DT User\\Source\\Repos\\aahmic3\\VVS-zadaca2\\Zadatak 2\\TDD.cs:line 96\r\n","DisplayName":null,"Messages":[],"ComputerName":null,"Duration":"00:00:00.0046229","StartTime":"2021-11-24T15:03:17.6624429+01:00","EndTime":"2021-11-24T15:03:17.6676365+01:00","Properties":[{"Key":{"Id":"ExecutionId","Label":"ExecutionId","Category":"","Description":"","Attributes":1,"ValueType":"System.Guid"},"Value":"00000000-0000-0000-0000-000000000000"},{"Key":{"Id":"ParentExecId","Label":"ParentExecId","Category":"","Description":"","Attributes":1,"ValueType":"System.Guid"},"Value":"00000000-0000-0000-0000-000000000000"},{"Key":{"Id":"InnerResultsCount","Label":"InnerResultsCount","Category":"","Description":"","Attributes":1,"ValueType":"System.Int32"},"Value":0}]},{"TestCase":{"Id":"40ed29d5-0464-2bd3-28a1-5980313a2e0b","FullyQualifiedName":"Zadatak_2.TDD.NedozvoljeneSrednjeNabavke","DisplayName":"NedozvoljeneSrednjeNabavke","ExecutorUri":"executor://MSTestAdapter/v2","Source":"C:\\Users\\DT User\\Source\\Repos\\aahmic3\\VVS-zadaca2\\Zadatak 2\\bin\\Debug\\net5.0\\fine-code-coverage\\build-output\\Zadatak 2.dll","CodeFilePath":null,"LineNumber":-1,"Properties":[{"Key":{"Id":"TestCase.ManagedType","Label":"ManagedType","Category":"","Description":"","Attributes":1,"ValueType":"System.String"},"Value":"Zadatak_2.TDD"},{"Key":{"Id":"TestCase.ManagedMethod","Label":"ManagedMethod","Category":"","Description":"","Attributes":1,"ValueType":"System.String"},"Value":"NedozvoljeneSrednjeNabavke"},{"Key":{"Id":"MSTestDiscoverer.TestClassName","Label":"ClassName","Category":"","Description":"","Attributes":1,"ValueType":"System.String"},"Value":"Zadatak_2.TDD"},{"Key":{"Id":"TestObject.Traits","Label":"Traits","Category":"","Description":"","Attributes":5,"ValueType":"System.Collections.Generic.KeyValuePair`2[[System.String],[System.String]][]"},"Value":[]}]},"Attachments":[],"Outcome":2,"ErrorMessage":"Test method threw exception System.NotImplementedException, but exception System.ArgumentException was expected. Exception message: System.NotImplementedException: The method or operation is not implemented.","ErrorStackTrace":"   at Cvjecara.Cvjećara.IzvršiNabavku(String godišnjeDoba, String veličinaNarudžbe) in C:\\Users\\DT User\\Source\\Repos\\aahmic3\\VVS-zadaca2\\Cvjecara\\Cvjećara.cs:line 104\r\n   at Zadatak_2.TDD.NedozvoljeneSrednjeNabavke() in C:\\Users\\DT User\\Source\\Repos\\aahmic3\\VVS-zadaca2\\Zadatak 2\\TDD.cs:line 113\r\n","DisplayName":null,"Messages":[],"ComputerName":null,"Duration":"00:00:00.0014728","StartTime":"2021-11-24T15:03:17.6717104+01:00","EndTime":"2021-11-24T15:03:17.6736328+01:00","Properties":[{"Key":{"Id":"ExecutionId","Label":"ExecutionId","Category":"","Description":"","Attributes":1,"ValueType":"System.Guid"},"Value":"00000000-0000-0000-0000-000000000000"},{"Key":{"Id":"ParentExecId","Label":"ParentExecId","Category":"","Description":"","Attributes":1,"ValueType":"System.Guid"},"Value":"00000000-0000-0000-0000-000000000000"},{"Key":{"Id":"InnerResultsCount","Label":"InnerResultsCount","Category":"","Description":"","Attributes":1,"ValueType":"System.Int32"},"Value":0}]}],"TestRunStatistics":{"ExecutedTests":5,"Stats":{"Passed":1,"Failed":4}},"ActiveTests":[]},"RunAttachments":[],"ExecutorUris":["executor://mstestadapter/v2"]}}
TpTrace Verbose: 0 : 9820, 5, 2021/11/24, 15:03:17.760, 754856684421, testhost.dll, BaseRunTests.RunTests: Run is complete.
TpTrace Verbose: 0 : 9820, 9, 2021/11/24, 15:03:17.763, 754856715120, testhost.dll, TcpClientExtensions.MessageLoopAsync: NotifyDataAvailable remoteEndPoint: [::ffff:127.0.0.1]:61378 localEndPoint: [::ffff:127.0.0.1]:61379
TpTrace Information: 0 : 9820, 9, 2021/11/24, 15:03:17.763, 754856717182, testhost.dll, TestRequestHandler.ProcessRequests: received message: (TestSession.Terminate) -> null
TpTrace Information: 0 : 9820, 9, 2021/11/24, 15:03:17.763, 754856717974, testhost.dll, Session End message received from server. Closing the connection.
TpTrace Information: 0 : 9820, 9, 2021/11/24, 15:03:17.763, 754856722601, testhost.dll, SocketClient.Stop: Stop communication from server endpoint: 127.0.0.1:061378
TpTrace Information: 0 : 9820, 9, 2021/11/24, 15:03:17.764, 754856723634, testhost.dll, SocketClient: Stop: Cancellation requested. Stopping message loop.
TpTrace Verbose: 0 : 9820, 9, 2021/11/24, 15:03:17.764, 754856726601, testhost.dll, LengthPrefixCommunicationChannel.Dispose: Dispose reader and writer.
TpTrace Information: 0 : 9820, 9, 2021/11/24, 15:03:17.764, 754856728000, testhost.dll, Closing the connection !
TpTrace Information: 0 : 9820, 9, 2021/11/24, 15:03:17.764, 754856731335, testhost.dll, SocketClient.PrivateStop: Stop communication from server endpoint: 127.0.0.1:061378, error:
TpTrace Verbose: 0 : 9820, 9, 2021/11/24, 15:03:17.765, 754856736854, testhost.dll, LengthPrefixCommunicationChannel.Dispose: Dispose reader and writer.
TpTrace Information: 0 : 9820, 1, 2021/11/24, 15:03:17.765, 754856736885, testhost.dll, Closing the connection !
TpTrace Verbose: 0 : 9820, 9, 2021/11/24, 15:03:17.765, 754856737683, testhost.dll, TcpClientExtensions.MessageLoopAsync: exiting MessageLoopAsync remoteEndPoint: [::ffff:127.0.0.1]:61378 localEndPoint: [::ffff:127.0.0.1]:61379
TpTrace Information: 0 : 9820, 1, 2021/11/24, 15:03:17.765, 754856738687, testhost.dll, SocketClient.Stop: Stop communication from server endpoint: 127.0.0.1:061378
TpTrace Verbose: 0 : 9820, 1, 2021/11/24, 15:03:17.765, 754856740111, testhost.dll, LengthPrefixCommunicationChannel.Dispose: Dispose reader and writer.
TpTrace Information: 0 : 9820, 1, 2021/11/24, 15:03:17.765, 754856742129, testhost.dll, Testhost process exiting.
